[2024-05-26T11:18:56.271+0000] {processor.py:161} INFO - Started process (PID=261) to work on /home/airflow/.local/lib/python3.12/site-packages/airflow/example_dags/example_setup_teardown.py
[2024-05-26T11:18:56.273+0000] {processor.py:830} INFO - Processing file /home/airflow/.local/lib/python3.12/site-packages/airflow/example_dags/example_setup_teardown.py for tasks to queue
[2024-05-26T11:18:56.277+0000] {logging_mixin.py:188} INFO - [2024-05-26T11:18:56.276+0000] {dagbag.py:545} INFO - Filling up the DagBag from /home/airflow/.local/lib/python3.12/site-packages/airflow/example_dags/example_setup_teardown.py
[2024-05-26T11:18:56.291+0000] {processor.py:840} INFO - DAG(s) 'example_setup_teardown' retrieved from /home/airflow/.local/lib/python3.12/site-packages/airflow/example_dags/example_setup_teardown.py
[2024-05-26T11:18:56.318+0000] {logging_mixin.py:188} INFO - [2024-05-26T11:18:56.317+0000] {dag.py:3096} INFO - Sync 1 DAGs
[2024-05-26T11:18:56.348+0000] {logging_mixin.py:188} INFO - [2024-05-26T11:18:56.348+0000] {dag.py:3954} INFO - Setting next_dagrun for example_setup_teardown to 2024-05-25 00:00:00+00:00, run_after=2024-05-26 00:00:00+00:00
[2024-05-26T11:18:56.376+0000] {processor.py:183} INFO - Processing /home/airflow/.local/lib/python3.12/site-packages/airflow/example_dags/example_setup_teardown.py took 0.113 seconds
[2024-05-26T11:19:26.658+0000] {processor.py:161} INFO - Started process (PID=529) to work on /home/airflow/.local/lib/python3.12/site-packages/airflow/example_dags/example_setup_teardown.py
[2024-05-26T11:19:26.660+0000] {processor.py:830} INFO - Processing file /home/airflow/.local/lib/python3.12/site-packages/airflow/example_dags/example_setup_teardown.py for tasks to queue
[2024-05-26T11:19:26.662+0000] {logging_mixin.py:188} INFO - [2024-05-26T11:19:26.661+0000] {dagbag.py:545} INFO - Filling up the DagBag from /home/airflow/.local/lib/python3.12/site-packages/airflow/example_dags/example_setup_teardown.py
[2024-05-26T11:19:26.669+0000] {processor.py:840} INFO - DAG(s) 'example_setup_teardown' retrieved from /home/airflow/.local/lib/python3.12/site-packages/airflow/example_dags/example_setup_teardown.py
[2024-05-26T11:19:26.691+0000] {logging_mixin.py:188} INFO - [2024-05-26T11:19:26.691+0000] {dag.py:3096} INFO - Sync 1 DAGs
[2024-05-26T11:19:26.717+0000] {logging_mixin.py:188} INFO - [2024-05-26T11:19:26.717+0000] {dag.py:3954} INFO - Setting next_dagrun for example_setup_teardown to 2024-05-25 00:00:00+00:00, run_after=2024-05-26 00:00:00+00:00
[2024-05-26T11:19:26.753+0000] {processor.py:183} INFO - Processing /home/airflow/.local/lib/python3.12/site-packages/airflow/example_dags/example_setup_teardown.py took 0.101 seconds
[2024-05-26T11:19:57.247+0000] {processor.py:161} INFO - Started process (PID=797) to work on /home/airflow/.local/lib/python3.12/site-packages/airflow/example_dags/example_setup_teardown.py
[2024-05-26T11:19:57.248+0000] {processor.py:830} INFO - Processing file /home/airflow/.local/lib/python3.12/site-packages/airflow/example_dags/example_setup_teardown.py for tasks to queue
[2024-05-26T11:19:57.250+0000] {logging_mixin.py:188} INFO - [2024-05-26T11:19:57.249+0000] {dagbag.py:545} INFO - Filling up the DagBag from /home/airflow/.local/lib/python3.12/site-packages/airflow/example_dags/example_setup_teardown.py
[2024-05-26T11:19:57.261+0000] {processor.py:840} INFO - DAG(s) 'example_setup_teardown' retrieved from /home/airflow/.local/lib/python3.12/site-packages/airflow/example_dags/example_setup_teardown.py
[2024-05-26T11:19:57.277+0000] {logging_mixin.py:188} INFO - [2024-05-26T11:19:57.276+0000] {dag.py:3096} INFO - Sync 1 DAGs
[2024-05-26T11:19:57.297+0000] {logging_mixin.py:188} INFO - [2024-05-26T11:19:57.297+0000] {dag.py:3954} INFO - Setting next_dagrun for example_setup_teardown to 2024-05-25 00:00:00+00:00, run_after=2024-05-26 00:00:00+00:00
[2024-05-26T11:19:57.313+0000] {processor.py:183} INFO - Processing /home/airflow/.local/lib/python3.12/site-packages/airflow/example_dags/example_setup_teardown.py took 0.071 seconds
[2024-05-26T11:20:28.468+0000] {processor.py:161} INFO - Started process (PID=1065) to work on /home/airflow/.local/lib/python3.12/site-packages/airflow/example_dags/example_setup_teardown.py
[2024-05-26T11:20:28.469+0000] {processor.py:830} INFO - Processing file /home/airflow/.local/lib/python3.12/site-packages/airflow/example_dags/example_setup_teardown.py for tasks to queue
[2024-05-26T11:20:28.472+0000] {logging_mixin.py:188} INFO - [2024-05-26T11:20:28.472+0000] {dagbag.py:545} INFO - Filling up the DagBag from /home/airflow/.local/lib/python3.12/site-packages/airflow/example_dags/example_setup_teardown.py
[2024-05-26T11:20:28.481+0000] {processor.py:840} INFO - DAG(s) 'example_setup_teardown' retrieved from /home/airflow/.local/lib/python3.12/site-packages/airflow/example_dags/example_setup_teardown.py
[2024-05-26T11:20:28.596+0000] {logging_mixin.py:188} INFO - [2024-05-26T11:20:28.596+0000] {dag.py:3096} INFO - Sync 1 DAGs
[2024-05-26T11:20:28.618+0000] {logging_mixin.py:188} INFO - [2024-05-26T11:20:28.618+0000] {dag.py:3954} INFO - Setting next_dagrun for example_setup_teardown to 2024-05-25 00:00:00+00:00, run_after=2024-05-26 00:00:00+00:00
[2024-05-26T11:20:28.648+0000] {processor.py:183} INFO - Processing /home/airflow/.local/lib/python3.12/site-packages/airflow/example_dags/example_setup_teardown.py took 0.186 seconds
[2024-05-26T11:20:58.834+0000] {processor.py:161} INFO - Started process (PID=1333) to work on /home/airflow/.local/lib/python3.12/site-packages/airflow/example_dags/example_setup_teardown.py
[2024-05-26T11:20:58.836+0000] {processor.py:830} INFO - Processing file /home/airflow/.local/lib/python3.12/site-packages/airflow/example_dags/example_setup_teardown.py for tasks to queue
[2024-05-26T11:20:58.838+0000] {logging_mixin.py:188} INFO - [2024-05-26T11:20:58.837+0000] {dagbag.py:545} INFO - Filling up the DagBag from /home/airflow/.local/lib/python3.12/site-packages/airflow/example_dags/example_setup_teardown.py
[2024-05-26T11:20:58.843+0000] {processor.py:840} INFO - DAG(s) 'example_setup_teardown' retrieved from /home/airflow/.local/lib/python3.12/site-packages/airflow/example_dags/example_setup_teardown.py
[2024-05-26T11:20:58.863+0000] {logging_mixin.py:188} INFO - [2024-05-26T11:20:58.862+0000] {dag.py:3096} INFO - Sync 1 DAGs
[2024-05-26T11:20:58.885+0000] {logging_mixin.py:188} INFO - [2024-05-26T11:20:58.884+0000] {dag.py:3954} INFO - Setting next_dagrun for example_setup_teardown to 2024-05-25 00:00:00+00:00, run_after=2024-05-26 00:00:00+00:00
[2024-05-26T11:20:58.901+0000] {processor.py:183} INFO - Processing /home/airflow/.local/lib/python3.12/site-packages/airflow/example_dags/example_setup_teardown.py took 0.071 seconds
[2024-05-26T11:21:29.689+0000] {processor.py:161} INFO - Started process (PID=1601) to work on /home/airflow/.local/lib/python3.12/site-packages/airflow/example_dags/example_setup_teardown.py
[2024-05-26T11:21:29.690+0000] {processor.py:830} INFO - Processing file /home/airflow/.local/lib/python3.12/site-packages/airflow/example_dags/example_setup_teardown.py for tasks to queue
[2024-05-26T11:21:29.693+0000] {logging_mixin.py:188} INFO - [2024-05-26T11:21:29.692+0000] {dagbag.py:545} INFO - Filling up the DagBag from /home/airflow/.local/lib/python3.12/site-packages/airflow/example_dags/example_setup_teardown.py
[2024-05-26T11:21:29.700+0000] {processor.py:840} INFO - DAG(s) 'example_setup_teardown' retrieved from /home/airflow/.local/lib/python3.12/site-packages/airflow/example_dags/example_setup_teardown.py
[2024-05-26T11:21:29.720+0000] {logging_mixin.py:188} INFO - [2024-05-26T11:21:29.720+0000] {dag.py:3096} INFO - Sync 1 DAGs
[2024-05-26T11:21:29.742+0000] {logging_mixin.py:188} INFO - [2024-05-26T11:21:29.742+0000] {dag.py:3954} INFO - Setting next_dagrun for example_setup_teardown to 2024-05-25 00:00:00+00:00, run_after=2024-05-26 00:00:00+00:00
[2024-05-26T11:21:29.761+0000] {processor.py:183} INFO - Processing /home/airflow/.local/lib/python3.12/site-packages/airflow/example_dags/example_setup_teardown.py took 0.077 seconds
[2024-05-26T11:22:00.430+0000] {processor.py:161} INFO - Started process (PID=1869) to work on /home/airflow/.local/lib/python3.12/site-packages/airflow/example_dags/example_setup_teardown.py
[2024-05-26T11:22:00.431+0000] {processor.py:830} INFO - Processing file /home/airflow/.local/lib/python3.12/site-packages/airflow/example_dags/example_setup_teardown.py for tasks to queue
[2024-05-26T11:22:00.433+0000] {logging_mixin.py:188} INFO - [2024-05-26T11:22:00.433+0000] {dagbag.py:545} INFO - Filling up the DagBag from /home/airflow/.local/lib/python3.12/site-packages/airflow/example_dags/example_setup_teardown.py
[2024-05-26T11:22:00.441+0000] {processor.py:840} INFO - DAG(s) 'example_setup_teardown' retrieved from /home/airflow/.local/lib/python3.12/site-packages/airflow/example_dags/example_setup_teardown.py
[2024-05-26T11:22:00.463+0000] {logging_mixin.py:188} INFO - [2024-05-26T11:22:00.462+0000] {dag.py:3096} INFO - Sync 1 DAGs
[2024-05-26T11:22:00.488+0000] {logging_mixin.py:188} INFO - [2024-05-26T11:22:00.487+0000] {dag.py:3954} INFO - Setting next_dagrun for example_setup_teardown to 2024-05-25 00:00:00+00:00, run_after=2024-05-26 00:00:00+00:00
[2024-05-26T11:22:00.511+0000] {processor.py:183} INFO - Processing /home/airflow/.local/lib/python3.12/site-packages/airflow/example_dags/example_setup_teardown.py took 0.087 seconds
[2024-05-26T11:22:31.136+0000] {processor.py:161} INFO - Started process (PID=2137) to work on /home/airflow/.local/lib/python3.12/site-packages/airflow/example_dags/example_setup_teardown.py
[2024-05-26T11:22:31.138+0000] {processor.py:830} INFO - Processing file /home/airflow/.local/lib/python3.12/site-packages/airflow/example_dags/example_setup_teardown.py for tasks to queue
[2024-05-26T11:22:31.140+0000] {logging_mixin.py:188} INFO - [2024-05-26T11:22:31.140+0000] {dagbag.py:545} INFO - Filling up the DagBag from /home/airflow/.local/lib/python3.12/site-packages/airflow/example_dags/example_setup_teardown.py
[2024-05-26T11:22:31.149+0000] {processor.py:840} INFO - DAG(s) 'example_setup_teardown' retrieved from /home/airflow/.local/lib/python3.12/site-packages/airflow/example_dags/example_setup_teardown.py
[2024-05-26T11:22:31.170+0000] {logging_mixin.py:188} INFO - [2024-05-26T11:22:31.170+0000] {dag.py:3096} INFO - Sync 1 DAGs
[2024-05-26T11:22:31.193+0000] {logging_mixin.py:188} INFO - [2024-05-26T11:22:31.192+0000] {dag.py:3954} INFO - Setting next_dagrun for example_setup_teardown to 2024-05-25 00:00:00+00:00, run_after=2024-05-26 00:00:00+00:00
[2024-05-26T11:22:31.217+0000] {processor.py:183} INFO - Processing /home/airflow/.local/lib/python3.12/site-packages/airflow/example_dags/example_setup_teardown.py took 0.090 seconds
[2024-05-26T11:23:02.219+0000] {processor.py:161} INFO - Started process (PID=2405) to work on /home/airflow/.local/lib/python3.12/site-packages/airflow/example_dags/example_setup_teardown.py
[2024-05-26T11:23:02.220+0000] {processor.py:830} INFO - Processing file /home/airflow/.local/lib/python3.12/site-packages/airflow/example_dags/example_setup_teardown.py for tasks to queue
[2024-05-26T11:23:02.223+0000] {logging_mixin.py:188} INFO - [2024-05-26T11:23:02.222+0000] {dagbag.py:545} INFO - Filling up the DagBag from /home/airflow/.local/lib/python3.12/site-packages/airflow/example_dags/example_setup_teardown.py
[2024-05-26T11:23:02.229+0000] {processor.py:840} INFO - DAG(s) 'example_setup_teardown' retrieved from /home/airflow/.local/lib/python3.12/site-packages/airflow/example_dags/example_setup_teardown.py
[2024-05-26T11:23:02.252+0000] {logging_mixin.py:188} INFO - [2024-05-26T11:23:02.251+0000] {dag.py:3096} INFO - Sync 1 DAGs
[2024-05-26T11:23:02.276+0000] {logging_mixin.py:188} INFO - [2024-05-26T11:23:02.276+0000] {dag.py:3954} INFO - Setting next_dagrun for example_setup_teardown to 2024-05-25 00:00:00+00:00, run_after=2024-05-26 00:00:00+00:00
[2024-05-26T11:23:02.297+0000] {processor.py:183} INFO - Processing /home/airflow/.local/lib/python3.12/site-packages/airflow/example_dags/example_setup_teardown.py took 0.084 seconds
[2024-05-26T11:23:33.461+0000] {processor.py:161} INFO - Started process (PID=2679) to work on /home/airflow/.local/lib/python3.12/site-packages/airflow/example_dags/example_setup_teardown.py
[2024-05-26T11:23:33.462+0000] {processor.py:830} INFO - Processing file /home/airflow/.local/lib/python3.12/site-packages/airflow/example_dags/example_setup_teardown.py for tasks to queue
[2024-05-26T11:23:33.465+0000] {logging_mixin.py:188} INFO - [2024-05-26T11:23:33.465+0000] {dagbag.py:545} INFO - Filling up the DagBag from /home/airflow/.local/lib/python3.12/site-packages/airflow/example_dags/example_setup_teardown.py
[2024-05-26T11:23:33.472+0000] {processor.py:840} INFO - DAG(s) 'example_setup_teardown' retrieved from /home/airflow/.local/lib/python3.12/site-packages/airflow/example_dags/example_setup_teardown.py
[2024-05-26T11:23:33.496+0000] {logging_mixin.py:188} INFO - [2024-05-26T11:23:33.495+0000] {dag.py:3096} INFO - Sync 1 DAGs
[2024-05-26T11:23:33.518+0000] {logging_mixin.py:188} INFO - [2024-05-26T11:23:33.518+0000] {dag.py:3954} INFO - Setting next_dagrun for example_setup_teardown to 2024-05-25 00:00:00+00:00, run_after=2024-05-26 00:00:00+00:00
[2024-05-26T11:23:33.537+0000] {processor.py:183} INFO - Processing /home/airflow/.local/lib/python3.12/site-packages/airflow/example_dags/example_setup_teardown.py took 0.081 seconds
[2024-05-26T11:24:03.832+0000] {processor.py:161} INFO - Started process (PID=2947) to work on /home/airflow/.local/lib/python3.12/site-packages/airflow/example_dags/example_setup_teardown.py
[2024-05-26T11:24:03.833+0000] {processor.py:830} INFO - Processing file /home/airflow/.local/lib/python3.12/site-packages/airflow/example_dags/example_setup_teardown.py for tasks to queue
[2024-05-26T11:24:03.835+0000] {logging_mixin.py:188} INFO - [2024-05-26T11:24:03.835+0000] {dagbag.py:545} INFO - Filling up the DagBag from /home/airflow/.local/lib/python3.12/site-packages/airflow/example_dags/example_setup_teardown.py
[2024-05-26T11:24:03.842+0000] {processor.py:840} INFO - DAG(s) 'example_setup_teardown' retrieved from /home/airflow/.local/lib/python3.12/site-packages/airflow/example_dags/example_setup_teardown.py
[2024-05-26T11:24:03.868+0000] {logging_mixin.py:188} INFO - [2024-05-26T11:24:03.868+0000] {dag.py:3096} INFO - Sync 1 DAGs
[2024-05-26T11:24:03.888+0000] {logging_mixin.py:188} INFO - [2024-05-26T11:24:03.888+0000] {dag.py:3954} INFO - Setting next_dagrun for example_setup_teardown to 2024-05-25 00:00:00+00:00, run_after=2024-05-26 00:00:00+00:00
[2024-05-26T11:24:03.905+0000] {processor.py:183} INFO - Processing /home/airflow/.local/lib/python3.12/site-packages/airflow/example_dags/example_setup_teardown.py took 0.080 seconds
[2024-05-26T11:24:34.865+0000] {processor.py:161} INFO - Started process (PID=3215) to work on /home/airflow/.local/lib/python3.12/site-packages/airflow/example_dags/example_setup_teardown.py
[2024-05-26T11:24:34.866+0000] {processor.py:830} INFO - Processing file /home/airflow/.local/lib/python3.12/site-packages/airflow/example_dags/example_setup_teardown.py for tasks to queue
[2024-05-26T11:24:34.868+0000] {logging_mixin.py:188} INFO - [2024-05-26T11:24:34.868+0000] {dagbag.py:545} INFO - Filling up the DagBag from /home/airflow/.local/lib/python3.12/site-packages/airflow/example_dags/example_setup_teardown.py
[2024-05-26T11:24:34.878+0000] {processor.py:840} INFO - DAG(s) 'example_setup_teardown' retrieved from /home/airflow/.local/lib/python3.12/site-packages/airflow/example_dags/example_setup_teardown.py
[2024-05-26T11:24:34.903+0000] {logging_mixin.py:188} INFO - [2024-05-26T11:24:34.902+0000] {dag.py:3096} INFO - Sync 1 DAGs
[2024-05-26T11:24:34.929+0000] {logging_mixin.py:188} INFO - [2024-05-26T11:24:34.929+0000] {dag.py:3954} INFO - Setting next_dagrun for example_setup_teardown to 2024-05-25 00:00:00+00:00, run_after=2024-05-26 00:00:00+00:00
[2024-05-26T11:24:34.953+0000] {processor.py:183} INFO - Processing /home/airflow/.local/lib/python3.12/site-packages/airflow/example_dags/example_setup_teardown.py took 0.093 seconds
[2024-05-26T11:25:05.051+0000] {processor.py:161} INFO - Started process (PID=3477) to work on /home/airflow/.local/lib/python3.12/site-packages/airflow/example_dags/example_setup_teardown.py
[2024-05-26T11:25:05.052+0000] {processor.py:830} INFO - Processing file /home/airflow/.local/lib/python3.12/site-packages/airflow/example_dags/example_setup_teardown.py for tasks to queue
[2024-05-26T11:25:05.053+0000] {logging_mixin.py:188} INFO - [2024-05-26T11:25:05.053+0000] {dagbag.py:545} INFO - Filling up the DagBag from /home/airflow/.local/lib/python3.12/site-packages/airflow/example_dags/example_setup_teardown.py
[2024-05-26T11:25:05.059+0000] {processor.py:840} INFO - DAG(s) 'example_setup_teardown' retrieved from /home/airflow/.local/lib/python3.12/site-packages/airflow/example_dags/example_setup_teardown.py
[2024-05-26T11:25:05.080+0000] {logging_mixin.py:188} INFO - [2024-05-26T11:25:05.080+0000] {dag.py:3096} INFO - Sync 1 DAGs
[2024-05-26T11:25:05.105+0000] {logging_mixin.py:188} INFO - [2024-05-26T11:25:05.105+0000] {dag.py:3954} INFO - Setting next_dagrun for example_setup_teardown to 2024-05-25 00:00:00+00:00, run_after=2024-05-26 00:00:00+00:00
[2024-05-26T11:25:05.129+0000] {processor.py:183} INFO - Processing /home/airflow/.local/lib/python3.12/site-packages/airflow/example_dags/example_setup_teardown.py took 0.083 seconds
[2024-05-26T11:25:35.331+0000] {processor.py:161} INFO - Started process (PID=3745) to work on /home/airflow/.local/lib/python3.12/site-packages/airflow/example_dags/example_setup_teardown.py
[2024-05-26T11:25:35.332+0000] {processor.py:830} INFO - Processing file /home/airflow/.local/lib/python3.12/site-packages/airflow/example_dags/example_setup_teardown.py for tasks to queue
[2024-05-26T11:25:35.335+0000] {logging_mixin.py:188} INFO - [2024-05-26T11:25:35.334+0000] {dagbag.py:545} INFO - Filling up the DagBag from /home/airflow/.local/lib/python3.12/site-packages/airflow/example_dags/example_setup_teardown.py
[2024-05-26T11:25:35.343+0000] {processor.py:840} INFO - DAG(s) 'example_setup_teardown' retrieved from /home/airflow/.local/lib/python3.12/site-packages/airflow/example_dags/example_setup_teardown.py
[2024-05-26T11:25:35.366+0000] {logging_mixin.py:188} INFO - [2024-05-26T11:25:35.366+0000] {dag.py:3096} INFO - Sync 1 DAGs
[2024-05-26T11:25:35.396+0000] {logging_mixin.py:188} INFO - [2024-05-26T11:25:35.395+0000] {dag.py:3954} INFO - Setting next_dagrun for example_setup_teardown to 2024-05-25 00:00:00+00:00, run_after=2024-05-26 00:00:00+00:00
[2024-05-26T11:25:35.424+0000] {processor.py:183} INFO - Processing /home/airflow/.local/lib/python3.12/site-packages/airflow/example_dags/example_setup_teardown.py took 0.100 seconds
[2024-05-26T11:26:05.765+0000] {processor.py:161} INFO - Started process (PID=4013) to work on /home/airflow/.local/lib/python3.12/site-packages/airflow/example_dags/example_setup_teardown.py
[2024-05-26T11:26:05.766+0000] {processor.py:830} INFO - Processing file /home/airflow/.local/lib/python3.12/site-packages/airflow/example_dags/example_setup_teardown.py for tasks to queue
[2024-05-26T11:26:05.767+0000] {logging_mixin.py:188} INFO - [2024-05-26T11:26:05.767+0000] {dagbag.py:545} INFO - Filling up the DagBag from /home/airflow/.local/lib/python3.12/site-packages/airflow/example_dags/example_setup_teardown.py
[2024-05-26T11:26:05.773+0000] {processor.py:840} INFO - DAG(s) 'example_setup_teardown' retrieved from /home/airflow/.local/lib/python3.12/site-packages/airflow/example_dags/example_setup_teardown.py
[2024-05-26T11:26:05.790+0000] {logging_mixin.py:188} INFO - [2024-05-26T11:26:05.790+0000] {dag.py:3096} INFO - Sync 1 DAGs
[2024-05-26T11:26:05.811+0000] {logging_mixin.py:188} INFO - [2024-05-26T11:26:05.811+0000] {dag.py:3954} INFO - Setting next_dagrun for example_setup_teardown to 2024-05-25 00:00:00+00:00, run_after=2024-05-26 00:00:00+00:00
[2024-05-26T11:26:05.834+0000] {processor.py:183} INFO - Processing /home/airflow/.local/lib/python3.12/site-packages/airflow/example_dags/example_setup_teardown.py took 0.074 seconds
[2024-05-26T11:26:35.962+0000] {processor.py:161} INFO - Started process (PID=4281) to work on /home/airflow/.local/lib/python3.12/site-packages/airflow/example_dags/example_setup_teardown.py
[2024-05-26T11:26:35.963+0000] {processor.py:830} INFO - Processing file /home/airflow/.local/lib/python3.12/site-packages/airflow/example_dags/example_setup_teardown.py for tasks to queue
[2024-05-26T11:26:35.965+0000] {logging_mixin.py:188} INFO - [2024-05-26T11:26:35.965+0000] {dagbag.py:545} INFO - Filling up the DagBag from /home/airflow/.local/lib/python3.12/site-packages/airflow/example_dags/example_setup_teardown.py
[2024-05-26T11:26:35.972+0000] {processor.py:840} INFO - DAG(s) 'example_setup_teardown' retrieved from /home/airflow/.local/lib/python3.12/site-packages/airflow/example_dags/example_setup_teardown.py
[2024-05-26T11:26:35.993+0000] {logging_mixin.py:188} INFO - [2024-05-26T11:26:35.993+0000] {dag.py:3096} INFO - Sync 1 DAGs
[2024-05-26T11:26:36.015+0000] {logging_mixin.py:188} INFO - [2024-05-26T11:26:36.015+0000] {dag.py:3954} INFO - Setting next_dagrun for example_setup_teardown to 2024-05-25 00:00:00+00:00, run_after=2024-05-26 00:00:00+00:00
[2024-05-26T11:26:36.036+0000] {processor.py:183} INFO - Processing /home/airflow/.local/lib/python3.12/site-packages/airflow/example_dags/example_setup_teardown.py took 0.080 seconds
[2024-05-26T11:27:06.307+0000] {processor.py:161} INFO - Started process (PID=4549) to work on /home/airflow/.local/lib/python3.12/site-packages/airflow/example_dags/example_setup_teardown.py
[2024-05-26T11:27:06.310+0000] {processor.py:830} INFO - Processing file /home/airflow/.local/lib/python3.12/site-packages/airflow/example_dags/example_setup_teardown.py for tasks to queue
[2024-05-26T11:27:06.315+0000] {logging_mixin.py:188} INFO - [2024-05-26T11:27:06.314+0000] {dagbag.py:545} INFO - Filling up the DagBag from /home/airflow/.local/lib/python3.12/site-packages/airflow/example_dags/example_setup_teardown.py
[2024-05-26T11:27:06.330+0000] {processor.py:840} INFO - DAG(s) 'example_setup_teardown' retrieved from /home/airflow/.local/lib/python3.12/site-packages/airflow/example_dags/example_setup_teardown.py
[2024-05-26T11:27:06.395+0000] {logging_mixin.py:188} INFO - [2024-05-26T11:27:06.394+0000] {dag.py:3096} INFO - Sync 1 DAGs
[2024-05-26T11:27:06.487+0000] {logging_mixin.py:188} INFO - [2024-05-26T11:27:06.487+0000] {dag.py:3954} INFO - Setting next_dagrun for example_setup_teardown to 2024-05-25 00:00:00+00:00, run_after=2024-05-26 00:00:00+00:00
[2024-05-26T11:27:06.563+0000] {processor.py:183} INFO - Processing /home/airflow/.local/lib/python3.12/site-packages/airflow/example_dags/example_setup_teardown.py took 0.270 seconds
[2024-05-26T11:27:37.151+0000] {processor.py:161} INFO - Started process (PID=4819) to work on /home/airflow/.local/lib/python3.12/site-packages/airflow/example_dags/example_setup_teardown.py
[2024-05-26T11:27:37.152+0000] {processor.py:830} INFO - Processing file /home/airflow/.local/lib/python3.12/site-packages/airflow/example_dags/example_setup_teardown.py for tasks to queue
[2024-05-26T11:27:37.154+0000] {logging_mixin.py:188} INFO - [2024-05-26T11:27:37.153+0000] {dagbag.py:545} INFO - Filling up the DagBag from /home/airflow/.local/lib/python3.12/site-packages/airflow/example_dags/example_setup_teardown.py
[2024-05-26T11:27:37.160+0000] {processor.py:840} INFO - DAG(s) 'example_setup_teardown' retrieved from /home/airflow/.local/lib/python3.12/site-packages/airflow/example_dags/example_setup_teardown.py
[2024-05-26T11:27:37.177+0000] {logging_mixin.py:188} INFO - [2024-05-26T11:27:37.177+0000] {dag.py:3096} INFO - Sync 1 DAGs
[2024-05-26T11:27:37.197+0000] {logging_mixin.py:188} INFO - [2024-05-26T11:27:37.197+0000] {dag.py:3954} INFO - Setting next_dagrun for example_setup_teardown to 2024-05-25 00:00:00+00:00, run_after=2024-05-26 00:00:00+00:00
[2024-05-26T11:27:37.217+0000] {processor.py:183} INFO - Processing /home/airflow/.local/lib/python3.12/site-packages/airflow/example_dags/example_setup_teardown.py took 0.072 seconds
[2024-05-26T11:28:07.485+0000] {processor.py:161} INFO - Started process (PID=5085) to work on /home/airflow/.local/lib/python3.12/site-packages/airflow/example_dags/example_setup_teardown.py
[2024-05-26T11:28:07.486+0000] {processor.py:830} INFO - Processing file /home/airflow/.local/lib/python3.12/site-packages/airflow/example_dags/example_setup_teardown.py for tasks to queue
[2024-05-26T11:28:07.490+0000] {logging_mixin.py:188} INFO - [2024-05-26T11:28:07.489+0000] {dagbag.py:545} INFO - Filling up the DagBag from /home/airflow/.local/lib/python3.12/site-packages/airflow/example_dags/example_setup_teardown.py
[2024-05-26T11:28:07.498+0000] {processor.py:840} INFO - DAG(s) 'example_setup_teardown' retrieved from /home/airflow/.local/lib/python3.12/site-packages/airflow/example_dags/example_setup_teardown.py
[2024-05-26T11:28:07.526+0000] {logging_mixin.py:188} INFO - [2024-05-26T11:28:07.525+0000] {dag.py:3096} INFO - Sync 1 DAGs
[2024-05-26T11:28:07.554+0000] {logging_mixin.py:188} INFO - [2024-05-26T11:28:07.553+0000] {dag.py:3954} INFO - Setting next_dagrun for example_setup_teardown to 2024-05-25 00:00:00+00:00, run_after=2024-05-26 00:00:00+00:00
[2024-05-26T11:28:07.579+0000] {processor.py:183} INFO - Processing /home/airflow/.local/lib/python3.12/site-packages/airflow/example_dags/example_setup_teardown.py took 0.102 seconds
[2024-05-26T11:28:37.726+0000] {processor.py:161} INFO - Started process (PID=5355) to work on /home/airflow/.local/lib/python3.12/site-packages/airflow/example_dags/example_setup_teardown.py
[2024-05-26T11:28:37.727+0000] {processor.py:830} INFO - Processing file /home/airflow/.local/lib/python3.12/site-packages/airflow/example_dags/example_setup_teardown.py for tasks to queue
[2024-05-26T11:28:37.730+0000] {logging_mixin.py:188} INFO - [2024-05-26T11:28:37.729+0000] {dagbag.py:545} INFO - Filling up the DagBag from /home/airflow/.local/lib/python3.12/site-packages/airflow/example_dags/example_setup_teardown.py
[2024-05-26T11:28:37.736+0000] {processor.py:840} INFO - DAG(s) 'example_setup_teardown' retrieved from /home/airflow/.local/lib/python3.12/site-packages/airflow/example_dags/example_setup_teardown.py
[2024-05-26T11:28:37.756+0000] {logging_mixin.py:188} INFO - [2024-05-26T11:28:37.756+0000] {dag.py:3096} INFO - Sync 1 DAGs
[2024-05-26T11:28:37.780+0000] {logging_mixin.py:188} INFO - [2024-05-26T11:28:37.779+0000] {dag.py:3954} INFO - Setting next_dagrun for example_setup_teardown to 2024-05-25 00:00:00+00:00, run_after=2024-05-26 00:00:00+00:00
[2024-05-26T11:28:37.804+0000] {processor.py:183} INFO - Processing /home/airflow/.local/lib/python3.12/site-packages/airflow/example_dags/example_setup_teardown.py took 0.083 seconds
[2024-05-26T11:29:07.883+0000] {processor.py:161} INFO - Started process (PID=5626) to work on /home/airflow/.local/lib/python3.12/site-packages/airflow/example_dags/example_setup_teardown.py
[2024-05-26T11:29:07.885+0000] {processor.py:830} INFO - Processing file /home/airflow/.local/lib/python3.12/site-packages/airflow/example_dags/example_setup_teardown.py for tasks to queue
[2024-05-26T11:29:07.887+0000] {logging_mixin.py:188} INFO - [2024-05-26T11:29:07.887+0000] {dagbag.py:545} INFO - Filling up the DagBag from /home/airflow/.local/lib/python3.12/site-packages/airflow/example_dags/example_setup_teardown.py
[2024-05-26T11:29:07.894+0000] {processor.py:840} INFO - DAG(s) 'example_setup_teardown' retrieved from /home/airflow/.local/lib/python3.12/site-packages/airflow/example_dags/example_setup_teardown.py
[2024-05-26T11:29:07.917+0000] {logging_mixin.py:188} INFO - [2024-05-26T11:29:07.917+0000] {dag.py:3096} INFO - Sync 1 DAGs
[2024-05-26T11:29:07.941+0000] {logging_mixin.py:188} INFO - [2024-05-26T11:29:07.941+0000] {dag.py:3954} INFO - Setting next_dagrun for example_setup_teardown to 2024-05-25 00:00:00+00:00, run_after=2024-05-26 00:00:00+00:00
[2024-05-26T11:29:07.969+0000] {processor.py:183} INFO - Processing /home/airflow/.local/lib/python3.12/site-packages/airflow/example_dags/example_setup_teardown.py took 0.092 seconds
[2024-05-26T11:29:38.683+0000] {processor.py:161} INFO - Started process (PID=5889) to work on /home/airflow/.local/lib/python3.12/site-packages/airflow/example_dags/example_setup_teardown.py
[2024-05-26T11:29:38.685+0000] {processor.py:830} INFO - Processing file /home/airflow/.local/lib/python3.12/site-packages/airflow/example_dags/example_setup_teardown.py for tasks to queue
[2024-05-26T11:29:38.687+0000] {logging_mixin.py:188} INFO - [2024-05-26T11:29:38.687+0000] {dagbag.py:545} INFO - Filling up the DagBag from /home/airflow/.local/lib/python3.12/site-packages/airflow/example_dags/example_setup_teardown.py
[2024-05-26T11:29:38.694+0000] {processor.py:840} INFO - DAG(s) 'example_setup_teardown' retrieved from /home/airflow/.local/lib/python3.12/site-packages/airflow/example_dags/example_setup_teardown.py
[2024-05-26T11:29:38.716+0000] {logging_mixin.py:188} INFO - [2024-05-26T11:29:38.715+0000] {dag.py:3096} INFO - Sync 1 DAGs
[2024-05-26T11:29:38.738+0000] {logging_mixin.py:188} INFO - [2024-05-26T11:29:38.738+0000] {dag.py:3954} INFO - Setting next_dagrun for example_setup_teardown to 2024-05-25 00:00:00+00:00, run_after=2024-05-26 00:00:00+00:00
[2024-05-26T11:29:38.760+0000] {processor.py:183} INFO - Processing /home/airflow/.local/lib/python3.12/site-packages/airflow/example_dags/example_setup_teardown.py took 0.083 seconds
[2024-05-26T11:30:09.327+0000] {processor.py:161} INFO - Started process (PID=6157) to work on /home/airflow/.local/lib/python3.12/site-packages/airflow/example_dags/example_setup_teardown.py
[2024-05-26T11:30:09.330+0000] {processor.py:830} INFO - Processing file /home/airflow/.local/lib/python3.12/site-packages/airflow/example_dags/example_setup_teardown.py for tasks to queue
[2024-05-26T11:30:09.333+0000] {logging_mixin.py:188} INFO - [2024-05-26T11:30:09.332+0000] {dagbag.py:545} INFO - Filling up the DagBag from /home/airflow/.local/lib/python3.12/site-packages/airflow/example_dags/example_setup_teardown.py
[2024-05-26T11:30:09.343+0000] {processor.py:840} INFO - DAG(s) 'example_setup_teardown' retrieved from /home/airflow/.local/lib/python3.12/site-packages/airflow/example_dags/example_setup_teardown.py
[2024-05-26T11:30:09.575+0000] {logging_mixin.py:188} INFO - [2024-05-26T11:30:09.575+0000] {dag.py:3096} INFO - Sync 1 DAGs
[2024-05-26T11:30:09.605+0000] {logging_mixin.py:188} INFO - [2024-05-26T11:30:09.604+0000] {dag.py:3954} INFO - Setting next_dagrun for example_setup_teardown to 2024-05-25 00:00:00+00:00, run_after=2024-05-26 00:00:00+00:00
[2024-05-26T11:30:09.635+0000] {processor.py:183} INFO - Processing /home/airflow/.local/lib/python3.12/site-packages/airflow/example_dags/example_setup_teardown.py took 0.317 seconds
[2024-05-26T11:30:40.465+0000] {processor.py:161} INFO - Started process (PID=6425) to work on /home/airflow/.local/lib/python3.12/site-packages/airflow/example_dags/example_setup_teardown.py
[2024-05-26T11:30:40.466+0000] {processor.py:830} INFO - Processing file /home/airflow/.local/lib/python3.12/site-packages/airflow/example_dags/example_setup_teardown.py for tasks to queue
[2024-05-26T11:30:40.468+0000] {logging_mixin.py:188} INFO - [2024-05-26T11:30:40.468+0000] {dagbag.py:545} INFO - Filling up the DagBag from /home/airflow/.local/lib/python3.12/site-packages/airflow/example_dags/example_setup_teardown.py
[2024-05-26T11:30:40.476+0000] {processor.py:840} INFO - DAG(s) 'example_setup_teardown' retrieved from /home/airflow/.local/lib/python3.12/site-packages/airflow/example_dags/example_setup_teardown.py
[2024-05-26T11:30:40.500+0000] {logging_mixin.py:188} INFO - [2024-05-26T11:30:40.500+0000] {dag.py:3096} INFO - Sync 1 DAGs
[2024-05-26T11:30:40.673+0000] {logging_mixin.py:188} INFO - [2024-05-26T11:30:40.672+0000] {dag.py:3954} INFO - Setting next_dagrun for example_setup_teardown to 2024-05-25 00:00:00+00:00, run_after=2024-05-26 00:00:00+00:00
[2024-05-26T11:30:40.703+0000] {processor.py:183} INFO - Processing /home/airflow/.local/lib/python3.12/site-packages/airflow/example_dags/example_setup_teardown.py took 0.245 seconds
[2024-05-26T11:31:11.361+0000] {processor.py:161} INFO - Started process (PID=6695) to work on /home/airflow/.local/lib/python3.12/site-packages/airflow/example_dags/example_setup_teardown.py
[2024-05-26T11:31:11.362+0000] {processor.py:830} INFO - Processing file /home/airflow/.local/lib/python3.12/site-packages/airflow/example_dags/example_setup_teardown.py for tasks to queue
[2024-05-26T11:31:11.364+0000] {logging_mixin.py:188} INFO - [2024-05-26T11:31:11.364+0000] {dagbag.py:545} INFO - Filling up the DagBag from /home/airflow/.local/lib/python3.12/site-packages/airflow/example_dags/example_setup_teardown.py
[2024-05-26T11:31:11.370+0000] {processor.py:840} INFO - DAG(s) 'example_setup_teardown' retrieved from /home/airflow/.local/lib/python3.12/site-packages/airflow/example_dags/example_setup_teardown.py
[2024-05-26T11:31:11.389+0000] {logging_mixin.py:188} INFO - [2024-05-26T11:31:11.389+0000] {dag.py:3096} INFO - Sync 1 DAGs
[2024-05-26T11:31:11.408+0000] {logging_mixin.py:188} INFO - [2024-05-26T11:31:11.408+0000] {dag.py:3954} INFO - Setting next_dagrun for example_setup_teardown to 2024-05-25 00:00:00+00:00, run_after=2024-05-26 00:00:00+00:00
[2024-05-26T11:31:11.443+0000] {processor.py:183} INFO - Processing /home/airflow/.local/lib/python3.12/site-packages/airflow/example_dags/example_setup_teardown.py took 0.087 seconds
[2024-05-26T11:31:42.486+0000] {processor.py:161} INFO - Started process (PID=6961) to work on /home/airflow/.local/lib/python3.12/site-packages/airflow/example_dags/example_setup_teardown.py
[2024-05-26T11:31:42.488+0000] {processor.py:830} INFO - Processing file /home/airflow/.local/lib/python3.12/site-packages/airflow/example_dags/example_setup_teardown.py for tasks to queue
[2024-05-26T11:31:42.494+0000] {logging_mixin.py:188} INFO - [2024-05-26T11:31:42.489+0000] {dagbag.py:545} INFO - Filling up the DagBag from /home/airflow/.local/lib/python3.12/site-packages/airflow/example_dags/example_setup_teardown.py
[2024-05-26T11:31:42.523+0000] {processor.py:840} INFO - DAG(s) 'example_setup_teardown' retrieved from /home/airflow/.local/lib/python3.12/site-packages/airflow/example_dags/example_setup_teardown.py
[2024-05-26T11:31:42.600+0000] {logging_mixin.py:188} INFO - [2024-05-26T11:31:42.600+0000] {dag.py:3096} INFO - Sync 1 DAGs
[2024-05-26T11:31:42.637+0000] {logging_mixin.py:188} INFO - [2024-05-26T11:31:42.637+0000] {dag.py:3954} INFO - Setting next_dagrun for example_setup_teardown to 2024-05-25 00:00:00+00:00, run_after=2024-05-26 00:00:00+00:00
[2024-05-26T11:31:43.213+0000] {processor.py:183} INFO - Processing /home/airflow/.local/lib/python3.12/site-packages/airflow/example_dags/example_setup_teardown.py took 0.735 seconds
[2024-05-26T11:32:13.637+0000] {processor.py:161} INFO - Started process (PID=7229) to work on /home/airflow/.local/lib/python3.12/site-packages/airflow/example_dags/example_setup_teardown.py
[2024-05-26T11:32:13.638+0000] {processor.py:830} INFO - Processing file /home/airflow/.local/lib/python3.12/site-packages/airflow/example_dags/example_setup_teardown.py for tasks to queue
[2024-05-26T11:32:13.641+0000] {logging_mixin.py:188} INFO - [2024-05-26T11:32:13.640+0000] {dagbag.py:545} INFO - Filling up the DagBag from /home/airflow/.local/lib/python3.12/site-packages/airflow/example_dags/example_setup_teardown.py
[2024-05-26T11:32:13.654+0000] {processor.py:840} INFO - DAG(s) 'example_setup_teardown' retrieved from /home/airflow/.local/lib/python3.12/site-packages/airflow/example_dags/example_setup_teardown.py
[2024-05-26T11:32:13.683+0000] {logging_mixin.py:188} INFO - [2024-05-26T11:32:13.682+0000] {dag.py:3096} INFO - Sync 1 DAGs
[2024-05-26T11:32:13.713+0000] {logging_mixin.py:188} INFO - [2024-05-26T11:32:13.712+0000] {dag.py:3954} INFO - Setting next_dagrun for example_setup_teardown to 2024-05-25 00:00:00+00:00, run_after=2024-05-26 00:00:00+00:00
[2024-05-26T11:32:13.738+0000] {processor.py:183} INFO - Processing /home/airflow/.local/lib/python3.12/site-packages/airflow/example_dags/example_setup_teardown.py took 0.108 seconds
[2024-05-26T11:32:43.825+0000] {processor.py:161} INFO - Started process (PID=7497) to work on /home/airflow/.local/lib/python3.12/site-packages/airflow/example_dags/example_setup_teardown.py
[2024-05-26T11:32:43.827+0000] {processor.py:830} INFO - Processing file /home/airflow/.local/lib/python3.12/site-packages/airflow/example_dags/example_setup_teardown.py for tasks to queue
[2024-05-26T11:32:43.829+0000] {logging_mixin.py:188} INFO - [2024-05-26T11:32:43.829+0000] {dagbag.py:545} INFO - Filling up the DagBag from /home/airflow/.local/lib/python3.12/site-packages/airflow/example_dags/example_setup_teardown.py
[2024-05-26T11:32:43.836+0000] {processor.py:840} INFO - DAG(s) 'example_setup_teardown' retrieved from /home/airflow/.local/lib/python3.12/site-packages/airflow/example_dags/example_setup_teardown.py
[2024-05-26T11:32:43.857+0000] {logging_mixin.py:188} INFO - [2024-05-26T11:32:43.856+0000] {dag.py:3096} INFO - Sync 1 DAGs
[2024-05-26T11:32:43.886+0000] {logging_mixin.py:188} INFO - [2024-05-26T11:32:43.886+0000] {dag.py:3954} INFO - Setting next_dagrun for example_setup_teardown to 2024-05-25 00:00:00+00:00, run_after=2024-05-26 00:00:00+00:00
[2024-05-26T11:32:43.913+0000] {processor.py:183} INFO - Processing /home/airflow/.local/lib/python3.12/site-packages/airflow/example_dags/example_setup_teardown.py took 0.092 seconds
[2024-05-26T11:33:14.232+0000] {processor.py:161} INFO - Started process (PID=7765) to work on /home/airflow/.local/lib/python3.12/site-packages/airflow/example_dags/example_setup_teardown.py
[2024-05-26T11:33:14.233+0000] {processor.py:830} INFO - Processing file /home/airflow/.local/lib/python3.12/site-packages/airflow/example_dags/example_setup_teardown.py for tasks to queue
[2024-05-26T11:33:14.235+0000] {logging_mixin.py:188} INFO - [2024-05-26T11:33:14.235+0000] {dagbag.py:545} INFO - Filling up the DagBag from /home/airflow/.local/lib/python3.12/site-packages/airflow/example_dags/example_setup_teardown.py
[2024-05-26T11:33:14.241+0000] {processor.py:840} INFO - DAG(s) 'example_setup_teardown' retrieved from /home/airflow/.local/lib/python3.12/site-packages/airflow/example_dags/example_setup_teardown.py
[2024-05-26T11:33:14.262+0000] {logging_mixin.py:188} INFO - [2024-05-26T11:33:14.262+0000] {dag.py:3096} INFO - Sync 1 DAGs
[2024-05-26T11:33:14.285+0000] {logging_mixin.py:188} INFO - [2024-05-26T11:33:14.285+0000] {dag.py:3954} INFO - Setting next_dagrun for example_setup_teardown to 2024-05-25 00:00:00+00:00, run_after=2024-05-26 00:00:00+00:00
[2024-05-26T11:33:14.304+0000] {processor.py:183} INFO - Processing /home/airflow/.local/lib/python3.12/site-packages/airflow/example_dags/example_setup_teardown.py took 0.077 seconds
[2024-05-26T11:33:44.489+0000] {processor.py:161} INFO - Started process (PID=8033) to work on /home/airflow/.local/lib/python3.12/site-packages/airflow/example_dags/example_setup_teardown.py
[2024-05-26T11:33:44.491+0000] {processor.py:830} INFO - Processing file /home/airflow/.local/lib/python3.12/site-packages/airflow/example_dags/example_setup_teardown.py for tasks to queue
[2024-05-26T11:33:44.493+0000] {logging_mixin.py:188} INFO - [2024-05-26T11:33:44.493+0000] {dagbag.py:545} INFO - Filling up the DagBag from /home/airflow/.local/lib/python3.12/site-packages/airflow/example_dags/example_setup_teardown.py
[2024-05-26T11:33:44.500+0000] {processor.py:840} INFO - DAG(s) 'example_setup_teardown' retrieved from /home/airflow/.local/lib/python3.12/site-packages/airflow/example_dags/example_setup_teardown.py
[2024-05-26T11:33:44.523+0000] {logging_mixin.py:188} INFO - [2024-05-26T11:33:44.523+0000] {dag.py:3096} INFO - Sync 1 DAGs
[2024-05-26T11:33:44.550+0000] {logging_mixin.py:188} INFO - [2024-05-26T11:33:44.550+0000] {dag.py:3954} INFO - Setting next_dagrun for example_setup_teardown to 2024-05-25 00:00:00+00:00, run_after=2024-05-26 00:00:00+00:00
[2024-05-26T11:33:44.572+0000] {processor.py:183} INFO - Processing /home/airflow/.local/lib/python3.12/site-packages/airflow/example_dags/example_setup_teardown.py took 0.088 seconds
[2024-05-26T11:34:14.865+0000] {processor.py:161} INFO - Started process (PID=8301) to work on /home/airflow/.local/lib/python3.12/site-packages/airflow/example_dags/example_setup_teardown.py
[2024-05-26T11:34:14.866+0000] {processor.py:830} INFO - Processing file /home/airflow/.local/lib/python3.12/site-packages/airflow/example_dags/example_setup_teardown.py for tasks to queue
[2024-05-26T11:34:14.868+0000] {logging_mixin.py:188} INFO - [2024-05-26T11:34:14.868+0000] {dagbag.py:545} INFO - Filling up the DagBag from /home/airflow/.local/lib/python3.12/site-packages/airflow/example_dags/example_setup_teardown.py
[2024-05-26T11:34:14.877+0000] {processor.py:840} INFO - DAG(s) 'example_setup_teardown' retrieved from /home/airflow/.local/lib/python3.12/site-packages/airflow/example_dags/example_setup_teardown.py
[2024-05-26T11:34:14.902+0000] {logging_mixin.py:188} INFO - [2024-05-26T11:34:14.902+0000] {dag.py:3096} INFO - Sync 1 DAGs
[2024-05-26T11:34:14.927+0000] {logging_mixin.py:188} INFO - [2024-05-26T11:34:14.927+0000] {dag.py:3954} INFO - Setting next_dagrun for example_setup_teardown to 2024-05-25 00:00:00+00:00, run_after=2024-05-26 00:00:00+00:00
[2024-05-26T11:34:14.950+0000] {processor.py:183} INFO - Processing /home/airflow/.local/lib/python3.12/site-packages/airflow/example_dags/example_setup_teardown.py took 0.092 seconds
