[2024-05-26T11:18:58.730+0000] {processor.py:161} INFO - Started process (PID=383) to work on /home/airflow/.local/lib/python3.12/site-packages/airflow/example_dags/example_sensor_decorator.py
[2024-05-26T11:18:58.731+0000] {processor.py:830} INFO - Processing file /home/airflow/.local/lib/python3.12/site-packages/airflow/example_dags/example_sensor_decorator.py for tasks to queue
[2024-05-26T11:18:58.734+0000] {logging_mixin.py:188} INFO - [2024-05-26T11:18:58.733+0000] {dagbag.py:545} INFO - Filling up the DagBag from /home/airflow/.local/lib/python3.12/site-packages/airflow/example_dags/example_sensor_decorator.py
[2024-05-26T11:18:58.741+0000] {processor.py:840} INFO - DAG(s) 'example_sensor_decorator' retrieved from /home/airflow/.local/lib/python3.12/site-packages/airflow/example_dags/example_sensor_decorator.py
[2024-05-26T11:18:58.773+0000] {logging_mixin.py:188} INFO - [2024-05-26T11:18:58.773+0000] {dag.py:3096} INFO - Sync 1 DAGs
[2024-05-26T11:18:58.793+0000] {logging_mixin.py:188} INFO - [2024-05-26T11:18:58.792+0000] {dag.py:3954} INFO - Setting next_dagrun for example_sensor_decorator to None, run_after=None
[2024-05-26T11:18:58.820+0000] {processor.py:183} INFO - Processing /home/airflow/.local/lib/python3.12/site-packages/airflow/example_dags/example_sensor_decorator.py took 0.096 seconds
[2024-05-26T11:19:29.550+0000] {processor.py:161} INFO - Started process (PID=649) to work on /home/airflow/.local/lib/python3.12/site-packages/airflow/example_dags/example_sensor_decorator.py
[2024-05-26T11:19:29.555+0000] {processor.py:830} INFO - Processing file /home/airflow/.local/lib/python3.12/site-packages/airflow/example_dags/example_sensor_decorator.py for tasks to queue
[2024-05-26T11:19:29.558+0000] {logging_mixin.py:188} INFO - [2024-05-26T11:19:29.558+0000] {dagbag.py:545} INFO - Filling up the DagBag from /home/airflow/.local/lib/python3.12/site-packages/airflow/example_dags/example_sensor_decorator.py
[2024-05-26T11:19:29.568+0000] {processor.py:840} INFO - DAG(s) 'example_sensor_decorator' retrieved from /home/airflow/.local/lib/python3.12/site-packages/airflow/example_dags/example_sensor_decorator.py
[2024-05-26T11:19:29.595+0000] {logging_mixin.py:188} INFO - [2024-05-26T11:19:29.595+0000] {dag.py:3096} INFO - Sync 1 DAGs
[2024-05-26T11:19:29.611+0000] {logging_mixin.py:188} INFO - [2024-05-26T11:19:29.610+0000] {dag.py:3954} INFO - Setting next_dagrun for example_sensor_decorator to None, run_after=None
[2024-05-26T11:19:29.636+0000] {processor.py:183} INFO - Processing /home/airflow/.local/lib/python3.12/site-packages/airflow/example_dags/example_sensor_decorator.py took 0.098 seconds
[2024-05-26T11:19:59.801+0000] {processor.py:161} INFO - Started process (PID=917) to work on /home/airflow/.local/lib/python3.12/site-packages/airflow/example_dags/example_sensor_decorator.py
[2024-05-26T11:19:59.802+0000] {processor.py:830} INFO - Processing file /home/airflow/.local/lib/python3.12/site-packages/airflow/example_dags/example_sensor_decorator.py for tasks to queue
[2024-05-26T11:19:59.804+0000] {logging_mixin.py:188} INFO - [2024-05-26T11:19:59.804+0000] {dagbag.py:545} INFO - Filling up the DagBag from /home/airflow/.local/lib/python3.12/site-packages/airflow/example_dags/example_sensor_decorator.py
[2024-05-26T11:19:59.813+0000] {processor.py:840} INFO - DAG(s) 'example_sensor_decorator' retrieved from /home/airflow/.local/lib/python3.12/site-packages/airflow/example_dags/example_sensor_decorator.py
[2024-05-26T11:19:59.829+0000] {logging_mixin.py:188} INFO - [2024-05-26T11:19:59.829+0000] {dag.py:3096} INFO - Sync 1 DAGs
[2024-05-26T11:19:59.844+0000] {logging_mixin.py:188} INFO - [2024-05-26T11:19:59.843+0000] {dag.py:3954} INFO - Setting next_dagrun for example_sensor_decorator to None, run_after=None
[2024-05-26T11:19:59.866+0000] {processor.py:183} INFO - Processing /home/airflow/.local/lib/python3.12/site-packages/airflow/example_dags/example_sensor_decorator.py took 0.071 seconds
[2024-05-26T11:20:31.255+0000] {processor.py:161} INFO - Started process (PID=1185) to work on /home/airflow/.local/lib/python3.12/site-packages/airflow/example_dags/example_sensor_decorator.py
[2024-05-26T11:20:31.256+0000] {processor.py:830} INFO - Processing file /home/airflow/.local/lib/python3.12/site-packages/airflow/example_dags/example_sensor_decorator.py for tasks to queue
[2024-05-26T11:20:31.261+0000] {logging_mixin.py:188} INFO - [2024-05-26T11:20:31.261+0000] {dagbag.py:545} INFO - Filling up the DagBag from /home/airflow/.local/lib/python3.12/site-packages/airflow/example_dags/example_sensor_decorator.py
[2024-05-26T11:20:31.267+0000] {processor.py:840} INFO - DAG(s) 'example_sensor_decorator' retrieved from /home/airflow/.local/lib/python3.12/site-packages/airflow/example_dags/example_sensor_decorator.py
[2024-05-26T11:20:31.372+0000] {logging_mixin.py:188} INFO - [2024-05-26T11:20:31.372+0000] {dag.py:3096} INFO - Sync 1 DAGs
[2024-05-26T11:20:31.385+0000] {logging_mixin.py:188} INFO - [2024-05-26T11:20:31.385+0000] {dag.py:3954} INFO - Setting next_dagrun for example_sensor_decorator to None, run_after=None
[2024-05-26T11:20:31.405+0000] {processor.py:183} INFO - Processing /home/airflow/.local/lib/python3.12/site-packages/airflow/example_dags/example_sensor_decorator.py took 0.155 seconds
[2024-05-26T11:21:02.546+0000] {processor.py:161} INFO - Started process (PID=1453) to work on /home/airflow/.local/lib/python3.12/site-packages/airflow/example_dags/example_sensor_decorator.py
[2024-05-26T11:21:02.548+0000] {processor.py:830} INFO - Processing file /home/airflow/.local/lib/python3.12/site-packages/airflow/example_dags/example_sensor_decorator.py for tasks to queue
[2024-05-26T11:21:02.551+0000] {logging_mixin.py:188} INFO - [2024-05-26T11:21:02.550+0000] {dagbag.py:545} INFO - Filling up the DagBag from /home/airflow/.local/lib/python3.12/site-packages/airflow/example_dags/example_sensor_decorator.py
[2024-05-26T11:21:02.557+0000] {processor.py:840} INFO - DAG(s) 'example_sensor_decorator' retrieved from /home/airflow/.local/lib/python3.12/site-packages/airflow/example_dags/example_sensor_decorator.py
[2024-05-26T11:21:02.583+0000] {logging_mixin.py:188} INFO - [2024-05-26T11:21:02.582+0000] {dag.py:3096} INFO - Sync 1 DAGs
[2024-05-26T11:21:02.600+0000] {logging_mixin.py:188} INFO - [2024-05-26T11:21:02.599+0000] {dag.py:3954} INFO - Setting next_dagrun for example_sensor_decorator to None, run_after=None
[2024-05-26T11:21:02.634+0000] {processor.py:183} INFO - Processing /home/airflow/.local/lib/python3.12/site-packages/airflow/example_dags/example_sensor_decorator.py took 0.097 seconds
[2024-05-26T11:21:33.323+0000] {processor.py:161} INFO - Started process (PID=1727) to work on /home/airflow/.local/lib/python3.12/site-packages/airflow/example_dags/example_sensor_decorator.py
[2024-05-26T11:21:33.324+0000] {processor.py:830} INFO - Processing file /home/airflow/.local/lib/python3.12/site-packages/airflow/example_dags/example_sensor_decorator.py for tasks to queue
[2024-05-26T11:21:33.326+0000] {logging_mixin.py:188} INFO - [2024-05-26T11:21:33.326+0000] {dagbag.py:545} INFO - Filling up the DagBag from /home/airflow/.local/lib/python3.12/site-packages/airflow/example_dags/example_sensor_decorator.py
[2024-05-26T11:21:33.332+0000] {processor.py:840} INFO - DAG(s) 'example_sensor_decorator' retrieved from /home/airflow/.local/lib/python3.12/site-packages/airflow/example_dags/example_sensor_decorator.py
[2024-05-26T11:21:33.356+0000] {logging_mixin.py:188} INFO - [2024-05-26T11:21:33.356+0000] {dag.py:3096} INFO - Sync 1 DAGs
[2024-05-26T11:21:33.371+0000] {logging_mixin.py:188} INFO - [2024-05-26T11:21:33.371+0000] {dag.py:3954} INFO - Setting next_dagrun for example_sensor_decorator to None, run_after=None
[2024-05-26T11:21:33.393+0000] {processor.py:183} INFO - Processing /home/airflow/.local/lib/python3.12/site-packages/airflow/example_dags/example_sensor_decorator.py took 0.075 seconds
[2024-05-26T11:22:03.685+0000] {processor.py:161} INFO - Started process (PID=1995) to work on /home/airflow/.local/lib/python3.12/site-packages/airflow/example_dags/example_sensor_decorator.py
[2024-05-26T11:22:03.688+0000] {processor.py:830} INFO - Processing file /home/airflow/.local/lib/python3.12/site-packages/airflow/example_dags/example_sensor_decorator.py for tasks to queue
[2024-05-26T11:22:03.694+0000] {logging_mixin.py:188} INFO - [2024-05-26T11:22:03.693+0000] {dagbag.py:545} INFO - Filling up the DagBag from /home/airflow/.local/lib/python3.12/site-packages/airflow/example_dags/example_sensor_decorator.py
[2024-05-26T11:22:03.711+0000] {processor.py:840} INFO - DAG(s) 'example_sensor_decorator' retrieved from /home/airflow/.local/lib/python3.12/site-packages/airflow/example_dags/example_sensor_decorator.py
[2024-05-26T11:22:03.749+0000] {logging_mixin.py:188} INFO - [2024-05-26T11:22:03.748+0000] {dag.py:3096} INFO - Sync 1 DAGs
[2024-05-26T11:22:03.766+0000] {logging_mixin.py:188} INFO - [2024-05-26T11:22:03.765+0000] {dag.py:3954} INFO - Setting next_dagrun for example_sensor_decorator to None, run_after=None
[2024-05-26T11:22:03.788+0000] {processor.py:183} INFO - Processing /home/airflow/.local/lib/python3.12/site-packages/airflow/example_dags/example_sensor_decorator.py took 0.129 seconds
[2024-05-26T11:22:34.560+0000] {processor.py:161} INFO - Started process (PID=2263) to work on /home/airflow/.local/lib/python3.12/site-packages/airflow/example_dags/example_sensor_decorator.py
[2024-05-26T11:22:34.561+0000] {processor.py:830} INFO - Processing file /home/airflow/.local/lib/python3.12/site-packages/airflow/example_dags/example_sensor_decorator.py for tasks to queue
[2024-05-26T11:22:34.564+0000] {logging_mixin.py:188} INFO - [2024-05-26T11:22:34.563+0000] {dagbag.py:545} INFO - Filling up the DagBag from /home/airflow/.local/lib/python3.12/site-packages/airflow/example_dags/example_sensor_decorator.py
[2024-05-26T11:22:34.571+0000] {processor.py:840} INFO - DAG(s) 'example_sensor_decorator' retrieved from /home/airflow/.local/lib/python3.12/site-packages/airflow/example_dags/example_sensor_decorator.py
[2024-05-26T11:22:34.593+0000] {logging_mixin.py:188} INFO - [2024-05-26T11:22:34.593+0000] {dag.py:3096} INFO - Sync 1 DAGs
[2024-05-26T11:22:34.607+0000] {logging_mixin.py:188} INFO - [2024-05-26T11:22:34.607+0000] {dag.py:3954} INFO - Setting next_dagrun for example_sensor_decorator to None, run_after=None
[2024-05-26T11:22:34.633+0000] {processor.py:183} INFO - Processing /home/airflow/.local/lib/python3.12/site-packages/airflow/example_dags/example_sensor_decorator.py took 0.079 seconds
[2024-05-26T11:23:05.279+0000] {processor.py:161} INFO - Started process (PID=2531) to work on /home/airflow/.local/lib/python3.12/site-packages/airflow/example_dags/example_sensor_decorator.py
[2024-05-26T11:23:05.280+0000] {processor.py:830} INFO - Processing file /home/airflow/.local/lib/python3.12/site-packages/airflow/example_dags/example_sensor_decorator.py for tasks to queue
[2024-05-26T11:23:05.282+0000] {logging_mixin.py:188} INFO - [2024-05-26T11:23:05.282+0000] {dagbag.py:545} INFO - Filling up the DagBag from /home/airflow/.local/lib/python3.12/site-packages/airflow/example_dags/example_sensor_decorator.py
[2024-05-26T11:23:05.289+0000] {processor.py:840} INFO - DAG(s) 'example_sensor_decorator' retrieved from /home/airflow/.local/lib/python3.12/site-packages/airflow/example_dags/example_sensor_decorator.py
[2024-05-26T11:23:05.307+0000] {logging_mixin.py:188} INFO - [2024-05-26T11:23:05.307+0000] {dag.py:3096} INFO - Sync 1 DAGs
[2024-05-26T11:23:05.320+0000] {logging_mixin.py:188} INFO - [2024-05-26T11:23:05.319+0000] {dag.py:3954} INFO - Setting next_dagrun for example_sensor_decorator to None, run_after=None
[2024-05-26T11:23:05.342+0000] {processor.py:183} INFO - Processing /home/airflow/.local/lib/python3.12/site-packages/airflow/example_dags/example_sensor_decorator.py took 0.069 seconds
[2024-05-26T11:23:36.338+0000] {processor.py:161} INFO - Started process (PID=2799) to work on /home/airflow/.local/lib/python3.12/site-packages/airflow/example_dags/example_sensor_decorator.py
[2024-05-26T11:23:36.340+0000] {processor.py:830} INFO - Processing file /home/airflow/.local/lib/python3.12/site-packages/airflow/example_dags/example_sensor_decorator.py for tasks to queue
[2024-05-26T11:23:36.343+0000] {logging_mixin.py:188} INFO - [2024-05-26T11:23:36.343+0000] {dagbag.py:545} INFO - Filling up the DagBag from /home/airflow/.local/lib/python3.12/site-packages/airflow/example_dags/example_sensor_decorator.py
[2024-05-26T11:23:36.350+0000] {processor.py:840} INFO - DAG(s) 'example_sensor_decorator' retrieved from /home/airflow/.local/lib/python3.12/site-packages/airflow/example_dags/example_sensor_decorator.py
[2024-05-26T11:23:36.371+0000] {logging_mixin.py:188} INFO - [2024-05-26T11:23:36.371+0000] {dag.py:3096} INFO - Sync 1 DAGs
[2024-05-26T11:23:36.384+0000] {logging_mixin.py:188} INFO - [2024-05-26T11:23:36.384+0000] {dag.py:3954} INFO - Setting next_dagrun for example_sensor_decorator to None, run_after=None
[2024-05-26T11:23:36.404+0000] {processor.py:183} INFO - Processing /home/airflow/.local/lib/python3.12/site-packages/airflow/example_dags/example_sensor_decorator.py took 0.071 seconds
[2024-05-26T11:24:06.560+0000] {processor.py:161} INFO - Started process (PID=3062) to work on /home/airflow/.local/lib/python3.12/site-packages/airflow/example_dags/example_sensor_decorator.py
[2024-05-26T11:24:06.562+0000] {processor.py:830} INFO - Processing file /home/airflow/.local/lib/python3.12/site-packages/airflow/example_dags/example_sensor_decorator.py for tasks to queue
[2024-05-26T11:24:06.564+0000] {logging_mixin.py:188} INFO - [2024-05-26T11:24:06.564+0000] {dagbag.py:545} INFO - Filling up the DagBag from /home/airflow/.local/lib/python3.12/site-packages/airflow/example_dags/example_sensor_decorator.py
[2024-05-26T11:24:06.569+0000] {processor.py:840} INFO - DAG(s) 'example_sensor_decorator' retrieved from /home/airflow/.local/lib/python3.12/site-packages/airflow/example_dags/example_sensor_decorator.py
[2024-05-26T11:24:06.586+0000] {logging_mixin.py:188} INFO - [2024-05-26T11:24:06.586+0000] {dag.py:3096} INFO - Sync 1 DAGs
[2024-05-26T11:24:06.598+0000] {logging_mixin.py:188} INFO - [2024-05-26T11:24:06.598+0000] {dag.py:3954} INFO - Setting next_dagrun for example_sensor_decorator to None, run_after=None
[2024-05-26T11:24:06.621+0000] {processor.py:183} INFO - Processing /home/airflow/.local/lib/python3.12/site-packages/airflow/example_dags/example_sensor_decorator.py took 0.066 seconds
[2024-05-26T11:24:36.915+0000] {processor.py:161} INFO - Started process (PID=3330) to work on /home/airflow/.local/lib/python3.12/site-packages/airflow/example_dags/example_sensor_decorator.py
[2024-05-26T11:24:36.916+0000] {processor.py:830} INFO - Processing file /home/airflow/.local/lib/python3.12/site-packages/airflow/example_dags/example_sensor_decorator.py for tasks to queue
[2024-05-26T11:24:36.919+0000] {logging_mixin.py:188} INFO - [2024-05-26T11:24:36.918+0000] {dagbag.py:545} INFO - Filling up the DagBag from /home/airflow/.local/lib/python3.12/site-packages/airflow/example_dags/example_sensor_decorator.py
[2024-05-26T11:24:36.924+0000] {processor.py:840} INFO - DAG(s) 'example_sensor_decorator' retrieved from /home/airflow/.local/lib/python3.12/site-packages/airflow/example_dags/example_sensor_decorator.py
[2024-05-26T11:24:36.942+0000] {logging_mixin.py:188} INFO - [2024-05-26T11:24:36.942+0000] {dag.py:3096} INFO - Sync 1 DAGs
[2024-05-26T11:24:36.953+0000] {logging_mixin.py:188} INFO - [2024-05-26T11:24:36.953+0000] {dag.py:3954} INFO - Setting next_dagrun for example_sensor_decorator to None, run_after=None
[2024-05-26T11:24:36.976+0000] {processor.py:183} INFO - Processing /home/airflow/.local/lib/python3.12/site-packages/airflow/example_dags/example_sensor_decorator.py took 0.066 seconds
[2024-05-26T11:25:07.807+0000] {processor.py:161} INFO - Started process (PID=3603) to work on /home/airflow/.local/lib/python3.12/site-packages/airflow/example_dags/example_sensor_decorator.py
[2024-05-26T11:25:07.808+0000] {processor.py:830} INFO - Processing file /home/airflow/.local/lib/python3.12/site-packages/airflow/example_dags/example_sensor_decorator.py for tasks to queue
[2024-05-26T11:25:07.810+0000] {logging_mixin.py:188} INFO - [2024-05-26T11:25:07.810+0000] {dagbag.py:545} INFO - Filling up the DagBag from /home/airflow/.local/lib/python3.12/site-packages/airflow/example_dags/example_sensor_decorator.py
[2024-05-26T11:25:07.816+0000] {processor.py:840} INFO - DAG(s) 'example_sensor_decorator' retrieved from /home/airflow/.local/lib/python3.12/site-packages/airflow/example_dags/example_sensor_decorator.py
[2024-05-26T11:25:07.834+0000] {logging_mixin.py:188} INFO - [2024-05-26T11:25:07.833+0000] {dag.py:3096} INFO - Sync 1 DAGs
[2024-05-26T11:25:07.846+0000] {logging_mixin.py:188} INFO - [2024-05-26T11:25:07.846+0000] {dag.py:3954} INFO - Setting next_dagrun for example_sensor_decorator to None, run_after=None
[2024-05-26T11:25:07.868+0000] {processor.py:183} INFO - Processing /home/airflow/.local/lib/python3.12/site-packages/airflow/example_dags/example_sensor_decorator.py took 0.066 seconds
[2024-05-26T11:25:38.928+0000] {processor.py:161} INFO - Started process (PID=3871) to work on /home/airflow/.local/lib/python3.12/site-packages/airflow/example_dags/example_sensor_decorator.py
[2024-05-26T11:25:38.929+0000] {processor.py:830} INFO - Processing file /home/airflow/.local/lib/python3.12/site-packages/airflow/example_dags/example_sensor_decorator.py for tasks to queue
[2024-05-26T11:25:38.931+0000] {logging_mixin.py:188} INFO - [2024-05-26T11:25:38.931+0000] {dagbag.py:545} INFO - Filling up the DagBag from /home/airflow/.local/lib/python3.12/site-packages/airflow/example_dags/example_sensor_decorator.py
[2024-05-26T11:25:38.936+0000] {processor.py:840} INFO - DAG(s) 'example_sensor_decorator' retrieved from /home/airflow/.local/lib/python3.12/site-packages/airflow/example_dags/example_sensor_decorator.py
[2024-05-26T11:25:38.958+0000] {logging_mixin.py:188} INFO - [2024-05-26T11:25:38.958+0000] {dag.py:3096} INFO - Sync 1 DAGs
[2024-05-26T11:25:38.974+0000] {logging_mixin.py:188} INFO - [2024-05-26T11:25:38.974+0000] {dag.py:3954} INFO - Setting next_dagrun for example_sensor_decorator to None, run_after=None
[2024-05-26T11:25:39.002+0000] {processor.py:183} INFO - Processing /home/airflow/.local/lib/python3.12/site-packages/airflow/example_dags/example_sensor_decorator.py took 0.080 seconds
[2024-05-26T11:26:09.361+0000] {processor.py:161} INFO - Started process (PID=4139) to work on /home/airflow/.local/lib/python3.12/site-packages/airflow/example_dags/example_sensor_decorator.py
[2024-05-26T11:26:09.363+0000] {processor.py:830} INFO - Processing file /home/airflow/.local/lib/python3.12/site-packages/airflow/example_dags/example_sensor_decorator.py for tasks to queue
[2024-05-26T11:26:09.365+0000] {logging_mixin.py:188} INFO - [2024-05-26T11:26:09.364+0000] {dagbag.py:545} INFO - Filling up the DagBag from /home/airflow/.local/lib/python3.12/site-packages/airflow/example_dags/example_sensor_decorator.py
[2024-05-26T11:26:09.371+0000] {processor.py:840} INFO - DAG(s) 'example_sensor_decorator' retrieved from /home/airflow/.local/lib/python3.12/site-packages/airflow/example_dags/example_sensor_decorator.py
[2024-05-26T11:26:09.392+0000] {logging_mixin.py:188} INFO - [2024-05-26T11:26:09.392+0000] {dag.py:3096} INFO - Sync 1 DAGs
[2024-05-26T11:26:09.416+0000] {logging_mixin.py:188} INFO - [2024-05-26T11:26:09.416+0000] {dag.py:3954} INFO - Setting next_dagrun for example_sensor_decorator to None, run_after=None
[2024-05-26T11:26:09.438+0000] {processor.py:183} INFO - Processing /home/airflow/.local/lib/python3.12/site-packages/airflow/example_dags/example_sensor_decorator.py took 0.083 seconds
[2024-05-26T11:26:40.764+0000] {processor.py:161} INFO - Started process (PID=4409) to work on /home/airflow/.local/lib/python3.12/site-packages/airflow/example_dags/example_sensor_decorator.py
[2024-05-26T11:26:40.765+0000] {processor.py:830} INFO - Processing file /home/airflow/.local/lib/python3.12/site-packages/airflow/example_dags/example_sensor_decorator.py for tasks to queue
[2024-05-26T11:26:40.767+0000] {logging_mixin.py:188} INFO - [2024-05-26T11:26:40.767+0000] {dagbag.py:545} INFO - Filling up the DagBag from /home/airflow/.local/lib/python3.12/site-packages/airflow/example_dags/example_sensor_decorator.py
[2024-05-26T11:26:40.774+0000] {processor.py:840} INFO - DAG(s) 'example_sensor_decorator' retrieved from /home/airflow/.local/lib/python3.12/site-packages/airflow/example_dags/example_sensor_decorator.py
[2024-05-26T11:26:40.796+0000] {logging_mixin.py:188} INFO - [2024-05-26T11:26:40.796+0000] {dag.py:3096} INFO - Sync 1 DAGs
[2024-05-26T11:26:40.811+0000] {logging_mixin.py:188} INFO - [2024-05-26T11:26:40.810+0000] {dag.py:3954} INFO - Setting next_dagrun for example_sensor_decorator to None, run_after=None
[2024-05-26T11:26:40.832+0000] {processor.py:183} INFO - Processing /home/airflow/.local/lib/python3.12/site-packages/airflow/example_dags/example_sensor_decorator.py took 0.074 seconds
[2024-05-26T11:27:12.002+0000] {processor.py:161} INFO - Started process (PID=4677) to work on /home/airflow/.local/lib/python3.12/site-packages/airflow/example_dags/example_sensor_decorator.py
[2024-05-26T11:27:12.004+0000] {processor.py:830} INFO - Processing file /home/airflow/.local/lib/python3.12/site-packages/airflow/example_dags/example_sensor_decorator.py for tasks to queue
[2024-05-26T11:27:12.007+0000] {logging_mixin.py:188} INFO - [2024-05-26T11:27:12.007+0000] {dagbag.py:545} INFO - Filling up the DagBag from /home/airflow/.local/lib/python3.12/site-packages/airflow/example_dags/example_sensor_decorator.py
[2024-05-26T11:27:12.016+0000] {processor.py:840} INFO - DAG(s) 'example_sensor_decorator' retrieved from /home/airflow/.local/lib/python3.12/site-packages/airflow/example_dags/example_sensor_decorator.py
[2024-05-26T11:27:12.041+0000] {logging_mixin.py:188} INFO - [2024-05-26T11:27:12.040+0000] {dag.py:3096} INFO - Sync 1 DAGs
[2024-05-26T11:27:12.058+0000] {logging_mixin.py:188} INFO - [2024-05-26T11:27:12.058+0000] {dag.py:3954} INFO - Setting next_dagrun for example_sensor_decorator to None, run_after=None
[2024-05-26T11:27:12.087+0000] {processor.py:183} INFO - Processing /home/airflow/.local/lib/python3.12/site-packages/airflow/example_dags/example_sensor_decorator.py took 0.092 seconds
[2024-05-26T11:27:42.726+0000] {processor.py:161} INFO - Started process (PID=4943) to work on /home/airflow/.local/lib/python3.12/site-packages/airflow/example_dags/example_sensor_decorator.py
[2024-05-26T11:27:42.728+0000] {processor.py:830} INFO - Processing file /home/airflow/.local/lib/python3.12/site-packages/airflow/example_dags/example_sensor_decorator.py for tasks to queue
[2024-05-26T11:27:42.730+0000] {logging_mixin.py:188} INFO - [2024-05-26T11:27:42.729+0000] {dagbag.py:545} INFO - Filling up the DagBag from /home/airflow/.local/lib/python3.12/site-packages/airflow/example_dags/example_sensor_decorator.py
[2024-05-26T11:27:42.736+0000] {processor.py:840} INFO - DAG(s) 'example_sensor_decorator' retrieved from /home/airflow/.local/lib/python3.12/site-packages/airflow/example_dags/example_sensor_decorator.py
[2024-05-26T11:27:42.759+0000] {logging_mixin.py:188} INFO - [2024-05-26T11:27:42.758+0000] {dag.py:3096} INFO - Sync 1 DAGs
[2024-05-26T11:27:42.774+0000] {logging_mixin.py:188} INFO - [2024-05-26T11:27:42.774+0000] {dag.py:3954} INFO - Setting next_dagrun for example_sensor_decorator to None, run_after=None
[2024-05-26T11:27:42.797+0000] {processor.py:183} INFO - Processing /home/airflow/.local/lib/python3.12/site-packages/airflow/example_dags/example_sensor_decorator.py took 0.077 seconds
[2024-05-26T11:28:13.738+0000] {processor.py:161} INFO - Started process (PID=5211) to work on /home/airflow/.local/lib/python3.12/site-packages/airflow/example_dags/example_sensor_decorator.py
[2024-05-26T11:28:13.740+0000] {processor.py:830} INFO - Processing file /home/airflow/.local/lib/python3.12/site-packages/airflow/example_dags/example_sensor_decorator.py for tasks to queue
[2024-05-26T11:28:13.742+0000] {logging_mixin.py:188} INFO - [2024-05-26T11:28:13.742+0000] {dagbag.py:545} INFO - Filling up the DagBag from /home/airflow/.local/lib/python3.12/site-packages/airflow/example_dags/example_sensor_decorator.py
[2024-05-26T11:28:13.752+0000] {processor.py:840} INFO - DAG(s) 'example_sensor_decorator' retrieved from /home/airflow/.local/lib/python3.12/site-packages/airflow/example_dags/example_sensor_decorator.py
[2024-05-26T11:28:13.779+0000] {logging_mixin.py:188} INFO - [2024-05-26T11:28:13.778+0000] {dag.py:3096} INFO - Sync 1 DAGs
[2024-05-26T11:28:13.795+0000] {logging_mixin.py:188} INFO - [2024-05-26T11:28:13.795+0000] {dag.py:3954} INFO - Setting next_dagrun for example_sensor_decorator to None, run_after=None
[2024-05-26T11:28:13.822+0000] {processor.py:183} INFO - Processing /home/airflow/.local/lib/python3.12/site-packages/airflow/example_dags/example_sensor_decorator.py took 0.092 seconds
[2024-05-26T11:28:44.287+0000] {processor.py:161} INFO - Started process (PID=5481) to work on /home/airflow/.local/lib/python3.12/site-packages/airflow/example_dags/example_sensor_decorator.py
[2024-05-26T11:28:44.288+0000] {processor.py:830} INFO - Processing file /home/airflow/.local/lib/python3.12/site-packages/airflow/example_dags/example_sensor_decorator.py for tasks to queue
[2024-05-26T11:28:44.291+0000] {logging_mixin.py:188} INFO - [2024-05-26T11:28:44.290+0000] {dagbag.py:545} INFO - Filling up the DagBag from /home/airflow/.local/lib/python3.12/site-packages/airflow/example_dags/example_sensor_decorator.py
[2024-05-26T11:28:44.298+0000] {processor.py:840} INFO - DAG(s) 'example_sensor_decorator' retrieved from /home/airflow/.local/lib/python3.12/site-packages/airflow/example_dags/example_sensor_decorator.py
[2024-05-26T11:28:44.323+0000] {logging_mixin.py:188} INFO - [2024-05-26T11:28:44.322+0000] {dag.py:3096} INFO - Sync 1 DAGs
[2024-05-26T11:28:44.339+0000] {logging_mixin.py:188} INFO - [2024-05-26T11:28:44.339+0000] {dag.py:3954} INFO - Setting next_dagrun for example_sensor_decorator to None, run_after=None
[2024-05-26T11:28:44.362+0000] {processor.py:183} INFO - Processing /home/airflow/.local/lib/python3.12/site-packages/airflow/example_dags/example_sensor_decorator.py took 0.082 seconds
[2024-05-26T11:29:15.677+0000] {processor.py:161} INFO - Started process (PID=5747) to work on /home/airflow/.local/lib/python3.12/site-packages/airflow/example_dags/example_sensor_decorator.py
[2024-05-26T11:29:15.678+0000] {processor.py:830} INFO - Processing file /home/airflow/.local/lib/python3.12/site-packages/airflow/example_dags/example_sensor_decorator.py for tasks to queue
[2024-05-26T11:29:15.682+0000] {logging_mixin.py:188} INFO - [2024-05-26T11:29:15.681+0000] {dagbag.py:545} INFO - Filling up the DagBag from /home/airflow/.local/lib/python3.12/site-packages/airflow/example_dags/example_sensor_decorator.py
[2024-05-26T11:29:15.690+0000] {processor.py:840} INFO - DAG(s) 'example_sensor_decorator' retrieved from /home/airflow/.local/lib/python3.12/site-packages/airflow/example_dags/example_sensor_decorator.py
[2024-05-26T11:29:15.735+0000] {logging_mixin.py:188} INFO - [2024-05-26T11:29:15.735+0000] {dag.py:3096} INFO - Sync 1 DAGs
[2024-05-26T11:29:15.756+0000] {logging_mixin.py:188} INFO - [2024-05-26T11:29:15.756+0000] {dag.py:3954} INFO - Setting next_dagrun for example_sensor_decorator to None, run_after=None
[2024-05-26T11:29:15.785+0000] {processor.py:183} INFO - Processing /home/airflow/.local/lib/python3.12/site-packages/airflow/example_dags/example_sensor_decorator.py took 0.118 seconds
[2024-05-26T11:29:46.081+0000] {processor.py:161} INFO - Started process (PID=6015) to work on /home/airflow/.local/lib/python3.12/site-packages/airflow/example_dags/example_sensor_decorator.py
[2024-05-26T11:29:46.083+0000] {processor.py:830} INFO - Processing file /home/airflow/.local/lib/python3.12/site-packages/airflow/example_dags/example_sensor_decorator.py for tasks to queue
[2024-05-26T11:29:46.085+0000] {logging_mixin.py:188} INFO - [2024-05-26T11:29:46.085+0000] {dagbag.py:545} INFO - Filling up the DagBag from /home/airflow/.local/lib/python3.12/site-packages/airflow/example_dags/example_sensor_decorator.py
[2024-05-26T11:29:46.092+0000] {processor.py:840} INFO - DAG(s) 'example_sensor_decorator' retrieved from /home/airflow/.local/lib/python3.12/site-packages/airflow/example_dags/example_sensor_decorator.py
[2024-05-26T11:29:46.115+0000] {logging_mixin.py:188} INFO - [2024-05-26T11:29:46.115+0000] {dag.py:3096} INFO - Sync 1 DAGs
[2024-05-26T11:29:46.130+0000] {logging_mixin.py:188} INFO - [2024-05-26T11:29:46.130+0000] {dag.py:3954} INFO - Setting next_dagrun for example_sensor_decorator to None, run_after=None
[2024-05-26T11:29:46.156+0000] {processor.py:183} INFO - Processing /home/airflow/.local/lib/python3.12/site-packages/airflow/example_dags/example_sensor_decorator.py took 0.081 seconds
[2024-05-26T11:30:16.902+0000] {processor.py:161} INFO - Started process (PID=6283) to work on /home/airflow/.local/lib/python3.12/site-packages/airflow/example_dags/example_sensor_decorator.py
[2024-05-26T11:30:16.903+0000] {processor.py:830} INFO - Processing file /home/airflow/.local/lib/python3.12/site-packages/airflow/example_dags/example_sensor_decorator.py for tasks to queue
[2024-05-26T11:30:16.906+0000] {logging_mixin.py:188} INFO - [2024-05-26T11:30:16.905+0000] {dagbag.py:545} INFO - Filling up the DagBag from /home/airflow/.local/lib/python3.12/site-packages/airflow/example_dags/example_sensor_decorator.py
[2024-05-26T11:30:16.915+0000] {processor.py:840} INFO - DAG(s) 'example_sensor_decorator' retrieved from /home/airflow/.local/lib/python3.12/site-packages/airflow/example_dags/example_sensor_decorator.py
[2024-05-26T11:30:16.942+0000] {logging_mixin.py:188} INFO - [2024-05-26T11:30:16.942+0000] {dag.py:3096} INFO - Sync 1 DAGs
[2024-05-26T11:30:16.959+0000] {logging_mixin.py:188} INFO - [2024-05-26T11:30:16.958+0000] {dag.py:3954} INFO - Setting next_dagrun for example_sensor_decorator to None, run_after=None
[2024-05-26T11:30:16.988+0000] {processor.py:183} INFO - Processing /home/airflow/.local/lib/python3.12/site-packages/airflow/example_dags/example_sensor_decorator.py took 0.094 seconds
[2024-05-26T11:30:48.065+0000] {processor.py:161} INFO - Started process (PID=6551) to work on /home/airflow/.local/lib/python3.12/site-packages/airflow/example_dags/example_sensor_decorator.py
[2024-05-26T11:30:48.066+0000] {processor.py:830} INFO - Processing file /home/airflow/.local/lib/python3.12/site-packages/airflow/example_dags/example_sensor_decorator.py for tasks to queue
[2024-05-26T11:30:48.069+0000] {logging_mixin.py:188} INFO - [2024-05-26T11:30:48.068+0000] {dagbag.py:545} INFO - Filling up the DagBag from /home/airflow/.local/lib/python3.12/site-packages/airflow/example_dags/example_sensor_decorator.py
[2024-05-26T11:30:48.225+0000] {processor.py:840} INFO - DAG(s) 'example_sensor_decorator' retrieved from /home/airflow/.local/lib/python3.12/site-packages/airflow/example_dags/example_sensor_decorator.py
[2024-05-26T11:30:48.245+0000] {logging_mixin.py:188} INFO - [2024-05-26T11:30:48.245+0000] {dag.py:3096} INFO - Sync 1 DAGs
[2024-05-26T11:30:48.259+0000] {logging_mixin.py:188} INFO - [2024-05-26T11:30:48.259+0000] {dag.py:3954} INFO - Setting next_dagrun for example_sensor_decorator to None, run_after=None
[2024-05-26T11:30:48.289+0000] {processor.py:183} INFO - Processing /home/airflow/.local/lib/python3.12/site-packages/airflow/example_dags/example_sensor_decorator.py took 0.231 seconds
[2024-05-26T11:31:19.131+0000] {processor.py:161} INFO - Started process (PID=6819) to work on /home/airflow/.local/lib/python3.12/site-packages/airflow/example_dags/example_sensor_decorator.py
[2024-05-26T11:31:19.132+0000] {processor.py:830} INFO - Processing file /home/airflow/.local/lib/python3.12/site-packages/airflow/example_dags/example_sensor_decorator.py for tasks to queue
[2024-05-26T11:31:19.134+0000] {logging_mixin.py:188} INFO - [2024-05-26T11:31:19.133+0000] {dagbag.py:545} INFO - Filling up the DagBag from /home/airflow/.local/lib/python3.12/site-packages/airflow/example_dags/example_sensor_decorator.py
[2024-05-26T11:31:19.140+0000] {processor.py:840} INFO - DAG(s) 'example_sensor_decorator' retrieved from /home/airflow/.local/lib/python3.12/site-packages/airflow/example_dags/example_sensor_decorator.py
[2024-05-26T11:31:19.159+0000] {logging_mixin.py:188} INFO - [2024-05-26T11:31:19.159+0000] {dag.py:3096} INFO - Sync 1 DAGs
[2024-05-26T11:31:19.171+0000] {logging_mixin.py:188} INFO - [2024-05-26T11:31:19.171+0000] {dag.py:3954} INFO - Setting next_dagrun for example_sensor_decorator to None, run_after=None
[2024-05-26T11:31:19.194+0000] {processor.py:183} INFO - Processing /home/airflow/.local/lib/python3.12/site-packages/airflow/example_dags/example_sensor_decorator.py took 0.069 seconds
[2024-05-26T11:31:50.038+0000] {processor.py:161} INFO - Started process (PID=7089) to work on /home/airflow/.local/lib/python3.12/site-packages/airflow/example_dags/example_sensor_decorator.py
[2024-05-26T11:31:50.039+0000] {processor.py:830} INFO - Processing file /home/airflow/.local/lib/python3.12/site-packages/airflow/example_dags/example_sensor_decorator.py for tasks to queue
[2024-05-26T11:31:50.042+0000] {logging_mixin.py:188} INFO - [2024-05-26T11:31:50.041+0000] {dagbag.py:545} INFO - Filling up the DagBag from /home/airflow/.local/lib/python3.12/site-packages/airflow/example_dags/example_sensor_decorator.py
[2024-05-26T11:31:50.054+0000] {processor.py:840} INFO - DAG(s) 'example_sensor_decorator' retrieved from /home/airflow/.local/lib/python3.12/site-packages/airflow/example_dags/example_sensor_decorator.py
[2024-05-26T11:31:50.094+0000] {logging_mixin.py:188} INFO - [2024-05-26T11:31:50.093+0000] {dag.py:3096} INFO - Sync 1 DAGs
[2024-05-26T11:31:50.113+0000] {logging_mixin.py:188} INFO - [2024-05-26T11:31:50.113+0000] {dag.py:3954} INFO - Setting next_dagrun for example_sensor_decorator to None, run_after=None
[2024-05-26T11:31:50.141+0000] {processor.py:183} INFO - Processing /home/airflow/.local/lib/python3.12/site-packages/airflow/example_dags/example_sensor_decorator.py took 0.112 seconds
[2024-05-26T11:32:21.221+0000] {processor.py:161} INFO - Started process (PID=7355) to work on /home/airflow/.local/lib/python3.12/site-packages/airflow/example_dags/example_sensor_decorator.py
[2024-05-26T11:32:21.223+0000] {processor.py:830} INFO - Processing file /home/airflow/.local/lib/python3.12/site-packages/airflow/example_dags/example_sensor_decorator.py for tasks to queue
[2024-05-26T11:32:21.228+0000] {logging_mixin.py:188} INFO - [2024-05-26T11:32:21.228+0000] {dagbag.py:545} INFO - Filling up the DagBag from /home/airflow/.local/lib/python3.12/site-packages/airflow/example_dags/example_sensor_decorator.py
[2024-05-26T11:32:21.240+0000] {processor.py:840} INFO - DAG(s) 'example_sensor_decorator' retrieved from /home/airflow/.local/lib/python3.12/site-packages/airflow/example_dags/example_sensor_decorator.py
[2024-05-26T11:32:21.284+0000] {logging_mixin.py:188} INFO - [2024-05-26T11:32:21.284+0000] {dag.py:3096} INFO - Sync 1 DAGs
[2024-05-26T11:32:21.307+0000] {logging_mixin.py:188} INFO - [2024-05-26T11:32:21.307+0000] {dag.py:3954} INFO - Setting next_dagrun for example_sensor_decorator to None, run_after=None
[2024-05-26T11:32:21.341+0000] {processor.py:183} INFO - Processing /home/airflow/.local/lib/python3.12/site-packages/airflow/example_dags/example_sensor_decorator.py took 0.128 seconds
[2024-05-26T11:32:51.749+0000] {processor.py:161} INFO - Started process (PID=7623) to work on /home/airflow/.local/lib/python3.12/site-packages/airflow/example_dags/example_sensor_decorator.py
[2024-05-26T11:32:51.751+0000] {processor.py:830} INFO - Processing file /home/airflow/.local/lib/python3.12/site-packages/airflow/example_dags/example_sensor_decorator.py for tasks to queue
[2024-05-26T11:32:51.753+0000] {logging_mixin.py:188} INFO - [2024-05-26T11:32:51.753+0000] {dagbag.py:545} INFO - Filling up the DagBag from /home/airflow/.local/lib/python3.12/site-packages/airflow/example_dags/example_sensor_decorator.py
[2024-05-26T11:32:51.759+0000] {processor.py:840} INFO - DAG(s) 'example_sensor_decorator' retrieved from /home/airflow/.local/lib/python3.12/site-packages/airflow/example_dags/example_sensor_decorator.py
[2024-05-26T11:32:51.776+0000] {logging_mixin.py:188} INFO - [2024-05-26T11:32:51.776+0000] {dag.py:3096} INFO - Sync 1 DAGs
[2024-05-26T11:32:51.790+0000] {logging_mixin.py:188} INFO - [2024-05-26T11:32:51.789+0000] {dag.py:3954} INFO - Setting next_dagrun for example_sensor_decorator to None, run_after=None
[2024-05-26T11:32:51.807+0000] {processor.py:183} INFO - Processing /home/airflow/.local/lib/python3.12/site-packages/airflow/example_dags/example_sensor_decorator.py took 0.063 seconds
[2024-05-26T11:33:22.834+0000] {processor.py:161} INFO - Started process (PID=7891) to work on /home/airflow/.local/lib/python3.12/site-packages/airflow/example_dags/example_sensor_decorator.py
[2024-05-26T11:33:22.836+0000] {processor.py:830} INFO - Processing file /home/airflow/.local/lib/python3.12/site-packages/airflow/example_dags/example_sensor_decorator.py for tasks to queue
[2024-05-26T11:33:22.838+0000] {logging_mixin.py:188} INFO - [2024-05-26T11:33:22.838+0000] {dagbag.py:545} INFO - Filling up the DagBag from /home/airflow/.local/lib/python3.12/site-packages/airflow/example_dags/example_sensor_decorator.py
[2024-05-26T11:33:22.847+0000] {processor.py:840} INFO - DAG(s) 'example_sensor_decorator' retrieved from /home/airflow/.local/lib/python3.12/site-packages/airflow/example_dags/example_sensor_decorator.py
[2024-05-26T11:33:22.863+0000] {logging_mixin.py:188} INFO - [2024-05-26T11:33:22.863+0000] {dag.py:3096} INFO - Sync 1 DAGs
[2024-05-26T11:33:22.876+0000] {logging_mixin.py:188} INFO - [2024-05-26T11:33:22.875+0000] {dag.py:3954} INFO - Setting next_dagrun for example_sensor_decorator to None, run_after=None
[2024-05-26T11:33:22.893+0000] {processor.py:183} INFO - Processing /home/airflow/.local/lib/python3.12/site-packages/airflow/example_dags/example_sensor_decorator.py took 0.067 seconds
[2024-05-26T11:33:53.414+0000] {processor.py:161} INFO - Started process (PID=8159) to work on /home/airflow/.local/lib/python3.12/site-packages/airflow/example_dags/example_sensor_decorator.py
[2024-05-26T11:33:53.415+0000] {processor.py:830} INFO - Processing file /home/airflow/.local/lib/python3.12/site-packages/airflow/example_dags/example_sensor_decorator.py for tasks to queue
[2024-05-26T11:33:53.417+0000] {logging_mixin.py:188} INFO - [2024-05-26T11:33:53.416+0000] {dagbag.py:545} INFO - Filling up the DagBag from /home/airflow/.local/lib/python3.12/site-packages/airflow/example_dags/example_sensor_decorator.py
[2024-05-26T11:33:53.424+0000] {processor.py:840} INFO - DAG(s) 'example_sensor_decorator' retrieved from /home/airflow/.local/lib/python3.12/site-packages/airflow/example_dags/example_sensor_decorator.py
[2024-05-26T11:33:53.443+0000] {logging_mixin.py:188} INFO - [2024-05-26T11:33:53.443+0000] {dag.py:3096} INFO - Sync 1 DAGs
[2024-05-26T11:33:53.456+0000] {logging_mixin.py:188} INFO - [2024-05-26T11:33:53.456+0000] {dag.py:3954} INFO - Setting next_dagrun for example_sensor_decorator to None, run_after=None
[2024-05-26T11:33:53.481+0000] {processor.py:183} INFO - Processing /home/airflow/.local/lib/python3.12/site-packages/airflow/example_dags/example_sensor_decorator.py took 0.074 seconds
[2024-05-26T11:34:24.233+0000] {processor.py:161} INFO - Started process (PID=8427) to work on /home/airflow/.local/lib/python3.12/site-packages/airflow/example_dags/example_sensor_decorator.py
[2024-05-26T11:34:24.234+0000] {processor.py:830} INFO - Processing file /home/airflow/.local/lib/python3.12/site-packages/airflow/example_dags/example_sensor_decorator.py for tasks to queue
[2024-05-26T11:34:24.237+0000] {logging_mixin.py:188} INFO - [2024-05-26T11:34:24.236+0000] {dagbag.py:545} INFO - Filling up the DagBag from /home/airflow/.local/lib/python3.12/site-packages/airflow/example_dags/example_sensor_decorator.py
[2024-05-26T11:34:24.244+0000] {processor.py:840} INFO - DAG(s) 'example_sensor_decorator' retrieved from /home/airflow/.local/lib/python3.12/site-packages/airflow/example_dags/example_sensor_decorator.py
[2024-05-26T11:34:24.271+0000] {logging_mixin.py:188} INFO - [2024-05-26T11:34:24.271+0000] {dag.py:3096} INFO - Sync 1 DAGs
[2024-05-26T11:34:24.291+0000] {logging_mixin.py:188} INFO - [2024-05-26T11:34:24.291+0000] {dag.py:3954} INFO - Setting next_dagrun for example_sensor_decorator to None, run_after=None
[2024-05-26T11:34:24.322+0000] {processor.py:183} INFO - Processing /home/airflow/.local/lib/python3.12/site-packages/airflow/example_dags/example_sensor_decorator.py took 0.097 seconds
