[2024-05-26T11:18:56.629+0000] {processor.py:161} INFO - Started process (PID=281) to work on /home/airflow/.local/lib/python3.12/site-packages/airflow/example_dags/example_bash_operator.py
[2024-05-26T11:18:56.631+0000] {processor.py:830} INFO - Processing file /home/airflow/.local/lib/python3.12/site-packages/airflow/example_dags/example_bash_operator.py for tasks to queue
[2024-05-26T11:18:56.634+0000] {logging_mixin.py:188} INFO - [2024-05-26T11:18:56.633+0000] {dagbag.py:545} INFO - Filling up the DagBag from /home/airflow/.local/lib/python3.12/site-packages/airflow/example_dags/example_bash_operator.py
[2024-05-26T11:18:56.649+0000] {processor.py:840} INFO - DAG(s) 'example_bash_operator' retrieved from /home/airflow/.local/lib/python3.12/site-packages/airflow/example_dags/example_bash_operator.py
[2024-05-26T11:18:56.691+0000] {logging_mixin.py:188} INFO - [2024-05-26T11:18:56.691+0000] {dag.py:3096} INFO - Sync 1 DAGs
[2024-05-26T11:18:56.724+0000] {logging_mixin.py:188} INFO - [2024-05-26T11:18:56.723+0000] {dag.py:3954} INFO - Setting next_dagrun for example_bash_operator to 2024-05-25 00:00:00+00:00, run_after=2024-05-26 00:00:00+00:00
[2024-05-26T11:18:56.753+0000] {processor.py:183} INFO - Processing /home/airflow/.local/lib/python3.12/site-packages/airflow/example_dags/example_bash_operator.py took 0.132 seconds
[2024-05-26T11:19:26.937+0000] {processor.py:161} INFO - Started process (PID=549) to work on /home/airflow/.local/lib/python3.12/site-packages/airflow/example_dags/example_bash_operator.py
[2024-05-26T11:19:26.938+0000] {processor.py:830} INFO - Processing file /home/airflow/.local/lib/python3.12/site-packages/airflow/example_dags/example_bash_operator.py for tasks to queue
[2024-05-26T11:19:26.940+0000] {logging_mixin.py:188} INFO - [2024-05-26T11:19:26.940+0000] {dagbag.py:545} INFO - Filling up the DagBag from /home/airflow/.local/lib/python3.12/site-packages/airflow/example_dags/example_bash_operator.py
[2024-05-26T11:19:26.954+0000] {processor.py:840} INFO - DAG(s) 'example_bash_operator' retrieved from /home/airflow/.local/lib/python3.12/site-packages/airflow/example_dags/example_bash_operator.py
[2024-05-26T11:19:26.986+0000] {logging_mixin.py:188} INFO - [2024-05-26T11:19:26.986+0000] {dag.py:3096} INFO - Sync 1 DAGs
[2024-05-26T11:19:27.016+0000] {logging_mixin.py:188} INFO - [2024-05-26T11:19:27.016+0000] {dag.py:3954} INFO - Setting next_dagrun for example_bash_operator to 2024-05-25 00:00:00+00:00, run_after=2024-05-26 00:00:00+00:00
[2024-05-26T11:19:27.040+0000] {processor.py:183} INFO - Processing /home/airflow/.local/lib/python3.12/site-packages/airflow/example_dags/example_bash_operator.py took 0.111 seconds
[2024-05-26T11:19:57.443+0000] {processor.py:161} INFO - Started process (PID=817) to work on /home/airflow/.local/lib/python3.12/site-packages/airflow/example_dags/example_bash_operator.py
[2024-05-26T11:19:57.444+0000] {processor.py:830} INFO - Processing file /home/airflow/.local/lib/python3.12/site-packages/airflow/example_dags/example_bash_operator.py for tasks to queue
[2024-05-26T11:19:57.446+0000] {logging_mixin.py:188} INFO - [2024-05-26T11:19:57.446+0000] {dagbag.py:545} INFO - Filling up the DagBag from /home/airflow/.local/lib/python3.12/site-packages/airflow/example_dags/example_bash_operator.py
[2024-05-26T11:19:57.459+0000] {processor.py:840} INFO - DAG(s) 'example_bash_operator' retrieved from /home/airflow/.local/lib/python3.12/site-packages/airflow/example_dags/example_bash_operator.py
[2024-05-26T11:19:57.472+0000] {logging_mixin.py:188} INFO - [2024-05-26T11:19:57.472+0000] {dag.py:3096} INFO - Sync 1 DAGs
[2024-05-26T11:19:57.497+0000] {logging_mixin.py:188} INFO - [2024-05-26T11:19:57.496+0000] {dag.py:3954} INFO - Setting next_dagrun for example_bash_operator to 2024-05-25 00:00:00+00:00, run_after=2024-05-26 00:00:00+00:00
[2024-05-26T11:19:57.519+0000] {processor.py:183} INFO - Processing /home/airflow/.local/lib/python3.12/site-packages/airflow/example_dags/example_bash_operator.py took 0.083 seconds
[2024-05-26T11:20:28.910+0000] {processor.py:161} INFO - Started process (PID=1085) to work on /home/airflow/.local/lib/python3.12/site-packages/airflow/example_dags/example_bash_operator.py
[2024-05-26T11:20:28.912+0000] {processor.py:830} INFO - Processing file /home/airflow/.local/lib/python3.12/site-packages/airflow/example_dags/example_bash_operator.py for tasks to queue
[2024-05-26T11:20:28.914+0000] {logging_mixin.py:188} INFO - [2024-05-26T11:20:28.913+0000] {dagbag.py:545} INFO - Filling up the DagBag from /home/airflow/.local/lib/python3.12/site-packages/airflow/example_dags/example_bash_operator.py
[2024-05-26T11:20:28.923+0000] {processor.py:840} INFO - DAG(s) 'example_bash_operator' retrieved from /home/airflow/.local/lib/python3.12/site-packages/airflow/example_dags/example_bash_operator.py
[2024-05-26T11:20:29.037+0000] {logging_mixin.py:188} INFO - [2024-05-26T11:20:29.036+0000] {dag.py:3096} INFO - Sync 1 DAGs
[2024-05-26T11:20:29.055+0000] {logging_mixin.py:188} INFO - [2024-05-26T11:20:29.054+0000] {dag.py:3954} INFO - Setting next_dagrun for example_bash_operator to 2024-05-25 00:00:00+00:00, run_after=2024-05-26 00:00:00+00:00
[2024-05-26T11:20:29.071+0000] {processor.py:183} INFO - Processing /home/airflow/.local/lib/python3.12/site-packages/airflow/example_dags/example_bash_operator.py took 0.166 seconds
[2024-05-26T11:21:00.056+0000] {processor.py:161} INFO - Started process (PID=1353) to work on /home/airflow/.local/lib/python3.12/site-packages/airflow/example_dags/example_bash_operator.py
[2024-05-26T11:21:00.057+0000] {processor.py:830} INFO - Processing file /home/airflow/.local/lib/python3.12/site-packages/airflow/example_dags/example_bash_operator.py for tasks to queue
[2024-05-26T11:21:00.060+0000] {logging_mixin.py:188} INFO - [2024-05-26T11:21:00.059+0000] {dagbag.py:545} INFO - Filling up the DagBag from /home/airflow/.local/lib/python3.12/site-packages/airflow/example_dags/example_bash_operator.py
[2024-05-26T11:21:00.071+0000] {processor.py:840} INFO - DAG(s) 'example_bash_operator' retrieved from /home/airflow/.local/lib/python3.12/site-packages/airflow/example_dags/example_bash_operator.py
[2024-05-26T11:21:00.099+0000] {logging_mixin.py:188} INFO - [2024-05-26T11:21:00.099+0000] {dag.py:3096} INFO - Sync 1 DAGs
[2024-05-26T11:21:00.127+0000] {logging_mixin.py:188} INFO - [2024-05-26T11:21:00.127+0000] {dag.py:3954} INFO - Setting next_dagrun for example_bash_operator to 2024-05-25 00:00:00+00:00, run_after=2024-05-26 00:00:00+00:00
[2024-05-26T11:21:00.149+0000] {processor.py:183} INFO - Processing /home/airflow/.local/lib/python3.12/site-packages/airflow/example_dags/example_bash_operator.py took 0.099 seconds
[2024-05-26T11:21:30.860+0000] {processor.py:161} INFO - Started process (PID=1621) to work on /home/airflow/.local/lib/python3.12/site-packages/airflow/example_dags/example_bash_operator.py
[2024-05-26T11:21:30.861+0000] {processor.py:830} INFO - Processing file /home/airflow/.local/lib/python3.12/site-packages/airflow/example_dags/example_bash_operator.py for tasks to queue
[2024-05-26T11:21:30.863+0000] {logging_mixin.py:188} INFO - [2024-05-26T11:21:30.863+0000] {dagbag.py:545} INFO - Filling up the DagBag from /home/airflow/.local/lib/python3.12/site-packages/airflow/example_dags/example_bash_operator.py
[2024-05-26T11:21:30.873+0000] {processor.py:840} INFO - DAG(s) 'example_bash_operator' retrieved from /home/airflow/.local/lib/python3.12/site-packages/airflow/example_dags/example_bash_operator.py
[2024-05-26T11:21:30.898+0000] {logging_mixin.py:188} INFO - [2024-05-26T11:21:30.898+0000] {dag.py:3096} INFO - Sync 1 DAGs
[2024-05-26T11:21:30.919+0000] {logging_mixin.py:188} INFO - [2024-05-26T11:21:30.918+0000] {dag.py:3954} INFO - Setting next_dagrun for example_bash_operator to 2024-05-25 00:00:00+00:00, run_after=2024-05-26 00:00:00+00:00
[2024-05-26T11:21:30.936+0000] {processor.py:183} INFO - Processing /home/airflow/.local/lib/python3.12/site-packages/airflow/example_dags/example_bash_operator.py took 0.081 seconds
[2024-05-26T11:22:01.630+0000] {processor.py:161} INFO - Started process (PID=1889) to work on /home/airflow/.local/lib/python3.12/site-packages/airflow/example_dags/example_bash_operator.py
[2024-05-26T11:22:01.631+0000] {processor.py:830} INFO - Processing file /home/airflow/.local/lib/python3.12/site-packages/airflow/example_dags/example_bash_operator.py for tasks to queue
[2024-05-26T11:22:01.633+0000] {logging_mixin.py:188} INFO - [2024-05-26T11:22:01.633+0000] {dagbag.py:545} INFO - Filling up the DagBag from /home/airflow/.local/lib/python3.12/site-packages/airflow/example_dags/example_bash_operator.py
[2024-05-26T11:22:01.643+0000] {processor.py:840} INFO - DAG(s) 'example_bash_operator' retrieved from /home/airflow/.local/lib/python3.12/site-packages/airflow/example_dags/example_bash_operator.py
[2024-05-26T11:22:01.675+0000] {logging_mixin.py:188} INFO - [2024-05-26T11:22:01.675+0000] {dag.py:3096} INFO - Sync 1 DAGs
[2024-05-26T11:22:01.708+0000] {logging_mixin.py:188} INFO - [2024-05-26T11:22:01.707+0000] {dag.py:3954} INFO - Setting next_dagrun for example_bash_operator to 2024-05-25 00:00:00+00:00, run_after=2024-05-26 00:00:00+00:00
[2024-05-26T11:22:01.736+0000] {processor.py:183} INFO - Processing /home/airflow/.local/lib/python3.12/site-packages/airflow/example_dags/example_bash_operator.py took 0.111 seconds
[2024-05-26T11:22:32.409+0000] {processor.py:161} INFO - Started process (PID=2157) to work on /home/airflow/.local/lib/python3.12/site-packages/airflow/example_dags/example_bash_operator.py
[2024-05-26T11:22:32.411+0000] {processor.py:830} INFO - Processing file /home/airflow/.local/lib/python3.12/site-packages/airflow/example_dags/example_bash_operator.py for tasks to queue
[2024-05-26T11:22:32.413+0000] {logging_mixin.py:188} INFO - [2024-05-26T11:22:32.413+0000] {dagbag.py:545} INFO - Filling up the DagBag from /home/airflow/.local/lib/python3.12/site-packages/airflow/example_dags/example_bash_operator.py
[2024-05-26T11:22:32.432+0000] {processor.py:840} INFO - DAG(s) 'example_bash_operator' retrieved from /home/airflow/.local/lib/python3.12/site-packages/airflow/example_dags/example_bash_operator.py
[2024-05-26T11:22:32.476+0000] {logging_mixin.py:188} INFO - [2024-05-26T11:22:32.476+0000] {dag.py:3096} INFO - Sync 1 DAGs
[2024-05-26T11:22:32.504+0000] {logging_mixin.py:188} INFO - [2024-05-26T11:22:32.504+0000] {dag.py:3954} INFO - Setting next_dagrun for example_bash_operator to 2024-05-25 00:00:00+00:00, run_after=2024-05-26 00:00:00+00:00
[2024-05-26T11:22:32.534+0000] {processor.py:183} INFO - Processing /home/airflow/.local/lib/python3.12/site-packages/airflow/example_dags/example_bash_operator.py took 0.131 seconds
[2024-05-26T11:23:02.590+0000] {processor.py:161} INFO - Started process (PID=2425) to work on /home/airflow/.local/lib/python3.12/site-packages/airflow/example_dags/example_bash_operator.py
[2024-05-26T11:23:02.591+0000] {processor.py:830} INFO - Processing file /home/airflow/.local/lib/python3.12/site-packages/airflow/example_dags/example_bash_operator.py for tasks to queue
[2024-05-26T11:23:02.592+0000] {logging_mixin.py:188} INFO - [2024-05-26T11:23:02.592+0000] {dagbag.py:545} INFO - Filling up the DagBag from /home/airflow/.local/lib/python3.12/site-packages/airflow/example_dags/example_bash_operator.py
[2024-05-26T11:23:02.602+0000] {processor.py:840} INFO - DAG(s) 'example_bash_operator' retrieved from /home/airflow/.local/lib/python3.12/site-packages/airflow/example_dags/example_bash_operator.py
[2024-05-26T11:23:02.633+0000] {logging_mixin.py:188} INFO - [2024-05-26T11:23:02.632+0000] {dag.py:3096} INFO - Sync 1 DAGs
[2024-05-26T11:23:02.654+0000] {logging_mixin.py:188} INFO - [2024-05-26T11:23:02.654+0000] {dag.py:3954} INFO - Setting next_dagrun for example_bash_operator to 2024-05-25 00:00:00+00:00, run_after=2024-05-26 00:00:00+00:00
[2024-05-26T11:23:02.675+0000] {processor.py:183} INFO - Processing /home/airflow/.local/lib/python3.12/site-packages/airflow/example_dags/example_bash_operator.py took 0.090 seconds
[2024-05-26T11:23:33.691+0000] {processor.py:161} INFO - Started process (PID=2699) to work on /home/airflow/.local/lib/python3.12/site-packages/airflow/example_dags/example_bash_operator.py
[2024-05-26T11:23:33.692+0000] {processor.py:830} INFO - Processing file /home/airflow/.local/lib/python3.12/site-packages/airflow/example_dags/example_bash_operator.py for tasks to queue
[2024-05-26T11:23:33.694+0000] {logging_mixin.py:188} INFO - [2024-05-26T11:23:33.694+0000] {dagbag.py:545} INFO - Filling up the DagBag from /home/airflow/.local/lib/python3.12/site-packages/airflow/example_dags/example_bash_operator.py
[2024-05-26T11:23:33.704+0000] {processor.py:840} INFO - DAG(s) 'example_bash_operator' retrieved from /home/airflow/.local/lib/python3.12/site-packages/airflow/example_dags/example_bash_operator.py
[2024-05-26T11:23:33.734+0000] {logging_mixin.py:188} INFO - [2024-05-26T11:23:33.734+0000] {dag.py:3096} INFO - Sync 1 DAGs
[2024-05-26T11:23:33.760+0000] {logging_mixin.py:188} INFO - [2024-05-26T11:23:33.759+0000] {dag.py:3954} INFO - Setting next_dagrun for example_bash_operator to 2024-05-25 00:00:00+00:00, run_after=2024-05-26 00:00:00+00:00
[2024-05-26T11:23:33.780+0000] {processor.py:183} INFO - Processing /home/airflow/.local/lib/python3.12/site-packages/airflow/example_dags/example_bash_operator.py took 0.094 seconds
[2024-05-26T11:24:04.194+0000] {processor.py:161} INFO - Started process (PID=2969) to work on /home/airflow/.local/lib/python3.12/site-packages/airflow/example_dags/example_bash_operator.py
[2024-05-26T11:24:04.195+0000] {processor.py:830} INFO - Processing file /home/airflow/.local/lib/python3.12/site-packages/airflow/example_dags/example_bash_operator.py for tasks to queue
[2024-05-26T11:24:04.197+0000] {logging_mixin.py:188} INFO - [2024-05-26T11:24:04.196+0000] {dagbag.py:545} INFO - Filling up the DagBag from /home/airflow/.local/lib/python3.12/site-packages/airflow/example_dags/example_bash_operator.py
[2024-05-26T11:24:04.206+0000] {processor.py:840} INFO - DAG(s) 'example_bash_operator' retrieved from /home/airflow/.local/lib/python3.12/site-packages/airflow/example_dags/example_bash_operator.py
[2024-05-26T11:24:04.232+0000] {logging_mixin.py:188} INFO - [2024-05-26T11:24:04.232+0000] {dag.py:3096} INFO - Sync 1 DAGs
[2024-05-26T11:24:04.254+0000] {logging_mixin.py:188} INFO - [2024-05-26T11:24:04.254+0000] {dag.py:3954} INFO - Setting next_dagrun for example_bash_operator to 2024-05-25 00:00:00+00:00, run_after=2024-05-26 00:00:00+00:00
[2024-05-26T11:24:04.274+0000] {processor.py:183} INFO - Processing /home/airflow/.local/lib/python3.12/site-packages/airflow/example_dags/example_bash_operator.py took 0.085 seconds
[2024-05-26T11:24:35.288+0000] {processor.py:161} INFO - Started process (PID=3235) to work on /home/airflow/.local/lib/python3.12/site-packages/airflow/example_dags/example_bash_operator.py
[2024-05-26T11:24:35.289+0000] {processor.py:830} INFO - Processing file /home/airflow/.local/lib/python3.12/site-packages/airflow/example_dags/example_bash_operator.py for tasks to queue
[2024-05-26T11:24:35.291+0000] {logging_mixin.py:188} INFO - [2024-05-26T11:24:35.290+0000] {dagbag.py:545} INFO - Filling up the DagBag from /home/airflow/.local/lib/python3.12/site-packages/airflow/example_dags/example_bash_operator.py
[2024-05-26T11:24:35.301+0000] {processor.py:840} INFO - DAG(s) 'example_bash_operator' retrieved from /home/airflow/.local/lib/python3.12/site-packages/airflow/example_dags/example_bash_operator.py
[2024-05-26T11:24:35.326+0000] {logging_mixin.py:188} INFO - [2024-05-26T11:24:35.326+0000] {dag.py:3096} INFO - Sync 1 DAGs
[2024-05-26T11:24:35.353+0000] {logging_mixin.py:188} INFO - [2024-05-26T11:24:35.352+0000] {dag.py:3954} INFO - Setting next_dagrun for example_bash_operator to 2024-05-25 00:00:00+00:00, run_after=2024-05-26 00:00:00+00:00
[2024-05-26T11:24:35.371+0000] {processor.py:183} INFO - Processing /home/airflow/.local/lib/python3.12/site-packages/airflow/example_dags/example_bash_operator.py took 0.090 seconds
[2024-05-26T11:25:05.743+0000] {processor.py:161} INFO - Started process (PID=3503) to work on /home/airflow/.local/lib/python3.12/site-packages/airflow/example_dags/example_bash_operator.py
[2024-05-26T11:25:05.744+0000] {processor.py:830} INFO - Processing file /home/airflow/.local/lib/python3.12/site-packages/airflow/example_dags/example_bash_operator.py for tasks to queue
[2024-05-26T11:25:05.747+0000] {logging_mixin.py:188} INFO - [2024-05-26T11:25:05.747+0000] {dagbag.py:545} INFO - Filling up the DagBag from /home/airflow/.local/lib/python3.12/site-packages/airflow/example_dags/example_bash_operator.py
[2024-05-26T11:25:05.770+0000] {processor.py:840} INFO - DAG(s) 'example_bash_operator' retrieved from /home/airflow/.local/lib/python3.12/site-packages/airflow/example_dags/example_bash_operator.py
[2024-05-26T11:25:05.820+0000] {logging_mixin.py:188} INFO - [2024-05-26T11:25:05.819+0000] {dag.py:3096} INFO - Sync 1 DAGs
[2024-05-26T11:25:05.859+0000] {logging_mixin.py:188} INFO - [2024-05-26T11:25:05.858+0000] {dag.py:3954} INFO - Setting next_dagrun for example_bash_operator to 2024-05-25 00:00:00+00:00, run_after=2024-05-26 00:00:00+00:00
[2024-05-26T11:25:05.887+0000] {processor.py:183} INFO - Processing /home/airflow/.local/lib/python3.12/site-packages/airflow/example_dags/example_bash_operator.py took 0.151 seconds
[2024-05-26T11:25:36.041+0000] {processor.py:161} INFO - Started process (PID=3767) to work on /home/airflow/.local/lib/python3.12/site-packages/airflow/example_dags/example_bash_operator.py
[2024-05-26T11:25:36.042+0000] {processor.py:830} INFO - Processing file /home/airflow/.local/lib/python3.12/site-packages/airflow/example_dags/example_bash_operator.py for tasks to queue
[2024-05-26T11:25:36.044+0000] {logging_mixin.py:188} INFO - [2024-05-26T11:25:36.044+0000] {dagbag.py:545} INFO - Filling up the DagBag from /home/airflow/.local/lib/python3.12/site-packages/airflow/example_dags/example_bash_operator.py
[2024-05-26T11:25:36.055+0000] {processor.py:840} INFO - DAG(s) 'example_bash_operator' retrieved from /home/airflow/.local/lib/python3.12/site-packages/airflow/example_dags/example_bash_operator.py
[2024-05-26T11:25:36.090+0000] {logging_mixin.py:188} INFO - [2024-05-26T11:25:36.090+0000] {dag.py:3096} INFO - Sync 1 DAGs
[2024-05-26T11:25:36.135+0000] {logging_mixin.py:188} INFO - [2024-05-26T11:25:36.134+0000] {dag.py:3954} INFO - Setting next_dagrun for example_bash_operator to 2024-05-25 00:00:00+00:00, run_after=2024-05-26 00:00:00+00:00
[2024-05-26T11:25:36.162+0000] {processor.py:183} INFO - Processing /home/airflow/.local/lib/python3.12/site-packages/airflow/example_dags/example_bash_operator.py took 0.127 seconds
[2024-05-26T11:26:06.240+0000] {processor.py:161} INFO - Started process (PID=4035) to work on /home/airflow/.local/lib/python3.12/site-packages/airflow/example_dags/example_bash_operator.py
[2024-05-26T11:26:06.241+0000] {processor.py:830} INFO - Processing file /home/airflow/.local/lib/python3.12/site-packages/airflow/example_dags/example_bash_operator.py for tasks to queue
[2024-05-26T11:26:06.243+0000] {logging_mixin.py:188} INFO - [2024-05-26T11:26:06.243+0000] {dagbag.py:545} INFO - Filling up the DagBag from /home/airflow/.local/lib/python3.12/site-packages/airflow/example_dags/example_bash_operator.py
[2024-05-26T11:26:06.253+0000] {processor.py:840} INFO - DAG(s) 'example_bash_operator' retrieved from /home/airflow/.local/lib/python3.12/site-packages/airflow/example_dags/example_bash_operator.py
[2024-05-26T11:26:06.278+0000] {logging_mixin.py:188} INFO - [2024-05-26T11:26:06.278+0000] {dag.py:3096} INFO - Sync 1 DAGs
[2024-05-26T11:26:06.303+0000] {logging_mixin.py:188} INFO - [2024-05-26T11:26:06.303+0000] {dag.py:3954} INFO - Setting next_dagrun for example_bash_operator to 2024-05-25 00:00:00+00:00, run_after=2024-05-26 00:00:00+00:00
[2024-05-26T11:26:06.321+0000] {processor.py:183} INFO - Processing /home/airflow/.local/lib/python3.12/site-packages/airflow/example_dags/example_bash_operator.py took 0.087 seconds
[2024-05-26T11:26:36.390+0000] {processor.py:161} INFO - Started process (PID=4301) to work on /home/airflow/.local/lib/python3.12/site-packages/airflow/example_dags/example_bash_operator.py
[2024-05-26T11:26:36.392+0000] {processor.py:830} INFO - Processing file /home/airflow/.local/lib/python3.12/site-packages/airflow/example_dags/example_bash_operator.py for tasks to queue
[2024-05-26T11:26:36.394+0000] {logging_mixin.py:188} INFO - [2024-05-26T11:26:36.394+0000] {dagbag.py:545} INFO - Filling up the DagBag from /home/airflow/.local/lib/python3.12/site-packages/airflow/example_dags/example_bash_operator.py
[2024-05-26T11:26:36.405+0000] {processor.py:840} INFO - DAG(s) 'example_bash_operator' retrieved from /home/airflow/.local/lib/python3.12/site-packages/airflow/example_dags/example_bash_operator.py
[2024-05-26T11:26:36.433+0000] {logging_mixin.py:188} INFO - [2024-05-26T11:26:36.433+0000] {dag.py:3096} INFO - Sync 1 DAGs
[2024-05-26T11:26:36.457+0000] {logging_mixin.py:188} INFO - [2024-05-26T11:26:36.457+0000] {dag.py:3954} INFO - Setting next_dagrun for example_bash_operator to 2024-05-25 00:00:00+00:00, run_after=2024-05-26 00:00:00+00:00
[2024-05-26T11:26:36.479+0000] {processor.py:183} INFO - Processing /home/airflow/.local/lib/python3.12/site-packages/airflow/example_dags/example_bash_operator.py took 0.094 seconds
[2024-05-26T11:27:07.090+0000] {processor.py:161} INFO - Started process (PID=4569) to work on /home/airflow/.local/lib/python3.12/site-packages/airflow/example_dags/example_bash_operator.py
[2024-05-26T11:27:07.094+0000] {processor.py:830} INFO - Processing file /home/airflow/.local/lib/python3.12/site-packages/airflow/example_dags/example_bash_operator.py for tasks to queue
[2024-05-26T11:27:07.100+0000] {logging_mixin.py:188} INFO - [2024-05-26T11:27:07.099+0000] {dagbag.py:545} INFO - Filling up the DagBag from /home/airflow/.local/lib/python3.12/site-packages/airflow/example_dags/example_bash_operator.py
[2024-05-26T11:27:07.137+0000] {processor.py:840} INFO - DAG(s) 'example_bash_operator' retrieved from /home/airflow/.local/lib/python3.12/site-packages/airflow/example_dags/example_bash_operator.py
[2024-05-26T11:27:07.240+0000] {logging_mixin.py:188} INFO - [2024-05-26T11:27:07.239+0000] {dag.py:3096} INFO - Sync 1 DAGs
[2024-05-26T11:27:07.301+0000] {logging_mixin.py:188} INFO - [2024-05-26T11:27:07.301+0000] {dag.py:3954} INFO - Setting next_dagrun for example_bash_operator to 2024-05-25 00:00:00+00:00, run_after=2024-05-26 00:00:00+00:00
[2024-05-26T11:27:07.358+0000] {processor.py:183} INFO - Processing /home/airflow/.local/lib/python3.12/site-packages/airflow/example_dags/example_bash_operator.py took 0.283 seconds
[2024-05-26T11:27:37.571+0000] {processor.py:161} INFO - Started process (PID=4839) to work on /home/airflow/.local/lib/python3.12/site-packages/airflow/example_dags/example_bash_operator.py
[2024-05-26T11:27:37.572+0000] {processor.py:830} INFO - Processing file /home/airflow/.local/lib/python3.12/site-packages/airflow/example_dags/example_bash_operator.py for tasks to queue
[2024-05-26T11:27:37.574+0000] {logging_mixin.py:188} INFO - [2024-05-26T11:27:37.574+0000] {dagbag.py:545} INFO - Filling up the DagBag from /home/airflow/.local/lib/python3.12/site-packages/airflow/example_dags/example_bash_operator.py
[2024-05-26T11:27:37.586+0000] {processor.py:840} INFO - DAG(s) 'example_bash_operator' retrieved from /home/airflow/.local/lib/python3.12/site-packages/airflow/example_dags/example_bash_operator.py
[2024-05-26T11:27:37.612+0000] {logging_mixin.py:188} INFO - [2024-05-26T11:27:37.612+0000] {dag.py:3096} INFO - Sync 1 DAGs
[2024-05-26T11:27:37.636+0000] {logging_mixin.py:188} INFO - [2024-05-26T11:27:37.636+0000] {dag.py:3954} INFO - Setting next_dagrun for example_bash_operator to 2024-05-25 00:00:00+00:00, run_after=2024-05-26 00:00:00+00:00
[2024-05-26T11:27:37.657+0000] {processor.py:183} INFO - Processing /home/airflow/.local/lib/python3.12/site-packages/airflow/example_dags/example_bash_operator.py took 0.093 seconds
[2024-05-26T11:28:07.779+0000] {processor.py:161} INFO - Started process (PID=5105) to work on /home/airflow/.local/lib/python3.12/site-packages/airflow/example_dags/example_bash_operator.py
[2024-05-26T11:28:07.781+0000] {processor.py:830} INFO - Processing file /home/airflow/.local/lib/python3.12/site-packages/airflow/example_dags/example_bash_operator.py for tasks to queue
[2024-05-26T11:28:07.783+0000] {logging_mixin.py:188} INFO - [2024-05-26T11:28:07.783+0000] {dagbag.py:545} INFO - Filling up the DagBag from /home/airflow/.local/lib/python3.12/site-packages/airflow/example_dags/example_bash_operator.py
[2024-05-26T11:28:07.796+0000] {processor.py:840} INFO - DAG(s) 'example_bash_operator' retrieved from /home/airflow/.local/lib/python3.12/site-packages/airflow/example_dags/example_bash_operator.py
[2024-05-26T11:28:07.827+0000] {logging_mixin.py:188} INFO - [2024-05-26T11:28:07.827+0000] {dag.py:3096} INFO - Sync 1 DAGs
[2024-05-26T11:28:07.857+0000] {logging_mixin.py:188} INFO - [2024-05-26T11:28:07.857+0000] {dag.py:3954} INFO - Setting next_dagrun for example_bash_operator to 2024-05-25 00:00:00+00:00, run_after=2024-05-26 00:00:00+00:00
[2024-05-26T11:28:07.882+0000] {processor.py:183} INFO - Processing /home/airflow/.local/lib/python3.12/site-packages/airflow/example_dags/example_bash_operator.py took 0.110 seconds
[2024-05-26T11:28:38.172+0000] {processor.py:161} INFO - Started process (PID=5375) to work on /home/airflow/.local/lib/python3.12/site-packages/airflow/example_dags/example_bash_operator.py
[2024-05-26T11:28:38.173+0000] {processor.py:830} INFO - Processing file /home/airflow/.local/lib/python3.12/site-packages/airflow/example_dags/example_bash_operator.py for tasks to queue
[2024-05-26T11:28:38.175+0000] {logging_mixin.py:188} INFO - [2024-05-26T11:28:38.175+0000] {dagbag.py:545} INFO - Filling up the DagBag from /home/airflow/.local/lib/python3.12/site-packages/airflow/example_dags/example_bash_operator.py
[2024-05-26T11:28:38.189+0000] {processor.py:840} INFO - DAG(s) 'example_bash_operator' retrieved from /home/airflow/.local/lib/python3.12/site-packages/airflow/example_dags/example_bash_operator.py
[2024-05-26T11:28:38.217+0000] {logging_mixin.py:188} INFO - [2024-05-26T11:28:38.217+0000] {dag.py:3096} INFO - Sync 1 DAGs
[2024-05-26T11:28:38.245+0000] {logging_mixin.py:188} INFO - [2024-05-26T11:28:38.245+0000] {dag.py:3954} INFO - Setting next_dagrun for example_bash_operator to 2024-05-25 00:00:00+00:00, run_after=2024-05-26 00:00:00+00:00
[2024-05-26T11:28:38.271+0000] {processor.py:183} INFO - Processing /home/airflow/.local/lib/python3.12/site-packages/airflow/example_dags/example_bash_operator.py took 0.106 seconds
[2024-05-26T11:29:08.396+0000] {processor.py:161} INFO - Started process (PID=5643) to work on /home/airflow/.local/lib/python3.12/site-packages/airflow/example_dags/example_bash_operator.py
[2024-05-26T11:29:08.398+0000] {processor.py:830} INFO - Processing file /home/airflow/.local/lib/python3.12/site-packages/airflow/example_dags/example_bash_operator.py for tasks to queue
[2024-05-26T11:29:08.400+0000] {logging_mixin.py:188} INFO - [2024-05-26T11:29:08.400+0000] {dagbag.py:545} INFO - Filling up the DagBag from /home/airflow/.local/lib/python3.12/site-packages/airflow/example_dags/example_bash_operator.py
[2024-05-26T11:29:08.413+0000] {processor.py:840} INFO - DAG(s) 'example_bash_operator' retrieved from /home/airflow/.local/lib/python3.12/site-packages/airflow/example_dags/example_bash_operator.py
[2024-05-26T11:29:08.443+0000] {logging_mixin.py:188} INFO - [2024-05-26T11:29:08.442+0000] {dag.py:3096} INFO - Sync 1 DAGs
[2024-05-26T11:29:08.468+0000] {logging_mixin.py:188} INFO - [2024-05-26T11:29:08.468+0000] {dag.py:3954} INFO - Setting next_dagrun for example_bash_operator to 2024-05-25 00:00:00+00:00, run_after=2024-05-26 00:00:00+00:00
[2024-05-26T11:29:08.493+0000] {processor.py:183} INFO - Processing /home/airflow/.local/lib/python3.12/site-packages/airflow/example_dags/example_bash_operator.py took 0.103 seconds
[2024-05-26T11:29:38.965+0000] {processor.py:161} INFO - Started process (PID=5911) to work on /home/airflow/.local/lib/python3.12/site-packages/airflow/example_dags/example_bash_operator.py
[2024-05-26T11:29:38.966+0000] {processor.py:830} INFO - Processing file /home/airflow/.local/lib/python3.12/site-packages/airflow/example_dags/example_bash_operator.py for tasks to queue
[2024-05-26T11:29:38.968+0000] {logging_mixin.py:188} INFO - [2024-05-26T11:29:38.968+0000] {dagbag.py:545} INFO - Filling up the DagBag from /home/airflow/.local/lib/python3.12/site-packages/airflow/example_dags/example_bash_operator.py
[2024-05-26T11:29:38.981+0000] {processor.py:840} INFO - DAG(s) 'example_bash_operator' retrieved from /home/airflow/.local/lib/python3.12/site-packages/airflow/example_dags/example_bash_operator.py
[2024-05-26T11:29:39.008+0000] {logging_mixin.py:188} INFO - [2024-05-26T11:29:39.008+0000] {dag.py:3096} INFO - Sync 1 DAGs
[2024-05-26T11:29:39.033+0000] {logging_mixin.py:188} INFO - [2024-05-26T11:29:39.033+0000] {dag.py:3954} INFO - Setting next_dagrun for example_bash_operator to 2024-05-25 00:00:00+00:00, run_after=2024-05-26 00:00:00+00:00
[2024-05-26T11:29:39.055+0000] {processor.py:183} INFO - Processing /home/airflow/.local/lib/python3.12/site-packages/airflow/example_dags/example_bash_operator.py took 0.097 seconds
[2024-05-26T11:30:09.947+0000] {processor.py:161} INFO - Started process (PID=6177) to work on /home/airflow/.local/lib/python3.12/site-packages/airflow/example_dags/example_bash_operator.py
[2024-05-26T11:30:09.949+0000] {processor.py:830} INFO - Processing file /home/airflow/.local/lib/python3.12/site-packages/airflow/example_dags/example_bash_operator.py for tasks to queue
[2024-05-26T11:30:09.952+0000] {logging_mixin.py:188} INFO - [2024-05-26T11:30:09.951+0000] {dagbag.py:545} INFO - Filling up the DagBag from /home/airflow/.local/lib/python3.12/site-packages/airflow/example_dags/example_bash_operator.py
[2024-05-26T11:30:09.967+0000] {processor.py:840} INFO - DAG(s) 'example_bash_operator' retrieved from /home/airflow/.local/lib/python3.12/site-packages/airflow/example_dags/example_bash_operator.py
[2024-05-26T11:30:10.007+0000] {logging_mixin.py:188} INFO - [2024-05-26T11:30:10.006+0000] {dag.py:3096} INFO - Sync 1 DAGs
[2024-05-26T11:30:10.047+0000] {logging_mixin.py:188} INFO - [2024-05-26T11:30:10.047+0000] {dag.py:3954} INFO - Setting next_dagrun for example_bash_operator to 2024-05-25 00:00:00+00:00, run_after=2024-05-26 00:00:00+00:00
[2024-05-26T11:30:10.081+0000] {processor.py:183} INFO - Processing /home/airflow/.local/lib/python3.12/site-packages/airflow/example_dags/example_bash_operator.py took 0.142 seconds
[2024-05-26T11:30:41.360+0000] {processor.py:161} INFO - Started process (PID=6445) to work on /home/airflow/.local/lib/python3.12/site-packages/airflow/example_dags/example_bash_operator.py
[2024-05-26T11:30:41.361+0000] {processor.py:830} INFO - Processing file /home/airflow/.local/lib/python3.12/site-packages/airflow/example_dags/example_bash_operator.py for tasks to queue
[2024-05-26T11:30:41.364+0000] {logging_mixin.py:188} INFO - [2024-05-26T11:30:41.363+0000] {dagbag.py:545} INFO - Filling up the DagBag from /home/airflow/.local/lib/python3.12/site-packages/airflow/example_dags/example_bash_operator.py
[2024-05-26T11:30:41.376+0000] {processor.py:840} INFO - DAG(s) 'example_bash_operator' retrieved from /home/airflow/.local/lib/python3.12/site-packages/airflow/example_dags/example_bash_operator.py
[2024-05-26T11:30:41.410+0000] {logging_mixin.py:188} INFO - [2024-05-26T11:30:41.409+0000] {dag.py:3096} INFO - Sync 1 DAGs
[2024-05-26T11:30:41.577+0000] {logging_mixin.py:188} INFO - [2024-05-26T11:30:41.577+0000] {dag.py:3954} INFO - Setting next_dagrun for example_bash_operator to 2024-05-25 00:00:00+00:00, run_after=2024-05-26 00:00:00+00:00
[2024-05-26T11:30:41.602+0000] {processor.py:183} INFO - Processing /home/airflow/.local/lib/python3.12/site-packages/airflow/example_dags/example_bash_operator.py took 0.248 seconds
[2024-05-26T11:31:11.756+0000] {processor.py:161} INFO - Started process (PID=6715) to work on /home/airflow/.local/lib/python3.12/site-packages/airflow/example_dags/example_bash_operator.py
[2024-05-26T11:31:11.757+0000] {processor.py:830} INFO - Processing file /home/airflow/.local/lib/python3.12/site-packages/airflow/example_dags/example_bash_operator.py for tasks to queue
[2024-05-26T11:31:11.759+0000] {logging_mixin.py:188} INFO - [2024-05-26T11:31:11.759+0000] {dagbag.py:545} INFO - Filling up the DagBag from /home/airflow/.local/lib/python3.12/site-packages/airflow/example_dags/example_bash_operator.py
[2024-05-26T11:31:11.769+0000] {processor.py:840} INFO - DAG(s) 'example_bash_operator' retrieved from /home/airflow/.local/lib/python3.12/site-packages/airflow/example_dags/example_bash_operator.py
[2024-05-26T11:31:11.797+0000] {logging_mixin.py:188} INFO - [2024-05-26T11:31:11.797+0000] {dag.py:3096} INFO - Sync 1 DAGs
[2024-05-26T11:31:11.820+0000] {logging_mixin.py:188} INFO - [2024-05-26T11:31:11.820+0000] {dag.py:3954} INFO - Setting next_dagrun for example_bash_operator to 2024-05-25 00:00:00+00:00, run_after=2024-05-26 00:00:00+00:00
[2024-05-26T11:31:11.838+0000] {processor.py:183} INFO - Processing /home/airflow/.local/lib/python3.12/site-packages/airflow/example_dags/example_bash_operator.py took 0.086 seconds
[2024-05-26T11:31:43.403+0000] {processor.py:161} INFO - Started process (PID=6981) to work on /home/airflow/.local/lib/python3.12/site-packages/airflow/example_dags/example_bash_operator.py
[2024-05-26T11:31:43.404+0000] {processor.py:830} INFO - Processing file /home/airflow/.local/lib/python3.12/site-packages/airflow/example_dags/example_bash_operator.py for tasks to queue
[2024-05-26T11:31:43.406+0000] {logging_mixin.py:188} INFO - [2024-05-26T11:31:43.406+0000] {dagbag.py:545} INFO - Filling up the DagBag from /home/airflow/.local/lib/python3.12/site-packages/airflow/example_dags/example_bash_operator.py
[2024-05-26T11:31:43.419+0000] {processor.py:840} INFO - DAG(s) 'example_bash_operator' retrieved from /home/airflow/.local/lib/python3.12/site-packages/airflow/example_dags/example_bash_operator.py
[2024-05-26T11:31:43.469+0000] {logging_mixin.py:188} INFO - [2024-05-26T11:31:43.468+0000] {dag.py:3096} INFO - Sync 1 DAGs
[2024-05-26T11:31:43.507+0000] {logging_mixin.py:188} INFO - [2024-05-26T11:31:43.507+0000] {dag.py:3954} INFO - Setting next_dagrun for example_bash_operator to 2024-05-25 00:00:00+00:00, run_after=2024-05-26 00:00:00+00:00
[2024-05-26T11:31:43.537+0000] {processor.py:183} INFO - Processing /home/airflow/.local/lib/python3.12/site-packages/airflow/example_dags/example_bash_operator.py took 0.141 seconds
[2024-05-26T11:32:14.115+0000] {processor.py:161} INFO - Started process (PID=7251) to work on /home/airflow/.local/lib/python3.12/site-packages/airflow/example_dags/example_bash_operator.py
[2024-05-26T11:32:14.116+0000] {processor.py:830} INFO - Processing file /home/airflow/.local/lib/python3.12/site-packages/airflow/example_dags/example_bash_operator.py for tasks to queue
[2024-05-26T11:32:14.119+0000] {logging_mixin.py:188} INFO - [2024-05-26T11:32:14.118+0000] {dagbag.py:545} INFO - Filling up the DagBag from /home/airflow/.local/lib/python3.12/site-packages/airflow/example_dags/example_bash_operator.py
[2024-05-26T11:32:14.132+0000] {processor.py:840} INFO - DAG(s) 'example_bash_operator' retrieved from /home/airflow/.local/lib/python3.12/site-packages/airflow/example_dags/example_bash_operator.py
[2024-05-26T11:32:14.180+0000] {logging_mixin.py:188} INFO - [2024-05-26T11:32:14.180+0000] {dag.py:3096} INFO - Sync 1 DAGs
[2024-05-26T11:32:14.236+0000] {logging_mixin.py:188} INFO - [2024-05-26T11:32:14.236+0000] {dag.py:3954} INFO - Setting next_dagrun for example_bash_operator to 2024-05-25 00:00:00+00:00, run_after=2024-05-26 00:00:00+00:00
[2024-05-26T11:32:14.291+0000] {processor.py:183} INFO - Processing /home/airflow/.local/lib/python3.12/site-packages/airflow/example_dags/example_bash_operator.py took 0.183 seconds
[2024-05-26T11:32:45.128+0000] {processor.py:161} INFO - Started process (PID=7519) to work on /home/airflow/.local/lib/python3.12/site-packages/airflow/example_dags/example_bash_operator.py
[2024-05-26T11:32:45.130+0000] {processor.py:830} INFO - Processing file /home/airflow/.local/lib/python3.12/site-packages/airflow/example_dags/example_bash_operator.py for tasks to queue
[2024-05-26T11:32:45.131+0000] {logging_mixin.py:188} INFO - [2024-05-26T11:32:45.131+0000] {dagbag.py:545} INFO - Filling up the DagBag from /home/airflow/.local/lib/python3.12/site-packages/airflow/example_dags/example_bash_operator.py
[2024-05-26T11:32:45.141+0000] {processor.py:840} INFO - DAG(s) 'example_bash_operator' retrieved from /home/airflow/.local/lib/python3.12/site-packages/airflow/example_dags/example_bash_operator.py
[2024-05-26T11:32:45.178+0000] {logging_mixin.py:188} INFO - [2024-05-26T11:32:45.178+0000] {dag.py:3096} INFO - Sync 1 DAGs
[2024-05-26T11:32:45.199+0000] {logging_mixin.py:188} INFO - [2024-05-26T11:32:45.198+0000] {dag.py:3954} INFO - Setting next_dagrun for example_bash_operator to 2024-05-25 00:00:00+00:00, run_after=2024-05-26 00:00:00+00:00
[2024-05-26T11:32:45.217+0000] {processor.py:183} INFO - Processing /home/airflow/.local/lib/python3.12/site-packages/airflow/example_dags/example_bash_operator.py took 0.093 seconds
[2024-05-26T11:33:15.478+0000] {processor.py:161} INFO - Started process (PID=7787) to work on /home/airflow/.local/lib/python3.12/site-packages/airflow/example_dags/example_bash_operator.py
[2024-05-26T11:33:15.480+0000] {processor.py:830} INFO - Processing file /home/airflow/.local/lib/python3.12/site-packages/airflow/example_dags/example_bash_operator.py for tasks to queue
[2024-05-26T11:33:15.481+0000] {logging_mixin.py:188} INFO - [2024-05-26T11:33:15.481+0000] {dagbag.py:545} INFO - Filling up the DagBag from /home/airflow/.local/lib/python3.12/site-packages/airflow/example_dags/example_bash_operator.py
[2024-05-26T11:33:15.491+0000] {processor.py:840} INFO - DAG(s) 'example_bash_operator' retrieved from /home/airflow/.local/lib/python3.12/site-packages/airflow/example_dags/example_bash_operator.py
[2024-05-26T11:33:15.516+0000] {logging_mixin.py:188} INFO - [2024-05-26T11:33:15.516+0000] {dag.py:3096} INFO - Sync 1 DAGs
[2024-05-26T11:33:15.555+0000] {logging_mixin.py:188} INFO - [2024-05-26T11:33:15.555+0000] {dag.py:3954} INFO - Setting next_dagrun for example_bash_operator to 2024-05-25 00:00:00+00:00, run_after=2024-05-26 00:00:00+00:00
[2024-05-26T11:33:15.582+0000] {processor.py:183} INFO - Processing /home/airflow/.local/lib/python3.12/site-packages/airflow/example_dags/example_bash_operator.py took 0.109 seconds
[2024-05-26T11:33:45.799+0000] {processor.py:161} INFO - Started process (PID=8055) to work on /home/airflow/.local/lib/python3.12/site-packages/airflow/example_dags/example_bash_operator.py
[2024-05-26T11:33:45.801+0000] {processor.py:830} INFO - Processing file /home/airflow/.local/lib/python3.12/site-packages/airflow/example_dags/example_bash_operator.py for tasks to queue
[2024-05-26T11:33:45.804+0000] {logging_mixin.py:188} INFO - [2024-05-26T11:33:45.803+0000] {dagbag.py:545} INFO - Filling up the DagBag from /home/airflow/.local/lib/python3.12/site-packages/airflow/example_dags/example_bash_operator.py
[2024-05-26T11:33:45.823+0000] {processor.py:840} INFO - DAG(s) 'example_bash_operator' retrieved from /home/airflow/.local/lib/python3.12/site-packages/airflow/example_dags/example_bash_operator.py
[2024-05-26T11:33:45.853+0000] {logging_mixin.py:188} INFO - [2024-05-26T11:33:45.853+0000] {dag.py:3096} INFO - Sync 1 DAGs
[2024-05-26T11:33:45.884+0000] {logging_mixin.py:188} INFO - [2024-05-26T11:33:45.883+0000] {dag.py:3954} INFO - Setting next_dagrun for example_bash_operator to 2024-05-25 00:00:00+00:00, run_after=2024-05-26 00:00:00+00:00
[2024-05-26T11:33:45.909+0000] {processor.py:183} INFO - Processing /home/airflow/.local/lib/python3.12/site-packages/airflow/example_dags/example_bash_operator.py took 0.118 seconds
[2024-05-26T11:34:16.159+0000] {processor.py:161} INFO - Started process (PID=8323) to work on /home/airflow/.local/lib/python3.12/site-packages/airflow/example_dags/example_bash_operator.py
[2024-05-26T11:34:16.160+0000] {processor.py:830} INFO - Processing file /home/airflow/.local/lib/python3.12/site-packages/airflow/example_dags/example_bash_operator.py for tasks to queue
[2024-05-26T11:34:16.162+0000] {logging_mixin.py:188} INFO - [2024-05-26T11:34:16.162+0000] {dagbag.py:545} INFO - Filling up the DagBag from /home/airflow/.local/lib/python3.12/site-packages/airflow/example_dags/example_bash_operator.py
[2024-05-26T11:34:16.173+0000] {processor.py:840} INFO - DAG(s) 'example_bash_operator' retrieved from /home/airflow/.local/lib/python3.12/site-packages/airflow/example_dags/example_bash_operator.py
[2024-05-26T11:34:16.203+0000] {logging_mixin.py:188} INFO - [2024-05-26T11:34:16.202+0000] {dag.py:3096} INFO - Sync 1 DAGs
[2024-05-26T11:34:16.228+0000] {logging_mixin.py:188} INFO - [2024-05-26T11:34:16.227+0000] {dag.py:3954} INFO - Setting next_dagrun for example_bash_operator to 2024-05-25 00:00:00+00:00, run_after=2024-05-26 00:00:00+00:00
[2024-05-26T11:34:16.251+0000] {processor.py:183} INFO - Processing /home/airflow/.local/lib/python3.12/site-packages/airflow/example_dags/example_bash_operator.py took 0.098 seconds
