[2024-05-26T11:18:58.865+0000] {processor.py:161} INFO - Started process (PID=391) to work on /home/airflow/.local/lib/python3.12/site-packages/airflow/example_dags/example_latest_only_with_trigger.py
[2024-05-26T11:18:58.866+0000] {processor.py:830} INFO - Processing file /home/airflow/.local/lib/python3.12/site-packages/airflow/example_dags/example_latest_only_with_trigger.py for tasks to queue
[2024-05-26T11:18:58.868+0000] {logging_mixin.py:188} INFO - [2024-05-26T11:18:58.868+0000] {dagbag.py:545} INFO - Filling up the DagBag from /home/airflow/.local/lib/python3.12/site-packages/airflow/example_dags/example_latest_only_with_trigger.py
[2024-05-26T11:18:58.874+0000] {processor.py:840} INFO - DAG(s) 'latest_only_with_trigger' retrieved from /home/airflow/.local/lib/python3.12/site-packages/airflow/example_dags/example_latest_only_with_trigger.py
[2024-05-26T11:18:58.900+0000] {logging_mixin.py:188} INFO - [2024-05-26T11:18:58.900+0000] {dag.py:3096} INFO - Sync 1 DAGs
[2024-05-26T11:18:58.929+0000] {logging_mixin.py:188} INFO - [2024-05-26T11:18:58.929+0000] {dag.py:3954} INFO - Setting next_dagrun for latest_only_with_trigger to 2024-05-26 04:00:00+00:00, run_after=2024-05-26 08:00:00+00:00
[2024-05-26T11:18:58.959+0000] {processor.py:183} INFO - Processing /home/airflow/.local/lib/python3.12/site-packages/airflow/example_dags/example_latest_only_with_trigger.py took 0.100 seconds
[2024-05-26T11:19:29.687+0000] {processor.py:161} INFO - Started process (PID=659) to work on /home/airflow/.local/lib/python3.12/site-packages/airflow/example_dags/example_latest_only_with_trigger.py
[2024-05-26T11:19:29.689+0000] {processor.py:830} INFO - Processing file /home/airflow/.local/lib/python3.12/site-packages/airflow/example_dags/example_latest_only_with_trigger.py for tasks to queue
[2024-05-26T11:19:29.690+0000] {logging_mixin.py:188} INFO - [2024-05-26T11:19:29.690+0000] {dagbag.py:545} INFO - Filling up the DagBag from /home/airflow/.local/lib/python3.12/site-packages/airflow/example_dags/example_latest_only_with_trigger.py
[2024-05-26T11:19:29.696+0000] {processor.py:840} INFO - DAG(s) 'latest_only_with_trigger' retrieved from /home/airflow/.local/lib/python3.12/site-packages/airflow/example_dags/example_latest_only_with_trigger.py
[2024-05-26T11:19:29.730+0000] {logging_mixin.py:188} INFO - [2024-05-26T11:19:29.730+0000] {dag.py:3096} INFO - Sync 1 DAGs
[2024-05-26T11:19:29.778+0000] {logging_mixin.py:188} INFO - [2024-05-26T11:19:29.778+0000] {dag.py:3954} INFO - Setting next_dagrun for latest_only_with_trigger to 2024-05-26 04:00:00+00:00, run_after=2024-05-26 08:00:00+00:00
[2024-05-26T11:19:29.804+0000] {processor.py:183} INFO - Processing /home/airflow/.local/lib/python3.12/site-packages/airflow/example_dags/example_latest_only_with_trigger.py took 0.125 seconds
[2024-05-26T11:19:59.911+0000] {processor.py:161} INFO - Started process (PID=927) to work on /home/airflow/.local/lib/python3.12/site-packages/airflow/example_dags/example_latest_only_with_trigger.py
[2024-05-26T11:19:59.912+0000] {processor.py:830} INFO - Processing file /home/airflow/.local/lib/python3.12/site-packages/airflow/example_dags/example_latest_only_with_trigger.py for tasks to queue
[2024-05-26T11:19:59.915+0000] {logging_mixin.py:188} INFO - [2024-05-26T11:19:59.914+0000] {dagbag.py:545} INFO - Filling up the DagBag from /home/airflow/.local/lib/python3.12/site-packages/airflow/example_dags/example_latest_only_with_trigger.py
[2024-05-26T11:19:59.921+0000] {processor.py:840} INFO - DAG(s) 'latest_only_with_trigger' retrieved from /home/airflow/.local/lib/python3.12/site-packages/airflow/example_dags/example_latest_only_with_trigger.py
[2024-05-26T11:19:59.933+0000] {logging_mixin.py:188} INFO - [2024-05-26T11:19:59.933+0000] {dag.py:3096} INFO - Sync 1 DAGs
[2024-05-26T11:19:59.966+0000] {logging_mixin.py:188} INFO - [2024-05-26T11:19:59.966+0000] {dag.py:3954} INFO - Setting next_dagrun for latest_only_with_trigger to 2024-05-26 04:00:00+00:00, run_after=2024-05-26 08:00:00+00:00
[2024-05-26T11:19:59.990+0000] {processor.py:183} INFO - Processing /home/airflow/.local/lib/python3.12/site-packages/airflow/example_dags/example_latest_only_with_trigger.py took 0.085 seconds
[2024-05-26T11:20:31.445+0000] {processor.py:161} INFO - Started process (PID=1195) to work on /home/airflow/.local/lib/python3.12/site-packages/airflow/example_dags/example_latest_only_with_trigger.py
[2024-05-26T11:20:31.447+0000] {processor.py:830} INFO - Processing file /home/airflow/.local/lib/python3.12/site-packages/airflow/example_dags/example_latest_only_with_trigger.py for tasks to queue
[2024-05-26T11:20:31.449+0000] {logging_mixin.py:188} INFO - [2024-05-26T11:20:31.449+0000] {dagbag.py:545} INFO - Filling up the DagBag from /home/airflow/.local/lib/python3.12/site-packages/airflow/example_dags/example_latest_only_with_trigger.py
[2024-05-26T11:20:31.454+0000] {processor.py:840} INFO - DAG(s) 'latest_only_with_trigger' retrieved from /home/airflow/.local/lib/python3.12/site-packages/airflow/example_dags/example_latest_only_with_trigger.py
[2024-05-26T11:20:31.558+0000] {logging_mixin.py:188} INFO - [2024-05-26T11:20:31.557+0000] {dag.py:3096} INFO - Sync 1 DAGs
[2024-05-26T11:20:31.574+0000] {logging_mixin.py:188} INFO - [2024-05-26T11:20:31.574+0000] {dag.py:3954} INFO - Setting next_dagrun for latest_only_with_trigger to 2024-05-26 04:00:00+00:00, run_after=2024-05-26 08:00:00+00:00
[2024-05-26T11:20:31.594+0000] {processor.py:183} INFO - Processing /home/airflow/.local/lib/python3.12/site-packages/airflow/example_dags/example_latest_only_with_trigger.py took 0.154 seconds
[2024-05-26T11:21:02.686+0000] {processor.py:161} INFO - Started process (PID=1463) to work on /home/airflow/.local/lib/python3.12/site-packages/airflow/example_dags/example_latest_only_with_trigger.py
[2024-05-26T11:21:02.687+0000] {processor.py:830} INFO - Processing file /home/airflow/.local/lib/python3.12/site-packages/airflow/example_dags/example_latest_only_with_trigger.py for tasks to queue
[2024-05-26T11:21:02.690+0000] {logging_mixin.py:188} INFO - [2024-05-26T11:21:02.689+0000] {dagbag.py:545} INFO - Filling up the DagBag from /home/airflow/.local/lib/python3.12/site-packages/airflow/example_dags/example_latest_only_with_trigger.py
[2024-05-26T11:21:02.698+0000] {processor.py:840} INFO - DAG(s) 'latest_only_with_trigger' retrieved from /home/airflow/.local/lib/python3.12/site-packages/airflow/example_dags/example_latest_only_with_trigger.py
[2024-05-26T11:21:02.729+0000] {logging_mixin.py:188} INFO - [2024-05-26T11:21:02.729+0000] {dag.py:3096} INFO - Sync 1 DAGs
[2024-05-26T11:21:02.764+0000] {logging_mixin.py:188} INFO - [2024-05-26T11:21:02.764+0000] {dag.py:3954} INFO - Setting next_dagrun for latest_only_with_trigger to 2024-05-26 04:00:00+00:00, run_after=2024-05-26 08:00:00+00:00
[2024-05-26T11:21:02.793+0000] {processor.py:183} INFO - Processing /home/airflow/.local/lib/python3.12/site-packages/airflow/example_dags/example_latest_only_with_trigger.py took 0.114 seconds
[2024-05-26T11:21:33.433+0000] {processor.py:161} INFO - Started process (PID=1737) to work on /home/airflow/.local/lib/python3.12/site-packages/airflow/example_dags/example_latest_only_with_trigger.py
[2024-05-26T11:21:33.434+0000] {processor.py:830} INFO - Processing file /home/airflow/.local/lib/python3.12/site-packages/airflow/example_dags/example_latest_only_with_trigger.py for tasks to queue
[2024-05-26T11:21:33.436+0000] {logging_mixin.py:188} INFO - [2024-05-26T11:21:33.436+0000] {dagbag.py:545} INFO - Filling up the DagBag from /home/airflow/.local/lib/python3.12/site-packages/airflow/example_dags/example_latest_only_with_trigger.py
[2024-05-26T11:21:33.442+0000] {processor.py:840} INFO - DAG(s) 'latest_only_with_trigger' retrieved from /home/airflow/.local/lib/python3.12/site-packages/airflow/example_dags/example_latest_only_with_trigger.py
[2024-05-26T11:21:33.463+0000] {logging_mixin.py:188} INFO - [2024-05-26T11:21:33.463+0000] {dag.py:3096} INFO - Sync 1 DAGs
[2024-05-26T11:21:33.488+0000] {logging_mixin.py:188} INFO - [2024-05-26T11:21:33.488+0000] {dag.py:3954} INFO - Setting next_dagrun for latest_only_with_trigger to 2024-05-26 04:00:00+00:00, run_after=2024-05-26 08:00:00+00:00
[2024-05-26T11:21:33.516+0000] {processor.py:183} INFO - Processing /home/airflow/.local/lib/python3.12/site-packages/airflow/example_dags/example_latest_only_with_trigger.py took 0.090 seconds
[2024-05-26T11:22:03.873+0000] {processor.py:161} INFO - Started process (PID=2005) to work on /home/airflow/.local/lib/python3.12/site-packages/airflow/example_dags/example_latest_only_with_trigger.py
[2024-05-26T11:22:03.875+0000] {processor.py:830} INFO - Processing file /home/airflow/.local/lib/python3.12/site-packages/airflow/example_dags/example_latest_only_with_trigger.py for tasks to queue
[2024-05-26T11:22:03.877+0000] {logging_mixin.py:188} INFO - [2024-05-26T11:22:03.876+0000] {dagbag.py:545} INFO - Filling up the DagBag from /home/airflow/.local/lib/python3.12/site-packages/airflow/example_dags/example_latest_only_with_trigger.py
[2024-05-26T11:22:03.889+0000] {processor.py:840} INFO - DAG(s) 'latest_only_with_trigger' retrieved from /home/airflow/.local/lib/python3.12/site-packages/airflow/example_dags/example_latest_only_with_trigger.py
[2024-05-26T11:22:03.918+0000] {logging_mixin.py:188} INFO - [2024-05-26T11:22:03.917+0000] {dag.py:3096} INFO - Sync 1 DAGs
[2024-05-26T11:22:03.942+0000] {logging_mixin.py:188} INFO - [2024-05-26T11:22:03.942+0000] {dag.py:3954} INFO - Setting next_dagrun for latest_only_with_trigger to 2024-05-26 04:00:00+00:00, run_after=2024-05-26 08:00:00+00:00
[2024-05-26T11:22:03.966+0000] {processor.py:183} INFO - Processing /home/airflow/.local/lib/python3.12/site-packages/airflow/example_dags/example_latest_only_with_trigger.py took 0.114 seconds
[2024-05-26T11:22:34.684+0000] {processor.py:161} INFO - Started process (PID=2273) to work on /home/airflow/.local/lib/python3.12/site-packages/airflow/example_dags/example_latest_only_with_trigger.py
[2024-05-26T11:22:34.686+0000] {processor.py:830} INFO - Processing file /home/airflow/.local/lib/python3.12/site-packages/airflow/example_dags/example_latest_only_with_trigger.py for tasks to queue
[2024-05-26T11:22:34.689+0000] {logging_mixin.py:188} INFO - [2024-05-26T11:22:34.689+0000] {dagbag.py:545} INFO - Filling up the DagBag from /home/airflow/.local/lib/python3.12/site-packages/airflow/example_dags/example_latest_only_with_trigger.py
[2024-05-26T11:22:34.696+0000] {processor.py:840} INFO - DAG(s) 'latest_only_with_trigger' retrieved from /home/airflow/.local/lib/python3.12/site-packages/airflow/example_dags/example_latest_only_with_trigger.py
[2024-05-26T11:22:34.721+0000] {logging_mixin.py:188} INFO - [2024-05-26T11:22:34.720+0000] {dag.py:3096} INFO - Sync 1 DAGs
[2024-05-26T11:22:34.745+0000] {logging_mixin.py:188} INFO - [2024-05-26T11:22:34.745+0000] {dag.py:3954} INFO - Setting next_dagrun for latest_only_with_trigger to 2024-05-26 04:00:00+00:00, run_after=2024-05-26 08:00:00+00:00
[2024-05-26T11:22:34.771+0000] {processor.py:183} INFO - Processing /home/airflow/.local/lib/python3.12/site-packages/airflow/example_dags/example_latest_only_with_trigger.py took 0.095 seconds
[2024-05-26T11:23:05.386+0000] {processor.py:161} INFO - Started process (PID=2541) to work on /home/airflow/.local/lib/python3.12/site-packages/airflow/example_dags/example_latest_only_with_trigger.py
[2024-05-26T11:23:05.388+0000] {processor.py:830} INFO - Processing file /home/airflow/.local/lib/python3.12/site-packages/airflow/example_dags/example_latest_only_with_trigger.py for tasks to queue
[2024-05-26T11:23:05.389+0000] {logging_mixin.py:188} INFO - [2024-05-26T11:23:05.389+0000] {dagbag.py:545} INFO - Filling up the DagBag from /home/airflow/.local/lib/python3.12/site-packages/airflow/example_dags/example_latest_only_with_trigger.py
[2024-05-26T11:23:05.395+0000] {processor.py:840} INFO - DAG(s) 'latest_only_with_trigger' retrieved from /home/airflow/.local/lib/python3.12/site-packages/airflow/example_dags/example_latest_only_with_trigger.py
[2024-05-26T11:23:05.416+0000] {logging_mixin.py:188} INFO - [2024-05-26T11:23:05.416+0000] {dag.py:3096} INFO - Sync 1 DAGs
[2024-05-26T11:23:05.440+0000] {logging_mixin.py:188} INFO - [2024-05-26T11:23:05.440+0000] {dag.py:3954} INFO - Setting next_dagrun for latest_only_with_trigger to 2024-05-26 04:00:00+00:00, run_after=2024-05-26 08:00:00+00:00
[2024-05-26T11:23:05.463+0000] {processor.py:183} INFO - Processing /home/airflow/.local/lib/python3.12/site-packages/airflow/example_dags/example_latest_only_with_trigger.py took 0.083 seconds
[2024-05-26T11:23:36.493+0000] {processor.py:161} INFO - Started process (PID=2809) to work on /home/airflow/.local/lib/python3.12/site-packages/airflow/example_dags/example_latest_only_with_trigger.py
[2024-05-26T11:23:36.494+0000] {processor.py:830} INFO - Processing file /home/airflow/.local/lib/python3.12/site-packages/airflow/example_dags/example_latest_only_with_trigger.py for tasks to queue
[2024-05-26T11:23:36.497+0000] {logging_mixin.py:188} INFO - [2024-05-26T11:23:36.496+0000] {dagbag.py:545} INFO - Filling up the DagBag from /home/airflow/.local/lib/python3.12/site-packages/airflow/example_dags/example_latest_only_with_trigger.py
[2024-05-26T11:23:36.501+0000] {processor.py:840} INFO - DAG(s) 'latest_only_with_trigger' retrieved from /home/airflow/.local/lib/python3.12/site-packages/airflow/example_dags/example_latest_only_with_trigger.py
[2024-05-26T11:23:36.522+0000] {logging_mixin.py:188} INFO - [2024-05-26T11:23:36.522+0000] {dag.py:3096} INFO - Sync 1 DAGs
[2024-05-26T11:23:36.542+0000] {logging_mixin.py:188} INFO - [2024-05-26T11:23:36.542+0000] {dag.py:3954} INFO - Setting next_dagrun for latest_only_with_trigger to 2024-05-26 04:00:00+00:00, run_after=2024-05-26 08:00:00+00:00
[2024-05-26T11:23:36.560+0000] {processor.py:183} INFO - Processing /home/airflow/.local/lib/python3.12/site-packages/airflow/example_dags/example_latest_only_with_trigger.py took 0.072 seconds
[2024-05-26T11:24:06.846+0000] {processor.py:161} INFO - Started process (PID=3077) to work on /home/airflow/.local/lib/python3.12/site-packages/airflow/example_dags/example_latest_only_with_trigger.py
[2024-05-26T11:24:06.847+0000] {processor.py:830} INFO - Processing file /home/airflow/.local/lib/python3.12/site-packages/airflow/example_dags/example_latest_only_with_trigger.py for tasks to queue
[2024-05-26T11:24:06.849+0000] {logging_mixin.py:188} INFO - [2024-05-26T11:24:06.848+0000] {dagbag.py:545} INFO - Filling up the DagBag from /home/airflow/.local/lib/python3.12/site-packages/airflow/example_dags/example_latest_only_with_trigger.py
[2024-05-26T11:24:06.854+0000] {processor.py:840} INFO - DAG(s) 'latest_only_with_trigger' retrieved from /home/airflow/.local/lib/python3.12/site-packages/airflow/example_dags/example_latest_only_with_trigger.py
[2024-05-26T11:24:06.876+0000] {logging_mixin.py:188} INFO - [2024-05-26T11:24:06.875+0000] {dag.py:3096} INFO - Sync 1 DAGs
[2024-05-26T11:24:06.900+0000] {logging_mixin.py:188} INFO - [2024-05-26T11:24:06.899+0000] {dag.py:3954} INFO - Setting next_dagrun for latest_only_with_trigger to 2024-05-26 04:00:00+00:00, run_after=2024-05-26 08:00:00+00:00
[2024-05-26T11:24:06.926+0000] {processor.py:183} INFO - Processing /home/airflow/.local/lib/python3.12/site-packages/airflow/example_dags/example_latest_only_with_trigger.py took 0.087 seconds
[2024-05-26T11:24:37.144+0000] {processor.py:161} INFO - Started process (PID=3345) to work on /home/airflow/.local/lib/python3.12/site-packages/airflow/example_dags/example_latest_only_with_trigger.py
[2024-05-26T11:24:37.145+0000] {processor.py:830} INFO - Processing file /home/airflow/.local/lib/python3.12/site-packages/airflow/example_dags/example_latest_only_with_trigger.py for tasks to queue
[2024-05-26T11:24:37.147+0000] {logging_mixin.py:188} INFO - [2024-05-26T11:24:37.147+0000] {dagbag.py:545} INFO - Filling up the DagBag from /home/airflow/.local/lib/python3.12/site-packages/airflow/example_dags/example_latest_only_with_trigger.py
[2024-05-26T11:24:37.152+0000] {processor.py:840} INFO - DAG(s) 'latest_only_with_trigger' retrieved from /home/airflow/.local/lib/python3.12/site-packages/airflow/example_dags/example_latest_only_with_trigger.py
[2024-05-26T11:24:37.170+0000] {logging_mixin.py:188} INFO - [2024-05-26T11:24:37.170+0000] {dag.py:3096} INFO - Sync 1 DAGs
[2024-05-26T11:24:37.190+0000] {logging_mixin.py:188} INFO - [2024-05-26T11:24:37.190+0000] {dag.py:3954} INFO - Setting next_dagrun for latest_only_with_trigger to 2024-05-26 04:00:00+00:00, run_after=2024-05-26 08:00:00+00:00
[2024-05-26T11:24:37.212+0000] {processor.py:183} INFO - Processing /home/airflow/.local/lib/python3.12/site-packages/airflow/example_dags/example_latest_only_with_trigger.py took 0.073 seconds
[2024-05-26T11:25:07.911+0000] {processor.py:161} INFO - Started process (PID=3613) to work on /home/airflow/.local/lib/python3.12/site-packages/airflow/example_dags/example_latest_only_with_trigger.py
[2024-05-26T11:25:07.912+0000] {processor.py:830} INFO - Processing file /home/airflow/.local/lib/python3.12/site-packages/airflow/example_dags/example_latest_only_with_trigger.py for tasks to queue
[2024-05-26T11:25:07.914+0000] {logging_mixin.py:188} INFO - [2024-05-26T11:25:07.914+0000] {dagbag.py:545} INFO - Filling up the DagBag from /home/airflow/.local/lib/python3.12/site-packages/airflow/example_dags/example_latest_only_with_trigger.py
[2024-05-26T11:25:07.919+0000] {processor.py:840} INFO - DAG(s) 'latest_only_with_trigger' retrieved from /home/airflow/.local/lib/python3.12/site-packages/airflow/example_dags/example_latest_only_with_trigger.py
[2024-05-26T11:25:07.938+0000] {logging_mixin.py:188} INFO - [2024-05-26T11:25:07.938+0000] {dag.py:3096} INFO - Sync 1 DAGs
[2024-05-26T11:25:07.961+0000] {logging_mixin.py:188} INFO - [2024-05-26T11:25:07.961+0000] {dag.py:3954} INFO - Setting next_dagrun for latest_only_with_trigger to 2024-05-26 04:00:00+00:00, run_after=2024-05-26 08:00:00+00:00
[2024-05-26T11:25:07.982+0000] {processor.py:183} INFO - Processing /home/airflow/.local/lib/python3.12/site-packages/airflow/example_dags/example_latest_only_with_trigger.py took 0.075 seconds
[2024-05-26T11:25:39.090+0000] {processor.py:161} INFO - Started process (PID=3881) to work on /home/airflow/.local/lib/python3.12/site-packages/airflow/example_dags/example_latest_only_with_trigger.py
[2024-05-26T11:25:39.091+0000] {processor.py:830} INFO - Processing file /home/airflow/.local/lib/python3.12/site-packages/airflow/example_dags/example_latest_only_with_trigger.py for tasks to queue
[2024-05-26T11:25:39.093+0000] {logging_mixin.py:188} INFO - [2024-05-26T11:25:39.093+0000] {dagbag.py:545} INFO - Filling up the DagBag from /home/airflow/.local/lib/python3.12/site-packages/airflow/example_dags/example_latest_only_with_trigger.py
[2024-05-26T11:25:39.098+0000] {processor.py:840} INFO - DAG(s) 'latest_only_with_trigger' retrieved from /home/airflow/.local/lib/python3.12/site-packages/airflow/example_dags/example_latest_only_with_trigger.py
[2024-05-26T11:25:39.121+0000] {logging_mixin.py:188} INFO - [2024-05-26T11:25:39.121+0000] {dag.py:3096} INFO - Sync 1 DAGs
[2024-05-26T11:25:39.141+0000] {logging_mixin.py:188} INFO - [2024-05-26T11:25:39.141+0000] {dag.py:3954} INFO - Setting next_dagrun for latest_only_with_trigger to 2024-05-26 04:00:00+00:00, run_after=2024-05-26 08:00:00+00:00
[2024-05-26T11:25:39.163+0000] {processor.py:183} INFO - Processing /home/airflow/.local/lib/python3.12/site-packages/airflow/example_dags/example_latest_only_with_trigger.py took 0.078 seconds
[2024-05-26T11:26:09.528+0000] {processor.py:161} INFO - Started process (PID=4149) to work on /home/airflow/.local/lib/python3.12/site-packages/airflow/example_dags/example_latest_only_with_trigger.py
[2024-05-26T11:26:09.529+0000] {processor.py:830} INFO - Processing file /home/airflow/.local/lib/python3.12/site-packages/airflow/example_dags/example_latest_only_with_trigger.py for tasks to queue
[2024-05-26T11:26:09.532+0000] {logging_mixin.py:188} INFO - [2024-05-26T11:26:09.531+0000] {dagbag.py:545} INFO - Filling up the DagBag from /home/airflow/.local/lib/python3.12/site-packages/airflow/example_dags/example_latest_only_with_trigger.py
[2024-05-26T11:26:09.538+0000] {processor.py:840} INFO - DAG(s) 'latest_only_with_trigger' retrieved from /home/airflow/.local/lib/python3.12/site-packages/airflow/example_dags/example_latest_only_with_trigger.py
[2024-05-26T11:26:09.563+0000] {logging_mixin.py:188} INFO - [2024-05-26T11:26:09.563+0000] {dag.py:3096} INFO - Sync 1 DAGs
[2024-05-26T11:26:09.590+0000] {logging_mixin.py:188} INFO - [2024-05-26T11:26:09.590+0000] {dag.py:3954} INFO - Setting next_dagrun for latest_only_with_trigger to 2024-05-26 04:00:00+00:00, run_after=2024-05-26 08:00:00+00:00
[2024-05-26T11:26:09.615+0000] {processor.py:183} INFO - Processing /home/airflow/.local/lib/python3.12/site-packages/airflow/example_dags/example_latest_only_with_trigger.py took 0.094 seconds
[2024-05-26T11:26:40.881+0000] {processor.py:161} INFO - Started process (PID=4417) to work on /home/airflow/.local/lib/python3.12/site-packages/airflow/example_dags/example_latest_only_with_trigger.py
[2024-05-26T11:26:40.882+0000] {processor.py:830} INFO - Processing file /home/airflow/.local/lib/python3.12/site-packages/airflow/example_dags/example_latest_only_with_trigger.py for tasks to queue
[2024-05-26T11:26:40.884+0000] {logging_mixin.py:188} INFO - [2024-05-26T11:26:40.884+0000] {dagbag.py:545} INFO - Filling up the DagBag from /home/airflow/.local/lib/python3.12/site-packages/airflow/example_dags/example_latest_only_with_trigger.py
[2024-05-26T11:26:40.889+0000] {processor.py:840} INFO - DAG(s) 'latest_only_with_trigger' retrieved from /home/airflow/.local/lib/python3.12/site-packages/airflow/example_dags/example_latest_only_with_trigger.py
[2024-05-26T11:26:40.912+0000] {logging_mixin.py:188} INFO - [2024-05-26T11:26:40.911+0000] {dag.py:3096} INFO - Sync 1 DAGs
[2024-05-26T11:26:40.936+0000] {logging_mixin.py:188} INFO - [2024-05-26T11:26:40.935+0000] {dag.py:3954} INFO - Setting next_dagrun for latest_only_with_trigger to 2024-05-26 04:00:00+00:00, run_after=2024-05-26 08:00:00+00:00
[2024-05-26T11:26:40.958+0000] {processor.py:183} INFO - Processing /home/airflow/.local/lib/python3.12/site-packages/airflow/example_dags/example_latest_only_with_trigger.py took 0.084 seconds
[2024-05-26T11:27:12.140+0000] {processor.py:161} INFO - Started process (PID=4685) to work on /home/airflow/.local/lib/python3.12/site-packages/airflow/example_dags/example_latest_only_with_trigger.py
[2024-05-26T11:27:12.142+0000] {processor.py:830} INFO - Processing file /home/airflow/.local/lib/python3.12/site-packages/airflow/example_dags/example_latest_only_with_trigger.py for tasks to queue
[2024-05-26T11:27:12.145+0000] {logging_mixin.py:188} INFO - [2024-05-26T11:27:12.144+0000] {dagbag.py:545} INFO - Filling up the DagBag from /home/airflow/.local/lib/python3.12/site-packages/airflow/example_dags/example_latest_only_with_trigger.py
[2024-05-26T11:27:12.153+0000] {processor.py:840} INFO - DAG(s) 'latest_only_with_trigger' retrieved from /home/airflow/.local/lib/python3.12/site-packages/airflow/example_dags/example_latest_only_with_trigger.py
[2024-05-26T11:27:12.181+0000] {logging_mixin.py:188} INFO - [2024-05-26T11:27:12.181+0000] {dag.py:3096} INFO - Sync 1 DAGs
[2024-05-26T11:27:12.213+0000] {logging_mixin.py:188} INFO - [2024-05-26T11:27:12.213+0000] {dag.py:3954} INFO - Setting next_dagrun for latest_only_with_trigger to 2024-05-26 04:00:00+00:00, run_after=2024-05-26 08:00:00+00:00
[2024-05-26T11:27:12.241+0000] {processor.py:183} INFO - Processing /home/airflow/.local/lib/python3.12/site-packages/airflow/example_dags/example_latest_only_with_trigger.py took 0.109 seconds
[2024-05-26T11:27:42.846+0000] {processor.py:161} INFO - Started process (PID=4953) to work on /home/airflow/.local/lib/python3.12/site-packages/airflow/example_dags/example_latest_only_with_trigger.py
[2024-05-26T11:27:42.847+0000] {processor.py:830} INFO - Processing file /home/airflow/.local/lib/python3.12/site-packages/airflow/example_dags/example_latest_only_with_trigger.py for tasks to queue
[2024-05-26T11:27:42.850+0000] {logging_mixin.py:188} INFO - [2024-05-26T11:27:42.849+0000] {dagbag.py:545} INFO - Filling up the DagBag from /home/airflow/.local/lib/python3.12/site-packages/airflow/example_dags/example_latest_only_with_trigger.py
[2024-05-26T11:27:42.855+0000] {processor.py:840} INFO - DAG(s) 'latest_only_with_trigger' retrieved from /home/airflow/.local/lib/python3.12/site-packages/airflow/example_dags/example_latest_only_with_trigger.py
[2024-05-26T11:27:42.879+0000] {logging_mixin.py:188} INFO - [2024-05-26T11:27:42.878+0000] {dag.py:3096} INFO - Sync 1 DAGs
[2024-05-26T11:27:42.903+0000] {logging_mixin.py:188} INFO - [2024-05-26T11:27:42.903+0000] {dag.py:3954} INFO - Setting next_dagrun for latest_only_with_trigger to 2024-05-26 04:00:00+00:00, run_after=2024-05-26 08:00:00+00:00
[2024-05-26T11:27:42.928+0000] {processor.py:183} INFO - Processing /home/airflow/.local/lib/python3.12/site-packages/airflow/example_dags/example_latest_only_with_trigger.py took 0.088 seconds
[2024-05-26T11:28:13.897+0000] {processor.py:161} INFO - Started process (PID=5221) to work on /home/airflow/.local/lib/python3.12/site-packages/airflow/example_dags/example_latest_only_with_trigger.py
[2024-05-26T11:28:13.898+0000] {processor.py:830} INFO - Processing file /home/airflow/.local/lib/python3.12/site-packages/airflow/example_dags/example_latest_only_with_trigger.py for tasks to queue
[2024-05-26T11:28:13.901+0000] {logging_mixin.py:188} INFO - [2024-05-26T11:28:13.901+0000] {dagbag.py:545} INFO - Filling up the DagBag from /home/airflow/.local/lib/python3.12/site-packages/airflow/example_dags/example_latest_only_with_trigger.py
[2024-05-26T11:28:13.907+0000] {processor.py:840} INFO - DAG(s) 'latest_only_with_trigger' retrieved from /home/airflow/.local/lib/python3.12/site-packages/airflow/example_dags/example_latest_only_with_trigger.py
[2024-05-26T11:28:13.932+0000] {logging_mixin.py:188} INFO - [2024-05-26T11:28:13.931+0000] {dag.py:3096} INFO - Sync 1 DAGs
[2024-05-26T11:28:13.959+0000] {logging_mixin.py:188} INFO - [2024-05-26T11:28:13.958+0000] {dag.py:3954} INFO - Setting next_dagrun for latest_only_with_trigger to 2024-05-26 04:00:00+00:00, run_after=2024-05-26 08:00:00+00:00
[2024-05-26T11:28:13.983+0000] {processor.py:183} INFO - Processing /home/airflow/.local/lib/python3.12/site-packages/airflow/example_dags/example_latest_only_with_trigger.py took 0.093 seconds
[2024-05-26T11:28:44.425+0000] {processor.py:161} INFO - Started process (PID=5489) to work on /home/airflow/.local/lib/python3.12/site-packages/airflow/example_dags/example_latest_only_with_trigger.py
[2024-05-26T11:28:44.427+0000] {processor.py:830} INFO - Processing file /home/airflow/.local/lib/python3.12/site-packages/airflow/example_dags/example_latest_only_with_trigger.py for tasks to queue
[2024-05-26T11:28:44.430+0000] {logging_mixin.py:188} INFO - [2024-05-26T11:28:44.429+0000] {dagbag.py:545} INFO - Filling up the DagBag from /home/airflow/.local/lib/python3.12/site-packages/airflow/example_dags/example_latest_only_with_trigger.py
[2024-05-26T11:28:44.436+0000] {processor.py:840} INFO - DAG(s) 'latest_only_with_trigger' retrieved from /home/airflow/.local/lib/python3.12/site-packages/airflow/example_dags/example_latest_only_with_trigger.py
[2024-05-26T11:28:44.460+0000] {logging_mixin.py:188} INFO - [2024-05-26T11:28:44.460+0000] {dag.py:3096} INFO - Sync 1 DAGs
[2024-05-26T11:28:44.488+0000] {logging_mixin.py:188} INFO - [2024-05-26T11:28:44.488+0000] {dag.py:3954} INFO - Setting next_dagrun for latest_only_with_trigger to 2024-05-26 04:00:00+00:00, run_after=2024-05-26 08:00:00+00:00
[2024-05-26T11:28:44.660+0000] {processor.py:183} INFO - Processing /home/airflow/.local/lib/python3.12/site-packages/airflow/example_dags/example_latest_only_with_trigger.py took 0.242 seconds
[2024-05-26T11:29:15.841+0000] {processor.py:161} INFO - Started process (PID=5757) to work on /home/airflow/.local/lib/python3.12/site-packages/airflow/example_dags/example_latest_only_with_trigger.py
[2024-05-26T11:29:15.843+0000] {processor.py:830} INFO - Processing file /home/airflow/.local/lib/python3.12/site-packages/airflow/example_dags/example_latest_only_with_trigger.py for tasks to queue
[2024-05-26T11:29:15.846+0000] {logging_mixin.py:188} INFO - [2024-05-26T11:29:15.846+0000] {dagbag.py:545} INFO - Filling up the DagBag from /home/airflow/.local/lib/python3.12/site-packages/airflow/example_dags/example_latest_only_with_trigger.py
[2024-05-26T11:29:15.853+0000] {processor.py:840} INFO - DAG(s) 'latest_only_with_trigger' retrieved from /home/airflow/.local/lib/python3.12/site-packages/airflow/example_dags/example_latest_only_with_trigger.py
[2024-05-26T11:29:15.881+0000] {logging_mixin.py:188} INFO - [2024-05-26T11:29:15.881+0000] {dag.py:3096} INFO - Sync 1 DAGs
[2024-05-26T11:29:15.917+0000] {logging_mixin.py:188} INFO - [2024-05-26T11:29:15.917+0000] {dag.py:3954} INFO - Setting next_dagrun for latest_only_with_trigger to 2024-05-26 04:00:00+00:00, run_after=2024-05-26 08:00:00+00:00
[2024-05-26T11:29:16.103+0000] {processor.py:183} INFO - Processing /home/airflow/.local/lib/python3.12/site-packages/airflow/example_dags/example_latest_only_with_trigger.py took 0.270 seconds
[2024-05-26T11:29:46.247+0000] {processor.py:161} INFO - Started process (PID=6025) to work on /home/airflow/.local/lib/python3.12/site-packages/airflow/example_dags/example_latest_only_with_trigger.py
[2024-05-26T11:29:46.248+0000] {processor.py:830} INFO - Processing file /home/airflow/.local/lib/python3.12/site-packages/airflow/example_dags/example_latest_only_with_trigger.py for tasks to queue
[2024-05-26T11:29:46.250+0000] {logging_mixin.py:188} INFO - [2024-05-26T11:29:46.250+0000] {dagbag.py:545} INFO - Filling up the DagBag from /home/airflow/.local/lib/python3.12/site-packages/airflow/example_dags/example_latest_only_with_trigger.py
[2024-05-26T11:29:46.256+0000] {processor.py:840} INFO - DAG(s) 'latest_only_with_trigger' retrieved from /home/airflow/.local/lib/python3.12/site-packages/airflow/example_dags/example_latest_only_with_trigger.py
[2024-05-26T11:29:46.277+0000] {logging_mixin.py:188} INFO - [2024-05-26T11:29:46.277+0000] {dag.py:3096} INFO - Sync 1 DAGs
[2024-05-26T11:29:46.301+0000] {logging_mixin.py:188} INFO - [2024-05-26T11:29:46.300+0000] {dag.py:3954} INFO - Setting next_dagrun for latest_only_with_trigger to 2024-05-26 04:00:00+00:00, run_after=2024-05-26 08:00:00+00:00
[2024-05-26T11:29:46.323+0000] {processor.py:183} INFO - Processing /home/airflow/.local/lib/python3.12/site-packages/airflow/example_dags/example_latest_only_with_trigger.py took 0.083 seconds
[2024-05-26T11:30:16.935+0000] {processor.py:161} INFO - Started process (PID=6288) to work on /home/airflow/.local/lib/python3.12/site-packages/airflow/example_dags/example_latest_only_with_trigger.py
[2024-05-26T11:30:16.936+0000] {processor.py:830} INFO - Processing file /home/airflow/.local/lib/python3.12/site-packages/airflow/example_dags/example_latest_only_with_trigger.py for tasks to queue
[2024-05-26T11:30:16.939+0000] {logging_mixin.py:188} INFO - [2024-05-26T11:30:16.938+0000] {dagbag.py:545} INFO - Filling up the DagBag from /home/airflow/.local/lib/python3.12/site-packages/airflow/example_dags/example_latest_only_with_trigger.py
[2024-05-26T11:30:16.947+0000] {processor.py:840} INFO - DAG(s) 'latest_only_with_trigger' retrieved from /home/airflow/.local/lib/python3.12/site-packages/airflow/example_dags/example_latest_only_with_trigger.py
[2024-05-26T11:30:16.973+0000] {logging_mixin.py:188} INFO - [2024-05-26T11:30:16.972+0000] {dag.py:3096} INFO - Sync 1 DAGs
[2024-05-26T11:30:17.005+0000] {logging_mixin.py:188} INFO - [2024-05-26T11:30:17.005+0000] {dag.py:3954} INFO - Setting next_dagrun for latest_only_with_trigger to 2024-05-26 04:00:00+00:00, run_after=2024-05-26 08:00:00+00:00
[2024-05-26T11:30:17.036+0000] {processor.py:183} INFO - Processing /home/airflow/.local/lib/python3.12/site-packages/airflow/example_dags/example_latest_only_with_trigger.py took 0.109 seconds
[2024-05-26T11:30:48.241+0000] {processor.py:161} INFO - Started process (PID=6556) to work on /home/airflow/.local/lib/python3.12/site-packages/airflow/example_dags/example_latest_only_with_trigger.py
[2024-05-26T11:30:48.243+0000] {processor.py:830} INFO - Processing file /home/airflow/.local/lib/python3.12/site-packages/airflow/example_dags/example_latest_only_with_trigger.py for tasks to queue
[2024-05-26T11:30:48.246+0000] {logging_mixin.py:188} INFO - [2024-05-26T11:30:48.245+0000] {dagbag.py:545} INFO - Filling up the DagBag from /home/airflow/.local/lib/python3.12/site-packages/airflow/example_dags/example_latest_only_with_trigger.py
[2024-05-26T11:30:48.426+0000] {processor.py:840} INFO - DAG(s) 'latest_only_with_trigger' retrieved from /home/airflow/.local/lib/python3.12/site-packages/airflow/example_dags/example_latest_only_with_trigger.py
[2024-05-26T11:30:48.449+0000] {logging_mixin.py:188} INFO - [2024-05-26T11:30:48.448+0000] {dag.py:3096} INFO - Sync 1 DAGs
[2024-05-26T11:30:48.473+0000] {logging_mixin.py:188} INFO - [2024-05-26T11:30:48.473+0000] {dag.py:3954} INFO - Setting next_dagrun for latest_only_with_trigger to 2024-05-26 04:00:00+00:00, run_after=2024-05-26 08:00:00+00:00
[2024-05-26T11:30:48.497+0000] {processor.py:183} INFO - Processing /home/airflow/.local/lib/python3.12/site-packages/airflow/example_dags/example_latest_only_with_trigger.py took 0.263 seconds
[2024-05-26T11:31:19.159+0000] {processor.py:161} INFO - Started process (PID=6824) to work on /home/airflow/.local/lib/python3.12/site-packages/airflow/example_dags/example_latest_only_with_trigger.py
[2024-05-26T11:31:19.161+0000] {processor.py:830} INFO - Processing file /home/airflow/.local/lib/python3.12/site-packages/airflow/example_dags/example_latest_only_with_trigger.py for tasks to queue
[2024-05-26T11:31:19.163+0000] {logging_mixin.py:188} INFO - [2024-05-26T11:31:19.163+0000] {dagbag.py:545} INFO - Filling up the DagBag from /home/airflow/.local/lib/python3.12/site-packages/airflow/example_dags/example_latest_only_with_trigger.py
[2024-05-26T11:31:19.169+0000] {processor.py:840} INFO - DAG(s) 'latest_only_with_trigger' retrieved from /home/airflow/.local/lib/python3.12/site-packages/airflow/example_dags/example_latest_only_with_trigger.py
[2024-05-26T11:31:19.190+0000] {logging_mixin.py:188} INFO - [2024-05-26T11:31:19.190+0000] {dag.py:3096} INFO - Sync 1 DAGs
[2024-05-26T11:31:19.215+0000] {logging_mixin.py:188} INFO - [2024-05-26T11:31:19.215+0000] {dag.py:3954} INFO - Setting next_dagrun for latest_only_with_trigger to 2024-05-26 04:00:00+00:00, run_after=2024-05-26 08:00:00+00:00
[2024-05-26T11:31:19.237+0000] {processor.py:183} INFO - Processing /home/airflow/.local/lib/python3.12/site-packages/airflow/example_dags/example_latest_only_with_trigger.py took 0.083 seconds
[2024-05-26T11:31:50.211+0000] {processor.py:161} INFO - Started process (PID=7094) to work on /home/airflow/.local/lib/python3.12/site-packages/airflow/example_dags/example_latest_only_with_trigger.py
[2024-05-26T11:31:50.213+0000] {processor.py:830} INFO - Processing file /home/airflow/.local/lib/python3.12/site-packages/airflow/example_dags/example_latest_only_with_trigger.py for tasks to queue
[2024-05-26T11:31:50.219+0000] {logging_mixin.py:188} INFO - [2024-05-26T11:31:50.219+0000] {dagbag.py:545} INFO - Filling up the DagBag from /home/airflow/.local/lib/python3.12/site-packages/airflow/example_dags/example_latest_only_with_trigger.py
[2024-05-26T11:31:50.244+0000] {processor.py:840} INFO - DAG(s) 'latest_only_with_trigger' retrieved from /home/airflow/.local/lib/python3.12/site-packages/airflow/example_dags/example_latest_only_with_trigger.py
[2024-05-26T11:31:50.310+0000] {logging_mixin.py:188} INFO - [2024-05-26T11:31:50.309+0000] {dag.py:3096} INFO - Sync 1 DAGs
[2024-05-26T11:31:50.353+0000] {logging_mixin.py:188} INFO - [2024-05-26T11:31:50.353+0000] {dag.py:3954} INFO - Setting next_dagrun for latest_only_with_trigger to 2024-05-26 04:00:00+00:00, run_after=2024-05-26 08:00:00+00:00
[2024-05-26T11:31:50.387+0000] {processor.py:183} INFO - Processing /home/airflow/.local/lib/python3.12/site-packages/airflow/example_dags/example_latest_only_with_trigger.py took 0.189 seconds
[2024-05-26T11:32:21.592+0000] {processor.py:161} INFO - Started process (PID=7365) to work on /home/airflow/.local/lib/python3.12/site-packages/airflow/example_dags/example_latest_only_with_trigger.py
[2024-05-26T11:32:21.593+0000] {processor.py:830} INFO - Processing file /home/airflow/.local/lib/python3.12/site-packages/airflow/example_dags/example_latest_only_with_trigger.py for tasks to queue
[2024-05-26T11:32:21.596+0000] {logging_mixin.py:188} INFO - [2024-05-26T11:32:21.595+0000] {dagbag.py:545} INFO - Filling up the DagBag from /home/airflow/.local/lib/python3.12/site-packages/airflow/example_dags/example_latest_only_with_trigger.py
[2024-05-26T11:32:21.606+0000] {processor.py:840} INFO - DAG(s) 'latest_only_with_trigger' retrieved from /home/airflow/.local/lib/python3.12/site-packages/airflow/example_dags/example_latest_only_with_trigger.py
[2024-05-26T11:32:21.634+0000] {logging_mixin.py:188} INFO - [2024-05-26T11:32:21.633+0000] {dag.py:3096} INFO - Sync 1 DAGs
[2024-05-26T11:32:21.661+0000] {logging_mixin.py:188} INFO - [2024-05-26T11:32:21.661+0000] {dag.py:3954} INFO - Setting next_dagrun for latest_only_with_trigger to 2024-05-26 04:00:00+00:00, run_after=2024-05-26 08:00:00+00:00
[2024-05-26T11:32:21.685+0000] {processor.py:183} INFO - Processing /home/airflow/.local/lib/python3.12/site-packages/airflow/example_dags/example_latest_only_with_trigger.py took 0.100 seconds
[2024-05-26T11:32:52.107+0000] {processor.py:161} INFO - Started process (PID=7635) to work on /home/airflow/.local/lib/python3.12/site-packages/airflow/example_dags/example_latest_only_with_trigger.py
[2024-05-26T11:32:52.109+0000] {processor.py:830} INFO - Processing file /home/airflow/.local/lib/python3.12/site-packages/airflow/example_dags/example_latest_only_with_trigger.py for tasks to queue
[2024-05-26T11:32:52.111+0000] {logging_mixin.py:188} INFO - [2024-05-26T11:32:52.110+0000] {dagbag.py:545} INFO - Filling up the DagBag from /home/airflow/.local/lib/python3.12/site-packages/airflow/example_dags/example_latest_only_with_trigger.py
[2024-05-26T11:32:52.117+0000] {processor.py:840} INFO - DAG(s) 'latest_only_with_trigger' retrieved from /home/airflow/.local/lib/python3.12/site-packages/airflow/example_dags/example_latest_only_with_trigger.py
[2024-05-26T11:32:52.135+0000] {logging_mixin.py:188} INFO - [2024-05-26T11:32:52.135+0000] {dag.py:3096} INFO - Sync 1 DAGs
[2024-05-26T11:32:52.153+0000] {logging_mixin.py:188} INFO - [2024-05-26T11:32:52.153+0000] {dag.py:3954} INFO - Setting next_dagrun for latest_only_with_trigger to 2024-05-26 04:00:00+00:00, run_after=2024-05-26 08:00:00+00:00
[2024-05-26T11:32:52.177+0000] {processor.py:183} INFO - Processing /home/airflow/.local/lib/python3.12/site-packages/airflow/example_dags/example_latest_only_with_trigger.py took 0.075 seconds
[2024-05-26T11:33:23.023+0000] {processor.py:161} INFO - Started process (PID=7901) to work on /home/airflow/.local/lib/python3.12/site-packages/airflow/example_dags/example_latest_only_with_trigger.py
[2024-05-26T11:33:23.024+0000] {processor.py:830} INFO - Processing file /home/airflow/.local/lib/python3.12/site-packages/airflow/example_dags/example_latest_only_with_trigger.py for tasks to queue
[2024-05-26T11:33:23.026+0000] {logging_mixin.py:188} INFO - [2024-05-26T11:33:23.025+0000] {dagbag.py:545} INFO - Filling up the DagBag from /home/airflow/.local/lib/python3.12/site-packages/airflow/example_dags/example_latest_only_with_trigger.py
[2024-05-26T11:33:23.030+0000] {processor.py:840} INFO - DAG(s) 'latest_only_with_trigger' retrieved from /home/airflow/.local/lib/python3.12/site-packages/airflow/example_dags/example_latest_only_with_trigger.py
[2024-05-26T11:33:23.049+0000] {logging_mixin.py:188} INFO - [2024-05-26T11:33:23.049+0000] {dag.py:3096} INFO - Sync 1 DAGs
[2024-05-26T11:33:23.071+0000] {logging_mixin.py:188} INFO - [2024-05-26T11:33:23.071+0000] {dag.py:3954} INFO - Setting next_dagrun for latest_only_with_trigger to 2024-05-26 04:00:00+00:00, run_after=2024-05-26 08:00:00+00:00
[2024-05-26T11:33:23.089+0000] {processor.py:183} INFO - Processing /home/airflow/.local/lib/python3.12/site-packages/airflow/example_dags/example_latest_only_with_trigger.py took 0.071 seconds
[2024-05-26T11:33:53.867+0000] {processor.py:161} INFO - Started process (PID=8171) to work on /home/airflow/.local/lib/python3.12/site-packages/airflow/example_dags/example_latest_only_with_trigger.py
[2024-05-26T11:33:53.869+0000] {processor.py:830} INFO - Processing file /home/airflow/.local/lib/python3.12/site-packages/airflow/example_dags/example_latest_only_with_trigger.py for tasks to queue
[2024-05-26T11:33:53.871+0000] {logging_mixin.py:188} INFO - [2024-05-26T11:33:53.870+0000] {dagbag.py:545} INFO - Filling up the DagBag from /home/airflow/.local/lib/python3.12/site-packages/airflow/example_dags/example_latest_only_with_trigger.py
[2024-05-26T11:33:53.875+0000] {processor.py:840} INFO - DAG(s) 'latest_only_with_trigger' retrieved from /home/airflow/.local/lib/python3.12/site-packages/airflow/example_dags/example_latest_only_with_trigger.py
[2024-05-26T11:33:53.895+0000] {logging_mixin.py:188} INFO - [2024-05-26T11:33:53.895+0000] {dag.py:3096} INFO - Sync 1 DAGs
[2024-05-26T11:33:53.919+0000] {logging_mixin.py:188} INFO - [2024-05-26T11:33:53.919+0000] {dag.py:3954} INFO - Setting next_dagrun for latest_only_with_trigger to 2024-05-26 04:00:00+00:00, run_after=2024-05-26 08:00:00+00:00
[2024-05-26T11:33:53.936+0000] {processor.py:183} INFO - Processing /home/airflow/.local/lib/python3.12/site-packages/airflow/example_dags/example_latest_only_with_trigger.py took 0.074 seconds
[2024-05-26T11:34:24.514+0000] {processor.py:161} INFO - Started process (PID=8437) to work on /home/airflow/.local/lib/python3.12/site-packages/airflow/example_dags/example_latest_only_with_trigger.py
[2024-05-26T11:34:24.516+0000] {processor.py:830} INFO - Processing file /home/airflow/.local/lib/python3.12/site-packages/airflow/example_dags/example_latest_only_with_trigger.py for tasks to queue
[2024-05-26T11:34:24.518+0000] {logging_mixin.py:188} INFO - [2024-05-26T11:34:24.518+0000] {dagbag.py:545} INFO - Filling up the DagBag from /home/airflow/.local/lib/python3.12/site-packages/airflow/example_dags/example_latest_only_with_trigger.py
[2024-05-26T11:34:24.525+0000] {processor.py:840} INFO - DAG(s) 'latest_only_with_trigger' retrieved from /home/airflow/.local/lib/python3.12/site-packages/airflow/example_dags/example_latest_only_with_trigger.py
[2024-05-26T11:34:24.548+0000] {logging_mixin.py:188} INFO - [2024-05-26T11:34:24.548+0000] {dag.py:3096} INFO - Sync 1 DAGs
[2024-05-26T11:34:24.570+0000] {logging_mixin.py:188} INFO - [2024-05-26T11:34:24.570+0000] {dag.py:3954} INFO - Setting next_dagrun for latest_only_with_trigger to 2024-05-26 04:00:00+00:00, run_after=2024-05-26 08:00:00+00:00
[2024-05-26T11:34:24.589+0000] {processor.py:183} INFO - Processing /home/airflow/.local/lib/python3.12/site-packages/airflow/example_dags/example_latest_only_with_trigger.py took 0.082 seconds
