[2024-05-26T11:18:57.373+0000] {processor.py:161} INFO - Started process (PID=321) to work on /home/airflow/.local/lib/python3.12/site-packages/airflow/example_dags/example_sla_dag.py
[2024-05-26T11:18:57.376+0000] {processor.py:830} INFO - Processing file /home/airflow/.local/lib/python3.12/site-packages/airflow/example_dags/example_sla_dag.py for tasks to queue
[2024-05-26T11:18:57.381+0000] {logging_mixin.py:188} INFO - [2024-05-26T11:18:57.380+0000] {dagbag.py:545} INFO - Filling up the DagBag from /home/airflow/.local/lib/python3.12/site-packages/airflow/example_dags/example_sla_dag.py
[2024-05-26T11:18:57.396+0000] {processor.py:840} INFO - DAG(s) 'example_sla_dag' retrieved from /home/airflow/.local/lib/python3.12/site-packages/airflow/example_dags/example_sla_dag.py
[2024-05-26T11:18:57.436+0000] {logging_mixin.py:188} INFO - [2024-05-26T11:18:57.436+0000] {dag.py:3096} INFO - Sync 1 DAGs
[2024-05-26T11:18:57.483+0000] {logging_mixin.py:188} INFO - [2024-05-26T11:18:57.483+0000] {dag.py:3954} INFO - Setting next_dagrun for example_sla_dag to 2024-05-26 11:16:00+00:00, run_after=2024-05-26 11:18:00+00:00
[2024-05-26T11:18:57.527+0000] {processor.py:183} INFO - Processing /home/airflow/.local/lib/python3.12/site-packages/airflow/example_dags/example_sla_dag.py took 0.161 seconds
[2024-05-26T11:19:27.654+0000] {processor.py:161} INFO - Started process (PID=589) to work on /home/airflow/.local/lib/python3.12/site-packages/airflow/example_dags/example_sla_dag.py
[2024-05-26T11:19:27.655+0000] {processor.py:830} INFO - Processing file /home/airflow/.local/lib/python3.12/site-packages/airflow/example_dags/example_sla_dag.py for tasks to queue
[2024-05-26T11:19:27.657+0000] {logging_mixin.py:188} INFO - [2024-05-26T11:19:27.657+0000] {dagbag.py:545} INFO - Filling up the DagBag from /home/airflow/.local/lib/python3.12/site-packages/airflow/example_dags/example_sla_dag.py
[2024-05-26T11:19:27.664+0000] {processor.py:840} INFO - DAG(s) 'example_sla_dag' retrieved from /home/airflow/.local/lib/python3.12/site-packages/airflow/example_dags/example_sla_dag.py
[2024-05-26T11:19:27.680+0000] {logging_mixin.py:188} INFO - [2024-05-26T11:19:27.680+0000] {dag.py:3096} INFO - Sync 1 DAGs
[2024-05-26T11:19:27.707+0000] {logging_mixin.py:188} INFO - [2024-05-26T11:19:27.707+0000] {dag.py:3954} INFO - Setting next_dagrun for example_sla_dag to 2024-05-26 11:16:00+00:00, run_after=2024-05-26 11:18:00+00:00
[2024-05-26T11:19:27.726+0000] {processor.py:183} INFO - Processing /home/airflow/.local/lib/python3.12/site-packages/airflow/example_dags/example_sla_dag.py took 0.077 seconds
[2024-05-26T11:19:57.864+0000] {processor.py:161} INFO - Started process (PID=857) to work on /home/airflow/.local/lib/python3.12/site-packages/airflow/example_dags/example_sla_dag.py
[2024-05-26T11:19:57.866+0000] {processor.py:830} INFO - Processing file /home/airflow/.local/lib/python3.12/site-packages/airflow/example_dags/example_sla_dag.py for tasks to queue
[2024-05-26T11:19:57.868+0000] {logging_mixin.py:188} INFO - [2024-05-26T11:19:57.868+0000] {dagbag.py:545} INFO - Filling up the DagBag from /home/airflow/.local/lib/python3.12/site-packages/airflow/example_dags/example_sla_dag.py
[2024-05-26T11:19:57.875+0000] {processor.py:840} INFO - DAG(s) 'example_sla_dag' retrieved from /home/airflow/.local/lib/python3.12/site-packages/airflow/example_dags/example_sla_dag.py
[2024-05-26T11:19:57.887+0000] {logging_mixin.py:188} INFO - [2024-05-26T11:19:57.887+0000] {dag.py:3096} INFO - Sync 1 DAGs
[2024-05-26T11:19:57.913+0000] {logging_mixin.py:188} INFO - [2024-05-26T11:19:57.912+0000] {dag.py:3954} INFO - Setting next_dagrun for example_sla_dag to 2024-05-26 11:16:00+00:00, run_after=2024-05-26 11:18:00+00:00
[2024-05-26T11:19:57.934+0000] {processor.py:183} INFO - Processing /home/airflow/.local/lib/python3.12/site-packages/airflow/example_dags/example_sla_dag.py took 0.076 seconds
[2024-05-26T11:20:29.849+0000] {processor.py:161} INFO - Started process (PID=1125) to work on /home/airflow/.local/lib/python3.12/site-packages/airflow/example_dags/example_sla_dag.py
[2024-05-26T11:20:29.851+0000] {processor.py:830} INFO - Processing file /home/airflow/.local/lib/python3.12/site-packages/airflow/example_dags/example_sla_dag.py for tasks to queue
[2024-05-26T11:20:29.854+0000] {logging_mixin.py:188} INFO - [2024-05-26T11:20:29.853+0000] {dagbag.py:545} INFO - Filling up the DagBag from /home/airflow/.local/lib/python3.12/site-packages/airflow/example_dags/example_sla_dag.py
[2024-05-26T11:20:29.863+0000] {processor.py:840} INFO - DAG(s) 'example_sla_dag' retrieved from /home/airflow/.local/lib/python3.12/site-packages/airflow/example_dags/example_sla_dag.py
[2024-05-26T11:20:29.996+0000] {logging_mixin.py:188} INFO - [2024-05-26T11:20:29.996+0000] {dag.py:3096} INFO - Sync 1 DAGs
[2024-05-26T11:20:30.021+0000] {logging_mixin.py:188} INFO - [2024-05-26T11:20:30.020+0000] {dag.py:3954} INFO - Setting next_dagrun for example_sla_dag to 2024-05-26 11:18:00+00:00, run_after=2024-05-26 11:20:00+00:00
[2024-05-26T11:20:30.044+0000] {processor.py:183} INFO - Processing /home/airflow/.local/lib/python3.12/site-packages/airflow/example_dags/example_sla_dag.py took 0.203 seconds
[2024-05-26T11:21:01.257+0000] {processor.py:161} INFO - Started process (PID=1395) to work on /home/airflow/.local/lib/python3.12/site-packages/airflow/example_dags/example_sla_dag.py
[2024-05-26T11:21:01.259+0000] {processor.py:830} INFO - Processing file /home/airflow/.local/lib/python3.12/site-packages/airflow/example_dags/example_sla_dag.py for tasks to queue
[2024-05-26T11:21:01.263+0000] {logging_mixin.py:188} INFO - [2024-05-26T11:21:01.262+0000] {dagbag.py:545} INFO - Filling up the DagBag from /home/airflow/.local/lib/python3.12/site-packages/airflow/example_dags/example_sla_dag.py
[2024-05-26T11:21:01.275+0000] {processor.py:840} INFO - DAG(s) 'example_sla_dag' retrieved from /home/airflow/.local/lib/python3.12/site-packages/airflow/example_dags/example_sla_dag.py
[2024-05-26T11:21:01.318+0000] {logging_mixin.py:188} INFO - [2024-05-26T11:21:01.318+0000] {dag.py:3096} INFO - Sync 1 DAGs
[2024-05-26T11:21:01.366+0000] {logging_mixin.py:188} INFO - [2024-05-26T11:21:01.366+0000] {dag.py:3954} INFO - Setting next_dagrun for example_sla_dag to 2024-05-26 11:18:00+00:00, run_after=2024-05-26 11:20:00+00:00
[2024-05-26T11:21:01.394+0000] {processor.py:183} INFO - Processing /home/airflow/.local/lib/python3.12/site-packages/airflow/example_dags/example_sla_dag.py took 0.148 seconds
[2024-05-26T11:21:31.443+0000] {processor.py:161} INFO - Started process (PID=1661) to work on /home/airflow/.local/lib/python3.12/site-packages/airflow/example_dags/example_sla_dag.py
[2024-05-26T11:21:31.445+0000] {processor.py:830} INFO - Processing file /home/airflow/.local/lib/python3.12/site-packages/airflow/example_dags/example_sla_dag.py for tasks to queue
[2024-05-26T11:21:31.447+0000] {logging_mixin.py:188} INFO - [2024-05-26T11:21:31.446+0000] {dagbag.py:545} INFO - Filling up the DagBag from /home/airflow/.local/lib/python3.12/site-packages/airflow/example_dags/example_sla_dag.py
[2024-05-26T11:21:31.453+0000] {processor.py:840} INFO - DAG(s) 'example_sla_dag' retrieved from /home/airflow/.local/lib/python3.12/site-packages/airflow/example_dags/example_sla_dag.py
[2024-05-26T11:21:31.482+0000] {logging_mixin.py:188} INFO - [2024-05-26T11:21:31.481+0000] {dag.py:3096} INFO - Sync 1 DAGs
[2024-05-26T11:21:31.502+0000] {logging_mixin.py:188} INFO - [2024-05-26T11:21:31.501+0000] {dag.py:3954} INFO - Setting next_dagrun for example_sla_dag to 2024-05-26 11:18:00+00:00, run_after=2024-05-26 11:20:00+00:00
[2024-05-26T11:21:31.521+0000] {processor.py:183} INFO - Processing /home/airflow/.local/lib/python3.12/site-packages/airflow/example_dags/example_sla_dag.py took 0.082 seconds
[2024-05-26T11:22:02.330+0000] {processor.py:161} INFO - Started process (PID=1929) to work on /home/airflow/.local/lib/python3.12/site-packages/airflow/example_dags/example_sla_dag.py
[2024-05-26T11:22:02.331+0000] {processor.py:830} INFO - Processing file /home/airflow/.local/lib/python3.12/site-packages/airflow/example_dags/example_sla_dag.py for tasks to queue
[2024-05-26T11:22:02.333+0000] {logging_mixin.py:188} INFO - [2024-05-26T11:22:02.333+0000] {dagbag.py:545} INFO - Filling up the DagBag from /home/airflow/.local/lib/python3.12/site-packages/airflow/example_dags/example_sla_dag.py
[2024-05-26T11:22:02.340+0000] {processor.py:840} INFO - DAG(s) 'example_sla_dag' retrieved from /home/airflow/.local/lib/python3.12/site-packages/airflow/example_dags/example_sla_dag.py
[2024-05-26T11:22:02.361+0000] {logging_mixin.py:188} INFO - [2024-05-26T11:22:02.361+0000] {dag.py:3096} INFO - Sync 1 DAGs
[2024-05-26T11:22:02.383+0000] {logging_mixin.py:188} INFO - [2024-05-26T11:22:02.383+0000] {dag.py:3954} INFO - Setting next_dagrun for example_sla_dag to 2024-05-26 11:20:00+00:00, run_after=2024-05-26 11:22:00+00:00
[2024-05-26T11:22:02.403+0000] {processor.py:183} INFO - Processing /home/airflow/.local/lib/python3.12/site-packages/airflow/example_dags/example_sla_dag.py took 0.078 seconds
[2024-05-26T11:22:33.382+0000] {processor.py:161} INFO - Started process (PID=2203) to work on /home/airflow/.local/lib/python3.12/site-packages/airflow/example_dags/example_sla_dag.py
[2024-05-26T11:22:33.385+0000] {processor.py:830} INFO - Processing file /home/airflow/.local/lib/python3.12/site-packages/airflow/example_dags/example_sla_dag.py for tasks to queue
[2024-05-26T11:22:33.389+0000] {logging_mixin.py:188} INFO - [2024-05-26T11:22:33.389+0000] {dagbag.py:545} INFO - Filling up the DagBag from /home/airflow/.local/lib/python3.12/site-packages/airflow/example_dags/example_sla_dag.py
[2024-05-26T11:22:33.404+0000] {processor.py:840} INFO - DAG(s) 'example_sla_dag' retrieved from /home/airflow/.local/lib/python3.12/site-packages/airflow/example_dags/example_sla_dag.py
[2024-05-26T11:22:33.433+0000] {logging_mixin.py:188} INFO - [2024-05-26T11:22:33.433+0000] {dag.py:3096} INFO - Sync 1 DAGs
[2024-05-26T11:22:33.476+0000] {logging_mixin.py:188} INFO - [2024-05-26T11:22:33.476+0000] {dag.py:3954} INFO - Setting next_dagrun for example_sla_dag to 2024-05-26 11:20:00+00:00, run_after=2024-05-26 11:22:00+00:00
[2024-05-26T11:22:33.506+0000] {processor.py:183} INFO - Processing /home/airflow/.local/lib/python3.12/site-packages/airflow/example_dags/example_sla_dag.py took 0.135 seconds
[2024-05-26T11:23:04.196+0000] {processor.py:161} INFO - Started process (PID=2471) to work on /home/airflow/.local/lib/python3.12/site-packages/airflow/example_dags/example_sla_dag.py
[2024-05-26T11:23:04.197+0000] {processor.py:830} INFO - Processing file /home/airflow/.local/lib/python3.12/site-packages/airflow/example_dags/example_sla_dag.py for tasks to queue
[2024-05-26T11:23:04.199+0000] {logging_mixin.py:188} INFO - [2024-05-26T11:23:04.199+0000] {dagbag.py:545} INFO - Filling up the DagBag from /home/airflow/.local/lib/python3.12/site-packages/airflow/example_dags/example_sla_dag.py
[2024-05-26T11:23:04.206+0000] {processor.py:840} INFO - DAG(s) 'example_sla_dag' retrieved from /home/airflow/.local/lib/python3.12/site-packages/airflow/example_dags/example_sla_dag.py
[2024-05-26T11:23:04.223+0000] {logging_mixin.py:188} INFO - [2024-05-26T11:23:04.223+0000] {dag.py:3096} INFO - Sync 1 DAGs
[2024-05-26T11:23:04.248+0000] {logging_mixin.py:188} INFO - [2024-05-26T11:23:04.248+0000] {dag.py:3954} INFO - Setting next_dagrun for example_sla_dag to 2024-05-26 11:20:00+00:00, run_after=2024-05-26 11:22:00+00:00
[2024-05-26T11:23:04.267+0000] {processor.py:183} INFO - Processing /home/airflow/.local/lib/python3.12/site-packages/airflow/example_dags/example_sla_dag.py took 0.075 seconds
[2024-05-26T11:23:34.411+0000] {processor.py:161} INFO - Started process (PID=2739) to work on /home/airflow/.local/lib/python3.12/site-packages/airflow/example_dags/example_sla_dag.py
[2024-05-26T11:23:34.413+0000] {processor.py:830} INFO - Processing file /home/airflow/.local/lib/python3.12/site-packages/airflow/example_dags/example_sla_dag.py for tasks to queue
[2024-05-26T11:23:34.414+0000] {logging_mixin.py:188} INFO - [2024-05-26T11:23:34.414+0000] {dagbag.py:545} INFO - Filling up the DagBag from /home/airflow/.local/lib/python3.12/site-packages/airflow/example_dags/example_sla_dag.py
[2024-05-26T11:23:34.424+0000] {processor.py:840} INFO - DAG(s) 'example_sla_dag' retrieved from /home/airflow/.local/lib/python3.12/site-packages/airflow/example_dags/example_sla_dag.py
[2024-05-26T11:23:34.445+0000] {logging_mixin.py:188} INFO - [2024-05-26T11:23:34.445+0000] {dag.py:3096} INFO - Sync 1 DAGs
[2024-05-26T11:23:34.469+0000] {logging_mixin.py:188} INFO - [2024-05-26T11:23:34.468+0000] {dag.py:3954} INFO - Setting next_dagrun for example_sla_dag to 2024-05-26 11:20:00+00:00, run_after=2024-05-26 11:22:00+00:00
[2024-05-26T11:23:34.494+0000] {processor.py:183} INFO - Processing /home/airflow/.local/lib/python3.12/site-packages/airflow/example_dags/example_sla_dag.py took 0.089 seconds
[2024-05-26T11:24:04.689+0000] {processor.py:161} INFO - Started process (PID=3007) to work on /home/airflow/.local/lib/python3.12/site-packages/airflow/example_dags/example_sla_dag.py
[2024-05-26T11:24:04.690+0000] {processor.py:830} INFO - Processing file /home/airflow/.local/lib/python3.12/site-packages/airflow/example_dags/example_sla_dag.py for tasks to queue
[2024-05-26T11:24:04.692+0000] {logging_mixin.py:188} INFO - [2024-05-26T11:24:04.692+0000] {dagbag.py:545} INFO - Filling up the DagBag from /home/airflow/.local/lib/python3.12/site-packages/airflow/example_dags/example_sla_dag.py
[2024-05-26T11:24:04.699+0000] {processor.py:840} INFO - DAG(s) 'example_sla_dag' retrieved from /home/airflow/.local/lib/python3.12/site-packages/airflow/example_dags/example_sla_dag.py
[2024-05-26T11:24:04.720+0000] {logging_mixin.py:188} INFO - [2024-05-26T11:24:04.720+0000] {dag.py:3096} INFO - Sync 1 DAGs
[2024-05-26T11:24:04.746+0000] {logging_mixin.py:188} INFO - [2024-05-26T11:24:04.746+0000] {dag.py:3954} INFO - Setting next_dagrun for example_sla_dag to 2024-05-26 11:22:00+00:00, run_after=2024-05-26 11:24:00+00:00
[2024-05-26T11:24:04.766+0000] {processor.py:183} INFO - Processing /home/airflow/.local/lib/python3.12/site-packages/airflow/example_dags/example_sla_dag.py took 0.082 seconds
[2024-05-26T11:24:36.037+0000] {processor.py:161} INFO - Started process (PID=3277) to work on /home/airflow/.local/lib/python3.12/site-packages/airflow/example_dags/example_sla_dag.py
[2024-05-26T11:24:36.038+0000] {processor.py:830} INFO - Processing file /home/airflow/.local/lib/python3.12/site-packages/airflow/example_dags/example_sla_dag.py for tasks to queue
[2024-05-26T11:24:36.041+0000] {logging_mixin.py:188} INFO - [2024-05-26T11:24:36.040+0000] {dagbag.py:545} INFO - Filling up the DagBag from /home/airflow/.local/lib/python3.12/site-packages/airflow/example_dags/example_sla_dag.py
[2024-05-26T11:24:36.049+0000] {processor.py:840} INFO - DAG(s) 'example_sla_dag' retrieved from /home/airflow/.local/lib/python3.12/site-packages/airflow/example_dags/example_sla_dag.py
[2024-05-26T11:24:36.074+0000] {logging_mixin.py:188} INFO - [2024-05-26T11:24:36.074+0000] {dag.py:3096} INFO - Sync 1 DAGs
[2024-05-26T11:24:36.097+0000] {logging_mixin.py:188} INFO - [2024-05-26T11:24:36.097+0000] {dag.py:3954} INFO - Setting next_dagrun for example_sla_dag to 2024-05-26 11:22:00+00:00, run_after=2024-05-26 11:24:00+00:00
[2024-05-26T11:24:36.116+0000] {processor.py:183} INFO - Processing /home/airflow/.local/lib/python3.12/site-packages/airflow/example_dags/example_sla_dag.py took 0.084 seconds
[2024-05-26T11:25:06.693+0000] {processor.py:161} INFO - Started process (PID=3543) to work on /home/airflow/.local/lib/python3.12/site-packages/airflow/example_dags/example_sla_dag.py
[2024-05-26T11:25:06.694+0000] {processor.py:830} INFO - Processing file /home/airflow/.local/lib/python3.12/site-packages/airflow/example_dags/example_sla_dag.py for tasks to queue
[2024-05-26T11:25:06.696+0000] {logging_mixin.py:188} INFO - [2024-05-26T11:25:06.696+0000] {dagbag.py:545} INFO - Filling up the DagBag from /home/airflow/.local/lib/python3.12/site-packages/airflow/example_dags/example_sla_dag.py
[2024-05-26T11:25:06.704+0000] {processor.py:840} INFO - DAG(s) 'example_sla_dag' retrieved from /home/airflow/.local/lib/python3.12/site-packages/airflow/example_dags/example_sla_dag.py
[2024-05-26T11:25:06.726+0000] {logging_mixin.py:188} INFO - [2024-05-26T11:25:06.725+0000] {dag.py:3096} INFO - Sync 1 DAGs
[2024-05-26T11:25:06.751+0000] {logging_mixin.py:188} INFO - [2024-05-26T11:25:06.751+0000] {dag.py:3954} INFO - Setting next_dagrun for example_sla_dag to 2024-05-26 11:22:00+00:00, run_after=2024-05-26 11:24:00+00:00
[2024-05-26T11:25:06.771+0000] {processor.py:183} INFO - Processing /home/airflow/.local/lib/python3.12/site-packages/airflow/example_dags/example_sla_dag.py took 0.083 seconds
[2024-05-26T11:25:37.029+0000] {processor.py:161} INFO - Started process (PID=3811) to work on /home/airflow/.local/lib/python3.12/site-packages/airflow/example_dags/example_sla_dag.py
[2024-05-26T11:25:37.030+0000] {processor.py:830} INFO - Processing file /home/airflow/.local/lib/python3.12/site-packages/airflow/example_dags/example_sla_dag.py for tasks to queue
[2024-05-26T11:25:37.033+0000] {logging_mixin.py:188} INFO - [2024-05-26T11:25:37.032+0000] {dagbag.py:545} INFO - Filling up the DagBag from /home/airflow/.local/lib/python3.12/site-packages/airflow/example_dags/example_sla_dag.py
[2024-05-26T11:25:37.042+0000] {processor.py:840} INFO - DAG(s) 'example_sla_dag' retrieved from /home/airflow/.local/lib/python3.12/site-packages/airflow/example_dags/example_sla_dag.py
[2024-05-26T11:25:37.064+0000] {logging_mixin.py:188} INFO - [2024-05-26T11:25:37.064+0000] {dag.py:3096} INFO - Sync 1 DAGs
[2024-05-26T11:25:37.095+0000] {logging_mixin.py:188} INFO - [2024-05-26T11:25:37.095+0000] {dag.py:3954} INFO - Setting next_dagrun for example_sla_dag to 2024-05-26 11:22:00+00:00, run_after=2024-05-26 11:24:00+00:00
[2024-05-26T11:25:37.120+0000] {processor.py:183} INFO - Processing /home/airflow/.local/lib/python3.12/site-packages/airflow/example_dags/example_sla_dag.py took 0.098 seconds
[2024-05-26T11:26:08.326+0000] {processor.py:161} INFO - Started process (PID=4081) to work on /home/airflow/.local/lib/python3.12/site-packages/airflow/example_dags/example_sla_dag.py
[2024-05-26T11:26:08.327+0000] {processor.py:830} INFO - Processing file /home/airflow/.local/lib/python3.12/site-packages/airflow/example_dags/example_sla_dag.py for tasks to queue
[2024-05-26T11:26:08.329+0000] {logging_mixin.py:188} INFO - [2024-05-26T11:26:08.329+0000] {dagbag.py:545} INFO - Filling up the DagBag from /home/airflow/.local/lib/python3.12/site-packages/airflow/example_dags/example_sla_dag.py
[2024-05-26T11:26:08.338+0000] {processor.py:840} INFO - DAG(s) 'example_sla_dag' retrieved from /home/airflow/.local/lib/python3.12/site-packages/airflow/example_dags/example_sla_dag.py
[2024-05-26T11:26:08.360+0000] {logging_mixin.py:188} INFO - [2024-05-26T11:26:08.359+0000] {dag.py:3096} INFO - Sync 1 DAGs
[2024-05-26T11:26:08.384+0000] {logging_mixin.py:188} INFO - [2024-05-26T11:26:08.384+0000] {dag.py:3954} INFO - Setting next_dagrun for example_sla_dag to 2024-05-26 11:24:00+00:00, run_after=2024-05-26 11:26:00+00:00
[2024-05-26T11:26:08.406+0000] {processor.py:183} INFO - Processing /home/airflow/.local/lib/python3.12/site-packages/airflow/example_dags/example_sla_dag.py took 0.086 seconds
[2024-05-26T11:26:39.524+0000] {processor.py:161} INFO - Started process (PID=4347) to work on /home/airflow/.local/lib/python3.12/site-packages/airflow/example_dags/example_sla_dag.py
[2024-05-26T11:26:39.525+0000] {processor.py:830} INFO - Processing file /home/airflow/.local/lib/python3.12/site-packages/airflow/example_dags/example_sla_dag.py for tasks to queue
[2024-05-26T11:26:39.527+0000] {logging_mixin.py:188} INFO - [2024-05-26T11:26:39.527+0000] {dagbag.py:545} INFO - Filling up the DagBag from /home/airflow/.local/lib/python3.12/site-packages/airflow/example_dags/example_sla_dag.py
[2024-05-26T11:26:39.538+0000] {processor.py:840} INFO - DAG(s) 'example_sla_dag' retrieved from /home/airflow/.local/lib/python3.12/site-packages/airflow/example_dags/example_sla_dag.py
[2024-05-26T11:26:39.563+0000] {logging_mixin.py:188} INFO - [2024-05-26T11:26:39.562+0000] {dag.py:3096} INFO - Sync 1 DAGs
[2024-05-26T11:26:39.593+0000] {logging_mixin.py:188} INFO - [2024-05-26T11:26:39.593+0000] {dag.py:3954} INFO - Setting next_dagrun for example_sla_dag to 2024-05-26 11:24:00+00:00, run_after=2024-05-26 11:26:00+00:00
[2024-05-26T11:26:39.619+0000] {processor.py:183} INFO - Processing /home/airflow/.local/lib/python3.12/site-packages/airflow/example_dags/example_sla_dag.py took 0.102 seconds
[2024-05-26T11:27:10.636+0000] {processor.py:161} INFO - Started process (PID=4615) to work on /home/airflow/.local/lib/python3.12/site-packages/airflow/example_dags/example_sla_dag.py
[2024-05-26T11:27:10.638+0000] {processor.py:830} INFO - Processing file /home/airflow/.local/lib/python3.12/site-packages/airflow/example_dags/example_sla_dag.py for tasks to queue
[2024-05-26T11:27:10.641+0000] {logging_mixin.py:188} INFO - [2024-05-26T11:27:10.640+0000] {dagbag.py:545} INFO - Filling up the DagBag from /home/airflow/.local/lib/python3.12/site-packages/airflow/example_dags/example_sla_dag.py
[2024-05-26T11:27:10.655+0000] {processor.py:840} INFO - DAG(s) 'example_sla_dag' retrieved from /home/airflow/.local/lib/python3.12/site-packages/airflow/example_dags/example_sla_dag.py
[2024-05-26T11:27:10.684+0000] {logging_mixin.py:188} INFO - [2024-05-26T11:27:10.683+0000] {dag.py:3096} INFO - Sync 1 DAGs
[2024-05-26T11:27:10.721+0000] {logging_mixin.py:188} INFO - [2024-05-26T11:27:10.721+0000] {dag.py:3954} INFO - Setting next_dagrun for example_sla_dag to 2024-05-26 11:24:00+00:00, run_after=2024-05-26 11:26:00+00:00
[2024-05-26T11:27:10.751+0000] {processor.py:183} INFO - Processing /home/airflow/.local/lib/python3.12/site-packages/airflow/example_dags/example_sla_dag.py took 0.123 seconds
[2024-05-26T11:27:41.495+0000] {processor.py:161} INFO - Started process (PID=4883) to work on /home/airflow/.local/lib/python3.12/site-packages/airflow/example_dags/example_sla_dag.py
[2024-05-26T11:27:41.496+0000] {processor.py:830} INFO - Processing file /home/airflow/.local/lib/python3.12/site-packages/airflow/example_dags/example_sla_dag.py for tasks to queue
[2024-05-26T11:27:41.498+0000] {logging_mixin.py:188} INFO - [2024-05-26T11:27:41.498+0000] {dagbag.py:545} INFO - Filling up the DagBag from /home/airflow/.local/lib/python3.12/site-packages/airflow/example_dags/example_sla_dag.py
[2024-05-26T11:27:41.507+0000] {processor.py:840} INFO - DAG(s) 'example_sla_dag' retrieved from /home/airflow/.local/lib/python3.12/site-packages/airflow/example_dags/example_sla_dag.py
[2024-05-26T11:27:41.528+0000] {logging_mixin.py:188} INFO - [2024-05-26T11:27:41.528+0000] {dag.py:3096} INFO - Sync 1 DAGs
[2024-05-26T11:27:41.554+0000] {logging_mixin.py:188} INFO - [2024-05-26T11:27:41.554+0000] {dag.py:3954} INFO - Setting next_dagrun for example_sla_dag to 2024-05-26 11:24:00+00:00, run_after=2024-05-26 11:26:00+00:00
[2024-05-26T11:27:41.576+0000] {processor.py:183} INFO - Processing /home/airflow/.local/lib/python3.12/site-packages/airflow/example_dags/example_sla_dag.py took 0.088 seconds
[2024-05-26T11:28:12.639+0000] {processor.py:161} INFO - Started process (PID=5151) to work on /home/airflow/.local/lib/python3.12/site-packages/airflow/example_dags/example_sla_dag.py
[2024-05-26T11:28:12.640+0000] {processor.py:830} INFO - Processing file /home/airflow/.local/lib/python3.12/site-packages/airflow/example_dags/example_sla_dag.py for tasks to queue
[2024-05-26T11:28:12.643+0000] {logging_mixin.py:188} INFO - [2024-05-26T11:28:12.642+0000] {dagbag.py:545} INFO - Filling up the DagBag from /home/airflow/.local/lib/python3.12/site-packages/airflow/example_dags/example_sla_dag.py
[2024-05-26T11:28:12.651+0000] {processor.py:840} INFO - DAG(s) 'example_sla_dag' retrieved from /home/airflow/.local/lib/python3.12/site-packages/airflow/example_dags/example_sla_dag.py
[2024-05-26T11:28:12.672+0000] {logging_mixin.py:188} INFO - [2024-05-26T11:28:12.671+0000] {dag.py:3096} INFO - Sync 1 DAGs
[2024-05-26T11:28:12.696+0000] {logging_mixin.py:188} INFO - [2024-05-26T11:28:12.696+0000] {dag.py:3954} INFO - Setting next_dagrun for example_sla_dag to 2024-05-26 11:26:00+00:00, run_after=2024-05-26 11:28:00+00:00
[2024-05-26T11:28:12.720+0000] {processor.py:183} INFO - Processing /home/airflow/.local/lib/python3.12/site-packages/airflow/example_dags/example_sla_dag.py took 0.088 seconds
[2024-05-26T11:28:42.784+0000] {processor.py:161} INFO - Started process (PID=5415) to work on /home/airflow/.local/lib/python3.12/site-packages/airflow/example_dags/example_sla_dag.py
[2024-05-26T11:28:42.785+0000] {processor.py:830} INFO - Processing file /home/airflow/.local/lib/python3.12/site-packages/airflow/example_dags/example_sla_dag.py for tasks to queue
[2024-05-26T11:28:42.787+0000] {logging_mixin.py:188} INFO - [2024-05-26T11:28:42.787+0000] {dagbag.py:545} INFO - Filling up the DagBag from /home/airflow/.local/lib/python3.12/site-packages/airflow/example_dags/example_sla_dag.py
[2024-05-26T11:28:42.796+0000] {processor.py:840} INFO - DAG(s) 'example_sla_dag' retrieved from /home/airflow/.local/lib/python3.12/site-packages/airflow/example_dags/example_sla_dag.py
[2024-05-26T11:28:42.816+0000] {logging_mixin.py:188} INFO - [2024-05-26T11:28:42.815+0000] {dag.py:3096} INFO - Sync 1 DAGs
[2024-05-26T11:28:42.841+0000] {logging_mixin.py:188} INFO - [2024-05-26T11:28:42.841+0000] {dag.py:3954} INFO - Setting next_dagrun for example_sla_dag to 2024-05-26 11:26:00+00:00, run_after=2024-05-26 11:28:00+00:00
[2024-05-26T11:28:42.863+0000] {processor.py:183} INFO - Processing /home/airflow/.local/lib/python3.12/site-packages/airflow/example_dags/example_sla_dag.py took 0.085 seconds
[2024-05-26T11:29:12.951+0000] {processor.py:161} INFO - Started process (PID=5683) to work on /home/airflow/.local/lib/python3.12/site-packages/airflow/example_dags/example_sla_dag.py
[2024-05-26T11:29:12.953+0000] {processor.py:830} INFO - Processing file /home/airflow/.local/lib/python3.12/site-packages/airflow/example_dags/example_sla_dag.py for tasks to queue
[2024-05-26T11:29:12.954+0000] {logging_mixin.py:188} INFO - [2024-05-26T11:29:12.954+0000] {dagbag.py:545} INFO - Filling up the DagBag from /home/airflow/.local/lib/python3.12/site-packages/airflow/example_dags/example_sla_dag.py
[2024-05-26T11:29:12.962+0000] {processor.py:840} INFO - DAG(s) 'example_sla_dag' retrieved from /home/airflow/.local/lib/python3.12/site-packages/airflow/example_dags/example_sla_dag.py
[2024-05-26T11:29:12.981+0000] {logging_mixin.py:188} INFO - [2024-05-26T11:29:12.981+0000] {dag.py:3096} INFO - Sync 1 DAGs
[2024-05-26T11:29:13.003+0000] {logging_mixin.py:188} INFO - [2024-05-26T11:29:13.003+0000] {dag.py:3954} INFO - Setting next_dagrun for example_sla_dag to 2024-05-26 11:26:00+00:00, run_after=2024-05-26 11:28:00+00:00
[2024-05-26T11:29:13.023+0000] {processor.py:183} INFO - Processing /home/airflow/.local/lib/python3.12/site-packages/airflow/example_dags/example_sla_dag.py took 0.078 seconds
[2024-05-26T11:29:43.401+0000] {processor.py:161} INFO - Started process (PID=5949) to work on /home/airflow/.local/lib/python3.12/site-packages/airflow/example_dags/example_sla_dag.py
[2024-05-26T11:29:43.403+0000] {processor.py:830} INFO - Processing file /home/airflow/.local/lib/python3.12/site-packages/airflow/example_dags/example_sla_dag.py for tasks to queue
[2024-05-26T11:29:43.405+0000] {logging_mixin.py:188} INFO - [2024-05-26T11:29:43.405+0000] {dagbag.py:545} INFO - Filling up the DagBag from /home/airflow/.local/lib/python3.12/site-packages/airflow/example_dags/example_sla_dag.py
[2024-05-26T11:29:43.414+0000] {processor.py:840} INFO - DAG(s) 'example_sla_dag' retrieved from /home/airflow/.local/lib/python3.12/site-packages/airflow/example_dags/example_sla_dag.py
[2024-05-26T11:29:43.432+0000] {logging_mixin.py:188} INFO - [2024-05-26T11:29:43.432+0000] {dag.py:3096} INFO - Sync 1 DAGs
[2024-05-26T11:29:43.455+0000] {logging_mixin.py:188} INFO - [2024-05-26T11:29:43.455+0000] {dag.py:3954} INFO - Setting next_dagrun for example_sla_dag to 2024-05-26 11:26:00+00:00, run_after=2024-05-26 11:28:00+00:00
[2024-05-26T11:29:43.474+0000] {processor.py:183} INFO - Processing /home/airflow/.local/lib/python3.12/site-packages/airflow/example_dags/example_sla_dag.py took 0.078 seconds
[2024-05-26T11:30:13.549+0000] {processor.py:161} INFO - Started process (PID=6217) to work on /home/airflow/.local/lib/python3.12/site-packages/airflow/example_dags/example_sla_dag.py
[2024-05-26T11:30:13.551+0000] {processor.py:830} INFO - Processing file /home/airflow/.local/lib/python3.12/site-packages/airflow/example_dags/example_sla_dag.py for tasks to queue
[2024-05-26T11:30:13.553+0000] {logging_mixin.py:188} INFO - [2024-05-26T11:30:13.553+0000] {dagbag.py:545} INFO - Filling up the DagBag from /home/airflow/.local/lib/python3.12/site-packages/airflow/example_dags/example_sla_dag.py
[2024-05-26T11:30:13.561+0000] {processor.py:840} INFO - DAG(s) 'example_sla_dag' retrieved from /home/airflow/.local/lib/python3.12/site-packages/airflow/example_dags/example_sla_dag.py
[2024-05-26T11:30:13.582+0000] {logging_mixin.py:188} INFO - [2024-05-26T11:30:13.582+0000] {dag.py:3096} INFO - Sync 1 DAGs
[2024-05-26T11:30:13.607+0000] {logging_mixin.py:188} INFO - [2024-05-26T11:30:13.606+0000] {dag.py:3954} INFO - Setting next_dagrun for example_sla_dag to 2024-05-26 11:28:00+00:00, run_after=2024-05-26 11:30:00+00:00
[2024-05-26T11:30:13.629+0000] {processor.py:183} INFO - Processing /home/airflow/.local/lib/python3.12/site-packages/airflow/example_dags/example_sla_dag.py took 0.086 seconds
[2024-05-26T11:30:44.230+0000] {processor.py:161} INFO - Started process (PID=6485) to work on /home/airflow/.local/lib/python3.12/site-packages/airflow/example_dags/example_sla_dag.py
[2024-05-26T11:30:44.231+0000] {processor.py:830} INFO - Processing file /home/airflow/.local/lib/python3.12/site-packages/airflow/example_dags/example_sla_dag.py for tasks to queue
[2024-05-26T11:30:44.233+0000] {logging_mixin.py:188} INFO - [2024-05-26T11:30:44.233+0000] {dagbag.py:545} INFO - Filling up the DagBag from /home/airflow/.local/lib/python3.12/site-packages/airflow/example_dags/example_sla_dag.py
[2024-05-26T11:30:44.241+0000] {processor.py:840} INFO - DAG(s) 'example_sla_dag' retrieved from /home/airflow/.local/lib/python3.12/site-packages/airflow/example_dags/example_sla_dag.py
[2024-05-26T11:30:44.383+0000] {logging_mixin.py:188} INFO - [2024-05-26T11:30:44.383+0000] {dag.py:3096} INFO - Sync 1 DAGs
[2024-05-26T11:30:44.402+0000] {logging_mixin.py:188} INFO - [2024-05-26T11:30:44.402+0000] {dag.py:3954} INFO - Setting next_dagrun for example_sla_dag to 2024-05-26 11:28:00+00:00, run_after=2024-05-26 11:30:00+00:00
[2024-05-26T11:30:44.422+0000] {processor.py:183} INFO - Processing /home/airflow/.local/lib/python3.12/site-packages/airflow/example_dags/example_sla_dag.py took 0.197 seconds
[2024-05-26T11:31:15.119+0000] {processor.py:161} INFO - Started process (PID=6753) to work on /home/airflow/.local/lib/python3.12/site-packages/airflow/example_dags/example_sla_dag.py
[2024-05-26T11:31:15.121+0000] {processor.py:830} INFO - Processing file /home/airflow/.local/lib/python3.12/site-packages/airflow/example_dags/example_sla_dag.py for tasks to queue
[2024-05-26T11:31:15.122+0000] {logging_mixin.py:188} INFO - [2024-05-26T11:31:15.122+0000] {dagbag.py:545} INFO - Filling up the DagBag from /home/airflow/.local/lib/python3.12/site-packages/airflow/example_dags/example_sla_dag.py
[2024-05-26T11:31:15.128+0000] {processor.py:840} INFO - DAG(s) 'example_sla_dag' retrieved from /home/airflow/.local/lib/python3.12/site-packages/airflow/example_dags/example_sla_dag.py
[2024-05-26T11:31:15.143+0000] {logging_mixin.py:188} INFO - [2024-05-26T11:31:15.142+0000] {dag.py:3096} INFO - Sync 1 DAGs
[2024-05-26T11:31:15.165+0000] {logging_mixin.py:188} INFO - [2024-05-26T11:31:15.165+0000] {dag.py:3954} INFO - Setting next_dagrun for example_sla_dag to 2024-05-26 11:28:00+00:00, run_after=2024-05-26 11:30:00+00:00
[2024-05-26T11:31:15.184+0000] {processor.py:183} INFO - Processing /home/airflow/.local/lib/python3.12/site-packages/airflow/example_dags/example_sla_dag.py took 0.069 seconds
[2024-05-26T11:31:45.631+0000] {processor.py:161} INFO - Started process (PID=7023) to work on /home/airflow/.local/lib/python3.12/site-packages/airflow/example_dags/example_sla_dag.py
[2024-05-26T11:31:45.633+0000] {processor.py:830} INFO - Processing file /home/airflow/.local/lib/python3.12/site-packages/airflow/example_dags/example_sla_dag.py for tasks to queue
[2024-05-26T11:31:45.638+0000] {logging_mixin.py:188} INFO - [2024-05-26T11:31:45.637+0000] {dagbag.py:545} INFO - Filling up the DagBag from /home/airflow/.local/lib/python3.12/site-packages/airflow/example_dags/example_sla_dag.py
[2024-05-26T11:31:45.656+0000] {processor.py:840} INFO - DAG(s) 'example_sla_dag' retrieved from /home/airflow/.local/lib/python3.12/site-packages/airflow/example_dags/example_sla_dag.py
[2024-05-26T11:31:45.708+0000] {logging_mixin.py:188} INFO - [2024-05-26T11:31:45.708+0000] {dag.py:3096} INFO - Sync 1 DAGs
[2024-05-26T11:31:45.746+0000] {logging_mixin.py:188} INFO - [2024-05-26T11:31:45.745+0000] {dag.py:3954} INFO - Setting next_dagrun for example_sla_dag to 2024-05-26 11:28:00+00:00, run_after=2024-05-26 11:30:00+00:00
[2024-05-26T11:31:45.794+0000] {processor.py:183} INFO - Processing /home/airflow/.local/lib/python3.12/site-packages/airflow/example_dags/example_sla_dag.py took 0.172 seconds
[2024-05-26T11:32:15.876+0000] {processor.py:161} INFO - Started process (PID=7289) to work on /home/airflow/.local/lib/python3.12/site-packages/airflow/example_dags/example_sla_dag.py
[2024-05-26T11:32:15.879+0000] {processor.py:830} INFO - Processing file /home/airflow/.local/lib/python3.12/site-packages/airflow/example_dags/example_sla_dag.py for tasks to queue
[2024-05-26T11:32:15.881+0000] {logging_mixin.py:188} INFO - [2024-05-26T11:32:15.881+0000] {dagbag.py:545} INFO - Filling up the DagBag from /home/airflow/.local/lib/python3.12/site-packages/airflow/example_dags/example_sla_dag.py
[2024-05-26T11:32:15.891+0000] {processor.py:840} INFO - DAG(s) 'example_sla_dag' retrieved from /home/airflow/.local/lib/python3.12/site-packages/airflow/example_dags/example_sla_dag.py
[2024-05-26T11:32:15.911+0000] {logging_mixin.py:188} INFO - [2024-05-26T11:32:15.910+0000] {dag.py:3096} INFO - Sync 1 DAGs
[2024-05-26T11:32:15.938+0000] {logging_mixin.py:188} INFO - [2024-05-26T11:32:15.938+0000] {dag.py:3954} INFO - Setting next_dagrun for example_sla_dag to 2024-05-26 11:30:00+00:00, run_after=2024-05-26 11:32:00+00:00
[2024-05-26T11:32:15.965+0000] {processor.py:183} INFO - Processing /home/airflow/.local/lib/python3.12/site-packages/airflow/example_dags/example_sla_dag.py took 0.093 seconds
[2024-05-26T11:32:46.687+0000] {processor.py:161} INFO - Started process (PID=7557) to work on /home/airflow/.local/lib/python3.12/site-packages/airflow/example_dags/example_sla_dag.py
[2024-05-26T11:32:46.688+0000] {processor.py:830} INFO - Processing file /home/airflow/.local/lib/python3.12/site-packages/airflow/example_dags/example_sla_dag.py for tasks to queue
[2024-05-26T11:32:46.690+0000] {logging_mixin.py:188} INFO - [2024-05-26T11:32:46.690+0000] {dagbag.py:545} INFO - Filling up the DagBag from /home/airflow/.local/lib/python3.12/site-packages/airflow/example_dags/example_sla_dag.py
[2024-05-26T11:32:46.697+0000] {processor.py:840} INFO - DAG(s) 'example_sla_dag' retrieved from /home/airflow/.local/lib/python3.12/site-packages/airflow/example_dags/example_sla_dag.py
[2024-05-26T11:32:46.715+0000] {logging_mixin.py:188} INFO - [2024-05-26T11:32:46.714+0000] {dag.py:3096} INFO - Sync 1 DAGs
[2024-05-26T11:32:46.735+0000] {logging_mixin.py:188} INFO - [2024-05-26T11:32:46.735+0000] {dag.py:3954} INFO - Setting next_dagrun for example_sla_dag to 2024-05-26 11:30:00+00:00, run_after=2024-05-26 11:32:00+00:00
[2024-05-26T11:32:46.757+0000] {processor.py:183} INFO - Processing /home/airflow/.local/lib/python3.12/site-packages/airflow/example_dags/example_sla_dag.py took 0.075 seconds
[2024-05-26T11:33:16.919+0000] {processor.py:161} INFO - Started process (PID=7825) to work on /home/airflow/.local/lib/python3.12/site-packages/airflow/example_dags/example_sla_dag.py
[2024-05-26T11:33:16.920+0000] {processor.py:830} INFO - Processing file /home/airflow/.local/lib/python3.12/site-packages/airflow/example_dags/example_sla_dag.py for tasks to queue
[2024-05-26T11:33:16.923+0000] {logging_mixin.py:188} INFO - [2024-05-26T11:33:16.922+0000] {dagbag.py:545} INFO - Filling up the DagBag from /home/airflow/.local/lib/python3.12/site-packages/airflow/example_dags/example_sla_dag.py
[2024-05-26T11:33:16.930+0000] {processor.py:840} INFO - DAG(s) 'example_sla_dag' retrieved from /home/airflow/.local/lib/python3.12/site-packages/airflow/example_dags/example_sla_dag.py
[2024-05-26T11:33:16.948+0000] {logging_mixin.py:188} INFO - [2024-05-26T11:33:16.948+0000] {dag.py:3096} INFO - Sync 1 DAGs
[2024-05-26T11:33:16.969+0000] {logging_mixin.py:188} INFO - [2024-05-26T11:33:16.969+0000] {dag.py:3954} INFO - Setting next_dagrun for example_sla_dag to 2024-05-26 11:30:00+00:00, run_after=2024-05-26 11:32:00+00:00
[2024-05-26T11:33:16.986+0000] {processor.py:183} INFO - Processing /home/airflow/.local/lib/python3.12/site-packages/airflow/example_dags/example_sla_dag.py took 0.072 seconds
[2024-05-26T11:33:47.449+0000] {processor.py:161} INFO - Started process (PID=8094) to work on /home/airflow/.local/lib/python3.12/site-packages/airflow/example_dags/example_sla_dag.py
[2024-05-26T11:33:47.450+0000] {processor.py:830} INFO - Processing file /home/airflow/.local/lib/python3.12/site-packages/airflow/example_dags/example_sla_dag.py for tasks to queue
[2024-05-26T11:33:47.452+0000] {logging_mixin.py:188} INFO - [2024-05-26T11:33:47.452+0000] {dagbag.py:545} INFO - Filling up the DagBag from /home/airflow/.local/lib/python3.12/site-packages/airflow/example_dags/example_sla_dag.py
[2024-05-26T11:33:47.461+0000] {processor.py:840} INFO - DAG(s) 'example_sla_dag' retrieved from /home/airflow/.local/lib/python3.12/site-packages/airflow/example_dags/example_sla_dag.py
[2024-05-26T11:33:47.482+0000] {logging_mixin.py:188} INFO - [2024-05-26T11:33:47.482+0000] {dag.py:3096} INFO - Sync 1 DAGs
[2024-05-26T11:33:47.507+0000] {logging_mixin.py:188} INFO - [2024-05-26T11:33:47.507+0000] {dag.py:3954} INFO - Setting next_dagrun for example_sla_dag to 2024-05-26 11:30:00+00:00, run_after=2024-05-26 11:32:00+00:00
[2024-05-26T11:33:47.525+0000] {processor.py:183} INFO - Processing /home/airflow/.local/lib/python3.12/site-packages/airflow/example_dags/example_sla_dag.py took 0.081 seconds
[2024-05-26T11:34:17.939+0000] {processor.py:161} INFO - Started process (PID=8363) to work on /home/airflow/.local/lib/python3.12/site-packages/airflow/example_dags/example_sla_dag.py
[2024-05-26T11:34:17.940+0000] {processor.py:830} INFO - Processing file /home/airflow/.local/lib/python3.12/site-packages/airflow/example_dags/example_sla_dag.py for tasks to queue
[2024-05-26T11:34:17.942+0000] {logging_mixin.py:188} INFO - [2024-05-26T11:34:17.942+0000] {dagbag.py:545} INFO - Filling up the DagBag from /home/airflow/.local/lib/python3.12/site-packages/airflow/example_dags/example_sla_dag.py
[2024-05-26T11:34:17.952+0000] {processor.py:840} INFO - DAG(s) 'example_sla_dag' retrieved from /home/airflow/.local/lib/python3.12/site-packages/airflow/example_dags/example_sla_dag.py
[2024-05-26T11:34:17.972+0000] {logging_mixin.py:188} INFO - [2024-05-26T11:34:17.972+0000] {dag.py:3096} INFO - Sync 1 DAGs
[2024-05-26T11:34:18.003+0000] {logging_mixin.py:188} INFO - [2024-05-26T11:34:18.003+0000] {dag.py:3954} INFO - Setting next_dagrun for example_sla_dag to 2024-05-26 11:32:00+00:00, run_after=2024-05-26 11:34:00+00:00
[2024-05-26T11:34:18.027+0000] {processor.py:183} INFO - Processing /home/airflow/.local/lib/python3.12/site-packages/airflow/example_dags/example_sla_dag.py took 0.093 seconds
