[2024-05-26T11:18:55.766+0000] {processor.py:161} INFO - Started process (PID=236) to work on /home/airflow/.local/lib/python3.12/site-packages/airflow/example_dags/example_short_circuit_operator.py
[2024-05-26T11:18:55.768+0000] {processor.py:830} INFO - Processing file /home/airflow/.local/lib/python3.12/site-packages/airflow/example_dags/example_short_circuit_operator.py for tasks to queue
[2024-05-26T11:18:55.770+0000] {logging_mixin.py:188} INFO - [2024-05-26T11:18:55.770+0000] {dagbag.py:545} INFO - Filling up the DagBag from /home/airflow/.local/lib/python3.12/site-packages/airflow/example_dags/example_short_circuit_operator.py
[2024-05-26T11:18:55.779+0000] {processor.py:840} INFO - DAG(s) 'example_short_circuit_operator' retrieved from /home/airflow/.local/lib/python3.12/site-packages/airflow/example_dags/example_short_circuit_operator.py
[2024-05-26T11:18:55.814+0000] {logging_mixin.py:188} INFO - [2024-05-26T11:18:55.813+0000] {dag.py:3096} INFO - Sync 1 DAGs
[2024-05-26T11:18:55.842+0000] {logging_mixin.py:188} INFO - [2024-05-26T11:18:55.842+0000] {dag.py:3954} INFO - Setting next_dagrun for example_short_circuit_operator to 2024-05-25 00:00:00+00:00, run_after=2024-05-26 00:00:00+00:00
[2024-05-26T11:18:55.878+0000] {processor.py:183} INFO - Processing /home/airflow/.local/lib/python3.12/site-packages/airflow/example_dags/example_short_circuit_operator.py took 0.120 seconds
[2024-05-26T11:19:26.369+0000] {processor.py:161} INFO - Started process (PID=504) to work on /home/airflow/.local/lib/python3.12/site-packages/airflow/example_dags/example_short_circuit_operator.py
[2024-05-26T11:19:26.371+0000] {processor.py:830} INFO - Processing file /home/airflow/.local/lib/python3.12/site-packages/airflow/example_dags/example_short_circuit_operator.py for tasks to queue
[2024-05-26T11:19:26.372+0000] {logging_mixin.py:188} INFO - [2024-05-26T11:19:26.372+0000] {dagbag.py:545} INFO - Filling up the DagBag from /home/airflow/.local/lib/python3.12/site-packages/airflow/example_dags/example_short_circuit_operator.py
[2024-05-26T11:19:26.380+0000] {processor.py:840} INFO - DAG(s) 'example_short_circuit_operator' retrieved from /home/airflow/.local/lib/python3.12/site-packages/airflow/example_dags/example_short_circuit_operator.py
[2024-05-26T11:19:26.404+0000] {logging_mixin.py:188} INFO - [2024-05-26T11:19:26.404+0000] {dag.py:3096} INFO - Sync 1 DAGs
[2024-05-26T11:19:26.428+0000] {logging_mixin.py:188} INFO - [2024-05-26T11:19:26.428+0000] {dag.py:3954} INFO - Setting next_dagrun for example_short_circuit_operator to 2024-05-25 00:00:00+00:00, run_after=2024-05-26 00:00:00+00:00
[2024-05-26T11:19:26.447+0000] {processor.py:183} INFO - Processing /home/airflow/.local/lib/python3.12/site-packages/airflow/example_dags/example_short_circuit_operator.py took 0.082 seconds
[2024-05-26T11:19:57.044+0000] {processor.py:161} INFO - Started process (PID=772) to work on /home/airflow/.local/lib/python3.12/site-packages/airflow/example_dags/example_short_circuit_operator.py
[2024-05-26T11:19:57.045+0000] {processor.py:830} INFO - Processing file /home/airflow/.local/lib/python3.12/site-packages/airflow/example_dags/example_short_circuit_operator.py for tasks to queue
[2024-05-26T11:19:57.047+0000] {logging_mixin.py:188} INFO - [2024-05-26T11:19:57.047+0000] {dagbag.py:545} INFO - Filling up the DagBag from /home/airflow/.local/lib/python3.12/site-packages/airflow/example_dags/example_short_circuit_operator.py
[2024-05-26T11:19:57.054+0000] {processor.py:840} INFO - DAG(s) 'example_short_circuit_operator' retrieved from /home/airflow/.local/lib/python3.12/site-packages/airflow/example_dags/example_short_circuit_operator.py
[2024-05-26T11:19:57.063+0000] {logging_mixin.py:188} INFO - [2024-05-26T11:19:57.063+0000] {dag.py:3096} INFO - Sync 1 DAGs
[2024-05-26T11:19:57.086+0000] {logging_mixin.py:188} INFO - [2024-05-26T11:19:57.085+0000] {dag.py:3954} INFO - Setting next_dagrun for example_short_circuit_operator to 2024-05-25 00:00:00+00:00, run_after=2024-05-26 00:00:00+00:00
[2024-05-26T11:19:57.104+0000] {processor.py:183} INFO - Processing /home/airflow/.local/lib/python3.12/site-packages/airflow/example_dags/example_short_circuit_operator.py took 0.065 seconds
[2024-05-26T11:20:28.017+0000] {processor.py:161} INFO - Started process (PID=1040) to work on /home/airflow/.local/lib/python3.12/site-packages/airflow/example_dags/example_short_circuit_operator.py
[2024-05-26T11:20:28.019+0000] {processor.py:830} INFO - Processing file /home/airflow/.local/lib/python3.12/site-packages/airflow/example_dags/example_short_circuit_operator.py for tasks to queue
[2024-05-26T11:20:28.021+0000] {logging_mixin.py:188} INFO - [2024-05-26T11:20:28.020+0000] {dagbag.py:545} INFO - Filling up the DagBag from /home/airflow/.local/lib/python3.12/site-packages/airflow/example_dags/example_short_circuit_operator.py
[2024-05-26T11:20:28.027+0000] {processor.py:840} INFO - DAG(s) 'example_short_circuit_operator' retrieved from /home/airflow/.local/lib/python3.12/site-packages/airflow/example_dags/example_short_circuit_operator.py
[2024-05-26T11:20:28.124+0000] {logging_mixin.py:188} INFO - [2024-05-26T11:20:28.124+0000] {dag.py:3096} INFO - Sync 1 DAGs
[2024-05-26T11:20:28.145+0000] {logging_mixin.py:188} INFO - [2024-05-26T11:20:28.145+0000] {dag.py:3954} INFO - Setting next_dagrun for example_short_circuit_operator to 2024-05-25 00:00:00+00:00, run_after=2024-05-26 00:00:00+00:00
[2024-05-26T11:20:28.165+0000] {processor.py:183} INFO - Processing /home/airflow/.local/lib/python3.12/site-packages/airflow/example_dags/example_short_circuit_operator.py took 0.154 seconds
[2024-05-26T11:20:58.593+0000] {processor.py:161} INFO - Started process (PID=1308) to work on /home/airflow/.local/lib/python3.12/site-packages/airflow/example_dags/example_short_circuit_operator.py
[2024-05-26T11:20:58.595+0000] {processor.py:830} INFO - Processing file /home/airflow/.local/lib/python3.12/site-packages/airflow/example_dags/example_short_circuit_operator.py for tasks to queue
[2024-05-26T11:20:58.596+0000] {logging_mixin.py:188} INFO - [2024-05-26T11:20:58.596+0000] {dagbag.py:545} INFO - Filling up the DagBag from /home/airflow/.local/lib/python3.12/site-packages/airflow/example_dags/example_short_circuit_operator.py
[2024-05-26T11:20:58.603+0000] {processor.py:840} INFO - DAG(s) 'example_short_circuit_operator' retrieved from /home/airflow/.local/lib/python3.12/site-packages/airflow/example_dags/example_short_circuit_operator.py
[2024-05-26T11:20:58.630+0000] {logging_mixin.py:188} INFO - [2024-05-26T11:20:58.630+0000] {dag.py:3096} INFO - Sync 1 DAGs
[2024-05-26T11:20:58.655+0000] {logging_mixin.py:188} INFO - [2024-05-26T11:20:58.655+0000] {dag.py:3954} INFO - Setting next_dagrun for example_short_circuit_operator to 2024-05-25 00:00:00+00:00, run_after=2024-05-26 00:00:00+00:00
[2024-05-26T11:20:58.674+0000] {processor.py:183} INFO - Processing /home/airflow/.local/lib/python3.12/site-packages/airflow/example_dags/example_short_circuit_operator.py took 0.086 seconds
[2024-05-26T11:21:29.399+0000] {processor.py:161} INFO - Started process (PID=1576) to work on /home/airflow/.local/lib/python3.12/site-packages/airflow/example_dags/example_short_circuit_operator.py
[2024-05-26T11:21:29.403+0000] {processor.py:830} INFO - Processing file /home/airflow/.local/lib/python3.12/site-packages/airflow/example_dags/example_short_circuit_operator.py for tasks to queue
[2024-05-26T11:21:29.406+0000] {logging_mixin.py:188} INFO - [2024-05-26T11:21:29.406+0000] {dagbag.py:545} INFO - Filling up the DagBag from /home/airflow/.local/lib/python3.12/site-packages/airflow/example_dags/example_short_circuit_operator.py
[2024-05-26T11:21:29.415+0000] {processor.py:840} INFO - DAG(s) 'example_short_circuit_operator' retrieved from /home/airflow/.local/lib/python3.12/site-packages/airflow/example_dags/example_short_circuit_operator.py
[2024-05-26T11:21:29.441+0000] {logging_mixin.py:188} INFO - [2024-05-26T11:21:29.441+0000] {dag.py:3096} INFO - Sync 1 DAGs
[2024-05-26T11:21:29.465+0000] {logging_mixin.py:188} INFO - [2024-05-26T11:21:29.465+0000] {dag.py:3954} INFO - Setting next_dagrun for example_short_circuit_operator to 2024-05-25 00:00:00+00:00, run_after=2024-05-26 00:00:00+00:00
[2024-05-26T11:21:29.484+0000] {processor.py:183} INFO - Processing /home/airflow/.local/lib/python3.12/site-packages/airflow/example_dags/example_short_circuit_operator.py took 0.090 seconds
[2024-05-26T11:22:00.128+0000] {processor.py:161} INFO - Started process (PID=1844) to work on /home/airflow/.local/lib/python3.12/site-packages/airflow/example_dags/example_short_circuit_operator.py
[2024-05-26T11:22:00.129+0000] {processor.py:830} INFO - Processing file /home/airflow/.local/lib/python3.12/site-packages/airflow/example_dags/example_short_circuit_operator.py for tasks to queue
[2024-05-26T11:22:00.130+0000] {logging_mixin.py:188} INFO - [2024-05-26T11:22:00.130+0000] {dagbag.py:545} INFO - Filling up the DagBag from /home/airflow/.local/lib/python3.12/site-packages/airflow/example_dags/example_short_circuit_operator.py
[2024-05-26T11:22:00.138+0000] {processor.py:840} INFO - DAG(s) 'example_short_circuit_operator' retrieved from /home/airflow/.local/lib/python3.12/site-packages/airflow/example_dags/example_short_circuit_operator.py
[2024-05-26T11:22:00.161+0000] {logging_mixin.py:188} INFO - [2024-05-26T11:22:00.161+0000] {dag.py:3096} INFO - Sync 1 DAGs
[2024-05-26T11:22:00.186+0000] {logging_mixin.py:188} INFO - [2024-05-26T11:22:00.186+0000] {dag.py:3954} INFO - Setting next_dagrun for example_short_circuit_operator to 2024-05-25 00:00:00+00:00, run_after=2024-05-26 00:00:00+00:00
[2024-05-26T11:22:00.211+0000] {processor.py:183} INFO - Processing /home/airflow/.local/lib/python3.12/site-packages/airflow/example_dags/example_short_circuit_operator.py took 0.089 seconds
[2024-05-26T11:22:30.817+0000] {processor.py:161} INFO - Started process (PID=2112) to work on /home/airflow/.local/lib/python3.12/site-packages/airflow/example_dags/example_short_circuit_operator.py
[2024-05-26T11:22:30.819+0000] {processor.py:830} INFO - Processing file /home/airflow/.local/lib/python3.12/site-packages/airflow/example_dags/example_short_circuit_operator.py for tasks to queue
[2024-05-26T11:22:30.821+0000] {logging_mixin.py:188} INFO - [2024-05-26T11:22:30.820+0000] {dagbag.py:545} INFO - Filling up the DagBag from /home/airflow/.local/lib/python3.12/site-packages/airflow/example_dags/example_short_circuit_operator.py
[2024-05-26T11:22:30.830+0000] {processor.py:840} INFO - DAG(s) 'example_short_circuit_operator' retrieved from /home/airflow/.local/lib/python3.12/site-packages/airflow/example_dags/example_short_circuit_operator.py
[2024-05-26T11:22:30.855+0000] {logging_mixin.py:188} INFO - [2024-05-26T11:22:30.855+0000] {dag.py:3096} INFO - Sync 1 DAGs
[2024-05-26T11:22:30.887+0000] {logging_mixin.py:188} INFO - [2024-05-26T11:22:30.887+0000] {dag.py:3954} INFO - Setting next_dagrun for example_short_circuit_operator to 2024-05-25 00:00:00+00:00, run_after=2024-05-26 00:00:00+00:00
[2024-05-26T11:22:30.913+0000] {processor.py:183} INFO - Processing /home/airflow/.local/lib/python3.12/site-packages/airflow/example_dags/example_short_circuit_operator.py took 0.102 seconds
[2024-05-26T11:23:01.880+0000] {processor.py:161} INFO - Started process (PID=2380) to work on /home/airflow/.local/lib/python3.12/site-packages/airflow/example_dags/example_short_circuit_operator.py
[2024-05-26T11:23:01.881+0000] {processor.py:830} INFO - Processing file /home/airflow/.local/lib/python3.12/site-packages/airflow/example_dags/example_short_circuit_operator.py for tasks to queue
[2024-05-26T11:23:01.883+0000] {logging_mixin.py:188} INFO - [2024-05-26T11:23:01.883+0000] {dagbag.py:545} INFO - Filling up the DagBag from /home/airflow/.local/lib/python3.12/site-packages/airflow/example_dags/example_short_circuit_operator.py
[2024-05-26T11:23:01.897+0000] {processor.py:840} INFO - DAG(s) 'example_short_circuit_operator' retrieved from /home/airflow/.local/lib/python3.12/site-packages/airflow/example_dags/example_short_circuit_operator.py
[2024-05-26T11:23:01.942+0000] {logging_mixin.py:188} INFO - [2024-05-26T11:23:01.941+0000] {dag.py:3096} INFO - Sync 1 DAGs
[2024-05-26T11:23:01.985+0000] {logging_mixin.py:188} INFO - [2024-05-26T11:23:01.984+0000] {dag.py:3954} INFO - Setting next_dagrun for example_short_circuit_operator to 2024-05-25 00:00:00+00:00, run_after=2024-05-26 00:00:00+00:00
[2024-05-26T11:23:02.009+0000] {processor.py:183} INFO - Processing /home/airflow/.local/lib/python3.12/site-packages/airflow/example_dags/example_short_circuit_operator.py took 0.134 seconds
[2024-05-26T11:23:32.946+0000] {processor.py:161} INFO - Started process (PID=2648) to work on /home/airflow/.local/lib/python3.12/site-packages/airflow/example_dags/example_short_circuit_operator.py
[2024-05-26T11:23:32.948+0000] {processor.py:830} INFO - Processing file /home/airflow/.local/lib/python3.12/site-packages/airflow/example_dags/example_short_circuit_operator.py for tasks to queue
[2024-05-26T11:23:32.950+0000] {logging_mixin.py:188} INFO - [2024-05-26T11:23:32.950+0000] {dagbag.py:545} INFO - Filling up the DagBag from /home/airflow/.local/lib/python3.12/site-packages/airflow/example_dags/example_short_circuit_operator.py
[2024-05-26T11:23:32.959+0000] {processor.py:840} INFO - DAG(s) 'example_short_circuit_operator' retrieved from /home/airflow/.local/lib/python3.12/site-packages/airflow/example_dags/example_short_circuit_operator.py
[2024-05-26T11:23:32.985+0000] {logging_mixin.py:188} INFO - [2024-05-26T11:23:32.985+0000] {dag.py:3096} INFO - Sync 1 DAGs
[2024-05-26T11:23:33.006+0000] {logging_mixin.py:188} INFO - [2024-05-26T11:23:33.005+0000] {dag.py:3954} INFO - Setting next_dagrun for example_short_circuit_operator to 2024-05-25 00:00:00+00:00, run_after=2024-05-26 00:00:00+00:00
[2024-05-26T11:23:33.027+0000] {processor.py:183} INFO - Processing /home/airflow/.local/lib/python3.12/site-packages/airflow/example_dags/example_short_circuit_operator.py took 0.088 seconds
[2024-05-26T11:24:03.207+0000] {processor.py:161} INFO - Started process (PID=2910) to work on /home/airflow/.local/lib/python3.12/site-packages/airflow/example_dags/example_short_circuit_operator.py
[2024-05-26T11:24:03.208+0000] {processor.py:830} INFO - Processing file /home/airflow/.local/lib/python3.12/site-packages/airflow/example_dags/example_short_circuit_operator.py for tasks to queue
[2024-05-26T11:24:03.210+0000] {logging_mixin.py:188} INFO - [2024-05-26T11:24:03.210+0000] {dagbag.py:545} INFO - Filling up the DagBag from /home/airflow/.local/lib/python3.12/site-packages/airflow/example_dags/example_short_circuit_operator.py
[2024-05-26T11:24:03.216+0000] {processor.py:840} INFO - DAG(s) 'example_short_circuit_operator' retrieved from /home/airflow/.local/lib/python3.12/site-packages/airflow/example_dags/example_short_circuit_operator.py
[2024-05-26T11:24:03.238+0000] {logging_mixin.py:188} INFO - [2024-05-26T11:24:03.237+0000] {dag.py:3096} INFO - Sync 1 DAGs
[2024-05-26T11:24:03.257+0000] {logging_mixin.py:188} INFO - [2024-05-26T11:24:03.256+0000] {dag.py:3954} INFO - Setting next_dagrun for example_short_circuit_operator to 2024-05-25 00:00:00+00:00, run_after=2024-05-26 00:00:00+00:00
[2024-05-26T11:24:03.278+0000] {processor.py:183} INFO - Processing /home/airflow/.local/lib/python3.12/site-packages/airflow/example_dags/example_short_circuit_operator.py took 0.076 seconds
[2024-05-26T11:24:33.443+0000] {processor.py:161} INFO - Started process (PID=3184) to work on /home/airflow/.local/lib/python3.12/site-packages/airflow/example_dags/example_short_circuit_operator.py
[2024-05-26T11:24:33.444+0000] {processor.py:830} INFO - Processing file /home/airflow/.local/lib/python3.12/site-packages/airflow/example_dags/example_short_circuit_operator.py for tasks to queue
[2024-05-26T11:24:33.447+0000] {logging_mixin.py:188} INFO - [2024-05-26T11:24:33.446+0000] {dagbag.py:545} INFO - Filling up the DagBag from /home/airflow/.local/lib/python3.12/site-packages/airflow/example_dags/example_short_circuit_operator.py
[2024-05-26T11:24:33.458+0000] {processor.py:840} INFO - DAG(s) 'example_short_circuit_operator' retrieved from /home/airflow/.local/lib/python3.12/site-packages/airflow/example_dags/example_short_circuit_operator.py
[2024-05-26T11:24:33.482+0000] {logging_mixin.py:188} INFO - [2024-05-26T11:24:33.482+0000] {dag.py:3096} INFO - Sync 1 DAGs
[2024-05-26T11:24:33.512+0000] {logging_mixin.py:188} INFO - [2024-05-26T11:24:33.512+0000] {dag.py:3954} INFO - Setting next_dagrun for example_short_circuit_operator to 2024-05-25 00:00:00+00:00, run_after=2024-05-26 00:00:00+00:00
[2024-05-26T11:24:33.543+0000] {processor.py:183} INFO - Processing /home/airflow/.local/lib/python3.12/site-packages/airflow/example_dags/example_short_circuit_operator.py took 0.107 seconds
[2024-05-26T11:25:03.780+0000] {processor.py:161} INFO - Started process (PID=3452) to work on /home/airflow/.local/lib/python3.12/site-packages/airflow/example_dags/example_short_circuit_operator.py
[2024-05-26T11:25:03.781+0000] {processor.py:830} INFO - Processing file /home/airflow/.local/lib/python3.12/site-packages/airflow/example_dags/example_short_circuit_operator.py for tasks to queue
[2024-05-26T11:25:03.784+0000] {logging_mixin.py:188} INFO - [2024-05-26T11:25:03.783+0000] {dagbag.py:545} INFO - Filling up the DagBag from /home/airflow/.local/lib/python3.12/site-packages/airflow/example_dags/example_short_circuit_operator.py
[2024-05-26T11:25:03.791+0000] {processor.py:840} INFO - DAG(s) 'example_short_circuit_operator' retrieved from /home/airflow/.local/lib/python3.12/site-packages/airflow/example_dags/example_short_circuit_operator.py
[2024-05-26T11:25:03.817+0000] {logging_mixin.py:188} INFO - [2024-05-26T11:25:03.816+0000] {dag.py:3096} INFO - Sync 1 DAGs
[2024-05-26T11:25:03.836+0000] {logging_mixin.py:188} INFO - [2024-05-26T11:25:03.836+0000] {dag.py:3954} INFO - Setting next_dagrun for example_short_circuit_operator to 2024-05-25 00:00:00+00:00, run_after=2024-05-26 00:00:00+00:00
[2024-05-26T11:25:03.864+0000] {processor.py:183} INFO - Processing /home/airflow/.local/lib/python3.12/site-packages/airflow/example_dags/example_short_circuit_operator.py took 0.090 seconds
[2024-05-26T11:25:34.086+0000] {processor.py:161} INFO - Started process (PID=3720) to work on /home/airflow/.local/lib/python3.12/site-packages/airflow/example_dags/example_short_circuit_operator.py
[2024-05-26T11:25:34.087+0000] {processor.py:830} INFO - Processing file /home/airflow/.local/lib/python3.12/site-packages/airflow/example_dags/example_short_circuit_operator.py for tasks to queue
[2024-05-26T11:25:34.089+0000] {logging_mixin.py:188} INFO - [2024-05-26T11:25:34.089+0000] {dagbag.py:545} INFO - Filling up the DagBag from /home/airflow/.local/lib/python3.12/site-packages/airflow/example_dags/example_short_circuit_operator.py
[2024-05-26T11:25:34.097+0000] {processor.py:840} INFO - DAG(s) 'example_short_circuit_operator' retrieved from /home/airflow/.local/lib/python3.12/site-packages/airflow/example_dags/example_short_circuit_operator.py
[2024-05-26T11:25:34.122+0000] {logging_mixin.py:188} INFO - [2024-05-26T11:25:34.121+0000] {dag.py:3096} INFO - Sync 1 DAGs
[2024-05-26T11:25:34.147+0000] {logging_mixin.py:188} INFO - [2024-05-26T11:25:34.147+0000] {dag.py:3954} INFO - Setting next_dagrun for example_short_circuit_operator to 2024-05-25 00:00:00+00:00, run_after=2024-05-26 00:00:00+00:00
[2024-05-26T11:25:34.170+0000] {processor.py:183} INFO - Processing /home/airflow/.local/lib/python3.12/site-packages/airflow/example_dags/example_short_circuit_operator.py took 0.091 seconds
[2024-05-26T11:26:04.355+0000] {processor.py:161} INFO - Started process (PID=3988) to work on /home/airflow/.local/lib/python3.12/site-packages/airflow/example_dags/example_short_circuit_operator.py
[2024-05-26T11:26:04.357+0000] {processor.py:830} INFO - Processing file /home/airflow/.local/lib/python3.12/site-packages/airflow/example_dags/example_short_circuit_operator.py for tasks to queue
[2024-05-26T11:26:04.358+0000] {logging_mixin.py:188} INFO - [2024-05-26T11:26:04.358+0000] {dagbag.py:545} INFO - Filling up the DagBag from /home/airflow/.local/lib/python3.12/site-packages/airflow/example_dags/example_short_circuit_operator.py
[2024-05-26T11:26:04.364+0000] {processor.py:840} INFO - DAG(s) 'example_short_circuit_operator' retrieved from /home/airflow/.local/lib/python3.12/site-packages/airflow/example_dags/example_short_circuit_operator.py
[2024-05-26T11:26:04.386+0000] {logging_mixin.py:188} INFO - [2024-05-26T11:26:04.385+0000] {dag.py:3096} INFO - Sync 1 DAGs
[2024-05-26T11:26:04.415+0000] {logging_mixin.py:188} INFO - [2024-05-26T11:26:04.415+0000] {dag.py:3954} INFO - Setting next_dagrun for example_short_circuit_operator to 2024-05-25 00:00:00+00:00, run_after=2024-05-26 00:00:00+00:00
[2024-05-26T11:26:04.434+0000] {processor.py:183} INFO - Processing /home/airflow/.local/lib/python3.12/site-packages/airflow/example_dags/example_short_circuit_operator.py took 0.083 seconds
[2024-05-26T11:26:34.695+0000] {processor.py:161} INFO - Started process (PID=4256) to work on /home/airflow/.local/lib/python3.12/site-packages/airflow/example_dags/example_short_circuit_operator.py
[2024-05-26T11:26:34.697+0000] {processor.py:830} INFO - Processing file /home/airflow/.local/lib/python3.12/site-packages/airflow/example_dags/example_short_circuit_operator.py for tasks to queue
[2024-05-26T11:26:34.698+0000] {logging_mixin.py:188} INFO - [2024-05-26T11:26:34.698+0000] {dagbag.py:545} INFO - Filling up the DagBag from /home/airflow/.local/lib/python3.12/site-packages/airflow/example_dags/example_short_circuit_operator.py
[2024-05-26T11:26:34.704+0000] {processor.py:840} INFO - DAG(s) 'example_short_circuit_operator' retrieved from /home/airflow/.local/lib/python3.12/site-packages/airflow/example_dags/example_short_circuit_operator.py
[2024-05-26T11:26:34.729+0000] {logging_mixin.py:188} INFO - [2024-05-26T11:26:34.729+0000] {dag.py:3096} INFO - Sync 1 DAGs
[2024-05-26T11:26:34.751+0000] {logging_mixin.py:188} INFO - [2024-05-26T11:26:34.750+0000] {dag.py:3954} INFO - Setting next_dagrun for example_short_circuit_operator to 2024-05-25 00:00:00+00:00, run_after=2024-05-26 00:00:00+00:00
[2024-05-26T11:26:34.769+0000] {processor.py:183} INFO - Processing /home/airflow/.local/lib/python3.12/site-packages/airflow/example_dags/example_short_circuit_operator.py took 0.078 seconds
[2024-05-26T11:27:05.340+0000] {processor.py:161} INFO - Started process (PID=4524) to work on /home/airflow/.local/lib/python3.12/site-packages/airflow/example_dags/example_short_circuit_operator.py
[2024-05-26T11:27:05.344+0000] {processor.py:830} INFO - Processing file /home/airflow/.local/lib/python3.12/site-packages/airflow/example_dags/example_short_circuit_operator.py for tasks to queue
[2024-05-26T11:27:05.350+0000] {logging_mixin.py:188} INFO - [2024-05-26T11:27:05.348+0000] {dagbag.py:545} INFO - Filling up the DagBag from /home/airflow/.local/lib/python3.12/site-packages/airflow/example_dags/example_short_circuit_operator.py
[2024-05-26T11:27:05.372+0000] {processor.py:840} INFO - DAG(s) 'example_short_circuit_operator' retrieved from /home/airflow/.local/lib/python3.12/site-packages/airflow/example_dags/example_short_circuit_operator.py
[2024-05-26T11:27:05.436+0000] {logging_mixin.py:188} INFO - [2024-05-26T11:27:05.435+0000] {dag.py:3096} INFO - Sync 1 DAGs
[2024-05-26T11:27:05.488+0000] {logging_mixin.py:188} INFO - [2024-05-26T11:27:05.488+0000] {dag.py:3954} INFO - Setting next_dagrun for example_short_circuit_operator to 2024-05-25 00:00:00+00:00, run_after=2024-05-26 00:00:00+00:00
[2024-05-26T11:27:05.540+0000] {processor.py:183} INFO - Processing /home/airflow/.local/lib/python3.12/site-packages/airflow/example_dags/example_short_circuit_operator.py took 0.219 seconds
[2024-05-26T11:27:35.756+0000] {processor.py:161} INFO - Started process (PID=4794) to work on /home/airflow/.local/lib/python3.12/site-packages/airflow/example_dags/example_short_circuit_operator.py
[2024-05-26T11:27:35.758+0000] {processor.py:830} INFO - Processing file /home/airflow/.local/lib/python3.12/site-packages/airflow/example_dags/example_short_circuit_operator.py for tasks to queue
[2024-05-26T11:27:35.760+0000] {logging_mixin.py:188} INFO - [2024-05-26T11:27:35.760+0000] {dagbag.py:545} INFO - Filling up the DagBag from /home/airflow/.local/lib/python3.12/site-packages/airflow/example_dags/example_short_circuit_operator.py
[2024-05-26T11:27:35.767+0000] {processor.py:840} INFO - DAG(s) 'example_short_circuit_operator' retrieved from /home/airflow/.local/lib/python3.12/site-packages/airflow/example_dags/example_short_circuit_operator.py
[2024-05-26T11:27:35.790+0000] {logging_mixin.py:188} INFO - [2024-05-26T11:27:35.790+0000] {dag.py:3096} INFO - Sync 1 DAGs
[2024-05-26T11:27:35.812+0000] {logging_mixin.py:188} INFO - [2024-05-26T11:27:35.812+0000] {dag.py:3954} INFO - Setting next_dagrun for example_short_circuit_operator to 2024-05-25 00:00:00+00:00, run_after=2024-05-26 00:00:00+00:00
[2024-05-26T11:27:35.834+0000] {processor.py:183} INFO - Processing /home/airflow/.local/lib/python3.12/site-packages/airflow/example_dags/example_short_circuit_operator.py took 0.083 seconds
[2024-05-26T11:28:06.033+0000] {processor.py:161} INFO - Started process (PID=5062) to work on /home/airflow/.local/lib/python3.12/site-packages/airflow/example_dags/example_short_circuit_operator.py
[2024-05-26T11:28:06.034+0000] {processor.py:830} INFO - Processing file /home/airflow/.local/lib/python3.12/site-packages/airflow/example_dags/example_short_circuit_operator.py for tasks to queue
[2024-05-26T11:28:06.036+0000] {logging_mixin.py:188} INFO - [2024-05-26T11:28:06.036+0000] {dagbag.py:545} INFO - Filling up the DagBag from /home/airflow/.local/lib/python3.12/site-packages/airflow/example_dags/example_short_circuit_operator.py
[2024-05-26T11:28:06.044+0000] {processor.py:840} INFO - DAG(s) 'example_short_circuit_operator' retrieved from /home/airflow/.local/lib/python3.12/site-packages/airflow/example_dags/example_short_circuit_operator.py
[2024-05-26T11:28:06.068+0000] {logging_mixin.py:188} INFO - [2024-05-26T11:28:06.068+0000] {dag.py:3096} INFO - Sync 1 DAGs
[2024-05-26T11:28:06.091+0000] {logging_mixin.py:188} INFO - [2024-05-26T11:28:06.091+0000] {dag.py:3954} INFO - Setting next_dagrun for example_short_circuit_operator to 2024-05-25 00:00:00+00:00, run_after=2024-05-26 00:00:00+00:00
[2024-05-26T11:28:06.115+0000] {processor.py:183} INFO - Processing /home/airflow/.local/lib/python3.12/site-packages/airflow/example_dags/example_short_circuit_operator.py took 0.088 seconds
[2024-05-26T11:28:36.355+0000] {processor.py:161} INFO - Started process (PID=5328) to work on /home/airflow/.local/lib/python3.12/site-packages/airflow/example_dags/example_short_circuit_operator.py
[2024-05-26T11:28:36.356+0000] {processor.py:830} INFO - Processing file /home/airflow/.local/lib/python3.12/site-packages/airflow/example_dags/example_short_circuit_operator.py for tasks to queue
[2024-05-26T11:28:36.359+0000] {logging_mixin.py:188} INFO - [2024-05-26T11:28:36.358+0000] {dagbag.py:545} INFO - Filling up the DagBag from /home/airflow/.local/lib/python3.12/site-packages/airflow/example_dags/example_short_circuit_operator.py
[2024-05-26T11:28:36.366+0000] {processor.py:840} INFO - DAG(s) 'example_short_circuit_operator' retrieved from /home/airflow/.local/lib/python3.12/site-packages/airflow/example_dags/example_short_circuit_operator.py
[2024-05-26T11:28:36.391+0000] {logging_mixin.py:188} INFO - [2024-05-26T11:28:36.390+0000] {dag.py:3096} INFO - Sync 1 DAGs
[2024-05-26T11:28:36.414+0000] {logging_mixin.py:188} INFO - [2024-05-26T11:28:36.413+0000] {dag.py:3954} INFO - Setting next_dagrun for example_short_circuit_operator to 2024-05-25 00:00:00+00:00, run_after=2024-05-26 00:00:00+00:00
[2024-05-26T11:28:36.436+0000] {processor.py:183} INFO - Processing /home/airflow/.local/lib/python3.12/site-packages/airflow/example_dags/example_short_circuit_operator.py took 0.087 seconds
[2024-05-26T11:29:06.573+0000] {processor.py:161} INFO - Started process (PID=5596) to work on /home/airflow/.local/lib/python3.12/site-packages/airflow/example_dags/example_short_circuit_operator.py
[2024-05-26T11:29:06.575+0000] {processor.py:830} INFO - Processing file /home/airflow/.local/lib/python3.12/site-packages/airflow/example_dags/example_short_circuit_operator.py for tasks to queue
[2024-05-26T11:29:06.577+0000] {logging_mixin.py:188} INFO - [2024-05-26T11:29:06.577+0000] {dagbag.py:545} INFO - Filling up the DagBag from /home/airflow/.local/lib/python3.12/site-packages/airflow/example_dags/example_short_circuit_operator.py
[2024-05-26T11:29:06.586+0000] {processor.py:840} INFO - DAG(s) 'example_short_circuit_operator' retrieved from /home/airflow/.local/lib/python3.12/site-packages/airflow/example_dags/example_short_circuit_operator.py
[2024-05-26T11:29:06.612+0000] {logging_mixin.py:188} INFO - [2024-05-26T11:29:06.611+0000] {dag.py:3096} INFO - Sync 1 DAGs
[2024-05-26T11:29:06.636+0000] {logging_mixin.py:188} INFO - [2024-05-26T11:29:06.636+0000] {dag.py:3954} INFO - Setting next_dagrun for example_short_circuit_operator to 2024-05-25 00:00:00+00:00, run_after=2024-05-26 00:00:00+00:00
[2024-05-26T11:29:06.659+0000] {processor.py:183} INFO - Processing /home/airflow/.local/lib/python3.12/site-packages/airflow/example_dags/example_short_circuit_operator.py took 0.092 seconds
[2024-05-26T11:29:37.324+0000] {processor.py:161} INFO - Started process (PID=5864) to work on /home/airflow/.local/lib/python3.12/site-packages/airflow/example_dags/example_short_circuit_operator.py
[2024-05-26T11:29:37.325+0000] {processor.py:830} INFO - Processing file /home/airflow/.local/lib/python3.12/site-packages/airflow/example_dags/example_short_circuit_operator.py for tasks to queue
[2024-05-26T11:29:37.328+0000] {logging_mixin.py:188} INFO - [2024-05-26T11:29:37.327+0000] {dagbag.py:545} INFO - Filling up the DagBag from /home/airflow/.local/lib/python3.12/site-packages/airflow/example_dags/example_short_circuit_operator.py
[2024-05-26T11:29:37.335+0000] {processor.py:840} INFO - DAG(s) 'example_short_circuit_operator' retrieved from /home/airflow/.local/lib/python3.12/site-packages/airflow/example_dags/example_short_circuit_operator.py
[2024-05-26T11:29:37.360+0000] {logging_mixin.py:188} INFO - [2024-05-26T11:29:37.359+0000] {dag.py:3096} INFO - Sync 1 DAGs
[2024-05-26T11:29:37.385+0000] {logging_mixin.py:188} INFO - [2024-05-26T11:29:37.384+0000] {dag.py:3954} INFO - Setting next_dagrun for example_short_circuit_operator to 2024-05-25 00:00:00+00:00, run_after=2024-05-26 00:00:00+00:00
[2024-05-26T11:29:37.407+0000] {processor.py:183} INFO - Processing /home/airflow/.local/lib/python3.12/site-packages/airflow/example_dags/example_short_circuit_operator.py took 0.089 seconds
[2024-05-26T11:30:08.194+0000] {processor.py:161} INFO - Started process (PID=6132) to work on /home/airflow/.local/lib/python3.12/site-packages/airflow/example_dags/example_short_circuit_operator.py
[2024-05-26T11:30:08.196+0000] {processor.py:830} INFO - Processing file /home/airflow/.local/lib/python3.12/site-packages/airflow/example_dags/example_short_circuit_operator.py for tasks to queue
[2024-05-26T11:30:08.199+0000] {logging_mixin.py:188} INFO - [2024-05-26T11:30:08.199+0000] {dagbag.py:545} INFO - Filling up the DagBag from /home/airflow/.local/lib/python3.12/site-packages/airflow/example_dags/example_short_circuit_operator.py
[2024-05-26T11:30:08.209+0000] {processor.py:840} INFO - DAG(s) 'example_short_circuit_operator' retrieved from /home/airflow/.local/lib/python3.12/site-packages/airflow/example_dags/example_short_circuit_operator.py
[2024-05-26T11:30:08.240+0000] {logging_mixin.py:188} INFO - [2024-05-26T11:30:08.240+0000] {dag.py:3096} INFO - Sync 1 DAGs
[2024-05-26T11:30:08.439+0000] {logging_mixin.py:188} INFO - [2024-05-26T11:30:08.438+0000] {dag.py:3954} INFO - Setting next_dagrun for example_short_circuit_operator to 2024-05-25 00:00:00+00:00, run_after=2024-05-26 00:00:00+00:00
[2024-05-26T11:30:08.471+0000] {processor.py:183} INFO - Processing /home/airflow/.local/lib/python3.12/site-packages/airflow/example_dags/example_short_circuit_operator.py took 0.284 seconds
[2024-05-26T11:30:38.565+0000] {processor.py:161} INFO - Started process (PID=6400) to work on /home/airflow/.local/lib/python3.12/site-packages/airflow/example_dags/example_short_circuit_operator.py
[2024-05-26T11:30:38.566+0000] {processor.py:830} INFO - Processing file /home/airflow/.local/lib/python3.12/site-packages/airflow/example_dags/example_short_circuit_operator.py for tasks to queue
[2024-05-26T11:30:38.568+0000] {logging_mixin.py:188} INFO - [2024-05-26T11:30:38.568+0000] {dagbag.py:545} INFO - Filling up the DagBag from /home/airflow/.local/lib/python3.12/site-packages/airflow/example_dags/example_short_circuit_operator.py
[2024-05-26T11:30:38.576+0000] {processor.py:840} INFO - DAG(s) 'example_short_circuit_operator' retrieved from /home/airflow/.local/lib/python3.12/site-packages/airflow/example_dags/example_short_circuit_operator.py
[2024-05-26T11:30:38.602+0000] {logging_mixin.py:188} INFO - [2024-05-26T11:30:38.602+0000] {dag.py:3096} INFO - Sync 1 DAGs
[2024-05-26T11:30:38.631+0000] {logging_mixin.py:188} INFO - [2024-05-26T11:30:38.631+0000] {dag.py:3954} INFO - Setting next_dagrun for example_short_circuit_operator to 2024-05-25 00:00:00+00:00, run_after=2024-05-26 00:00:00+00:00
[2024-05-26T11:30:38.809+0000] {processor.py:183} INFO - Processing /home/airflow/.local/lib/python3.12/site-packages/airflow/example_dags/example_short_circuit_operator.py took 0.250 seconds
[2024-05-26T11:31:09.105+0000] {processor.py:161} INFO - Started process (PID=6668) to work on /home/airflow/.local/lib/python3.12/site-packages/airflow/example_dags/example_short_circuit_operator.py
[2024-05-26T11:31:09.106+0000] {processor.py:830} INFO - Processing file /home/airflow/.local/lib/python3.12/site-packages/airflow/example_dags/example_short_circuit_operator.py for tasks to queue
[2024-05-26T11:31:09.107+0000] {logging_mixin.py:188} INFO - [2024-05-26T11:31:09.107+0000] {dagbag.py:545} INFO - Filling up the DagBag from /home/airflow/.local/lib/python3.12/site-packages/airflow/example_dags/example_short_circuit_operator.py
[2024-05-26T11:31:09.113+0000] {processor.py:840} INFO - DAG(s) 'example_short_circuit_operator' retrieved from /home/airflow/.local/lib/python3.12/site-packages/airflow/example_dags/example_short_circuit_operator.py
[2024-05-26T11:31:09.132+0000] {logging_mixin.py:188} INFO - [2024-05-26T11:31:09.132+0000] {dag.py:3096} INFO - Sync 1 DAGs
[2024-05-26T11:31:09.149+0000] {logging_mixin.py:188} INFO - [2024-05-26T11:31:09.149+0000] {dag.py:3954} INFO - Setting next_dagrun for example_short_circuit_operator to 2024-05-25 00:00:00+00:00, run_after=2024-05-26 00:00:00+00:00
[2024-05-26T11:31:09.169+0000] {processor.py:183} INFO - Processing /home/airflow/.local/lib/python3.12/site-packages/airflow/example_dags/example_short_circuit_operator.py took 0.069 seconds
[2024-05-26T11:31:39.539+0000] {processor.py:161} INFO - Started process (PID=6936) to work on /home/airflow/.local/lib/python3.12/site-packages/airflow/example_dags/example_short_circuit_operator.py
[2024-05-26T11:31:39.540+0000] {processor.py:830} INFO - Processing file /home/airflow/.local/lib/python3.12/site-packages/airflow/example_dags/example_short_circuit_operator.py for tasks to queue
[2024-05-26T11:31:39.544+0000] {logging_mixin.py:188} INFO - [2024-05-26T11:31:39.543+0000] {dagbag.py:545} INFO - Filling up the DagBag from /home/airflow/.local/lib/python3.12/site-packages/airflow/example_dags/example_short_circuit_operator.py
[2024-05-26T11:31:39.552+0000] {processor.py:840} INFO - DAG(s) 'example_short_circuit_operator' retrieved from /home/airflow/.local/lib/python3.12/site-packages/airflow/example_dags/example_short_circuit_operator.py
[2024-05-26T11:31:39.575+0000] {logging_mixin.py:188} INFO - [2024-05-26T11:31:39.574+0000] {dag.py:3096} INFO - Sync 1 DAGs
[2024-05-26T11:31:39.595+0000] {logging_mixin.py:188} INFO - [2024-05-26T11:31:39.594+0000] {dag.py:3954} INFO - Setting next_dagrun for example_short_circuit_operator to 2024-05-25 00:00:00+00:00, run_after=2024-05-26 00:00:00+00:00
[2024-05-26T11:31:39.613+0000] {processor.py:183} INFO - Processing /home/airflow/.local/lib/python3.12/site-packages/airflow/example_dags/example_short_circuit_operator.py took 0.082 seconds
[2024-05-26T11:32:10.295+0000] {processor.py:161} INFO - Started process (PID=7204) to work on /home/airflow/.local/lib/python3.12/site-packages/airflow/example_dags/example_short_circuit_operator.py
[2024-05-26T11:32:10.296+0000] {processor.py:830} INFO - Processing file /home/airflow/.local/lib/python3.12/site-packages/airflow/example_dags/example_short_circuit_operator.py for tasks to queue
[2024-05-26T11:32:10.298+0000] {logging_mixin.py:188} INFO - [2024-05-26T11:32:10.298+0000] {dagbag.py:545} INFO - Filling up the DagBag from /home/airflow/.local/lib/python3.12/site-packages/airflow/example_dags/example_short_circuit_operator.py
[2024-05-26T11:32:10.307+0000] {processor.py:840} INFO - DAG(s) 'example_short_circuit_operator' retrieved from /home/airflow/.local/lib/python3.12/site-packages/airflow/example_dags/example_short_circuit_operator.py
[2024-05-26T11:32:10.330+0000] {logging_mixin.py:188} INFO - [2024-05-26T11:32:10.330+0000] {dag.py:3096} INFO - Sync 1 DAGs
[2024-05-26T11:32:10.364+0000] {logging_mixin.py:188} INFO - [2024-05-26T11:32:10.364+0000] {dag.py:3954} INFO - Setting next_dagrun for example_short_circuit_operator to 2024-05-25 00:00:00+00:00, run_after=2024-05-26 00:00:00+00:00
[2024-05-26T11:32:10.392+0000] {processor.py:183} INFO - Processing /home/airflow/.local/lib/python3.12/site-packages/airflow/example_dags/example_short_circuit_operator.py took 0.102 seconds
[2024-05-26T11:32:40.500+0000] {processor.py:161} INFO - Started process (PID=7472) to work on /home/airflow/.local/lib/python3.12/site-packages/airflow/example_dags/example_short_circuit_operator.py
[2024-05-26T11:32:40.502+0000] {processor.py:830} INFO - Processing file /home/airflow/.local/lib/python3.12/site-packages/airflow/example_dags/example_short_circuit_operator.py for tasks to queue
[2024-05-26T11:32:40.504+0000] {logging_mixin.py:188} INFO - [2024-05-26T11:32:40.504+0000] {dagbag.py:545} INFO - Filling up the DagBag from /home/airflow/.local/lib/python3.12/site-packages/airflow/example_dags/example_short_circuit_operator.py
[2024-05-26T11:32:40.512+0000] {processor.py:840} INFO - DAG(s) 'example_short_circuit_operator' retrieved from /home/airflow/.local/lib/python3.12/site-packages/airflow/example_dags/example_short_circuit_operator.py
[2024-05-26T11:32:40.539+0000] {logging_mixin.py:188} INFO - [2024-05-26T11:32:40.539+0000] {dag.py:3096} INFO - Sync 1 DAGs
[2024-05-26T11:32:40.574+0000] {logging_mixin.py:188} INFO - [2024-05-26T11:32:40.573+0000] {dag.py:3954} INFO - Setting next_dagrun for example_short_circuit_operator to 2024-05-25 00:00:00+00:00, run_after=2024-05-26 00:00:00+00:00
[2024-05-26T11:32:40.603+0000] {processor.py:183} INFO - Processing /home/airflow/.local/lib/python3.12/site-packages/airflow/example_dags/example_short_circuit_operator.py took 0.108 seconds
[2024-05-26T11:33:10.972+0000] {processor.py:161} INFO - Started process (PID=7740) to work on /home/airflow/.local/lib/python3.12/site-packages/airflow/example_dags/example_short_circuit_operator.py
[2024-05-26T11:33:10.973+0000] {processor.py:830} INFO - Processing file /home/airflow/.local/lib/python3.12/site-packages/airflow/example_dags/example_short_circuit_operator.py for tasks to queue
[2024-05-26T11:33:10.975+0000] {logging_mixin.py:188} INFO - [2024-05-26T11:33:10.974+0000] {dagbag.py:545} INFO - Filling up the DagBag from /home/airflow/.local/lib/python3.12/site-packages/airflow/example_dags/example_short_circuit_operator.py
[2024-05-26T11:33:10.981+0000] {processor.py:840} INFO - DAG(s) 'example_short_circuit_operator' retrieved from /home/airflow/.local/lib/python3.12/site-packages/airflow/example_dags/example_short_circuit_operator.py
[2024-05-26T11:33:11.008+0000] {logging_mixin.py:188} INFO - [2024-05-26T11:33:11.007+0000] {dag.py:3096} INFO - Sync 1 DAGs
[2024-05-26T11:33:11.028+0000] {logging_mixin.py:188} INFO - [2024-05-26T11:33:11.028+0000] {dag.py:3954} INFO - Setting next_dagrun for example_short_circuit_operator to 2024-05-25 00:00:00+00:00, run_after=2024-05-26 00:00:00+00:00
[2024-05-26T11:33:11.049+0000] {processor.py:183} INFO - Processing /home/airflow/.local/lib/python3.12/site-packages/airflow/example_dags/example_short_circuit_operator.py took 0.082 seconds
[2024-05-26T11:33:41.185+0000] {processor.py:161} INFO - Started process (PID=8008) to work on /home/airflow/.local/lib/python3.12/site-packages/airflow/example_dags/example_short_circuit_operator.py
[2024-05-26T11:33:41.186+0000] {processor.py:830} INFO - Processing file /home/airflow/.local/lib/python3.12/site-packages/airflow/example_dags/example_short_circuit_operator.py for tasks to queue
[2024-05-26T11:33:41.189+0000] {logging_mixin.py:188} INFO - [2024-05-26T11:33:41.188+0000] {dagbag.py:545} INFO - Filling up the DagBag from /home/airflow/.local/lib/python3.12/site-packages/airflow/example_dags/example_short_circuit_operator.py
[2024-05-26T11:33:41.196+0000] {processor.py:840} INFO - DAG(s) 'example_short_circuit_operator' retrieved from /home/airflow/.local/lib/python3.12/site-packages/airflow/example_dags/example_short_circuit_operator.py
[2024-05-26T11:33:41.220+0000] {logging_mixin.py:188} INFO - [2024-05-26T11:33:41.220+0000] {dag.py:3096} INFO - Sync 1 DAGs
[2024-05-26T11:33:41.247+0000] {logging_mixin.py:188} INFO - [2024-05-26T11:33:41.247+0000] {dag.py:3954} INFO - Setting next_dagrun for example_short_circuit_operator to 2024-05-25 00:00:00+00:00, run_after=2024-05-26 00:00:00+00:00
[2024-05-26T11:33:41.267+0000] {processor.py:183} INFO - Processing /home/airflow/.local/lib/python3.12/site-packages/airflow/example_dags/example_short_circuit_operator.py took 0.089 seconds
[2024-05-26T11:34:11.555+0000] {processor.py:161} INFO - Started process (PID=8276) to work on /home/airflow/.local/lib/python3.12/site-packages/airflow/example_dags/example_short_circuit_operator.py
[2024-05-26T11:34:11.557+0000] {processor.py:830} INFO - Processing file /home/airflow/.local/lib/python3.12/site-packages/airflow/example_dags/example_short_circuit_operator.py for tasks to queue
[2024-05-26T11:34:11.559+0000] {logging_mixin.py:188} INFO - [2024-05-26T11:34:11.559+0000] {dagbag.py:545} INFO - Filling up the DagBag from /home/airflow/.local/lib/python3.12/site-packages/airflow/example_dags/example_short_circuit_operator.py
[2024-05-26T11:34:11.568+0000] {processor.py:840} INFO - DAG(s) 'example_short_circuit_operator' retrieved from /home/airflow/.local/lib/python3.12/site-packages/airflow/example_dags/example_short_circuit_operator.py
[2024-05-26T11:34:11.603+0000] {logging_mixin.py:188} INFO - [2024-05-26T11:34:11.602+0000] {dag.py:3096} INFO - Sync 1 DAGs
[2024-05-26T11:34:11.636+0000] {logging_mixin.py:188} INFO - [2024-05-26T11:34:11.635+0000] {dag.py:3954} INFO - Setting next_dagrun for example_short_circuit_operator to 2024-05-25 00:00:00+00:00, run_after=2024-05-26 00:00:00+00:00
[2024-05-26T11:34:11.658+0000] {processor.py:183} INFO - Processing /home/airflow/.local/lib/python3.12/site-packages/airflow/example_dags/example_short_circuit_operator.py took 0.110 seconds
