[2024-05-26T11:18:55.506+0000] {processor.py:161} INFO - Started process (PID=223) to work on /home/airflow/.local/lib/python3.12/site-packages/airflow/example_dags/example_subdag_operator.py
[2024-05-26T11:18:55.510+0000] {processor.py:830} INFO - Processing file /home/airflow/.local/lib/python3.12/site-packages/airflow/example_dags/example_subdag_operator.py for tasks to queue
[2024-05-26T11:18:55.517+0000] {logging_mixin.py:188} INFO - [2024-05-26T11:18:55.516+0000] {dagbag.py:545} INFO - Filling up the DagBag from /home/airflow/.local/lib/python3.12/site-packages/airflow/example_dags/example_subdag_operator.py
[2024-05-26T11:18:55.583+0000] {processor.py:840} INFO - DAG(s) 'example_subdag_operator.section-1', 'example_subdag_operator.section-2', 'example_subdag_operator' retrieved from /home/airflow/.local/lib/python3.12/site-packages/airflow/example_dags/example_subdag_operator.py
[2024-05-26T11:18:55.611+0000] {logging_mixin.py:188} INFO - [2024-05-26T11:18:55.610+0000] {dag.py:3096} INFO - Sync 3 DAGs
[2024-05-26T11:18:55.650+0000] {logging_mixin.py:188} INFO - [2024-05-26T11:18:55.649+0000] {dag.py:3954} INFO - Setting next_dagrun for example_subdag_operator to 2022-01-01 00:00:00+00:00, run_after=2022-01-01 00:00:00+00:00
[2024-05-26T11:18:55.657+0000] {logging_mixin.py:188} INFO - [2024-05-26T11:18:55.656+0000] {dag.py:3954} INFO - Setting next_dagrun for example_subdag_operator.section-1 to None, run_after=None
[2024-05-26T11:18:55.660+0000] {logging_mixin.py:188} INFO - [2024-05-26T11:18:55.659+0000] {dag.py:3954} INFO - Setting next_dagrun for example_subdag_operator.section-2 to None, run_after=None
[2024-05-26T11:18:55.674+0000] {logging_mixin.py:188} INFO - [2024-05-26T11:18:55.674+0000] {dag.py:3096} INFO - Sync 2 DAGs
[2024-05-26T11:18:55.685+0000] {logging_mixin.py:188} INFO - [2024-05-26T11:18:55.685+0000] {dag.py:3954} INFO - Setting next_dagrun for example_subdag_operator.section-1 to None, run_after=None
[2024-05-26T11:18:55.687+0000] {logging_mixin.py:188} INFO - [2024-05-26T11:18:55.687+0000] {dag.py:3954} INFO - Setting next_dagrun for example_subdag_operator.section-2 to None, run_after=None
[2024-05-26T11:18:55.707+0000] {processor.py:183} INFO - Processing /home/airflow/.local/lib/python3.12/site-packages/airflow/example_dags/example_subdag_operator.py took 0.220 seconds
[2024-05-26T11:19:26.194+0000] {processor.py:161} INFO - Started process (PID=491) to work on /home/airflow/.local/lib/python3.12/site-packages/airflow/example_dags/example_subdag_operator.py
[2024-05-26T11:19:26.195+0000] {processor.py:830} INFO - Processing file /home/airflow/.local/lib/python3.12/site-packages/airflow/example_dags/example_subdag_operator.py for tasks to queue
[2024-05-26T11:19:26.199+0000] {logging_mixin.py:188} INFO - [2024-05-26T11:19:26.198+0000] {dagbag.py:545} INFO - Filling up the DagBag from /home/airflow/.local/lib/python3.12/site-packages/airflow/example_dags/example_subdag_operator.py
[2024-05-26T11:19:26.230+0000] {processor.py:840} INFO - DAG(s) 'example_subdag_operator.section-1', 'example_subdag_operator.section-2', 'example_subdag_operator' retrieved from /home/airflow/.local/lib/python3.12/site-packages/airflow/example_dags/example_subdag_operator.py
[2024-05-26T11:19:26.253+0000] {logging_mixin.py:188} INFO - [2024-05-26T11:19:26.253+0000] {dag.py:3096} INFO - Sync 3 DAGs
[2024-05-26T11:19:26.280+0000] {logging_mixin.py:188} INFO - [2024-05-26T11:19:26.280+0000] {dag.py:3954} INFO - Setting next_dagrun for example_subdag_operator to 2022-01-01 00:00:00+00:00, run_after=2022-01-01 00:00:00+00:00
[2024-05-26T11:19:26.284+0000] {logging_mixin.py:188} INFO - [2024-05-26T11:19:26.284+0000] {dag.py:3954} INFO - Setting next_dagrun for example_subdag_operator.section-1 to None, run_after=None
[2024-05-26T11:19:26.287+0000] {logging_mixin.py:188} INFO - [2024-05-26T11:19:26.287+0000] {dag.py:3954} INFO - Setting next_dagrun for example_subdag_operator.section-2 to None, run_after=None
[2024-05-26T11:19:26.296+0000] {logging_mixin.py:188} INFO - [2024-05-26T11:19:26.295+0000] {dag.py:3096} INFO - Sync 2 DAGs
[2024-05-26T11:19:26.303+0000] {logging_mixin.py:188} INFO - [2024-05-26T11:19:26.302+0000] {dag.py:3954} INFO - Setting next_dagrun for example_subdag_operator.section-1 to None, run_after=None
[2024-05-26T11:19:26.304+0000] {logging_mixin.py:188} INFO - [2024-05-26T11:19:26.304+0000] {dag.py:3954} INFO - Setting next_dagrun for example_subdag_operator.section-2 to None, run_after=None
[2024-05-26T11:19:26.319+0000] {processor.py:183} INFO - Processing /home/airflow/.local/lib/python3.12/site-packages/airflow/example_dags/example_subdag_operator.py took 0.132 seconds
[2024-05-26T11:19:56.814+0000] {processor.py:161} INFO - Started process (PID=757) to work on /home/airflow/.local/lib/python3.12/site-packages/airflow/example_dags/example_subdag_operator.py
[2024-05-26T11:19:56.815+0000] {processor.py:830} INFO - Processing file /home/airflow/.local/lib/python3.12/site-packages/airflow/example_dags/example_subdag_operator.py for tasks to queue
[2024-05-26T11:19:56.818+0000] {logging_mixin.py:188} INFO - [2024-05-26T11:19:56.818+0000] {dagbag.py:545} INFO - Filling up the DagBag from /home/airflow/.local/lib/python3.12/site-packages/airflow/example_dags/example_subdag_operator.py
[2024-05-26T11:19:56.839+0000] {processor.py:840} INFO - DAG(s) 'example_subdag_operator.section-1', 'example_subdag_operator.section-2', 'example_subdag_operator' retrieved from /home/airflow/.local/lib/python3.12/site-packages/airflow/example_dags/example_subdag_operator.py
[2024-05-26T11:19:56.844+0000] {logging_mixin.py:188} INFO - [2024-05-26T11:19:56.843+0000] {dag.py:3096} INFO - Sync 3 DAGs
[2024-05-26T11:19:56.870+0000] {logging_mixin.py:188} INFO - [2024-05-26T11:19:56.869+0000] {dag.py:3954} INFO - Setting next_dagrun for example_subdag_operator to 2022-01-01 00:00:00+00:00, run_after=2022-01-01 00:00:00+00:00
[2024-05-26T11:19:56.875+0000] {logging_mixin.py:188} INFO - [2024-05-26T11:19:56.875+0000] {dag.py:3954} INFO - Setting next_dagrun for example_subdag_operator.section-1 to None, run_after=None
[2024-05-26T11:19:56.877+0000] {logging_mixin.py:188} INFO - [2024-05-26T11:19:56.877+0000] {dag.py:3954} INFO - Setting next_dagrun for example_subdag_operator.section-2 to None, run_after=None
[2024-05-26T11:19:56.885+0000] {logging_mixin.py:188} INFO - [2024-05-26T11:19:56.885+0000] {dag.py:3096} INFO - Sync 2 DAGs
[2024-05-26T11:19:56.889+0000] {logging_mixin.py:188} INFO - [2024-05-26T11:19:56.889+0000] {dag.py:3954} INFO - Setting next_dagrun for example_subdag_operator.section-1 to None, run_after=None
[2024-05-26T11:19:56.890+0000] {logging_mixin.py:188} INFO - [2024-05-26T11:19:56.890+0000] {dag.py:3954} INFO - Setting next_dagrun for example_subdag_operator.section-2 to None, run_after=None
[2024-05-26T11:19:56.901+0000] {processor.py:183} INFO - Processing /home/airflow/.local/lib/python3.12/site-packages/airflow/example_dags/example_subdag_operator.py took 0.093 seconds
[2024-05-26T11:20:27.652+0000] {processor.py:161} INFO - Started process (PID=1025) to work on /home/airflow/.local/lib/python3.12/site-packages/airflow/example_dags/example_subdag_operator.py
[2024-05-26T11:20:27.653+0000] {processor.py:830} INFO - Processing file /home/airflow/.local/lib/python3.12/site-packages/airflow/example_dags/example_subdag_operator.py for tasks to queue
[2024-05-26T11:20:27.655+0000] {logging_mixin.py:188} INFO - [2024-05-26T11:20:27.655+0000] {dagbag.py:545} INFO - Filling up the DagBag from /home/airflow/.local/lib/python3.12/site-packages/airflow/example_dags/example_subdag_operator.py
[2024-05-26T11:20:27.677+0000] {processor.py:840} INFO - DAG(s) 'example_subdag_operator.section-1', 'example_subdag_operator.section-2', 'example_subdag_operator' retrieved from /home/airflow/.local/lib/python3.12/site-packages/airflow/example_dags/example_subdag_operator.py
[2024-05-26T11:20:27.784+0000] {logging_mixin.py:188} INFO - [2024-05-26T11:20:27.784+0000] {dag.py:3096} INFO - Sync 3 DAGs
[2024-05-26T11:20:27.803+0000] {logging_mixin.py:188} INFO - [2024-05-26T11:20:27.803+0000] {dag.py:3954} INFO - Setting next_dagrun for example_subdag_operator to 2022-01-01 00:00:00+00:00, run_after=2022-01-01 00:00:00+00:00
[2024-05-26T11:20:27.809+0000] {logging_mixin.py:188} INFO - [2024-05-26T11:20:27.809+0000] {dag.py:3954} INFO - Setting next_dagrun for example_subdag_operator.section-1 to None, run_after=None
[2024-05-26T11:20:27.812+0000] {logging_mixin.py:188} INFO - [2024-05-26T11:20:27.811+0000] {dag.py:3954} INFO - Setting next_dagrun for example_subdag_operator.section-2 to None, run_after=None
[2024-05-26T11:20:27.822+0000] {logging_mixin.py:188} INFO - [2024-05-26T11:20:27.822+0000] {dag.py:3096} INFO - Sync 2 DAGs
[2024-05-26T11:20:27.829+0000] {logging_mixin.py:188} INFO - [2024-05-26T11:20:27.829+0000] {dag.py:3954} INFO - Setting next_dagrun for example_subdag_operator.section-1 to None, run_after=None
[2024-05-26T11:20:27.830+0000] {logging_mixin.py:188} INFO - [2024-05-26T11:20:27.830+0000] {dag.py:3954} INFO - Setting next_dagrun for example_subdag_operator.section-2 to None, run_after=None
[2024-05-26T11:20:27.840+0000] {processor.py:183} INFO - Processing /home/airflow/.local/lib/python3.12/site-packages/airflow/example_dags/example_subdag_operator.py took 0.195 seconds
[2024-05-26T11:20:58.387+0000] {processor.py:161} INFO - Started process (PID=1293) to work on /home/airflow/.local/lib/python3.12/site-packages/airflow/example_dags/example_subdag_operator.py
[2024-05-26T11:20:58.389+0000] {processor.py:830} INFO - Processing file /home/airflow/.local/lib/python3.12/site-packages/airflow/example_dags/example_subdag_operator.py for tasks to queue
[2024-05-26T11:20:58.391+0000] {logging_mixin.py:188} INFO - [2024-05-26T11:20:58.390+0000] {dagbag.py:545} INFO - Filling up the DagBag from /home/airflow/.local/lib/python3.12/site-packages/airflow/example_dags/example_subdag_operator.py
[2024-05-26T11:20:58.412+0000] {processor.py:840} INFO - DAG(s) 'example_subdag_operator.section-1', 'example_subdag_operator.section-2', 'example_subdag_operator' retrieved from /home/airflow/.local/lib/python3.12/site-packages/airflow/example_dags/example_subdag_operator.py
[2024-05-26T11:20:58.426+0000] {logging_mixin.py:188} INFO - [2024-05-26T11:20:58.426+0000] {dag.py:3096} INFO - Sync 3 DAGs
[2024-05-26T11:20:58.449+0000] {logging_mixin.py:188} INFO - [2024-05-26T11:20:58.449+0000] {dag.py:3954} INFO - Setting next_dagrun for example_subdag_operator to 2022-01-01 00:00:00+00:00, run_after=2022-01-01 00:00:00+00:00
[2024-05-26T11:20:58.454+0000] {logging_mixin.py:188} INFO - [2024-05-26T11:20:58.454+0000] {dag.py:3954} INFO - Setting next_dagrun for example_subdag_operator.section-1 to None, run_after=None
[2024-05-26T11:20:58.455+0000] {logging_mixin.py:188} INFO - [2024-05-26T11:20:58.455+0000] {dag.py:3954} INFO - Setting next_dagrun for example_subdag_operator.section-2 to None, run_after=None
[2024-05-26T11:20:58.463+0000] {logging_mixin.py:188} INFO - [2024-05-26T11:20:58.462+0000] {dag.py:3096} INFO - Sync 2 DAGs
[2024-05-26T11:20:58.468+0000] {logging_mixin.py:188} INFO - [2024-05-26T11:20:58.467+0000] {dag.py:3954} INFO - Setting next_dagrun for example_subdag_operator.section-1 to None, run_after=None
[2024-05-26T11:20:58.468+0000] {logging_mixin.py:188} INFO - [2024-05-26T11:20:58.468+0000] {dag.py:3954} INFO - Setting next_dagrun for example_subdag_operator.section-2 to None, run_after=None
[2024-05-26T11:20:58.479+0000] {processor.py:183} INFO - Processing /home/airflow/.local/lib/python3.12/site-packages/airflow/example_dags/example_subdag_operator.py took 0.099 seconds
[2024-05-26T11:21:29.243+0000] {processor.py:161} INFO - Started process (PID=1561) to work on /home/airflow/.local/lib/python3.12/site-packages/airflow/example_dags/example_subdag_operator.py
[2024-05-26T11:21:29.249+0000] {processor.py:830} INFO - Processing file /home/airflow/.local/lib/python3.12/site-packages/airflow/example_dags/example_subdag_operator.py for tasks to queue
[2024-05-26T11:21:29.251+0000] {logging_mixin.py:188} INFO - [2024-05-26T11:21:29.251+0000] {dagbag.py:545} INFO - Filling up the DagBag from /home/airflow/.local/lib/python3.12/site-packages/airflow/example_dags/example_subdag_operator.py
[2024-05-26T11:21:29.274+0000] {processor.py:840} INFO - DAG(s) 'example_subdag_operator.section-1', 'example_subdag_operator.section-2', 'example_subdag_operator' retrieved from /home/airflow/.local/lib/python3.12/site-packages/airflow/example_dags/example_subdag_operator.py
[2024-05-26T11:21:29.289+0000] {logging_mixin.py:188} INFO - [2024-05-26T11:21:29.288+0000] {dag.py:3096} INFO - Sync 3 DAGs
[2024-05-26T11:21:29.308+0000] {logging_mixin.py:188} INFO - [2024-05-26T11:21:29.308+0000] {dag.py:3954} INFO - Setting next_dagrun for example_subdag_operator to 2022-01-01 00:00:00+00:00, run_after=2022-01-01 00:00:00+00:00
[2024-05-26T11:21:29.315+0000] {logging_mixin.py:188} INFO - [2024-05-26T11:21:29.315+0000] {dag.py:3954} INFO - Setting next_dagrun for example_subdag_operator.section-1 to None, run_after=None
[2024-05-26T11:21:29.317+0000] {logging_mixin.py:188} INFO - [2024-05-26T11:21:29.317+0000] {dag.py:3954} INFO - Setting next_dagrun for example_subdag_operator.section-2 to None, run_after=None
[2024-05-26T11:21:29.327+0000] {logging_mixin.py:188} INFO - [2024-05-26T11:21:29.327+0000] {dag.py:3096} INFO - Sync 2 DAGs
[2024-05-26T11:21:29.332+0000] {logging_mixin.py:188} INFO - [2024-05-26T11:21:29.332+0000] {dag.py:3954} INFO - Setting next_dagrun for example_subdag_operator.section-1 to None, run_after=None
[2024-05-26T11:21:29.333+0000] {logging_mixin.py:188} INFO - [2024-05-26T11:21:29.333+0000] {dag.py:3954} INFO - Setting next_dagrun for example_subdag_operator.section-2 to None, run_after=None
[2024-05-26T11:21:29.343+0000] {processor.py:183} INFO - Processing /home/airflow/.local/lib/python3.12/site-packages/airflow/example_dags/example_subdag_operator.py took 0.118 seconds
[2024-05-26T11:21:59.996+0000] {processor.py:161} INFO - Started process (PID=1831) to work on /home/airflow/.local/lib/python3.12/site-packages/airflow/example_dags/example_subdag_operator.py
[2024-05-26T11:21:59.997+0000] {processor.py:830} INFO - Processing file /home/airflow/.local/lib/python3.12/site-packages/airflow/example_dags/example_subdag_operator.py for tasks to queue
[2024-05-26T11:21:59.998+0000] {logging_mixin.py:188} INFO - [2024-05-26T11:21:59.998+0000] {dagbag.py:545} INFO - Filling up the DagBag from /home/airflow/.local/lib/python3.12/site-packages/airflow/example_dags/example_subdag_operator.py
[2024-05-26T11:22:00.021+0000] {processor.py:840} INFO - DAG(s) 'example_subdag_operator.section-1', 'example_subdag_operator.section-2', 'example_subdag_operator' retrieved from /home/airflow/.local/lib/python3.12/site-packages/airflow/example_dags/example_subdag_operator.py
[2024-05-26T11:22:00.037+0000] {logging_mixin.py:188} INFO - [2024-05-26T11:22:00.036+0000] {dag.py:3096} INFO - Sync 3 DAGs
[2024-05-26T11:22:00.058+0000] {logging_mixin.py:188} INFO - [2024-05-26T11:22:00.057+0000] {dag.py:3954} INFO - Setting next_dagrun for example_subdag_operator to 2022-01-01 00:00:00+00:00, run_after=2022-01-01 00:00:00+00:00
[2024-05-26T11:22:00.061+0000] {logging_mixin.py:188} INFO - [2024-05-26T11:22:00.061+0000] {dag.py:3954} INFO - Setting next_dagrun for example_subdag_operator.section-1 to None, run_after=None
[2024-05-26T11:22:00.062+0000] {logging_mixin.py:188} INFO - [2024-05-26T11:22:00.062+0000] {dag.py:3954} INFO - Setting next_dagrun for example_subdag_operator.section-2 to None, run_after=None
[2024-05-26T11:22:00.069+0000] {logging_mixin.py:188} INFO - [2024-05-26T11:22:00.069+0000] {dag.py:3096} INFO - Sync 2 DAGs
[2024-05-26T11:22:00.074+0000] {logging_mixin.py:188} INFO - [2024-05-26T11:22:00.074+0000] {dag.py:3954} INFO - Setting next_dagrun for example_subdag_operator.section-1 to None, run_after=None
[2024-05-26T11:22:00.075+0000] {logging_mixin.py:188} INFO - [2024-05-26T11:22:00.075+0000] {dag.py:3954} INFO - Setting next_dagrun for example_subdag_operator.section-2 to None, run_after=None
[2024-05-26T11:22:00.088+0000] {processor.py:183} INFO - Processing /home/airflow/.local/lib/python3.12/site-packages/airflow/example_dags/example_subdag_operator.py took 0.098 seconds
[2024-05-26T11:22:30.542+0000] {processor.py:161} INFO - Started process (PID=2097) to work on /home/airflow/.local/lib/python3.12/site-packages/airflow/example_dags/example_subdag_operator.py
[2024-05-26T11:22:30.543+0000] {processor.py:830} INFO - Processing file /home/airflow/.local/lib/python3.12/site-packages/airflow/example_dags/example_subdag_operator.py for tasks to queue
[2024-05-26T11:22:30.546+0000] {logging_mixin.py:188} INFO - [2024-05-26T11:22:30.546+0000] {dagbag.py:545} INFO - Filling up the DagBag from /home/airflow/.local/lib/python3.12/site-packages/airflow/example_dags/example_subdag_operator.py
[2024-05-26T11:22:30.582+0000] {processor.py:840} INFO - DAG(s) 'example_subdag_operator.section-1', 'example_subdag_operator.section-2', 'example_subdag_operator' retrieved from /home/airflow/.local/lib/python3.12/site-packages/airflow/example_dags/example_subdag_operator.py
[2024-05-26T11:22:30.606+0000] {logging_mixin.py:188} INFO - [2024-05-26T11:22:30.606+0000] {dag.py:3096} INFO - Sync 3 DAGs
[2024-05-26T11:22:30.632+0000] {logging_mixin.py:188} INFO - [2024-05-26T11:22:30.631+0000] {dag.py:3954} INFO - Setting next_dagrun for example_subdag_operator to 2022-01-01 00:00:00+00:00, run_after=2022-01-01 00:00:00+00:00
[2024-05-26T11:22:30.637+0000] {logging_mixin.py:188} INFO - [2024-05-26T11:22:30.637+0000] {dag.py:3954} INFO - Setting next_dagrun for example_subdag_operator.section-1 to None, run_after=None
[2024-05-26T11:22:30.639+0000] {logging_mixin.py:188} INFO - [2024-05-26T11:22:30.639+0000] {dag.py:3954} INFO - Setting next_dagrun for example_subdag_operator.section-2 to None, run_after=None
[2024-05-26T11:22:30.649+0000] {logging_mixin.py:188} INFO - [2024-05-26T11:22:30.649+0000] {dag.py:3096} INFO - Sync 2 DAGs
[2024-05-26T11:22:30.656+0000] {logging_mixin.py:188} INFO - [2024-05-26T11:22:30.656+0000] {dag.py:3954} INFO - Setting next_dagrun for example_subdag_operator.section-1 to None, run_after=None
[2024-05-26T11:22:30.657+0000] {logging_mixin.py:188} INFO - [2024-05-26T11:22:30.657+0000] {dag.py:3954} INFO - Setting next_dagrun for example_subdag_operator.section-2 to None, run_after=None
[2024-05-26T11:22:30.672+0000] {processor.py:183} INFO - Processing /home/airflow/.local/lib/python3.12/site-packages/airflow/example_dags/example_subdag_operator.py took 0.137 seconds
[2024-05-26T11:23:01.490+0000] {processor.py:161} INFO - Started process (PID=2365) to work on /home/airflow/.local/lib/python3.12/site-packages/airflow/example_dags/example_subdag_operator.py
[2024-05-26T11:23:01.491+0000] {processor.py:830} INFO - Processing file /home/airflow/.local/lib/python3.12/site-packages/airflow/example_dags/example_subdag_operator.py for tasks to queue
[2024-05-26T11:23:01.493+0000] {logging_mixin.py:188} INFO - [2024-05-26T11:23:01.493+0000] {dagbag.py:545} INFO - Filling up the DagBag from /home/airflow/.local/lib/python3.12/site-packages/airflow/example_dags/example_subdag_operator.py
[2024-05-26T11:23:01.516+0000] {processor.py:840} INFO - DAG(s) 'example_subdag_operator.section-1', 'example_subdag_operator.section-2', 'example_subdag_operator' retrieved from /home/airflow/.local/lib/python3.12/site-packages/airflow/example_dags/example_subdag_operator.py
[2024-05-26T11:23:01.532+0000] {logging_mixin.py:188} INFO - [2024-05-26T11:23:01.532+0000] {dag.py:3096} INFO - Sync 3 DAGs
[2024-05-26T11:23:01.555+0000] {logging_mixin.py:188} INFO - [2024-05-26T11:23:01.554+0000] {dag.py:3954} INFO - Setting next_dagrun for example_subdag_operator to 2022-01-01 00:00:00+00:00, run_after=2022-01-01 00:00:00+00:00
[2024-05-26T11:23:01.559+0000] {logging_mixin.py:188} INFO - [2024-05-26T11:23:01.559+0000] {dag.py:3954} INFO - Setting next_dagrun for example_subdag_operator.section-1 to None, run_after=None
[2024-05-26T11:23:01.561+0000] {logging_mixin.py:188} INFO - [2024-05-26T11:23:01.561+0000] {dag.py:3954} INFO - Setting next_dagrun for example_subdag_operator.section-2 to None, run_after=None
[2024-05-26T11:23:01.569+0000] {logging_mixin.py:188} INFO - [2024-05-26T11:23:01.568+0000] {dag.py:3096} INFO - Sync 2 DAGs
[2024-05-26T11:23:01.574+0000] {logging_mixin.py:188} INFO - [2024-05-26T11:23:01.574+0000] {dag.py:3954} INFO - Setting next_dagrun for example_subdag_operator.section-1 to None, run_after=None
[2024-05-26T11:23:01.575+0000] {logging_mixin.py:188} INFO - [2024-05-26T11:23:01.575+0000] {dag.py:3954} INFO - Setting next_dagrun for example_subdag_operator.section-2 to None, run_after=None
[2024-05-26T11:23:01.587+0000] {processor.py:183} INFO - Processing /home/airflow/.local/lib/python3.12/site-packages/airflow/example_dags/example_subdag_operator.py took 0.102 seconds
[2024-05-26T11:23:31.639+0000] {processor.py:161} INFO - Started process (PID=2627) to work on /home/airflow/.local/lib/python3.12/site-packages/airflow/example_dags/example_subdag_operator.py
[2024-05-26T11:23:31.640+0000] {processor.py:830} INFO - Processing file /home/airflow/.local/lib/python3.12/site-packages/airflow/example_dags/example_subdag_operator.py for tasks to queue
[2024-05-26T11:23:31.642+0000] {logging_mixin.py:188} INFO - [2024-05-26T11:23:31.642+0000] {dagbag.py:545} INFO - Filling up the DagBag from /home/airflow/.local/lib/python3.12/site-packages/airflow/example_dags/example_subdag_operator.py
[2024-05-26T11:23:31.665+0000] {processor.py:840} INFO - DAG(s) 'example_subdag_operator.section-1', 'example_subdag_operator.section-2', 'example_subdag_operator' retrieved from /home/airflow/.local/lib/python3.12/site-packages/airflow/example_dags/example_subdag_operator.py
[2024-05-26T11:23:31.682+0000] {logging_mixin.py:188} INFO - [2024-05-26T11:23:31.682+0000] {dag.py:3096} INFO - Sync 3 DAGs
[2024-05-26T11:23:31.704+0000] {logging_mixin.py:188} INFO - [2024-05-26T11:23:31.704+0000] {dag.py:3954} INFO - Setting next_dagrun for example_subdag_operator to 2022-01-01 00:00:00+00:00, run_after=2022-01-01 00:00:00+00:00
[2024-05-26T11:23:31.709+0000] {logging_mixin.py:188} INFO - [2024-05-26T11:23:31.708+0000] {dag.py:3954} INFO - Setting next_dagrun for example_subdag_operator.section-1 to None, run_after=None
[2024-05-26T11:23:31.711+0000] {logging_mixin.py:188} INFO - [2024-05-26T11:23:31.711+0000] {dag.py:3954} INFO - Setting next_dagrun for example_subdag_operator.section-2 to None, run_after=None
[2024-05-26T11:23:31.719+0000] {logging_mixin.py:188} INFO - [2024-05-26T11:23:31.719+0000] {dag.py:3096} INFO - Sync 2 DAGs
[2024-05-26T11:23:31.724+0000] {logging_mixin.py:188} INFO - [2024-05-26T11:23:31.724+0000] {dag.py:3954} INFO - Setting next_dagrun for example_subdag_operator.section-1 to None, run_after=None
[2024-05-26T11:23:31.725+0000] {logging_mixin.py:188} INFO - [2024-05-26T11:23:31.725+0000] {dag.py:3954} INFO - Setting next_dagrun for example_subdag_operator.section-2 to None, run_after=None
[2024-05-26T11:23:31.736+0000] {processor.py:183} INFO - Processing /home/airflow/.local/lib/python3.12/site-packages/airflow/example_dags/example_subdag_operator.py took 0.101 seconds
[2024-05-26T11:24:02.058+0000] {processor.py:161} INFO - Started process (PID=2895) to work on /home/airflow/.local/lib/python3.12/site-packages/airflow/example_dags/example_subdag_operator.py
[2024-05-26T11:24:02.059+0000] {processor.py:830} INFO - Processing file /home/airflow/.local/lib/python3.12/site-packages/airflow/example_dags/example_subdag_operator.py for tasks to queue
[2024-05-26T11:24:02.060+0000] {logging_mixin.py:188} INFO - [2024-05-26T11:24:02.060+0000] {dagbag.py:545} INFO - Filling up the DagBag from /home/airflow/.local/lib/python3.12/site-packages/airflow/example_dags/example_subdag_operator.py
[2024-05-26T11:24:02.083+0000] {processor.py:840} INFO - DAG(s) 'example_subdag_operator.section-1', 'example_subdag_operator.section-2', 'example_subdag_operator' retrieved from /home/airflow/.local/lib/python3.12/site-packages/airflow/example_dags/example_subdag_operator.py
[2024-05-26T11:24:02.101+0000] {logging_mixin.py:188} INFO - [2024-05-26T11:24:02.101+0000] {dag.py:3096} INFO - Sync 3 DAGs
[2024-05-26T11:24:02.123+0000] {logging_mixin.py:188} INFO - [2024-05-26T11:24:02.123+0000] {dag.py:3954} INFO - Setting next_dagrun for example_subdag_operator to 2022-01-01 00:00:00+00:00, run_after=2022-01-01 00:00:00+00:00
[2024-05-26T11:24:02.127+0000] {logging_mixin.py:188} INFO - [2024-05-26T11:24:02.127+0000] {dag.py:3954} INFO - Setting next_dagrun for example_subdag_operator.section-1 to None, run_after=None
[2024-05-26T11:24:02.130+0000] {logging_mixin.py:188} INFO - [2024-05-26T11:24:02.129+0000] {dag.py:3954} INFO - Setting next_dagrun for example_subdag_operator.section-2 to None, run_after=None
[2024-05-26T11:24:02.136+0000] {logging_mixin.py:188} INFO - [2024-05-26T11:24:02.136+0000] {dag.py:3096} INFO - Sync 2 DAGs
[2024-05-26T11:24:02.142+0000] {logging_mixin.py:188} INFO - [2024-05-26T11:24:02.142+0000] {dag.py:3954} INFO - Setting next_dagrun for example_subdag_operator.section-1 to None, run_after=None
[2024-05-26T11:24:02.143+0000] {logging_mixin.py:188} INFO - [2024-05-26T11:24:02.143+0000] {dag.py:3954} INFO - Setting next_dagrun for example_subdag_operator.section-2 to None, run_after=None
[2024-05-26T11:24:02.156+0000] {processor.py:183} INFO - Processing /home/airflow/.local/lib/python3.12/site-packages/airflow/example_dags/example_subdag_operator.py took 0.103 seconds
[2024-05-26T11:24:32.268+0000] {processor.py:161} INFO - Started process (PID=3163) to work on /home/airflow/.local/lib/python3.12/site-packages/airflow/example_dags/example_subdag_operator.py
[2024-05-26T11:24:32.270+0000] {processor.py:830} INFO - Processing file /home/airflow/.local/lib/python3.12/site-packages/airflow/example_dags/example_subdag_operator.py for tasks to queue
[2024-05-26T11:24:32.271+0000] {logging_mixin.py:188} INFO - [2024-05-26T11:24:32.271+0000] {dagbag.py:545} INFO - Filling up the DagBag from /home/airflow/.local/lib/python3.12/site-packages/airflow/example_dags/example_subdag_operator.py
[2024-05-26T11:24:32.296+0000] {processor.py:840} INFO - DAG(s) 'example_subdag_operator.section-1', 'example_subdag_operator.section-2', 'example_subdag_operator' retrieved from /home/airflow/.local/lib/python3.12/site-packages/airflow/example_dags/example_subdag_operator.py
[2024-05-26T11:24:32.314+0000] {logging_mixin.py:188} INFO - [2024-05-26T11:24:32.314+0000] {dag.py:3096} INFO - Sync 3 DAGs
[2024-05-26T11:24:32.344+0000] {logging_mixin.py:188} INFO - [2024-05-26T11:24:32.344+0000] {dag.py:3954} INFO - Setting next_dagrun for example_subdag_operator to 2022-01-01 00:00:00+00:00, run_after=2022-01-01 00:00:00+00:00
[2024-05-26T11:24:32.349+0000] {logging_mixin.py:188} INFO - [2024-05-26T11:24:32.349+0000] {dag.py:3954} INFO - Setting next_dagrun for example_subdag_operator.section-1 to None, run_after=None
[2024-05-26T11:24:32.352+0000] {logging_mixin.py:188} INFO - [2024-05-26T11:24:32.351+0000] {dag.py:3954} INFO - Setting next_dagrun for example_subdag_operator.section-2 to None, run_after=None
[2024-05-26T11:24:32.360+0000] {logging_mixin.py:188} INFO - [2024-05-26T11:24:32.360+0000] {dag.py:3096} INFO - Sync 2 DAGs
[2024-05-26T11:24:32.367+0000] {logging_mixin.py:188} INFO - [2024-05-26T11:24:32.367+0000] {dag.py:3954} INFO - Setting next_dagrun for example_subdag_operator.section-1 to None, run_after=None
[2024-05-26T11:24:32.367+0000] {logging_mixin.py:188} INFO - [2024-05-26T11:24:32.367+0000] {dag.py:3954} INFO - Setting next_dagrun for example_subdag_operator.section-2 to None, run_after=None
[2024-05-26T11:24:32.382+0000] {processor.py:183} INFO - Processing /home/airflow/.local/lib/python3.12/site-packages/airflow/example_dags/example_subdag_operator.py took 0.119 seconds
[2024-05-26T11:25:02.619+0000] {processor.py:161} INFO - Started process (PID=3431) to work on /home/airflow/.local/lib/python3.12/site-packages/airflow/example_dags/example_subdag_operator.py
[2024-05-26T11:25:02.620+0000] {processor.py:830} INFO - Processing file /home/airflow/.local/lib/python3.12/site-packages/airflow/example_dags/example_subdag_operator.py for tasks to queue
[2024-05-26T11:25:02.622+0000] {logging_mixin.py:188} INFO - [2024-05-26T11:25:02.622+0000] {dagbag.py:545} INFO - Filling up the DagBag from /home/airflow/.local/lib/python3.12/site-packages/airflow/example_dags/example_subdag_operator.py
[2024-05-26T11:25:02.645+0000] {processor.py:840} INFO - DAG(s) 'example_subdag_operator.section-1', 'example_subdag_operator.section-2', 'example_subdag_operator' retrieved from /home/airflow/.local/lib/python3.12/site-packages/airflow/example_dags/example_subdag_operator.py
[2024-05-26T11:25:02.662+0000] {logging_mixin.py:188} INFO - [2024-05-26T11:25:02.662+0000] {dag.py:3096} INFO - Sync 3 DAGs
[2024-05-26T11:25:02.687+0000] {logging_mixin.py:188} INFO - [2024-05-26T11:25:02.687+0000] {dag.py:3954} INFO - Setting next_dagrun for example_subdag_operator to 2022-01-01 00:00:00+00:00, run_after=2022-01-01 00:00:00+00:00
[2024-05-26T11:25:02.691+0000] {logging_mixin.py:188} INFO - [2024-05-26T11:25:02.691+0000] {dag.py:3954} INFO - Setting next_dagrun for example_subdag_operator.section-1 to None, run_after=None
[2024-05-26T11:25:02.693+0000] {logging_mixin.py:188} INFO - [2024-05-26T11:25:02.693+0000] {dag.py:3954} INFO - Setting next_dagrun for example_subdag_operator.section-2 to None, run_after=None
[2024-05-26T11:25:02.702+0000] {logging_mixin.py:188} INFO - [2024-05-26T11:25:02.701+0000] {dag.py:3096} INFO - Sync 2 DAGs
[2024-05-26T11:25:02.708+0000] {logging_mixin.py:188} INFO - [2024-05-26T11:25:02.708+0000] {dag.py:3954} INFO - Setting next_dagrun for example_subdag_operator.section-1 to None, run_after=None
[2024-05-26T11:25:02.709+0000] {logging_mixin.py:188} INFO - [2024-05-26T11:25:02.709+0000] {dag.py:3954} INFO - Setting next_dagrun for example_subdag_operator.section-2 to None, run_after=None
[2024-05-26T11:25:02.723+0000] {processor.py:183} INFO - Processing /home/airflow/.local/lib/python3.12/site-packages/airflow/example_dags/example_subdag_operator.py took 0.109 seconds
[2024-05-26T11:25:32.920+0000] {processor.py:161} INFO - Started process (PID=3699) to work on /home/airflow/.local/lib/python3.12/site-packages/airflow/example_dags/example_subdag_operator.py
[2024-05-26T11:25:32.921+0000] {processor.py:830} INFO - Processing file /home/airflow/.local/lib/python3.12/site-packages/airflow/example_dags/example_subdag_operator.py for tasks to queue
[2024-05-26T11:25:32.922+0000] {logging_mixin.py:188} INFO - [2024-05-26T11:25:32.922+0000] {dagbag.py:545} INFO - Filling up the DagBag from /home/airflow/.local/lib/python3.12/site-packages/airflow/example_dags/example_subdag_operator.py
[2024-05-26T11:25:32.943+0000] {processor.py:840} INFO - DAG(s) 'example_subdag_operator.section-1', 'example_subdag_operator.section-2', 'example_subdag_operator' retrieved from /home/airflow/.local/lib/python3.12/site-packages/airflow/example_dags/example_subdag_operator.py
[2024-05-26T11:25:32.960+0000] {logging_mixin.py:188} INFO - [2024-05-26T11:25:32.960+0000] {dag.py:3096} INFO - Sync 3 DAGs
[2024-05-26T11:25:32.985+0000] {logging_mixin.py:188} INFO - [2024-05-26T11:25:32.984+0000] {dag.py:3954} INFO - Setting next_dagrun for example_subdag_operator to 2022-01-01 00:00:00+00:00, run_after=2022-01-01 00:00:00+00:00
[2024-05-26T11:25:32.990+0000] {logging_mixin.py:188} INFO - [2024-05-26T11:25:32.990+0000] {dag.py:3954} INFO - Setting next_dagrun for example_subdag_operator.section-1 to None, run_after=None
[2024-05-26T11:25:32.992+0000] {logging_mixin.py:188} INFO - [2024-05-26T11:25:32.992+0000] {dag.py:3954} INFO - Setting next_dagrun for example_subdag_operator.section-2 to None, run_after=None
[2024-05-26T11:25:33.002+0000] {logging_mixin.py:188} INFO - [2024-05-26T11:25:33.001+0000] {dag.py:3096} INFO - Sync 2 DAGs
[2024-05-26T11:25:33.009+0000] {logging_mixin.py:188} INFO - [2024-05-26T11:25:33.008+0000] {dag.py:3954} INFO - Setting next_dagrun for example_subdag_operator.section-1 to None, run_after=None
[2024-05-26T11:25:33.010+0000] {logging_mixin.py:188} INFO - [2024-05-26T11:25:33.009+0000] {dag.py:3954} INFO - Setting next_dagrun for example_subdag_operator.section-2 to None, run_after=None
[2024-05-26T11:25:33.024+0000] {processor.py:183} INFO - Processing /home/airflow/.local/lib/python3.12/site-packages/airflow/example_dags/example_subdag_operator.py took 0.110 seconds
[2024-05-26T11:26:03.183+0000] {processor.py:161} INFO - Started process (PID=3967) to work on /home/airflow/.local/lib/python3.12/site-packages/airflow/example_dags/example_subdag_operator.py
[2024-05-26T11:26:03.184+0000] {processor.py:830} INFO - Processing file /home/airflow/.local/lib/python3.12/site-packages/airflow/example_dags/example_subdag_operator.py for tasks to queue
[2024-05-26T11:26:03.187+0000] {logging_mixin.py:188} INFO - [2024-05-26T11:26:03.186+0000] {dagbag.py:545} INFO - Filling up the DagBag from /home/airflow/.local/lib/python3.12/site-packages/airflow/example_dags/example_subdag_operator.py
[2024-05-26T11:26:03.212+0000] {processor.py:840} INFO - DAG(s) 'example_subdag_operator.section-1', 'example_subdag_operator.section-2', 'example_subdag_operator' retrieved from /home/airflow/.local/lib/python3.12/site-packages/airflow/example_dags/example_subdag_operator.py
[2024-05-26T11:26:03.232+0000] {logging_mixin.py:188} INFO - [2024-05-26T11:26:03.232+0000] {dag.py:3096} INFO - Sync 3 DAGs
[2024-05-26T11:26:03.257+0000] {logging_mixin.py:188} INFO - [2024-05-26T11:26:03.256+0000] {dag.py:3954} INFO - Setting next_dagrun for example_subdag_operator to 2022-01-01 00:00:00+00:00, run_after=2022-01-01 00:00:00+00:00
[2024-05-26T11:26:03.262+0000] {logging_mixin.py:188} INFO - [2024-05-26T11:26:03.262+0000] {dag.py:3954} INFO - Setting next_dagrun for example_subdag_operator.section-1 to None, run_after=None
[2024-05-26T11:26:03.264+0000] {logging_mixin.py:188} INFO - [2024-05-26T11:26:03.264+0000] {dag.py:3954} INFO - Setting next_dagrun for example_subdag_operator.section-2 to None, run_after=None
[2024-05-26T11:26:03.274+0000] {logging_mixin.py:188} INFO - [2024-05-26T11:26:03.274+0000] {dag.py:3096} INFO - Sync 2 DAGs
[2024-05-26T11:26:03.283+0000] {logging_mixin.py:188} INFO - [2024-05-26T11:26:03.282+0000] {dag.py:3954} INFO - Setting next_dagrun for example_subdag_operator.section-1 to None, run_after=None
[2024-05-26T11:26:03.284+0000] {logging_mixin.py:188} INFO - [2024-05-26T11:26:03.283+0000] {dag.py:3954} INFO - Setting next_dagrun for example_subdag_operator.section-2 to None, run_after=None
[2024-05-26T11:26:03.298+0000] {processor.py:183} INFO - Processing /home/airflow/.local/lib/python3.12/site-packages/airflow/example_dags/example_subdag_operator.py took 0.122 seconds
[2024-05-26T11:26:33.537+0000] {processor.py:161} INFO - Started process (PID=4241) to work on /home/airflow/.local/lib/python3.12/site-packages/airflow/example_dags/example_subdag_operator.py
[2024-05-26T11:26:33.538+0000] {processor.py:830} INFO - Processing file /home/airflow/.local/lib/python3.12/site-packages/airflow/example_dags/example_subdag_operator.py for tasks to queue
[2024-05-26T11:26:33.540+0000] {logging_mixin.py:188} INFO - [2024-05-26T11:26:33.540+0000] {dagbag.py:545} INFO - Filling up the DagBag from /home/airflow/.local/lib/python3.12/site-packages/airflow/example_dags/example_subdag_operator.py
[2024-05-26T11:26:33.565+0000] {processor.py:840} INFO - DAG(s) 'example_subdag_operator.section-1', 'example_subdag_operator.section-2', 'example_subdag_operator' retrieved from /home/airflow/.local/lib/python3.12/site-packages/airflow/example_dags/example_subdag_operator.py
[2024-05-26T11:26:33.584+0000] {logging_mixin.py:188} INFO - [2024-05-26T11:26:33.584+0000] {dag.py:3096} INFO - Sync 3 DAGs
[2024-05-26T11:26:33.606+0000] {logging_mixin.py:188} INFO - [2024-05-26T11:26:33.606+0000] {dag.py:3954} INFO - Setting next_dagrun for example_subdag_operator to 2022-01-01 00:00:00+00:00, run_after=2022-01-01 00:00:00+00:00
[2024-05-26T11:26:33.611+0000] {logging_mixin.py:188} INFO - [2024-05-26T11:26:33.610+0000] {dag.py:3954} INFO - Setting next_dagrun for example_subdag_operator.section-1 to None, run_after=None
[2024-05-26T11:26:33.613+0000] {logging_mixin.py:188} INFO - [2024-05-26T11:26:33.612+0000] {dag.py:3954} INFO - Setting next_dagrun for example_subdag_operator.section-2 to None, run_after=None
[2024-05-26T11:26:33.620+0000] {logging_mixin.py:188} INFO - [2024-05-26T11:26:33.620+0000] {dag.py:3096} INFO - Sync 2 DAGs
[2024-05-26T11:26:33.626+0000] {logging_mixin.py:188} INFO - [2024-05-26T11:26:33.625+0000] {dag.py:3954} INFO - Setting next_dagrun for example_subdag_operator.section-1 to None, run_after=None
[2024-05-26T11:26:33.626+0000] {logging_mixin.py:188} INFO - [2024-05-26T11:26:33.626+0000] {dag.py:3954} INFO - Setting next_dagrun for example_subdag_operator.section-2 to None, run_after=None
[2024-05-26T11:26:33.638+0000] {processor.py:183} INFO - Processing /home/airflow/.local/lib/python3.12/site-packages/airflow/example_dags/example_subdag_operator.py took 0.106 seconds
[2024-05-26T11:27:04.021+0000] {processor.py:161} INFO - Started process (PID=4509) to work on /home/airflow/.local/lib/python3.12/site-packages/airflow/example_dags/example_subdag_operator.py
[2024-05-26T11:27:04.023+0000] {processor.py:830} INFO - Processing file /home/airflow/.local/lib/python3.12/site-packages/airflow/example_dags/example_subdag_operator.py for tasks to queue
[2024-05-26T11:27:04.027+0000] {logging_mixin.py:188} INFO - [2024-05-26T11:27:04.027+0000] {dagbag.py:545} INFO - Filling up the DagBag from /home/airflow/.local/lib/python3.12/site-packages/airflow/example_dags/example_subdag_operator.py
[2024-05-26T11:27:04.076+0000] {processor.py:840} INFO - DAG(s) 'example_subdag_operator.section-1', 'example_subdag_operator.section-2', 'example_subdag_operator' retrieved from /home/airflow/.local/lib/python3.12/site-packages/airflow/example_dags/example_subdag_operator.py
[2024-05-26T11:27:04.106+0000] {logging_mixin.py:188} INFO - [2024-05-26T11:27:04.105+0000] {dag.py:3096} INFO - Sync 3 DAGs
[2024-05-26T11:27:04.147+0000] {logging_mixin.py:188} INFO - [2024-05-26T11:27:04.147+0000] {dag.py:3954} INFO - Setting next_dagrun for example_subdag_operator to 2022-01-01 00:00:00+00:00, run_after=2022-01-01 00:00:00+00:00
[2024-05-26T11:27:04.155+0000] {logging_mixin.py:188} INFO - [2024-05-26T11:27:04.155+0000] {dag.py:3954} INFO - Setting next_dagrun for example_subdag_operator.section-1 to None, run_after=None
[2024-05-26T11:27:04.158+0000] {logging_mixin.py:188} INFO - [2024-05-26T11:27:04.158+0000] {dag.py:3954} INFO - Setting next_dagrun for example_subdag_operator.section-2 to None, run_after=None
[2024-05-26T11:27:04.173+0000] {logging_mixin.py:188} INFO - [2024-05-26T11:27:04.173+0000] {dag.py:3096} INFO - Sync 2 DAGs
[2024-05-26T11:27:04.185+0000] {logging_mixin.py:188} INFO - [2024-05-26T11:27:04.185+0000] {dag.py:3954} INFO - Setting next_dagrun for example_subdag_operator.section-1 to None, run_after=None
[2024-05-26T11:27:04.186+0000] {logging_mixin.py:188} INFO - [2024-05-26T11:27:04.186+0000] {dag.py:3954} INFO - Setting next_dagrun for example_subdag_operator.section-2 to None, run_after=None
[2024-05-26T11:27:04.217+0000] {processor.py:183} INFO - Processing /home/airflow/.local/lib/python3.12/site-packages/airflow/example_dags/example_subdag_operator.py took 0.206 seconds
[2024-05-26T11:27:34.304+0000] {processor.py:161} INFO - Started process (PID=4777) to work on /home/airflow/.local/lib/python3.12/site-packages/airflow/example_dags/example_subdag_operator.py
[2024-05-26T11:27:34.305+0000] {processor.py:830} INFO - Processing file /home/airflow/.local/lib/python3.12/site-packages/airflow/example_dags/example_subdag_operator.py for tasks to queue
[2024-05-26T11:27:34.309+0000] {logging_mixin.py:188} INFO - [2024-05-26T11:27:34.308+0000] {dagbag.py:545} INFO - Filling up the DagBag from /home/airflow/.local/lib/python3.12/site-packages/airflow/example_dags/example_subdag_operator.py
[2024-05-26T11:27:34.333+0000] {processor.py:840} INFO - DAG(s) 'example_subdag_operator.section-1', 'example_subdag_operator.section-2', 'example_subdag_operator' retrieved from /home/airflow/.local/lib/python3.12/site-packages/airflow/example_dags/example_subdag_operator.py
[2024-05-26T11:27:34.350+0000] {logging_mixin.py:188} INFO - [2024-05-26T11:27:34.350+0000] {dag.py:3096} INFO - Sync 3 DAGs
[2024-05-26T11:27:34.371+0000] {logging_mixin.py:188} INFO - [2024-05-26T11:27:34.371+0000] {dag.py:3954} INFO - Setting next_dagrun for example_subdag_operator to 2022-01-01 00:00:00+00:00, run_after=2022-01-01 00:00:00+00:00
[2024-05-26T11:27:34.376+0000] {logging_mixin.py:188} INFO - [2024-05-26T11:27:34.375+0000] {dag.py:3954} INFO - Setting next_dagrun for example_subdag_operator.section-1 to None, run_after=None
[2024-05-26T11:27:34.378+0000] {logging_mixin.py:188} INFO - [2024-05-26T11:27:34.378+0000] {dag.py:3954} INFO - Setting next_dagrun for example_subdag_operator.section-2 to None, run_after=None
[2024-05-26T11:27:34.386+0000] {logging_mixin.py:188} INFO - [2024-05-26T11:27:34.386+0000] {dag.py:3096} INFO - Sync 2 DAGs
[2024-05-26T11:27:34.392+0000] {logging_mixin.py:188} INFO - [2024-05-26T11:27:34.392+0000] {dag.py:3954} INFO - Setting next_dagrun for example_subdag_operator.section-1 to None, run_after=None
[2024-05-26T11:27:34.393+0000] {logging_mixin.py:188} INFO - [2024-05-26T11:27:34.393+0000] {dag.py:3954} INFO - Setting next_dagrun for example_subdag_operator.section-2 to None, run_after=None
[2024-05-26T11:27:34.405+0000] {processor.py:183} INFO - Processing /home/airflow/.local/lib/python3.12/site-packages/airflow/example_dags/example_subdag_operator.py took 0.107 seconds
[2024-05-26T11:28:04.706+0000] {processor.py:161} INFO - Started process (PID=5045) to work on /home/airflow/.local/lib/python3.12/site-packages/airflow/example_dags/example_subdag_operator.py
[2024-05-26T11:28:04.707+0000] {processor.py:830} INFO - Processing file /home/airflow/.local/lib/python3.12/site-packages/airflow/example_dags/example_subdag_operator.py for tasks to queue
[2024-05-26T11:28:04.709+0000] {logging_mixin.py:188} INFO - [2024-05-26T11:28:04.709+0000] {dagbag.py:545} INFO - Filling up the DagBag from /home/airflow/.local/lib/python3.12/site-packages/airflow/example_dags/example_subdag_operator.py
[2024-05-26T11:28:04.734+0000] {processor.py:840} INFO - DAG(s) 'example_subdag_operator.section-1', 'example_subdag_operator.section-2', 'example_subdag_operator' retrieved from /home/airflow/.local/lib/python3.12/site-packages/airflow/example_dags/example_subdag_operator.py
[2024-05-26T11:28:04.751+0000] {logging_mixin.py:188} INFO - [2024-05-26T11:28:04.750+0000] {dag.py:3096} INFO - Sync 3 DAGs
[2024-05-26T11:28:04.772+0000] {logging_mixin.py:188} INFO - [2024-05-26T11:28:04.772+0000] {dag.py:3954} INFO - Setting next_dagrun for example_subdag_operator to 2022-01-01 00:00:00+00:00, run_after=2022-01-01 00:00:00+00:00
[2024-05-26T11:28:04.776+0000] {logging_mixin.py:188} INFO - [2024-05-26T11:28:04.776+0000] {dag.py:3954} INFO - Setting next_dagrun for example_subdag_operator.section-1 to None, run_after=None
[2024-05-26T11:28:04.779+0000] {logging_mixin.py:188} INFO - [2024-05-26T11:28:04.778+0000] {dag.py:3954} INFO - Setting next_dagrun for example_subdag_operator.section-2 to None, run_after=None
[2024-05-26T11:28:04.786+0000] {logging_mixin.py:188} INFO - [2024-05-26T11:28:04.786+0000] {dag.py:3096} INFO - Sync 2 DAGs
[2024-05-26T11:28:04.793+0000] {logging_mixin.py:188} INFO - [2024-05-26T11:28:04.792+0000] {dag.py:3954} INFO - Setting next_dagrun for example_subdag_operator.section-1 to None, run_after=None
[2024-05-26T11:28:04.794+0000] {logging_mixin.py:188} INFO - [2024-05-26T11:28:04.794+0000] {dag.py:3954} INFO - Setting next_dagrun for example_subdag_operator.section-2 to None, run_after=None
[2024-05-26T11:28:04.808+0000] {processor.py:183} INFO - Processing /home/airflow/.local/lib/python3.12/site-packages/airflow/example_dags/example_subdag_operator.py took 0.108 seconds
[2024-05-26T11:28:35.188+0000] {processor.py:161} INFO - Started process (PID=5313) to work on /home/airflow/.local/lib/python3.12/site-packages/airflow/example_dags/example_subdag_operator.py
[2024-05-26T11:28:35.189+0000] {processor.py:830} INFO - Processing file /home/airflow/.local/lib/python3.12/site-packages/airflow/example_dags/example_subdag_operator.py for tasks to queue
[2024-05-26T11:28:35.191+0000] {logging_mixin.py:188} INFO - [2024-05-26T11:28:35.191+0000] {dagbag.py:545} INFO - Filling up the DagBag from /home/airflow/.local/lib/python3.12/site-packages/airflow/example_dags/example_subdag_operator.py
[2024-05-26T11:28:35.213+0000] {processor.py:840} INFO - DAG(s) 'example_subdag_operator.section-1', 'example_subdag_operator.section-2', 'example_subdag_operator' retrieved from /home/airflow/.local/lib/python3.12/site-packages/airflow/example_dags/example_subdag_operator.py
[2024-05-26T11:28:35.228+0000] {logging_mixin.py:188} INFO - [2024-05-26T11:28:35.228+0000] {dag.py:3096} INFO - Sync 3 DAGs
[2024-05-26T11:28:35.249+0000] {logging_mixin.py:188} INFO - [2024-05-26T11:28:35.248+0000] {dag.py:3954} INFO - Setting next_dagrun for example_subdag_operator to 2022-01-01 00:00:00+00:00, run_after=2022-01-01 00:00:00+00:00
[2024-05-26T11:28:35.253+0000] {logging_mixin.py:188} INFO - [2024-05-26T11:28:35.253+0000] {dag.py:3954} INFO - Setting next_dagrun for example_subdag_operator.section-1 to None, run_after=None
[2024-05-26T11:28:35.255+0000] {logging_mixin.py:188} INFO - [2024-05-26T11:28:35.255+0000] {dag.py:3954} INFO - Setting next_dagrun for example_subdag_operator.section-2 to None, run_after=None
[2024-05-26T11:28:35.262+0000] {logging_mixin.py:188} INFO - [2024-05-26T11:28:35.262+0000] {dag.py:3096} INFO - Sync 2 DAGs
[2024-05-26T11:28:35.268+0000] {logging_mixin.py:188} INFO - [2024-05-26T11:28:35.268+0000] {dag.py:3954} INFO - Setting next_dagrun for example_subdag_operator.section-1 to None, run_after=None
[2024-05-26T11:28:35.269+0000] {logging_mixin.py:188} INFO - [2024-05-26T11:28:35.269+0000] {dag.py:3954} INFO - Setting next_dagrun for example_subdag_operator.section-2 to None, run_after=None
[2024-05-26T11:28:35.282+0000] {processor.py:183} INFO - Processing /home/airflow/.local/lib/python3.12/site-packages/airflow/example_dags/example_subdag_operator.py took 0.100 seconds
[2024-05-26T11:29:05.392+0000] {processor.py:161} INFO - Started process (PID=5581) to work on /home/airflow/.local/lib/python3.12/site-packages/airflow/example_dags/example_subdag_operator.py
[2024-05-26T11:29:05.393+0000] {processor.py:830} INFO - Processing file /home/airflow/.local/lib/python3.12/site-packages/airflow/example_dags/example_subdag_operator.py for tasks to queue
[2024-05-26T11:29:05.395+0000] {logging_mixin.py:188} INFO - [2024-05-26T11:29:05.395+0000] {dagbag.py:545} INFO - Filling up the DagBag from /home/airflow/.local/lib/python3.12/site-packages/airflow/example_dags/example_subdag_operator.py
[2024-05-26T11:29:05.425+0000] {processor.py:840} INFO - DAG(s) 'example_subdag_operator.section-1', 'example_subdag_operator.section-2', 'example_subdag_operator' retrieved from /home/airflow/.local/lib/python3.12/site-packages/airflow/example_dags/example_subdag_operator.py
[2024-05-26T11:29:05.445+0000] {logging_mixin.py:188} INFO - [2024-05-26T11:29:05.444+0000] {dag.py:3096} INFO - Sync 3 DAGs
[2024-05-26T11:29:05.470+0000] {logging_mixin.py:188} INFO - [2024-05-26T11:29:05.470+0000] {dag.py:3954} INFO - Setting next_dagrun for example_subdag_operator to 2022-01-01 00:00:00+00:00, run_after=2022-01-01 00:00:00+00:00
[2024-05-26T11:29:05.475+0000] {logging_mixin.py:188} INFO - [2024-05-26T11:29:05.474+0000] {dag.py:3954} INFO - Setting next_dagrun for example_subdag_operator.section-1 to None, run_after=None
[2024-05-26T11:29:05.478+0000] {logging_mixin.py:188} INFO - [2024-05-26T11:29:05.477+0000] {dag.py:3954} INFO - Setting next_dagrun for example_subdag_operator.section-2 to None, run_after=None
[2024-05-26T11:29:05.486+0000] {logging_mixin.py:188} INFO - [2024-05-26T11:29:05.485+0000] {dag.py:3096} INFO - Sync 2 DAGs
[2024-05-26T11:29:05.492+0000] {logging_mixin.py:188} INFO - [2024-05-26T11:29:05.492+0000] {dag.py:3954} INFO - Setting next_dagrun for example_subdag_operator.section-1 to None, run_after=None
[2024-05-26T11:29:05.493+0000] {logging_mixin.py:188} INFO - [2024-05-26T11:29:05.492+0000] {dag.py:3954} INFO - Setting next_dagrun for example_subdag_operator.section-2 to None, run_after=None
[2024-05-26T11:29:05.507+0000] {processor.py:183} INFO - Processing /home/airflow/.local/lib/python3.12/site-packages/airflow/example_dags/example_subdag_operator.py took 0.121 seconds
[2024-05-26T11:29:36.117+0000] {processor.py:161} INFO - Started process (PID=5849) to work on /home/airflow/.local/lib/python3.12/site-packages/airflow/example_dags/example_subdag_operator.py
[2024-05-26T11:29:36.120+0000] {processor.py:830} INFO - Processing file /home/airflow/.local/lib/python3.12/site-packages/airflow/example_dags/example_subdag_operator.py for tasks to queue
[2024-05-26T11:29:36.123+0000] {logging_mixin.py:188} INFO - [2024-05-26T11:29:36.122+0000] {dagbag.py:545} INFO - Filling up the DagBag from /home/airflow/.local/lib/python3.12/site-packages/airflow/example_dags/example_subdag_operator.py
[2024-05-26T11:29:36.155+0000] {processor.py:840} INFO - DAG(s) 'example_subdag_operator.section-1', 'example_subdag_operator.section-2', 'example_subdag_operator' retrieved from /home/airflow/.local/lib/python3.12/site-packages/airflow/example_dags/example_subdag_operator.py
[2024-05-26T11:29:36.178+0000] {logging_mixin.py:188} INFO - [2024-05-26T11:29:36.177+0000] {dag.py:3096} INFO - Sync 3 DAGs
[2024-05-26T11:29:36.211+0000] {logging_mixin.py:188} INFO - [2024-05-26T11:29:36.210+0000] {dag.py:3954} INFO - Setting next_dagrun for example_subdag_operator to 2022-01-01 00:00:00+00:00, run_after=2022-01-01 00:00:00+00:00
[2024-05-26T11:29:36.217+0000] {logging_mixin.py:188} INFO - [2024-05-26T11:29:36.217+0000] {dag.py:3954} INFO - Setting next_dagrun for example_subdag_operator.section-1 to None, run_after=None
[2024-05-26T11:29:36.219+0000] {logging_mixin.py:188} INFO - [2024-05-26T11:29:36.219+0000] {dag.py:3954} INFO - Setting next_dagrun for example_subdag_operator.section-2 to None, run_after=None
[2024-05-26T11:29:36.230+0000] {logging_mixin.py:188} INFO - [2024-05-26T11:29:36.229+0000] {dag.py:3096} INFO - Sync 2 DAGs
[2024-05-26T11:29:36.238+0000] {logging_mixin.py:188} INFO - [2024-05-26T11:29:36.237+0000] {dag.py:3954} INFO - Setting next_dagrun for example_subdag_operator.section-1 to None, run_after=None
[2024-05-26T11:29:36.239+0000] {logging_mixin.py:188} INFO - [2024-05-26T11:29:36.238+0000] {dag.py:3954} INFO - Setting next_dagrun for example_subdag_operator.section-2 to None, run_after=None
[2024-05-26T11:29:36.256+0000] {processor.py:183} INFO - Processing /home/airflow/.local/lib/python3.12/site-packages/airflow/example_dags/example_subdag_operator.py took 0.146 seconds
[2024-05-26T11:30:06.745+0000] {processor.py:161} INFO - Started process (PID=6117) to work on /home/airflow/.local/lib/python3.12/site-packages/airflow/example_dags/example_subdag_operator.py
[2024-05-26T11:30:06.746+0000] {processor.py:830} INFO - Processing file /home/airflow/.local/lib/python3.12/site-packages/airflow/example_dags/example_subdag_operator.py for tasks to queue
[2024-05-26T11:30:06.749+0000] {logging_mixin.py:188} INFO - [2024-05-26T11:30:06.749+0000] {dagbag.py:545} INFO - Filling up the DagBag from /home/airflow/.local/lib/python3.12/site-packages/airflow/example_dags/example_subdag_operator.py
[2024-05-26T11:30:06.786+0000] {processor.py:840} INFO - DAG(s) 'example_subdag_operator.section-1', 'example_subdag_operator.section-2', 'example_subdag_operator' retrieved from /home/airflow/.local/lib/python3.12/site-packages/airflow/example_dags/example_subdag_operator.py
[2024-05-26T11:30:06.810+0000] {logging_mixin.py:188} INFO - [2024-05-26T11:30:06.810+0000] {dag.py:3096} INFO - Sync 3 DAGs
[2024-05-26T11:30:07.031+0000] {logging_mixin.py:188} INFO - [2024-05-26T11:30:07.030+0000] {dag.py:3954} INFO - Setting next_dagrun for example_subdag_operator to 2022-01-01 00:00:00+00:00, run_after=2022-01-01 00:00:00+00:00
[2024-05-26T11:30:07.040+0000] {logging_mixin.py:188} INFO - [2024-05-26T11:30:07.039+0000] {dag.py:3954} INFO - Setting next_dagrun for example_subdag_operator.section-1 to None, run_after=None
[2024-05-26T11:30:07.044+0000] {logging_mixin.py:188} INFO - [2024-05-26T11:30:07.043+0000] {dag.py:3954} INFO - Setting next_dagrun for example_subdag_operator.section-2 to None, run_after=None
[2024-05-26T11:30:07.061+0000] {logging_mixin.py:188} INFO - [2024-05-26T11:30:07.061+0000] {dag.py:3096} INFO - Sync 2 DAGs
[2024-05-26T11:30:07.073+0000] {logging_mixin.py:188} INFO - [2024-05-26T11:30:07.072+0000] {dag.py:3954} INFO - Setting next_dagrun for example_subdag_operator.section-1 to None, run_after=None
[2024-05-26T11:30:07.075+0000] {logging_mixin.py:188} INFO - [2024-05-26T11:30:07.074+0000] {dag.py:3954} INFO - Setting next_dagrun for example_subdag_operator.section-2 to None, run_after=None
[2024-05-26T11:30:07.096+0000] {processor.py:183} INFO - Processing /home/airflow/.local/lib/python3.12/site-packages/airflow/example_dags/example_subdag_operator.py took 0.364 seconds
[2024-05-26T11:30:37.258+0000] {processor.py:161} INFO - Started process (PID=6385) to work on /home/airflow/.local/lib/python3.12/site-packages/airflow/example_dags/example_subdag_operator.py
[2024-05-26T11:30:37.259+0000] {processor.py:830} INFO - Processing file /home/airflow/.local/lib/python3.12/site-packages/airflow/example_dags/example_subdag_operator.py for tasks to queue
[2024-05-26T11:30:37.261+0000] {logging_mixin.py:188} INFO - [2024-05-26T11:30:37.261+0000] {dagbag.py:545} INFO - Filling up the DagBag from /home/airflow/.local/lib/python3.12/site-packages/airflow/example_dags/example_subdag_operator.py
[2024-05-26T11:30:37.286+0000] {processor.py:840} INFO - DAG(s) 'example_subdag_operator.section-1', 'example_subdag_operator.section-2', 'example_subdag_operator' retrieved from /home/airflow/.local/lib/python3.12/site-packages/airflow/example_dags/example_subdag_operator.py
[2024-05-26T11:30:37.302+0000] {logging_mixin.py:188} INFO - [2024-05-26T11:30:37.301+0000] {dag.py:3096} INFO - Sync 3 DAGs
[2024-05-26T11:30:37.324+0000] {logging_mixin.py:188} INFO - [2024-05-26T11:30:37.324+0000] {dag.py:3954} INFO - Setting next_dagrun for example_subdag_operator to 2022-01-01 00:00:00+00:00, run_after=2022-01-01 00:00:00+00:00
[2024-05-26T11:30:37.469+0000] {logging_mixin.py:188} INFO - [2024-05-26T11:30:37.469+0000] {dag.py:3954} INFO - Setting next_dagrun for example_subdag_operator.section-1 to None, run_after=None
[2024-05-26T11:30:37.472+0000] {logging_mixin.py:188} INFO - [2024-05-26T11:30:37.471+0000] {dag.py:3954} INFO - Setting next_dagrun for example_subdag_operator.section-2 to None, run_after=None
[2024-05-26T11:30:37.479+0000] {logging_mixin.py:188} INFO - [2024-05-26T11:30:37.479+0000] {dag.py:3096} INFO - Sync 2 DAGs
[2024-05-26T11:30:37.486+0000] {logging_mixin.py:188} INFO - [2024-05-26T11:30:37.486+0000] {dag.py:3954} INFO - Setting next_dagrun for example_subdag_operator.section-1 to None, run_after=None
[2024-05-26T11:30:37.487+0000] {logging_mixin.py:188} INFO - [2024-05-26T11:30:37.487+0000] {dag.py:3954} INFO - Setting next_dagrun for example_subdag_operator.section-2 to None, run_after=None
[2024-05-26T11:30:37.499+0000] {processor.py:183} INFO - Processing /home/airflow/.local/lib/python3.12/site-packages/airflow/example_dags/example_subdag_operator.py took 0.246 seconds
[2024-05-26T11:31:07.970+0000] {processor.py:161} INFO - Started process (PID=6655) to work on /home/airflow/.local/lib/python3.12/site-packages/airflow/example_dags/example_subdag_operator.py
[2024-05-26T11:31:07.971+0000] {processor.py:830} INFO - Processing file /home/airflow/.local/lib/python3.12/site-packages/airflow/example_dags/example_subdag_operator.py for tasks to queue
[2024-05-26T11:31:07.972+0000] {logging_mixin.py:188} INFO - [2024-05-26T11:31:07.972+0000] {dagbag.py:545} INFO - Filling up the DagBag from /home/airflow/.local/lib/python3.12/site-packages/airflow/example_dags/example_subdag_operator.py
[2024-05-26T11:31:07.991+0000] {processor.py:840} INFO - DAG(s) 'example_subdag_operator.section-1', 'example_subdag_operator.section-2', 'example_subdag_operator' retrieved from /home/airflow/.local/lib/python3.12/site-packages/airflow/example_dags/example_subdag_operator.py
[2024-05-26T11:31:08.004+0000] {logging_mixin.py:188} INFO - [2024-05-26T11:31:08.004+0000] {dag.py:3096} INFO - Sync 3 DAGs
[2024-05-26T11:31:08.022+0000] {logging_mixin.py:188} INFO - [2024-05-26T11:31:08.022+0000] {dag.py:3954} INFO - Setting next_dagrun for example_subdag_operator to 2022-01-01 00:00:00+00:00, run_after=2022-01-01 00:00:00+00:00
[2024-05-26T11:31:08.026+0000] {logging_mixin.py:188} INFO - [2024-05-26T11:31:08.026+0000] {dag.py:3954} INFO - Setting next_dagrun for example_subdag_operator.section-1 to None, run_after=None
[2024-05-26T11:31:08.028+0000] {logging_mixin.py:188} INFO - [2024-05-26T11:31:08.028+0000] {dag.py:3954} INFO - Setting next_dagrun for example_subdag_operator.section-2 to None, run_after=None
[2024-05-26T11:31:08.035+0000] {logging_mixin.py:188} INFO - [2024-05-26T11:31:08.034+0000] {dag.py:3096} INFO - Sync 2 DAGs
[2024-05-26T11:31:08.039+0000] {logging_mixin.py:188} INFO - [2024-05-26T11:31:08.039+0000] {dag.py:3954} INFO - Setting next_dagrun for example_subdag_operator.section-1 to None, run_after=None
[2024-05-26T11:31:08.040+0000] {logging_mixin.py:188} INFO - [2024-05-26T11:31:08.039+0000] {dag.py:3954} INFO - Setting next_dagrun for example_subdag_operator.section-2 to None, run_after=None
[2024-05-26T11:31:08.051+0000] {processor.py:183} INFO - Processing /home/airflow/.local/lib/python3.12/site-packages/airflow/example_dags/example_subdag_operator.py took 0.086 seconds
[2024-05-26T11:31:38.309+0000] {processor.py:161} INFO - Started process (PID=6921) to work on /home/airflow/.local/lib/python3.12/site-packages/airflow/example_dags/example_subdag_operator.py
[2024-05-26T11:31:38.310+0000] {processor.py:830} INFO - Processing file /home/airflow/.local/lib/python3.12/site-packages/airflow/example_dags/example_subdag_operator.py for tasks to queue
[2024-05-26T11:31:38.312+0000] {logging_mixin.py:188} INFO - [2024-05-26T11:31:38.312+0000] {dagbag.py:545} INFO - Filling up the DagBag from /home/airflow/.local/lib/python3.12/site-packages/airflow/example_dags/example_subdag_operator.py
[2024-05-26T11:31:38.356+0000] {processor.py:840} INFO - DAG(s) 'example_subdag_operator.section-1', 'example_subdag_operator.section-2', 'example_subdag_operator' retrieved from /home/airflow/.local/lib/python3.12/site-packages/airflow/example_dags/example_subdag_operator.py
[2024-05-26T11:31:38.392+0000] {logging_mixin.py:188} INFO - [2024-05-26T11:31:38.391+0000] {dag.py:3096} INFO - Sync 3 DAGs
[2024-05-26T11:31:38.422+0000] {logging_mixin.py:188} INFO - [2024-05-26T11:31:38.421+0000] {dag.py:3954} INFO - Setting next_dagrun for example_subdag_operator to 2022-01-01 00:00:00+00:00, run_after=2022-01-01 00:00:00+00:00
[2024-05-26T11:31:38.427+0000] {logging_mixin.py:188} INFO - [2024-05-26T11:31:38.427+0000] {dag.py:3954} INFO - Setting next_dagrun for example_subdag_operator.section-1 to None, run_after=None
[2024-05-26T11:31:38.429+0000] {logging_mixin.py:188} INFO - [2024-05-26T11:31:38.429+0000] {dag.py:3954} INFO - Setting next_dagrun for example_subdag_operator.section-2 to None, run_after=None
[2024-05-26T11:31:38.437+0000] {logging_mixin.py:188} INFO - [2024-05-26T11:31:38.437+0000] {dag.py:3096} INFO - Sync 2 DAGs
[2024-05-26T11:31:38.443+0000] {logging_mixin.py:188} INFO - [2024-05-26T11:31:38.443+0000] {dag.py:3954} INFO - Setting next_dagrun for example_subdag_operator.section-1 to None, run_after=None
[2024-05-26T11:31:38.444+0000] {logging_mixin.py:188} INFO - [2024-05-26T11:31:38.444+0000] {dag.py:3954} INFO - Setting next_dagrun for example_subdag_operator.section-2 to None, run_after=None
[2024-05-26T11:31:38.466+0000] {processor.py:183} INFO - Processing /home/airflow/.local/lib/python3.12/site-packages/airflow/example_dags/example_subdag_operator.py took 0.166 seconds
[2024-05-26T11:32:09.086+0000] {processor.py:161} INFO - Started process (PID=7189) to work on /home/airflow/.local/lib/python3.12/site-packages/airflow/example_dags/example_subdag_operator.py
[2024-05-26T11:32:09.087+0000] {processor.py:830} INFO - Processing file /home/airflow/.local/lib/python3.12/site-packages/airflow/example_dags/example_subdag_operator.py for tasks to queue
[2024-05-26T11:32:09.089+0000] {logging_mixin.py:188} INFO - [2024-05-26T11:32:09.089+0000] {dagbag.py:545} INFO - Filling up the DagBag from /home/airflow/.local/lib/python3.12/site-packages/airflow/example_dags/example_subdag_operator.py
[2024-05-26T11:32:09.125+0000] {processor.py:840} INFO - DAG(s) 'example_subdag_operator.section-1', 'example_subdag_operator.section-2', 'example_subdag_operator' retrieved from /home/airflow/.local/lib/python3.12/site-packages/airflow/example_dags/example_subdag_operator.py
[2024-05-26T11:32:09.148+0000] {logging_mixin.py:188} INFO - [2024-05-26T11:32:09.147+0000] {dag.py:3096} INFO - Sync 3 DAGs
[2024-05-26T11:32:09.175+0000] {logging_mixin.py:188} INFO - [2024-05-26T11:32:09.175+0000] {dag.py:3954} INFO - Setting next_dagrun for example_subdag_operator to 2022-01-01 00:00:00+00:00, run_after=2022-01-01 00:00:00+00:00
[2024-05-26T11:32:09.181+0000] {logging_mixin.py:188} INFO - [2024-05-26T11:32:09.180+0000] {dag.py:3954} INFO - Setting next_dagrun for example_subdag_operator.section-1 to None, run_after=None
[2024-05-26T11:32:09.183+0000] {logging_mixin.py:188} INFO - [2024-05-26T11:32:09.182+0000] {dag.py:3954} INFO - Setting next_dagrun for example_subdag_operator.section-2 to None, run_after=None
[2024-05-26T11:32:09.191+0000] {logging_mixin.py:188} INFO - [2024-05-26T11:32:09.191+0000] {dag.py:3096} INFO - Sync 2 DAGs
[2024-05-26T11:32:09.197+0000] {logging_mixin.py:188} INFO - [2024-05-26T11:32:09.197+0000] {dag.py:3954} INFO - Setting next_dagrun for example_subdag_operator.section-1 to None, run_after=None
[2024-05-26T11:32:09.198+0000] {logging_mixin.py:188} INFO - [2024-05-26T11:32:09.198+0000] {dag.py:3954} INFO - Setting next_dagrun for example_subdag_operator.section-2 to None, run_after=None
[2024-05-26T11:32:09.222+0000] {processor.py:183} INFO - Processing /home/airflow/.local/lib/python3.12/site-packages/airflow/example_dags/example_subdag_operator.py took 0.146 seconds
[2024-05-26T11:32:39.341+0000] {processor.py:161} INFO - Started process (PID=7457) to work on /home/airflow/.local/lib/python3.12/site-packages/airflow/example_dags/example_subdag_operator.py
[2024-05-26T11:32:39.342+0000] {processor.py:830} INFO - Processing file /home/airflow/.local/lib/python3.12/site-packages/airflow/example_dags/example_subdag_operator.py for tasks to queue
[2024-05-26T11:32:39.344+0000] {logging_mixin.py:188} INFO - [2024-05-26T11:32:39.343+0000] {dagbag.py:545} INFO - Filling up the DagBag from /home/airflow/.local/lib/python3.12/site-packages/airflow/example_dags/example_subdag_operator.py
[2024-05-26T11:32:39.364+0000] {processor.py:840} INFO - DAG(s) 'example_subdag_operator.section-1', 'example_subdag_operator.section-2', 'example_subdag_operator' retrieved from /home/airflow/.local/lib/python3.12/site-packages/airflow/example_dags/example_subdag_operator.py
[2024-05-26T11:32:39.381+0000] {logging_mixin.py:188} INFO - [2024-05-26T11:32:39.381+0000] {dag.py:3096} INFO - Sync 3 DAGs
[2024-05-26T11:32:39.402+0000] {logging_mixin.py:188} INFO - [2024-05-26T11:32:39.401+0000] {dag.py:3954} INFO - Setting next_dagrun for example_subdag_operator to 2022-01-01 00:00:00+00:00, run_after=2022-01-01 00:00:00+00:00
[2024-05-26T11:32:39.405+0000] {logging_mixin.py:188} INFO - [2024-05-26T11:32:39.405+0000] {dag.py:3954} INFO - Setting next_dagrun for example_subdag_operator.section-1 to None, run_after=None
[2024-05-26T11:32:39.407+0000] {logging_mixin.py:188} INFO - [2024-05-26T11:32:39.407+0000] {dag.py:3954} INFO - Setting next_dagrun for example_subdag_operator.section-2 to None, run_after=None
[2024-05-26T11:32:39.414+0000] {logging_mixin.py:188} INFO - [2024-05-26T11:32:39.414+0000] {dag.py:3096} INFO - Sync 2 DAGs
[2024-05-26T11:32:39.420+0000] {logging_mixin.py:188} INFO - [2024-05-26T11:32:39.420+0000] {dag.py:3954} INFO - Setting next_dagrun for example_subdag_operator.section-1 to None, run_after=None
[2024-05-26T11:32:39.421+0000] {logging_mixin.py:188} INFO - [2024-05-26T11:32:39.421+0000] {dag.py:3954} INFO - Setting next_dagrun for example_subdag_operator.section-2 to None, run_after=None
[2024-05-26T11:32:39.430+0000] {processor.py:183} INFO - Processing /home/airflow/.local/lib/python3.12/site-packages/airflow/example_dags/example_subdag_operator.py took 0.095 seconds
[2024-05-26T11:33:09.820+0000] {processor.py:161} INFO - Started process (PID=7727) to work on /home/airflow/.local/lib/python3.12/site-packages/airflow/example_dags/example_subdag_operator.py
[2024-05-26T11:33:09.821+0000] {processor.py:830} INFO - Processing file /home/airflow/.local/lib/python3.12/site-packages/airflow/example_dags/example_subdag_operator.py for tasks to queue
[2024-05-26T11:33:09.823+0000] {logging_mixin.py:188} INFO - [2024-05-26T11:33:09.823+0000] {dagbag.py:545} INFO - Filling up the DagBag from /home/airflow/.local/lib/python3.12/site-packages/airflow/example_dags/example_subdag_operator.py
[2024-05-26T11:33:09.844+0000] {processor.py:840} INFO - DAG(s) 'example_subdag_operator.section-1', 'example_subdag_operator.section-2', 'example_subdag_operator' retrieved from /home/airflow/.local/lib/python3.12/site-packages/airflow/example_dags/example_subdag_operator.py
[2024-05-26T11:33:09.860+0000] {logging_mixin.py:188} INFO - [2024-05-26T11:33:09.860+0000] {dag.py:3096} INFO - Sync 3 DAGs
[2024-05-26T11:33:09.887+0000] {logging_mixin.py:188} INFO - [2024-05-26T11:33:09.886+0000] {dag.py:3954} INFO - Setting next_dagrun for example_subdag_operator to 2022-01-01 00:00:00+00:00, run_after=2022-01-01 00:00:00+00:00
[2024-05-26T11:33:09.892+0000] {logging_mixin.py:188} INFO - [2024-05-26T11:33:09.891+0000] {dag.py:3954} INFO - Setting next_dagrun for example_subdag_operator.section-1 to None, run_after=None
[2024-05-26T11:33:09.893+0000] {logging_mixin.py:188} INFO - [2024-05-26T11:33:09.893+0000] {dag.py:3954} INFO - Setting next_dagrun for example_subdag_operator.section-2 to None, run_after=None
[2024-05-26T11:33:09.901+0000] {logging_mixin.py:188} INFO - [2024-05-26T11:33:09.901+0000] {dag.py:3096} INFO - Sync 2 DAGs
[2024-05-26T11:33:09.906+0000] {logging_mixin.py:188} INFO - [2024-05-26T11:33:09.906+0000] {dag.py:3954} INFO - Setting next_dagrun for example_subdag_operator.section-1 to None, run_after=None
[2024-05-26T11:33:09.908+0000] {logging_mixin.py:188} INFO - [2024-05-26T11:33:09.908+0000] {dag.py:3954} INFO - Setting next_dagrun for example_subdag_operator.section-2 to None, run_after=None
[2024-05-26T11:33:09.921+0000] {processor.py:183} INFO - Processing /home/airflow/.local/lib/python3.12/site-packages/airflow/example_dags/example_subdag_operator.py took 0.106 seconds
[2024-05-26T11:33:40.022+0000] {processor.py:161} INFO - Started process (PID=7993) to work on /home/airflow/.local/lib/python3.12/site-packages/airflow/example_dags/example_subdag_operator.py
[2024-05-26T11:33:40.024+0000] {processor.py:830} INFO - Processing file /home/airflow/.local/lib/python3.12/site-packages/airflow/example_dags/example_subdag_operator.py for tasks to queue
[2024-05-26T11:33:40.026+0000] {logging_mixin.py:188} INFO - [2024-05-26T11:33:40.025+0000] {dagbag.py:545} INFO - Filling up the DagBag from /home/airflow/.local/lib/python3.12/site-packages/airflow/example_dags/example_subdag_operator.py
[2024-05-26T11:33:40.053+0000] {processor.py:840} INFO - DAG(s) 'example_subdag_operator.section-1', 'example_subdag_operator.section-2', 'example_subdag_operator' retrieved from /home/airflow/.local/lib/python3.12/site-packages/airflow/example_dags/example_subdag_operator.py
[2024-05-26T11:33:40.072+0000] {logging_mixin.py:188} INFO - [2024-05-26T11:33:40.071+0000] {dag.py:3096} INFO - Sync 3 DAGs
[2024-05-26T11:33:40.092+0000] {logging_mixin.py:188} INFO - [2024-05-26T11:33:40.092+0000] {dag.py:3954} INFO - Setting next_dagrun for example_subdag_operator to 2022-01-01 00:00:00+00:00, run_after=2022-01-01 00:00:00+00:00
[2024-05-26T11:33:40.096+0000] {logging_mixin.py:188} INFO - [2024-05-26T11:33:40.096+0000] {dag.py:3954} INFO - Setting next_dagrun for example_subdag_operator.section-1 to None, run_after=None
[2024-05-26T11:33:40.098+0000] {logging_mixin.py:188} INFO - [2024-05-26T11:33:40.098+0000] {dag.py:3954} INFO - Setting next_dagrun for example_subdag_operator.section-2 to None, run_after=None
[2024-05-26T11:33:40.106+0000] {logging_mixin.py:188} INFO - [2024-05-26T11:33:40.106+0000] {dag.py:3096} INFO - Sync 2 DAGs
[2024-05-26T11:33:40.112+0000] {logging_mixin.py:188} INFO - [2024-05-26T11:33:40.112+0000] {dag.py:3954} INFO - Setting next_dagrun for example_subdag_operator.section-1 to None, run_after=None
[2024-05-26T11:33:40.113+0000] {logging_mixin.py:188} INFO - [2024-05-26T11:33:40.112+0000] {dag.py:3954} INFO - Setting next_dagrun for example_subdag_operator.section-2 to None, run_after=None
[2024-05-26T11:33:40.123+0000] {processor.py:183} INFO - Processing /home/airflow/.local/lib/python3.12/site-packages/airflow/example_dags/example_subdag_operator.py took 0.107 seconds
[2024-05-26T11:34:10.409+0000] {processor.py:161} INFO - Started process (PID=8263) to work on /home/airflow/.local/lib/python3.12/site-packages/airflow/example_dags/example_subdag_operator.py
[2024-05-26T11:34:10.411+0000] {processor.py:830} INFO - Processing file /home/airflow/.local/lib/python3.12/site-packages/airflow/example_dags/example_subdag_operator.py for tasks to queue
[2024-05-26T11:34:10.413+0000] {logging_mixin.py:188} INFO - [2024-05-26T11:34:10.412+0000] {dagbag.py:545} INFO - Filling up the DagBag from /home/airflow/.local/lib/python3.12/site-packages/airflow/example_dags/example_subdag_operator.py
[2024-05-26T11:34:10.434+0000] {processor.py:840} INFO - DAG(s) 'example_subdag_operator.section-1', 'example_subdag_operator.section-2', 'example_subdag_operator' retrieved from /home/airflow/.local/lib/python3.12/site-packages/airflow/example_dags/example_subdag_operator.py
[2024-05-26T11:34:10.451+0000] {logging_mixin.py:188} INFO - [2024-05-26T11:34:10.451+0000] {dag.py:3096} INFO - Sync 3 DAGs
[2024-05-26T11:34:10.472+0000] {logging_mixin.py:188} INFO - [2024-05-26T11:34:10.471+0000] {dag.py:3954} INFO - Setting next_dagrun for example_subdag_operator to 2022-01-01 00:00:00+00:00, run_after=2022-01-01 00:00:00+00:00
[2024-05-26T11:34:10.476+0000] {logging_mixin.py:188} INFO - [2024-05-26T11:34:10.476+0000] {dag.py:3954} INFO - Setting next_dagrun for example_subdag_operator.section-1 to None, run_after=None
[2024-05-26T11:34:10.478+0000] {logging_mixin.py:188} INFO - [2024-05-26T11:34:10.478+0000] {dag.py:3954} INFO - Setting next_dagrun for example_subdag_operator.section-2 to None, run_after=None
[2024-05-26T11:34:10.485+0000] {logging_mixin.py:188} INFO - [2024-05-26T11:34:10.485+0000] {dag.py:3096} INFO - Sync 2 DAGs
[2024-05-26T11:34:10.491+0000] {logging_mixin.py:188} INFO - [2024-05-26T11:34:10.490+0000] {dag.py:3954} INFO - Setting next_dagrun for example_subdag_operator.section-1 to None, run_after=None
[2024-05-26T11:34:10.491+0000] {logging_mixin.py:188} INFO - [2024-05-26T11:34:10.491+0000] {dag.py:3954} INFO - Setting next_dagrun for example_subdag_operator.section-2 to None, run_after=None
[2024-05-26T11:34:10.502+0000] {processor.py:183} INFO - Processing /home/airflow/.local/lib/python3.12/site-packages/airflow/example_dags/example_subdag_operator.py took 0.097 seconds
