[2024-05-26T11:18:57.503+0000] {processor.py:161} INFO - Started process (PID=326) to work on /home/airflow/.local/lib/python3.12/site-packages/airflow/example_dags/example_skip_dag.py
[2024-05-26T11:18:57.504+0000] {processor.py:830} INFO - Processing file /home/airflow/.local/lib/python3.12/site-packages/airflow/example_dags/example_skip_dag.py for tasks to queue
[2024-05-26T11:18:57.507+0000] {logging_mixin.py:188} INFO - [2024-05-26T11:18:57.507+0000] {dagbag.py:545} INFO - Filling up the DagBag from /home/airflow/.local/lib/python3.12/site-packages/airflow/example_dags/example_skip_dag.py
[2024-05-26T11:18:57.521+0000] {processor.py:840} INFO - DAG(s) 'example_skip_dag' retrieved from /home/airflow/.local/lib/python3.12/site-packages/airflow/example_dags/example_skip_dag.py
[2024-05-26T11:18:57.566+0000] {logging_mixin.py:188} INFO - [2024-05-26T11:18:57.565+0000] {dag.py:3096} INFO - Sync 1 DAGs
[2024-05-26T11:18:57.626+0000] {logging_mixin.py:188} INFO - [2024-05-26T11:18:57.625+0000] {dag.py:3954} INFO - Setting next_dagrun for example_skip_dag to 2024-05-25 00:00:00+00:00, run_after=2024-05-26 00:00:00+00:00
[2024-05-26T11:18:57.658+0000] {processor.py:183} INFO - Processing /home/airflow/.local/lib/python3.12/site-packages/airflow/example_dags/example_skip_dag.py took 0.165 seconds
[2024-05-26T11:19:27.781+0000] {processor.py:161} INFO - Started process (PID=596) to work on /home/airflow/.local/lib/python3.12/site-packages/airflow/example_dags/example_skip_dag.py
[2024-05-26T11:19:27.783+0000] {processor.py:830} INFO - Processing file /home/airflow/.local/lib/python3.12/site-packages/airflow/example_dags/example_skip_dag.py for tasks to queue
[2024-05-26T11:19:27.785+0000] {logging_mixin.py:188} INFO - [2024-05-26T11:19:27.785+0000] {dagbag.py:545} INFO - Filling up the DagBag from /home/airflow/.local/lib/python3.12/site-packages/airflow/example_dags/example_skip_dag.py
[2024-05-26T11:19:27.790+0000] {processor.py:840} INFO - DAG(s) 'example_skip_dag' retrieved from /home/airflow/.local/lib/python3.12/site-packages/airflow/example_dags/example_skip_dag.py
[2024-05-26T11:19:27.813+0000] {logging_mixin.py:188} INFO - [2024-05-26T11:19:27.813+0000] {dag.py:3096} INFO - Sync 1 DAGs
[2024-05-26T11:19:27.841+0000] {logging_mixin.py:188} INFO - [2024-05-26T11:19:27.841+0000] {dag.py:3954} INFO - Setting next_dagrun for example_skip_dag to 2024-05-25 00:00:00+00:00, run_after=2024-05-26 00:00:00+00:00
[2024-05-26T11:19:27.863+0000] {processor.py:183} INFO - Processing /home/airflow/.local/lib/python3.12/site-packages/airflow/example_dags/example_skip_dag.py took 0.086 seconds
[2024-05-26T11:19:57.943+0000] {processor.py:161} INFO - Started process (PID=862) to work on /home/airflow/.local/lib/python3.12/site-packages/airflow/example_dags/example_skip_dag.py
[2024-05-26T11:19:57.945+0000] {processor.py:830} INFO - Processing file /home/airflow/.local/lib/python3.12/site-packages/airflow/example_dags/example_skip_dag.py for tasks to queue
[2024-05-26T11:19:57.947+0000] {logging_mixin.py:188} INFO - [2024-05-26T11:19:57.947+0000] {dagbag.py:545} INFO - Filling up the DagBag from /home/airflow/.local/lib/python3.12/site-packages/airflow/example_dags/example_skip_dag.py
[2024-05-26T11:19:57.953+0000] {processor.py:840} INFO - DAG(s) 'example_skip_dag' retrieved from /home/airflow/.local/lib/python3.12/site-packages/airflow/example_dags/example_skip_dag.py
[2024-05-26T11:19:57.964+0000] {logging_mixin.py:188} INFO - [2024-05-26T11:19:57.964+0000] {dag.py:3096} INFO - Sync 1 DAGs
[2024-05-26T11:19:57.990+0000] {logging_mixin.py:188} INFO - [2024-05-26T11:19:57.990+0000] {dag.py:3954} INFO - Setting next_dagrun for example_skip_dag to 2024-05-25 00:00:00+00:00, run_after=2024-05-26 00:00:00+00:00
[2024-05-26T11:19:58.012+0000] {processor.py:183} INFO - Processing /home/airflow/.local/lib/python3.12/site-packages/airflow/example_dags/example_skip_dag.py took 0.077 seconds
[2024-05-26T11:20:30.026+0000] {processor.py:161} INFO - Started process (PID=1130) to work on /home/airflow/.local/lib/python3.12/site-packages/airflow/example_dags/example_skip_dag.py
[2024-05-26T11:20:30.028+0000] {processor.py:830} INFO - Processing file /home/airflow/.local/lib/python3.12/site-packages/airflow/example_dags/example_skip_dag.py for tasks to queue
[2024-05-26T11:20:30.030+0000] {logging_mixin.py:188} INFO - [2024-05-26T11:20:30.030+0000] {dagbag.py:545} INFO - Filling up the DagBag from /home/airflow/.local/lib/python3.12/site-packages/airflow/example_dags/example_skip_dag.py
[2024-05-26T11:20:30.036+0000] {processor.py:840} INFO - DAG(s) 'example_skip_dag' retrieved from /home/airflow/.local/lib/python3.12/site-packages/airflow/example_dags/example_skip_dag.py
[2024-05-26T11:20:30.182+0000] {logging_mixin.py:188} INFO - [2024-05-26T11:20:30.181+0000] {dag.py:3096} INFO - Sync 1 DAGs
[2024-05-26T11:20:30.212+0000] {logging_mixin.py:188} INFO - [2024-05-26T11:20:30.211+0000] {dag.py:3954} INFO - Setting next_dagrun for example_skip_dag to 2024-05-25 00:00:00+00:00, run_after=2024-05-26 00:00:00+00:00
[2024-05-26T11:20:30.237+0000] {processor.py:183} INFO - Processing /home/airflow/.local/lib/python3.12/site-packages/airflow/example_dags/example_skip_dag.py took 0.218 seconds
[2024-05-26T11:21:01.259+0000] {processor.py:161} INFO - Started process (PID=1398) to work on /home/airflow/.local/lib/python3.12/site-packages/airflow/example_dags/example_skip_dag.py
[2024-05-26T11:21:01.260+0000] {processor.py:830} INFO - Processing file /home/airflow/.local/lib/python3.12/site-packages/airflow/example_dags/example_skip_dag.py for tasks to queue
[2024-05-26T11:21:01.264+0000] {logging_mixin.py:188} INFO - [2024-05-26T11:21:01.263+0000] {dagbag.py:545} INFO - Filling up the DagBag from /home/airflow/.local/lib/python3.12/site-packages/airflow/example_dags/example_skip_dag.py
[2024-05-26T11:21:01.277+0000] {processor.py:840} INFO - DAG(s) 'example_skip_dag' retrieved from /home/airflow/.local/lib/python3.12/site-packages/airflow/example_dags/example_skip_dag.py
[2024-05-26T11:21:01.317+0000] {logging_mixin.py:188} INFO - [2024-05-26T11:21:01.316+0000] {dag.py:3096} INFO - Sync 1 DAGs
[2024-05-26T11:21:01.356+0000] {logging_mixin.py:188} INFO - [2024-05-26T11:21:01.356+0000] {dag.py:3954} INFO - Setting next_dagrun for example_skip_dag to 2024-05-25 00:00:00+00:00, run_after=2024-05-26 00:00:00+00:00
[2024-05-26T11:21:01.384+0000] {processor.py:183} INFO - Processing /home/airflow/.local/lib/python3.12/site-packages/airflow/example_dags/example_skip_dag.py took 0.137 seconds
[2024-05-26T11:21:31.474+0000] {processor.py:161} INFO - Started process (PID=1666) to work on /home/airflow/.local/lib/python3.12/site-packages/airflow/example_dags/example_skip_dag.py
[2024-05-26T11:21:31.475+0000] {processor.py:830} INFO - Processing file /home/airflow/.local/lib/python3.12/site-packages/airflow/example_dags/example_skip_dag.py for tasks to queue
[2024-05-26T11:21:31.478+0000] {logging_mixin.py:188} INFO - [2024-05-26T11:21:31.478+0000] {dagbag.py:545} INFO - Filling up the DagBag from /home/airflow/.local/lib/python3.12/site-packages/airflow/example_dags/example_skip_dag.py
[2024-05-26T11:21:31.485+0000] {processor.py:840} INFO - DAG(s) 'example_skip_dag' retrieved from /home/airflow/.local/lib/python3.12/site-packages/airflow/example_dags/example_skip_dag.py
[2024-05-26T11:21:31.506+0000] {logging_mixin.py:188} INFO - [2024-05-26T11:21:31.506+0000] {dag.py:3096} INFO - Sync 1 DAGs
[2024-05-26T11:21:31.528+0000] {logging_mixin.py:188} INFO - [2024-05-26T11:21:31.528+0000] {dag.py:3954} INFO - Setting next_dagrun for example_skip_dag to 2024-05-25 00:00:00+00:00, run_after=2024-05-26 00:00:00+00:00
[2024-05-26T11:21:31.544+0000] {processor.py:183} INFO - Processing /home/airflow/.local/lib/python3.12/site-packages/airflow/example_dags/example_skip_dag.py took 0.079 seconds
[2024-05-26T11:22:02.460+0000] {processor.py:161} INFO - Started process (PID=1936) to work on /home/airflow/.local/lib/python3.12/site-packages/airflow/example_dags/example_skip_dag.py
[2024-05-26T11:22:02.461+0000] {processor.py:830} INFO - Processing file /home/airflow/.local/lib/python3.12/site-packages/airflow/example_dags/example_skip_dag.py for tasks to queue
[2024-05-26T11:22:02.463+0000] {logging_mixin.py:188} INFO - [2024-05-26T11:22:02.462+0000] {dagbag.py:545} INFO - Filling up the DagBag from /home/airflow/.local/lib/python3.12/site-packages/airflow/example_dags/example_skip_dag.py
[2024-05-26T11:22:02.469+0000] {processor.py:840} INFO - DAG(s) 'example_skip_dag' retrieved from /home/airflow/.local/lib/python3.12/site-packages/airflow/example_dags/example_skip_dag.py
[2024-05-26T11:22:02.489+0000] {logging_mixin.py:188} INFO - [2024-05-26T11:22:02.489+0000] {dag.py:3096} INFO - Sync 1 DAGs
[2024-05-26T11:22:02.511+0000] {logging_mixin.py:188} INFO - [2024-05-26T11:22:02.510+0000] {dag.py:3954} INFO - Setting next_dagrun for example_skip_dag to 2024-05-25 00:00:00+00:00, run_after=2024-05-26 00:00:00+00:00
[2024-05-26T11:22:02.531+0000] {processor.py:183} INFO - Processing /home/airflow/.local/lib/python3.12/site-packages/airflow/example_dags/example_skip_dag.py took 0.076 seconds
[2024-05-26T11:22:33.573+0000] {processor.py:161} INFO - Started process (PID=2210) to work on /home/airflow/.local/lib/python3.12/site-packages/airflow/example_dags/example_skip_dag.py
[2024-05-26T11:22:33.574+0000] {processor.py:830} INFO - Processing file /home/airflow/.local/lib/python3.12/site-packages/airflow/example_dags/example_skip_dag.py for tasks to queue
[2024-05-26T11:22:33.576+0000] {logging_mixin.py:188} INFO - [2024-05-26T11:22:33.576+0000] {dagbag.py:545} INFO - Filling up the DagBag from /home/airflow/.local/lib/python3.12/site-packages/airflow/example_dags/example_skip_dag.py
[2024-05-26T11:22:33.584+0000] {processor.py:840} INFO - DAG(s) 'example_skip_dag' retrieved from /home/airflow/.local/lib/python3.12/site-packages/airflow/example_dags/example_skip_dag.py
[2024-05-26T11:22:33.614+0000] {logging_mixin.py:188} INFO - [2024-05-26T11:22:33.613+0000] {dag.py:3096} INFO - Sync 1 DAGs
[2024-05-26T11:22:33.643+0000] {logging_mixin.py:188} INFO - [2024-05-26T11:22:33.642+0000] {dag.py:3954} INFO - Setting next_dagrun for example_skip_dag to 2024-05-25 00:00:00+00:00, run_after=2024-05-26 00:00:00+00:00
[2024-05-26T11:22:33.670+0000] {processor.py:183} INFO - Processing /home/airflow/.local/lib/python3.12/site-packages/airflow/example_dags/example_skip_dag.py took 0.103 seconds
[2024-05-26T11:23:04.322+0000] {processor.py:161} INFO - Started process (PID=2478) to work on /home/airflow/.local/lib/python3.12/site-packages/airflow/example_dags/example_skip_dag.py
[2024-05-26T11:23:04.324+0000] {processor.py:830} INFO - Processing file /home/airflow/.local/lib/python3.12/site-packages/airflow/example_dags/example_skip_dag.py for tasks to queue
[2024-05-26T11:23:04.326+0000] {logging_mixin.py:188} INFO - [2024-05-26T11:23:04.325+0000] {dagbag.py:545} INFO - Filling up the DagBag from /home/airflow/.local/lib/python3.12/site-packages/airflow/example_dags/example_skip_dag.py
[2024-05-26T11:23:04.330+0000] {processor.py:840} INFO - DAG(s) 'example_skip_dag' retrieved from /home/airflow/.local/lib/python3.12/site-packages/airflow/example_dags/example_skip_dag.py
[2024-05-26T11:23:04.348+0000] {logging_mixin.py:188} INFO - [2024-05-26T11:23:04.348+0000] {dag.py:3096} INFO - Sync 1 DAGs
[2024-05-26T11:23:04.369+0000] {logging_mixin.py:188} INFO - [2024-05-26T11:23:04.369+0000] {dag.py:3954} INFO - Setting next_dagrun for example_skip_dag to 2024-05-25 00:00:00+00:00, run_after=2024-05-26 00:00:00+00:00
[2024-05-26T11:23:04.392+0000] {processor.py:183} INFO - Processing /home/airflow/.local/lib/python3.12/site-packages/airflow/example_dags/example_skip_dag.py took 0.074 seconds
[2024-05-26T11:23:34.550+0000] {processor.py:161} INFO - Started process (PID=2746) to work on /home/airflow/.local/lib/python3.12/site-packages/airflow/example_dags/example_skip_dag.py
[2024-05-26T11:23:34.552+0000] {processor.py:830} INFO - Processing file /home/airflow/.local/lib/python3.12/site-packages/airflow/example_dags/example_skip_dag.py for tasks to queue
[2024-05-26T11:23:34.554+0000] {logging_mixin.py:188} INFO - [2024-05-26T11:23:34.554+0000] {dagbag.py:545} INFO - Filling up the DagBag from /home/airflow/.local/lib/python3.12/site-packages/airflow/example_dags/example_skip_dag.py
[2024-05-26T11:23:34.560+0000] {processor.py:840} INFO - DAG(s) 'example_skip_dag' retrieved from /home/airflow/.local/lib/python3.12/site-packages/airflow/example_dags/example_skip_dag.py
[2024-05-26T11:23:34.584+0000] {logging_mixin.py:188} INFO - [2024-05-26T11:23:34.584+0000] {dag.py:3096} INFO - Sync 1 DAGs
[2024-05-26T11:23:34.607+0000] {logging_mixin.py:188} INFO - [2024-05-26T11:23:34.607+0000] {dag.py:3954} INFO - Setting next_dagrun for example_skip_dag to 2024-05-25 00:00:00+00:00, run_after=2024-05-26 00:00:00+00:00
[2024-05-26T11:23:34.634+0000] {processor.py:183} INFO - Processing /home/airflow/.local/lib/python3.12/site-packages/airflow/example_dags/example_skip_dag.py took 0.089 seconds
[2024-05-26T11:24:04.796+0000] {processor.py:161} INFO - Started process (PID=3014) to work on /home/airflow/.local/lib/python3.12/site-packages/airflow/example_dags/example_skip_dag.py
[2024-05-26T11:24:04.797+0000] {processor.py:830} INFO - Processing file /home/airflow/.local/lib/python3.12/site-packages/airflow/example_dags/example_skip_dag.py for tasks to queue
[2024-05-26T11:24:04.799+0000] {logging_mixin.py:188} INFO - [2024-05-26T11:24:04.799+0000] {dagbag.py:545} INFO - Filling up the DagBag from /home/airflow/.local/lib/python3.12/site-packages/airflow/example_dags/example_skip_dag.py
[2024-05-26T11:24:04.804+0000] {processor.py:840} INFO - DAG(s) 'example_skip_dag' retrieved from /home/airflow/.local/lib/python3.12/site-packages/airflow/example_dags/example_skip_dag.py
[2024-05-26T11:24:04.825+0000] {logging_mixin.py:188} INFO - [2024-05-26T11:24:04.825+0000] {dag.py:3096} INFO - Sync 1 DAGs
[2024-05-26T11:24:04.851+0000] {logging_mixin.py:188} INFO - [2024-05-26T11:24:04.851+0000] {dag.py:3954} INFO - Setting next_dagrun for example_skip_dag to 2024-05-25 00:00:00+00:00, run_after=2024-05-26 00:00:00+00:00
[2024-05-26T11:24:04.869+0000] {processor.py:183} INFO - Processing /home/airflow/.local/lib/python3.12/site-packages/airflow/example_dags/example_skip_dag.py took 0.078 seconds
[2024-05-26T11:24:36.037+0000] {processor.py:161} INFO - Started process (PID=3280) to work on /home/airflow/.local/lib/python3.12/site-packages/airflow/example_dags/example_skip_dag.py
[2024-05-26T11:24:36.038+0000] {processor.py:830} INFO - Processing file /home/airflow/.local/lib/python3.12/site-packages/airflow/example_dags/example_skip_dag.py for tasks to queue
[2024-05-26T11:24:36.041+0000] {logging_mixin.py:188} INFO - [2024-05-26T11:24:36.040+0000] {dagbag.py:545} INFO - Filling up the DagBag from /home/airflow/.local/lib/python3.12/site-packages/airflow/example_dags/example_skip_dag.py
[2024-05-26T11:24:36.048+0000] {processor.py:840} INFO - DAG(s) 'example_skip_dag' retrieved from /home/airflow/.local/lib/python3.12/site-packages/airflow/example_dags/example_skip_dag.py
[2024-05-26T11:24:36.074+0000] {logging_mixin.py:188} INFO - [2024-05-26T11:24:36.074+0000] {dag.py:3096} INFO - Sync 1 DAGs
[2024-05-26T11:24:36.095+0000] {logging_mixin.py:188} INFO - [2024-05-26T11:24:36.095+0000] {dag.py:3954} INFO - Setting next_dagrun for example_skip_dag to 2024-05-25 00:00:00+00:00, run_after=2024-05-26 00:00:00+00:00
[2024-05-26T11:24:36.115+0000] {processor.py:183} INFO - Processing /home/airflow/.local/lib/python3.12/site-packages/airflow/example_dags/example_skip_dag.py took 0.083 seconds
[2024-05-26T11:25:06.844+0000] {processor.py:161} INFO - Started process (PID=3550) to work on /home/airflow/.local/lib/python3.12/site-packages/airflow/example_dags/example_skip_dag.py
[2024-05-26T11:25:06.847+0000] {processor.py:830} INFO - Processing file /home/airflow/.local/lib/python3.12/site-packages/airflow/example_dags/example_skip_dag.py for tasks to queue
[2024-05-26T11:25:06.850+0000] {logging_mixin.py:188} INFO - [2024-05-26T11:25:06.849+0000] {dagbag.py:545} INFO - Filling up the DagBag from /home/airflow/.local/lib/python3.12/site-packages/airflow/example_dags/example_skip_dag.py
[2024-05-26T11:25:06.860+0000] {processor.py:840} INFO - DAG(s) 'example_skip_dag' retrieved from /home/airflow/.local/lib/python3.12/site-packages/airflow/example_dags/example_skip_dag.py
[2024-05-26T11:25:06.882+0000] {logging_mixin.py:188} INFO - [2024-05-26T11:25:06.882+0000] {dag.py:3096} INFO - Sync 1 DAGs
[2024-05-26T11:25:06.900+0000] {logging_mixin.py:188} INFO - [2024-05-26T11:25:06.900+0000] {dag.py:3954} INFO - Setting next_dagrun for example_skip_dag to 2024-05-25 00:00:00+00:00, run_after=2024-05-26 00:00:00+00:00
[2024-05-26T11:25:06.918+0000] {processor.py:183} INFO - Processing /home/airflow/.local/lib/python3.12/site-packages/airflow/example_dags/example_skip_dag.py took 0.079 seconds
[2024-05-26T11:25:37.101+0000] {processor.py:161} INFO - Started process (PID=3816) to work on /home/airflow/.local/lib/python3.12/site-packages/airflow/example_dags/example_skip_dag.py
[2024-05-26T11:25:37.102+0000] {processor.py:830} INFO - Processing file /home/airflow/.local/lib/python3.12/site-packages/airflow/example_dags/example_skip_dag.py for tasks to queue
[2024-05-26T11:25:37.105+0000] {logging_mixin.py:188} INFO - [2024-05-26T11:25:37.105+0000] {dagbag.py:545} INFO - Filling up the DagBag from /home/airflow/.local/lib/python3.12/site-packages/airflow/example_dags/example_skip_dag.py
[2024-05-26T11:25:37.113+0000] {processor.py:840} INFO - DAG(s) 'example_skip_dag' retrieved from /home/airflow/.local/lib/python3.12/site-packages/airflow/example_dags/example_skip_dag.py
[2024-05-26T11:25:37.142+0000] {logging_mixin.py:188} INFO - [2024-05-26T11:25:37.142+0000] {dag.py:3096} INFO - Sync 1 DAGs
[2024-05-26T11:25:37.169+0000] {logging_mixin.py:188} INFO - [2024-05-26T11:25:37.169+0000] {dag.py:3954} INFO - Setting next_dagrun for example_skip_dag to 2024-05-25 00:00:00+00:00, run_after=2024-05-26 00:00:00+00:00
[2024-05-26T11:25:37.190+0000] {processor.py:183} INFO - Processing /home/airflow/.local/lib/python3.12/site-packages/airflow/example_dags/example_skip_dag.py took 0.096 seconds
[2024-05-26T11:26:08.466+0000] {processor.py:161} INFO - Started process (PID=4086) to work on /home/airflow/.local/lib/python3.12/site-packages/airflow/example_dags/example_skip_dag.py
[2024-05-26T11:26:08.467+0000] {processor.py:830} INFO - Processing file /home/airflow/.local/lib/python3.12/site-packages/airflow/example_dags/example_skip_dag.py for tasks to queue
[2024-05-26T11:26:08.470+0000] {logging_mixin.py:188} INFO - [2024-05-26T11:26:08.470+0000] {dagbag.py:545} INFO - Filling up the DagBag from /home/airflow/.local/lib/python3.12/site-packages/airflow/example_dags/example_skip_dag.py
[2024-05-26T11:26:08.476+0000] {processor.py:840} INFO - DAG(s) 'example_skip_dag' retrieved from /home/airflow/.local/lib/python3.12/site-packages/airflow/example_dags/example_skip_dag.py
[2024-05-26T11:26:08.498+0000] {logging_mixin.py:188} INFO - [2024-05-26T11:26:08.498+0000] {dag.py:3096} INFO - Sync 1 DAGs
[2024-05-26T11:26:08.521+0000] {logging_mixin.py:188} INFO - [2024-05-26T11:26:08.521+0000] {dag.py:3954} INFO - Setting next_dagrun for example_skip_dag to 2024-05-25 00:00:00+00:00, run_after=2024-05-26 00:00:00+00:00
[2024-05-26T11:26:08.541+0000] {processor.py:183} INFO - Processing /home/airflow/.local/lib/python3.12/site-packages/airflow/example_dags/example_skip_dag.py took 0.080 seconds
[2024-05-26T11:26:39.599+0000] {processor.py:161} INFO - Started process (PID=4352) to work on /home/airflow/.local/lib/python3.12/site-packages/airflow/example_dags/example_skip_dag.py
[2024-05-26T11:26:39.601+0000] {processor.py:830} INFO - Processing file /home/airflow/.local/lib/python3.12/site-packages/airflow/example_dags/example_skip_dag.py for tasks to queue
[2024-05-26T11:26:39.603+0000] {logging_mixin.py:188} INFO - [2024-05-26T11:26:39.603+0000] {dagbag.py:545} INFO - Filling up the DagBag from /home/airflow/.local/lib/python3.12/site-packages/airflow/example_dags/example_skip_dag.py
[2024-05-26T11:26:39.611+0000] {processor.py:840} INFO - DAG(s) 'example_skip_dag' retrieved from /home/airflow/.local/lib/python3.12/site-packages/airflow/example_dags/example_skip_dag.py
[2024-05-26T11:26:39.640+0000] {logging_mixin.py:188} INFO - [2024-05-26T11:26:39.640+0000] {dag.py:3096} INFO - Sync 1 DAGs
[2024-05-26T11:26:39.672+0000] {logging_mixin.py:188} INFO - [2024-05-26T11:26:39.671+0000] {dag.py:3954} INFO - Setting next_dagrun for example_skip_dag to 2024-05-25 00:00:00+00:00, run_after=2024-05-26 00:00:00+00:00
[2024-05-26T11:26:39.703+0000] {processor.py:183} INFO - Processing /home/airflow/.local/lib/python3.12/site-packages/airflow/example_dags/example_skip_dag.py took 0.111 seconds
[2024-05-26T11:27:10.732+0000] {processor.py:161} INFO - Started process (PID=4620) to work on /home/airflow/.local/lib/python3.12/site-packages/airflow/example_dags/example_skip_dag.py
[2024-05-26T11:27:10.734+0000] {processor.py:830} INFO - Processing file /home/airflow/.local/lib/python3.12/site-packages/airflow/example_dags/example_skip_dag.py for tasks to queue
[2024-05-26T11:27:10.737+0000] {logging_mixin.py:188} INFO - [2024-05-26T11:27:10.737+0000] {dagbag.py:545} INFO - Filling up the DagBag from /home/airflow/.local/lib/python3.12/site-packages/airflow/example_dags/example_skip_dag.py
[2024-05-26T11:27:10.747+0000] {processor.py:840} INFO - DAG(s) 'example_skip_dag' retrieved from /home/airflow/.local/lib/python3.12/site-packages/airflow/example_dags/example_skip_dag.py
[2024-05-26T11:27:10.779+0000] {logging_mixin.py:188} INFO - [2024-05-26T11:27:10.778+0000] {dag.py:3096} INFO - Sync 1 DAGs
[2024-05-26T11:27:10.812+0000] {logging_mixin.py:188} INFO - [2024-05-26T11:27:10.811+0000] {dag.py:3954} INFO - Setting next_dagrun for example_skip_dag to 2024-05-25 00:00:00+00:00, run_after=2024-05-26 00:00:00+00:00
[2024-05-26T11:27:10.840+0000] {processor.py:183} INFO - Processing /home/airflow/.local/lib/python3.12/site-packages/airflow/example_dags/example_skip_dag.py took 0.117 seconds
[2024-05-26T11:27:41.624+0000] {processor.py:161} INFO - Started process (PID=4888) to work on /home/airflow/.local/lib/python3.12/site-packages/airflow/example_dags/example_skip_dag.py
[2024-05-26T11:27:41.625+0000] {processor.py:830} INFO - Processing file /home/airflow/.local/lib/python3.12/site-packages/airflow/example_dags/example_skip_dag.py for tasks to queue
[2024-05-26T11:27:41.628+0000] {logging_mixin.py:188} INFO - [2024-05-26T11:27:41.627+0000] {dagbag.py:545} INFO - Filling up the DagBag from /home/airflow/.local/lib/python3.12/site-packages/airflow/example_dags/example_skip_dag.py
[2024-05-26T11:27:41.635+0000] {processor.py:840} INFO - DAG(s) 'example_skip_dag' retrieved from /home/airflow/.local/lib/python3.12/site-packages/airflow/example_dags/example_skip_dag.py
[2024-05-26T11:27:41.658+0000] {logging_mixin.py:188} INFO - [2024-05-26T11:27:41.658+0000] {dag.py:3096} INFO - Sync 1 DAGs
[2024-05-26T11:27:41.682+0000] {logging_mixin.py:188} INFO - [2024-05-26T11:27:41.681+0000] {dag.py:3954} INFO - Setting next_dagrun for example_skip_dag to 2024-05-25 00:00:00+00:00, run_after=2024-05-26 00:00:00+00:00
[2024-05-26T11:27:41.704+0000] {processor.py:183} INFO - Processing /home/airflow/.local/lib/python3.12/site-packages/airflow/example_dags/example_skip_dag.py took 0.087 seconds
[2024-05-26T11:28:12.776+0000] {processor.py:161} INFO - Started process (PID=5156) to work on /home/airflow/.local/lib/python3.12/site-packages/airflow/example_dags/example_skip_dag.py
[2024-05-26T11:28:12.778+0000] {processor.py:830} INFO - Processing file /home/airflow/.local/lib/python3.12/site-packages/airflow/example_dags/example_skip_dag.py for tasks to queue
[2024-05-26T11:28:12.781+0000] {logging_mixin.py:188} INFO - [2024-05-26T11:28:12.780+0000] {dagbag.py:545} INFO - Filling up the DagBag from /home/airflow/.local/lib/python3.12/site-packages/airflow/example_dags/example_skip_dag.py
[2024-05-26T11:28:12.788+0000] {processor.py:840} INFO - DAG(s) 'example_skip_dag' retrieved from /home/airflow/.local/lib/python3.12/site-packages/airflow/example_dags/example_skip_dag.py
[2024-05-26T11:28:12.815+0000] {logging_mixin.py:188} INFO - [2024-05-26T11:28:12.815+0000] {dag.py:3096} INFO - Sync 1 DAGs
[2024-05-26T11:28:12.840+0000] {logging_mixin.py:188} INFO - [2024-05-26T11:28:12.840+0000] {dag.py:3954} INFO - Setting next_dagrun for example_skip_dag to 2024-05-25 00:00:00+00:00, run_after=2024-05-26 00:00:00+00:00
[2024-05-26T11:28:12.866+0000] {processor.py:183} INFO - Processing /home/airflow/.local/lib/python3.12/site-packages/airflow/example_dags/example_skip_dag.py took 0.096 seconds
[2024-05-26T11:28:42.952+0000] {processor.py:161} INFO - Started process (PID=5423) to work on /home/airflow/.local/lib/python3.12/site-packages/airflow/example_dags/example_skip_dag.py
[2024-05-26T11:28:42.953+0000] {processor.py:830} INFO - Processing file /home/airflow/.local/lib/python3.12/site-packages/airflow/example_dags/example_skip_dag.py for tasks to queue
[2024-05-26T11:28:42.956+0000] {logging_mixin.py:188} INFO - [2024-05-26T11:28:42.955+0000] {dagbag.py:545} INFO - Filling up the DagBag from /home/airflow/.local/lib/python3.12/site-packages/airflow/example_dags/example_skip_dag.py
[2024-05-26T11:28:42.963+0000] {processor.py:840} INFO - DAG(s) 'example_skip_dag' retrieved from /home/airflow/.local/lib/python3.12/site-packages/airflow/example_dags/example_skip_dag.py
[2024-05-26T11:28:42.987+0000] {logging_mixin.py:188} INFO - [2024-05-26T11:28:42.987+0000] {dag.py:3096} INFO - Sync 1 DAGs
[2024-05-26T11:28:43.011+0000] {logging_mixin.py:188} INFO - [2024-05-26T11:28:43.011+0000] {dag.py:3954} INFO - Setting next_dagrun for example_skip_dag to 2024-05-25 00:00:00+00:00, run_after=2024-05-26 00:00:00+00:00
[2024-05-26T11:28:43.034+0000] {processor.py:183} INFO - Processing /home/airflow/.local/lib/python3.12/site-packages/airflow/example_dags/example_skip_dag.py took 0.089 seconds
[2024-05-26T11:29:13.961+0000] {processor.py:161} INFO - Started process (PID=5691) to work on /home/airflow/.local/lib/python3.12/site-packages/airflow/example_dags/example_skip_dag.py
[2024-05-26T11:29:13.962+0000] {processor.py:830} INFO - Processing file /home/airflow/.local/lib/python3.12/site-packages/airflow/example_dags/example_skip_dag.py for tasks to queue
[2024-05-26T11:29:13.964+0000] {logging_mixin.py:188} INFO - [2024-05-26T11:29:13.964+0000] {dagbag.py:545} INFO - Filling up the DagBag from /home/airflow/.local/lib/python3.12/site-packages/airflow/example_dags/example_skip_dag.py
[2024-05-26T11:29:13.970+0000] {processor.py:840} INFO - DAG(s) 'example_skip_dag' retrieved from /home/airflow/.local/lib/python3.12/site-packages/airflow/example_dags/example_skip_dag.py
[2024-05-26T11:29:13.990+0000] {logging_mixin.py:188} INFO - [2024-05-26T11:29:13.990+0000] {dag.py:3096} INFO - Sync 1 DAGs
[2024-05-26T11:29:14.012+0000] {logging_mixin.py:188} INFO - [2024-05-26T11:29:14.012+0000] {dag.py:3954} INFO - Setting next_dagrun for example_skip_dag to 2024-05-25 00:00:00+00:00, run_after=2024-05-26 00:00:00+00:00
[2024-05-26T11:29:14.033+0000] {processor.py:183} INFO - Processing /home/airflow/.local/lib/python3.12/site-packages/airflow/example_dags/example_skip_dag.py took 0.077 seconds
[2024-05-26T11:29:44.449+0000] {processor.py:161} INFO - Started process (PID=5956) to work on /home/airflow/.local/lib/python3.12/site-packages/airflow/example_dags/example_skip_dag.py
[2024-05-26T11:29:44.451+0000] {processor.py:830} INFO - Processing file /home/airflow/.local/lib/python3.12/site-packages/airflow/example_dags/example_skip_dag.py for tasks to queue
[2024-05-26T11:29:44.453+0000] {logging_mixin.py:188} INFO - [2024-05-26T11:29:44.453+0000] {dagbag.py:545} INFO - Filling up the DagBag from /home/airflow/.local/lib/python3.12/site-packages/airflow/example_dags/example_skip_dag.py
[2024-05-26T11:29:44.459+0000] {processor.py:840} INFO - DAG(s) 'example_skip_dag' retrieved from /home/airflow/.local/lib/python3.12/site-packages/airflow/example_dags/example_skip_dag.py
[2024-05-26T11:29:44.479+0000] {logging_mixin.py:188} INFO - [2024-05-26T11:29:44.479+0000] {dag.py:3096} INFO - Sync 1 DAGs
[2024-05-26T11:29:44.502+0000] {logging_mixin.py:188} INFO - [2024-05-26T11:29:44.501+0000] {dag.py:3954} INFO - Setting next_dagrun for example_skip_dag to 2024-05-25 00:00:00+00:00, run_after=2024-05-26 00:00:00+00:00
[2024-05-26T11:29:44.523+0000] {processor.py:183} INFO - Processing /home/airflow/.local/lib/python3.12/site-packages/airflow/example_dags/example_skip_dag.py took 0.079 seconds
[2024-05-26T11:30:14.584+0000] {processor.py:161} INFO - Started process (PID=6224) to work on /home/airflow/.local/lib/python3.12/site-packages/airflow/example_dags/example_skip_dag.py
[2024-05-26T11:30:14.585+0000] {processor.py:830} INFO - Processing file /home/airflow/.local/lib/python3.12/site-packages/airflow/example_dags/example_skip_dag.py for tasks to queue
[2024-05-26T11:30:14.587+0000] {logging_mixin.py:188} INFO - [2024-05-26T11:30:14.586+0000] {dagbag.py:545} INFO - Filling up the DagBag from /home/airflow/.local/lib/python3.12/site-packages/airflow/example_dags/example_skip_dag.py
[2024-05-26T11:30:14.592+0000] {processor.py:840} INFO - DAG(s) 'example_skip_dag' retrieved from /home/airflow/.local/lib/python3.12/site-packages/airflow/example_dags/example_skip_dag.py
[2024-05-26T11:30:14.610+0000] {logging_mixin.py:188} INFO - [2024-05-26T11:30:14.609+0000] {dag.py:3096} INFO - Sync 1 DAGs
[2024-05-26T11:30:14.629+0000] {logging_mixin.py:188} INFO - [2024-05-26T11:30:14.629+0000] {dag.py:3954} INFO - Setting next_dagrun for example_skip_dag to 2024-05-25 00:00:00+00:00, run_after=2024-05-26 00:00:00+00:00
[2024-05-26T11:30:14.648+0000] {processor.py:183} INFO - Processing /home/airflow/.local/lib/python3.12/site-packages/airflow/example_dags/example_skip_dag.py took 0.069 seconds
[2024-05-26T11:30:45.275+0000] {processor.py:161} INFO - Started process (PID=6492) to work on /home/airflow/.local/lib/python3.12/site-packages/airflow/example_dags/example_skip_dag.py
[2024-05-26T11:30:45.276+0000] {processor.py:830} INFO - Processing file /home/airflow/.local/lib/python3.12/site-packages/airflow/example_dags/example_skip_dag.py for tasks to queue
[2024-05-26T11:30:45.278+0000] {logging_mixin.py:188} INFO - [2024-05-26T11:30:45.277+0000] {dagbag.py:545} INFO - Filling up the DagBag from /home/airflow/.local/lib/python3.12/site-packages/airflow/example_dags/example_skip_dag.py
[2024-05-26T11:30:45.285+0000] {processor.py:840} INFO - DAG(s) 'example_skip_dag' retrieved from /home/airflow/.local/lib/python3.12/site-packages/airflow/example_dags/example_skip_dag.py
[2024-05-26T11:30:45.416+0000] {logging_mixin.py:188} INFO - [2024-05-26T11:30:45.416+0000] {dag.py:3096} INFO - Sync 1 DAGs
[2024-05-26T11:30:45.432+0000] {logging_mixin.py:188} INFO - [2024-05-26T11:30:45.432+0000] {dag.py:3954} INFO - Setting next_dagrun for example_skip_dag to 2024-05-25 00:00:00+00:00, run_after=2024-05-26 00:00:00+00:00
[2024-05-26T11:30:45.449+0000] {processor.py:183} INFO - Processing /home/airflow/.local/lib/python3.12/site-packages/airflow/example_dags/example_skip_dag.py took 0.179 seconds
[2024-05-26T11:31:16.145+0000] {processor.py:161} INFO - Started process (PID=6760) to work on /home/airflow/.local/lib/python3.12/site-packages/airflow/example_dags/example_skip_dag.py
[2024-05-26T11:31:16.146+0000] {processor.py:830} INFO - Processing file /home/airflow/.local/lib/python3.12/site-packages/airflow/example_dags/example_skip_dag.py for tasks to queue
[2024-05-26T11:31:16.148+0000] {logging_mixin.py:188} INFO - [2024-05-26T11:31:16.148+0000] {dagbag.py:545} INFO - Filling up the DagBag from /home/airflow/.local/lib/python3.12/site-packages/airflow/example_dags/example_skip_dag.py
[2024-05-26T11:31:16.153+0000] {processor.py:840} INFO - DAG(s) 'example_skip_dag' retrieved from /home/airflow/.local/lib/python3.12/site-packages/airflow/example_dags/example_skip_dag.py
[2024-05-26T11:31:16.170+0000] {logging_mixin.py:188} INFO - [2024-05-26T11:31:16.170+0000] {dag.py:3096} INFO - Sync 1 DAGs
[2024-05-26T11:31:16.190+0000] {logging_mixin.py:188} INFO - [2024-05-26T11:31:16.189+0000] {dag.py:3954} INFO - Setting next_dagrun for example_skip_dag to 2024-05-25 00:00:00+00:00, run_after=2024-05-26 00:00:00+00:00
[2024-05-26T11:31:16.207+0000] {processor.py:183} INFO - Processing /home/airflow/.local/lib/python3.12/site-packages/airflow/example_dags/example_skip_dag.py took 0.067 seconds
[2024-05-26T11:31:46.666+0000] {processor.py:161} INFO - Started process (PID=7028) to work on /home/airflow/.local/lib/python3.12/site-packages/airflow/example_dags/example_skip_dag.py
[2024-05-26T11:31:46.680+0000] {processor.py:830} INFO - Processing file /home/airflow/.local/lib/python3.12/site-packages/airflow/example_dags/example_skip_dag.py for tasks to queue
[2024-05-26T11:31:46.698+0000] {logging_mixin.py:188} INFO - [2024-05-26T11:31:46.696+0000] {dagbag.py:545} INFO - Filling up the DagBag from /home/airflow/.local/lib/python3.12/site-packages/airflow/example_dags/example_skip_dag.py
[2024-05-26T11:31:46.723+0000] {processor.py:840} INFO - DAG(s) 'example_skip_dag' retrieved from /home/airflow/.local/lib/python3.12/site-packages/airflow/example_dags/example_skip_dag.py
[2024-05-26T11:31:46.800+0000] {logging_mixin.py:188} INFO - [2024-05-26T11:31:46.799+0000] {dag.py:3096} INFO - Sync 1 DAGs
[2024-05-26T11:31:46.845+0000] {logging_mixin.py:188} INFO - [2024-05-26T11:31:46.845+0000] {dag.py:3954} INFO - Setting next_dagrun for example_skip_dag to 2024-05-25 00:00:00+00:00, run_after=2024-05-26 00:00:00+00:00
[2024-05-26T11:31:46.889+0000] {processor.py:183} INFO - Processing /home/airflow/.local/lib/python3.12/site-packages/airflow/example_dags/example_skip_dag.py took 0.240 seconds
[2024-05-26T11:32:17.050+0000] {processor.py:161} INFO - Started process (PID=7296) to work on /home/airflow/.local/lib/python3.12/site-packages/airflow/example_dags/example_skip_dag.py
[2024-05-26T11:32:17.052+0000] {processor.py:830} INFO - Processing file /home/airflow/.local/lib/python3.12/site-packages/airflow/example_dags/example_skip_dag.py for tasks to queue
[2024-05-26T11:32:17.056+0000] {logging_mixin.py:188} INFO - [2024-05-26T11:32:17.055+0000] {dagbag.py:545} INFO - Filling up the DagBag from /home/airflow/.local/lib/python3.12/site-packages/airflow/example_dags/example_skip_dag.py
[2024-05-26T11:32:17.066+0000] {processor.py:840} INFO - DAG(s) 'example_skip_dag' retrieved from /home/airflow/.local/lib/python3.12/site-packages/airflow/example_dags/example_skip_dag.py
[2024-05-26T11:32:17.105+0000] {logging_mixin.py:188} INFO - [2024-05-26T11:32:17.105+0000] {dag.py:3096} INFO - Sync 1 DAGs
[2024-05-26T11:32:17.141+0000] {logging_mixin.py:188} INFO - [2024-05-26T11:32:17.140+0000] {dag.py:3954} INFO - Setting next_dagrun for example_skip_dag to 2024-05-25 00:00:00+00:00, run_after=2024-05-26 00:00:00+00:00
[2024-05-26T11:32:17.224+0000] {processor.py:183} INFO - Processing /home/airflow/.local/lib/python3.12/site-packages/airflow/example_dags/example_skip_dag.py took 0.185 seconds
[2024-05-26T11:32:47.736+0000] {processor.py:161} INFO - Started process (PID=7564) to work on /home/airflow/.local/lib/python3.12/site-packages/airflow/example_dags/example_skip_dag.py
[2024-05-26T11:32:47.737+0000] {processor.py:830} INFO - Processing file /home/airflow/.local/lib/python3.12/site-packages/airflow/example_dags/example_skip_dag.py for tasks to queue
[2024-05-26T11:32:47.740+0000] {logging_mixin.py:188} INFO - [2024-05-26T11:32:47.739+0000] {dagbag.py:545} INFO - Filling up the DagBag from /home/airflow/.local/lib/python3.12/site-packages/airflow/example_dags/example_skip_dag.py
[2024-05-26T11:32:47.746+0000] {processor.py:840} INFO - DAG(s) 'example_skip_dag' retrieved from /home/airflow/.local/lib/python3.12/site-packages/airflow/example_dags/example_skip_dag.py
[2024-05-26T11:32:47.764+0000] {logging_mixin.py:188} INFO - [2024-05-26T11:32:47.764+0000] {dag.py:3096} INFO - Sync 1 DAGs
[2024-05-26T11:32:47.789+0000] {logging_mixin.py:188} INFO - [2024-05-26T11:32:47.789+0000] {dag.py:3954} INFO - Setting next_dagrun for example_skip_dag to 2024-05-25 00:00:00+00:00, run_after=2024-05-26 00:00:00+00:00
[2024-05-26T11:32:47.805+0000] {processor.py:183} INFO - Processing /home/airflow/.local/lib/python3.12/site-packages/airflow/example_dags/example_skip_dag.py took 0.074 seconds
[2024-05-26T11:33:17.960+0000] {processor.py:161} INFO - Started process (PID=7832) to work on /home/airflow/.local/lib/python3.12/site-packages/airflow/example_dags/example_skip_dag.py
[2024-05-26T11:33:17.961+0000] {processor.py:830} INFO - Processing file /home/airflow/.local/lib/python3.12/site-packages/airflow/example_dags/example_skip_dag.py for tasks to queue
[2024-05-26T11:33:17.963+0000] {logging_mixin.py:188} INFO - [2024-05-26T11:33:17.963+0000] {dagbag.py:545} INFO - Filling up the DagBag from /home/airflow/.local/lib/python3.12/site-packages/airflow/example_dags/example_skip_dag.py
[2024-05-26T11:33:17.970+0000] {processor.py:840} INFO - DAG(s) 'example_skip_dag' retrieved from /home/airflow/.local/lib/python3.12/site-packages/airflow/example_dags/example_skip_dag.py
[2024-05-26T11:33:17.992+0000] {logging_mixin.py:188} INFO - [2024-05-26T11:33:17.992+0000] {dag.py:3096} INFO - Sync 1 DAGs
[2024-05-26T11:33:18.019+0000] {logging_mixin.py:188} INFO - [2024-05-26T11:33:18.018+0000] {dag.py:3954} INFO - Setting next_dagrun for example_skip_dag to 2024-05-25 00:00:00+00:00, run_after=2024-05-26 00:00:00+00:00
[2024-05-26T11:33:18.035+0000] {processor.py:183} INFO - Processing /home/airflow/.local/lib/python3.12/site-packages/airflow/example_dags/example_skip_dag.py took 0.082 seconds
[2024-05-26T11:33:48.491+0000] {processor.py:161} INFO - Started process (PID=8100) to work on /home/airflow/.local/lib/python3.12/site-packages/airflow/example_dags/example_skip_dag.py
[2024-05-26T11:33:48.493+0000] {processor.py:830} INFO - Processing file /home/airflow/.local/lib/python3.12/site-packages/airflow/example_dags/example_skip_dag.py for tasks to queue
[2024-05-26T11:33:48.494+0000] {logging_mixin.py:188} INFO - [2024-05-26T11:33:48.494+0000] {dagbag.py:545} INFO - Filling up the DagBag from /home/airflow/.local/lib/python3.12/site-packages/airflow/example_dags/example_skip_dag.py
[2024-05-26T11:33:48.500+0000] {processor.py:840} INFO - DAG(s) 'example_skip_dag' retrieved from /home/airflow/.local/lib/python3.12/site-packages/airflow/example_dags/example_skip_dag.py
[2024-05-26T11:33:48.526+0000] {logging_mixin.py:188} INFO - [2024-05-26T11:33:48.526+0000] {dag.py:3096} INFO - Sync 1 DAGs
[2024-05-26T11:33:48.555+0000] {logging_mixin.py:188} INFO - [2024-05-26T11:33:48.554+0000] {dag.py:3954} INFO - Setting next_dagrun for example_skip_dag to 2024-05-25 00:00:00+00:00, run_after=2024-05-26 00:00:00+00:00
[2024-05-26T11:33:48.574+0000] {processor.py:183} INFO - Processing /home/airflow/.local/lib/python3.12/site-packages/airflow/example_dags/example_skip_dag.py took 0.087 seconds
[2024-05-26T11:34:18.939+0000] {processor.py:161} INFO - Started process (PID=8368) to work on /home/airflow/.local/lib/python3.12/site-packages/airflow/example_dags/example_skip_dag.py
[2024-05-26T11:34:18.940+0000] {processor.py:830} INFO - Processing file /home/airflow/.local/lib/python3.12/site-packages/airflow/example_dags/example_skip_dag.py for tasks to queue
[2024-05-26T11:34:18.943+0000] {logging_mixin.py:188} INFO - [2024-05-26T11:34:18.942+0000] {dagbag.py:545} INFO - Filling up the DagBag from /home/airflow/.local/lib/python3.12/site-packages/airflow/example_dags/example_skip_dag.py
[2024-05-26T11:34:18.952+0000] {processor.py:840} INFO - DAG(s) 'example_skip_dag' retrieved from /home/airflow/.local/lib/python3.12/site-packages/airflow/example_dags/example_skip_dag.py
[2024-05-26T11:34:18.983+0000] {logging_mixin.py:188} INFO - [2024-05-26T11:34:18.982+0000] {dag.py:3096} INFO - Sync 1 DAGs
[2024-05-26T11:34:19.008+0000] {logging_mixin.py:188} INFO - [2024-05-26T11:34:19.008+0000] {dag.py:3954} INFO - Setting next_dagrun for example_skip_dag to 2024-05-25 00:00:00+00:00, run_after=2024-05-26 00:00:00+00:00
[2024-05-26T11:34:19.031+0000] {processor.py:183} INFO - Processing /home/airflow/.local/lib/python3.12/site-packages/airflow/example_dags/example_skip_dag.py took 0.098 seconds
