[2024-05-26T11:18:56.956+0000] {processor.py:161} INFO - Started process (PID=301) to work on /home/airflow/.local/lib/python3.12/site-packages/airflow/example_dags/example_xcom.py
[2024-05-26T11:18:56.957+0000] {processor.py:830} INFO - Processing file /home/airflow/.local/lib/python3.12/site-packages/airflow/example_dags/example_xcom.py for tasks to queue
[2024-05-26T11:18:56.960+0000] {logging_mixin.py:188} INFO - [2024-05-26T11:18:56.960+0000] {dagbag.py:545} INFO - Filling up the DagBag from /home/airflow/.local/lib/python3.12/site-packages/airflow/example_dags/example_xcom.py
[2024-05-26T11:18:56.969+0000] {processor.py:840} INFO - DAG(s) 'example_xcom' retrieved from /home/airflow/.local/lib/python3.12/site-packages/airflow/example_dags/example_xcom.py
[2024-05-26T11:18:57.000+0000] {logging_mixin.py:188} INFO - [2024-05-26T11:18:56.999+0000] {dag.py:3096} INFO - Sync 1 DAGs
[2024-05-26T11:18:57.034+0000] {logging_mixin.py:188} INFO - [2024-05-26T11:18:57.034+0000] {dag.py:3954} INFO - Setting next_dagrun for example_xcom to 2021-01-01 00:00:00+00:00, run_after=2021-01-01 00:00:00+00:00
[2024-05-26T11:18:57.068+0000] {processor.py:183} INFO - Processing /home/airflow/.local/lib/python3.12/site-packages/airflow/example_dags/example_xcom.py took 0.118 seconds
[2024-05-26T11:19:27.142+0000] {processor.py:161} INFO - Started process (PID=564) to work on /home/airflow/.local/lib/python3.12/site-packages/airflow/example_dags/example_xcom.py
[2024-05-26T11:19:27.144+0000] {processor.py:830} INFO - Processing file /home/airflow/.local/lib/python3.12/site-packages/airflow/example_dags/example_xcom.py for tasks to queue
[2024-05-26T11:19:27.146+0000] {logging_mixin.py:188} INFO - [2024-05-26T11:19:27.146+0000] {dagbag.py:545} INFO - Filling up the DagBag from /home/airflow/.local/lib/python3.12/site-packages/airflow/example_dags/example_xcom.py
[2024-05-26T11:19:27.156+0000] {processor.py:840} INFO - DAG(s) 'example_xcom' retrieved from /home/airflow/.local/lib/python3.12/site-packages/airflow/example_dags/example_xcom.py
[2024-05-26T11:19:27.176+0000] {logging_mixin.py:188} INFO - [2024-05-26T11:19:27.176+0000] {dag.py:3096} INFO - Sync 1 DAGs
[2024-05-26T11:19:27.200+0000] {logging_mixin.py:188} INFO - [2024-05-26T11:19:27.200+0000] {dag.py:3954} INFO - Setting next_dagrun for example_xcom to 2021-01-01 00:00:00+00:00, run_after=2021-01-01 00:00:00+00:00
[2024-05-26T11:19:27.221+0000] {processor.py:183} INFO - Processing /home/airflow/.local/lib/python3.12/site-packages/airflow/example_dags/example_xcom.py took 0.086 seconds
[2024-05-26T11:19:57.672+0000] {processor.py:161} INFO - Started process (PID=837) to work on /home/airflow/.local/lib/python3.12/site-packages/airflow/example_dags/example_xcom.py
[2024-05-26T11:19:57.674+0000] {processor.py:830} INFO - Processing file /home/airflow/.local/lib/python3.12/site-packages/airflow/example_dags/example_xcom.py for tasks to queue
[2024-05-26T11:19:57.676+0000] {logging_mixin.py:188} INFO - [2024-05-26T11:19:57.676+0000] {dagbag.py:545} INFO - Filling up the DagBag from /home/airflow/.local/lib/python3.12/site-packages/airflow/example_dags/example_xcom.py
[2024-05-26T11:19:57.683+0000] {processor.py:840} INFO - DAG(s) 'example_xcom' retrieved from /home/airflow/.local/lib/python3.12/site-packages/airflow/example_dags/example_xcom.py
[2024-05-26T11:19:57.692+0000] {logging_mixin.py:188} INFO - [2024-05-26T11:19:57.692+0000] {dag.py:3096} INFO - Sync 1 DAGs
[2024-05-26T11:19:57.711+0000] {logging_mixin.py:188} INFO - [2024-05-26T11:19:57.711+0000] {dag.py:3954} INFO - Setting next_dagrun for example_xcom to 2021-01-01 00:00:00+00:00, run_after=2021-01-01 00:00:00+00:00
[2024-05-26T11:19:57.729+0000] {processor.py:183} INFO - Processing /home/airflow/.local/lib/python3.12/site-packages/airflow/example_dags/example_xcom.py took 0.062 seconds
[2024-05-26T11:20:29.334+0000] {processor.py:161} INFO - Started process (PID=1105) to work on /home/airflow/.local/lib/python3.12/site-packages/airflow/example_dags/example_xcom.py
[2024-05-26T11:20:29.336+0000] {processor.py:830} INFO - Processing file /home/airflow/.local/lib/python3.12/site-packages/airflow/example_dags/example_xcom.py for tasks to queue
[2024-05-26T11:20:29.339+0000] {logging_mixin.py:188} INFO - [2024-05-26T11:20:29.338+0000] {dagbag.py:545} INFO - Filling up the DagBag from /home/airflow/.local/lib/python3.12/site-packages/airflow/example_dags/example_xcom.py
[2024-05-26T11:20:29.349+0000] {processor.py:840} INFO - DAG(s) 'example_xcom' retrieved from /home/airflow/.local/lib/python3.12/site-packages/airflow/example_dags/example_xcom.py
[2024-05-26T11:20:29.480+0000] {logging_mixin.py:188} INFO - [2024-05-26T11:20:29.479+0000] {dag.py:3096} INFO - Sync 1 DAGs
[2024-05-26T11:20:29.504+0000] {logging_mixin.py:188} INFO - [2024-05-26T11:20:29.503+0000] {dag.py:3954} INFO - Setting next_dagrun for example_xcom to 2021-01-01 00:00:00+00:00, run_after=2021-01-01 00:00:00+00:00
[2024-05-26T11:20:29.527+0000] {processor.py:183} INFO - Processing /home/airflow/.local/lib/python3.12/site-packages/airflow/example_dags/example_xcom.py took 0.198 seconds
[2024-05-26T11:21:00.580+0000] {processor.py:161} INFO - Started process (PID=1375) to work on /home/airflow/.local/lib/python3.12/site-packages/airflow/example_dags/example_xcom.py
[2024-05-26T11:21:00.582+0000] {processor.py:830} INFO - Processing file /home/airflow/.local/lib/python3.12/site-packages/airflow/example_dags/example_xcom.py for tasks to queue
[2024-05-26T11:21:00.585+0000] {logging_mixin.py:188} INFO - [2024-05-26T11:21:00.585+0000] {dagbag.py:545} INFO - Filling up the DagBag from /home/airflow/.local/lib/python3.12/site-packages/airflow/example_dags/example_xcom.py
[2024-05-26T11:21:00.596+0000] {processor.py:840} INFO - DAG(s) 'example_xcom' retrieved from /home/airflow/.local/lib/python3.12/site-packages/airflow/example_dags/example_xcom.py
[2024-05-26T11:21:00.629+0000] {logging_mixin.py:188} INFO - [2024-05-26T11:21:00.629+0000] {dag.py:3096} INFO - Sync 1 DAGs
[2024-05-26T11:21:00.660+0000] {logging_mixin.py:188} INFO - [2024-05-26T11:21:00.660+0000] {dag.py:3954} INFO - Setting next_dagrun for example_xcom to 2021-01-01 00:00:00+00:00, run_after=2021-01-01 00:00:00+00:00
[2024-05-26T11:21:00.688+0000] {processor.py:183} INFO - Processing /home/airflow/.local/lib/python3.12/site-packages/airflow/example_dags/example_xcom.py took 0.118 seconds
[2024-05-26T11:21:31.086+0000] {processor.py:161} INFO - Started process (PID=1641) to work on /home/airflow/.local/lib/python3.12/site-packages/airflow/example_dags/example_xcom.py
[2024-05-26T11:21:31.087+0000] {processor.py:830} INFO - Processing file /home/airflow/.local/lib/python3.12/site-packages/airflow/example_dags/example_xcom.py for tasks to queue
[2024-05-26T11:21:31.089+0000] {logging_mixin.py:188} INFO - [2024-05-26T11:21:31.088+0000] {dagbag.py:545} INFO - Filling up the DagBag from /home/airflow/.local/lib/python3.12/site-packages/airflow/example_dags/example_xcom.py
[2024-05-26T11:21:31.095+0000] {processor.py:840} INFO - DAG(s) 'example_xcom' retrieved from /home/airflow/.local/lib/python3.12/site-packages/airflow/example_dags/example_xcom.py
[2024-05-26T11:21:31.116+0000] {logging_mixin.py:188} INFO - [2024-05-26T11:21:31.116+0000] {dag.py:3096} INFO - Sync 1 DAGs
[2024-05-26T11:21:31.136+0000] {logging_mixin.py:188} INFO - [2024-05-26T11:21:31.136+0000] {dag.py:3954} INFO - Setting next_dagrun for example_xcom to 2021-01-01 00:00:00+00:00, run_after=2021-01-01 00:00:00+00:00
[2024-05-26T11:21:31.152+0000] {processor.py:183} INFO - Processing /home/airflow/.local/lib/python3.12/site-packages/airflow/example_dags/example_xcom.py took 0.071 seconds
[2024-05-26T11:22:02.038+0000] {processor.py:161} INFO - Started process (PID=1911) to work on /home/airflow/.local/lib/python3.12/site-packages/airflow/example_dags/example_xcom.py
[2024-05-26T11:22:02.039+0000] {processor.py:830} INFO - Processing file /home/airflow/.local/lib/python3.12/site-packages/airflow/example_dags/example_xcom.py for tasks to queue
[2024-05-26T11:22:02.042+0000] {logging_mixin.py:188} INFO - [2024-05-26T11:22:02.042+0000] {dagbag.py:545} INFO - Filling up the DagBag from /home/airflow/.local/lib/python3.12/site-packages/airflow/example_dags/example_xcom.py
[2024-05-26T11:22:02.051+0000] {processor.py:840} INFO - DAG(s) 'example_xcom' retrieved from /home/airflow/.local/lib/python3.12/site-packages/airflow/example_dags/example_xcom.py
[2024-05-26T11:22:02.071+0000] {logging_mixin.py:188} INFO - [2024-05-26T11:22:02.071+0000] {dag.py:3096} INFO - Sync 1 DAGs
[2024-05-26T11:22:02.092+0000] {logging_mixin.py:188} INFO - [2024-05-26T11:22:02.092+0000] {dag.py:3954} INFO - Setting next_dagrun for example_xcom to 2021-01-01 00:00:00+00:00, run_after=2021-01-01 00:00:00+00:00
[2024-05-26T11:22:02.115+0000] {processor.py:183} INFO - Processing /home/airflow/.local/lib/python3.12/site-packages/airflow/example_dags/example_xcom.py took 0.084 seconds
[2024-05-26T11:22:32.766+0000] {processor.py:161} INFO - Started process (PID=2177) to work on /home/airflow/.local/lib/python3.12/site-packages/airflow/example_dags/example_xcom.py
[2024-05-26T11:22:32.768+0000] {processor.py:830} INFO - Processing file /home/airflow/.local/lib/python3.12/site-packages/airflow/example_dags/example_xcom.py for tasks to queue
[2024-05-26T11:22:32.770+0000] {logging_mixin.py:188} INFO - [2024-05-26T11:22:32.770+0000] {dagbag.py:545} INFO - Filling up the DagBag from /home/airflow/.local/lib/python3.12/site-packages/airflow/example_dags/example_xcom.py
[2024-05-26T11:22:32.782+0000] {processor.py:840} INFO - DAG(s) 'example_xcom' retrieved from /home/airflow/.local/lib/python3.12/site-packages/airflow/example_dags/example_xcom.py
[2024-05-26T11:22:32.817+0000] {logging_mixin.py:188} INFO - [2024-05-26T11:22:32.816+0000] {dag.py:3096} INFO - Sync 1 DAGs
[2024-05-26T11:22:32.852+0000] {logging_mixin.py:188} INFO - [2024-05-26T11:22:32.851+0000] {dag.py:3954} INFO - Setting next_dagrun for example_xcom to 2021-01-01 00:00:00+00:00, run_after=2021-01-01 00:00:00+00:00
[2024-05-26T11:22:32.890+0000] {processor.py:183} INFO - Processing /home/airflow/.local/lib/python3.12/site-packages/airflow/example_dags/example_xcom.py took 0.133 seconds
[2024-05-26T11:23:03.929+0000] {processor.py:161} INFO - Started process (PID=2453) to work on /home/airflow/.local/lib/python3.12/site-packages/airflow/example_dags/example_xcom.py
[2024-05-26T11:23:03.930+0000] {processor.py:830} INFO - Processing file /home/airflow/.local/lib/python3.12/site-packages/airflow/example_dags/example_xcom.py for tasks to queue
[2024-05-26T11:23:03.932+0000] {logging_mixin.py:188} INFO - [2024-05-26T11:23:03.932+0000] {dagbag.py:545} INFO - Filling up the DagBag from /home/airflow/.local/lib/python3.12/site-packages/airflow/example_dags/example_xcom.py
[2024-05-26T11:23:03.939+0000] {processor.py:840} INFO - DAG(s) 'example_xcom' retrieved from /home/airflow/.local/lib/python3.12/site-packages/airflow/example_dags/example_xcom.py
[2024-05-26T11:23:03.960+0000] {logging_mixin.py:188} INFO - [2024-05-26T11:23:03.960+0000] {dag.py:3096} INFO - Sync 1 DAGs
[2024-05-26T11:23:03.980+0000] {logging_mixin.py:188} INFO - [2024-05-26T11:23:03.980+0000] {dag.py:3954} INFO - Setting next_dagrun for example_xcom to 2021-01-01 00:00:00+00:00, run_after=2021-01-01 00:00:00+00:00
[2024-05-26T11:23:03.998+0000] {processor.py:183} INFO - Processing /home/airflow/.local/lib/python3.12/site-packages/airflow/example_dags/example_xcom.py took 0.074 seconds
[2024-05-26T11:23:34.114+0000] {processor.py:161} INFO - Started process (PID=2721) to work on /home/airflow/.local/lib/python3.12/site-packages/airflow/example_dags/example_xcom.py
[2024-05-26T11:23:34.115+0000] {processor.py:830} INFO - Processing file /home/airflow/.local/lib/python3.12/site-packages/airflow/example_dags/example_xcom.py for tasks to queue
[2024-05-26T11:23:34.117+0000] {logging_mixin.py:188} INFO - [2024-05-26T11:23:34.117+0000] {dagbag.py:545} INFO - Filling up the DagBag from /home/airflow/.local/lib/python3.12/site-packages/airflow/example_dags/example_xcom.py
[2024-05-26T11:23:34.125+0000] {processor.py:840} INFO - DAG(s) 'example_xcom' retrieved from /home/airflow/.local/lib/python3.12/site-packages/airflow/example_dags/example_xcom.py
[2024-05-26T11:23:34.153+0000] {logging_mixin.py:188} INFO - [2024-05-26T11:23:34.152+0000] {dag.py:3096} INFO - Sync 1 DAGs
[2024-05-26T11:23:34.178+0000] {logging_mixin.py:188} INFO - [2024-05-26T11:23:34.177+0000] {dag.py:3954} INFO - Setting next_dagrun for example_xcom to 2021-01-01 00:00:00+00:00, run_after=2021-01-01 00:00:00+00:00
[2024-05-26T11:23:34.200+0000] {processor.py:183} INFO - Processing /home/airflow/.local/lib/python3.12/site-packages/airflow/example_dags/example_xcom.py took 0.092 seconds
[2024-05-26T11:24:04.439+0000] {processor.py:161} INFO - Started process (PID=2989) to work on /home/airflow/.local/lib/python3.12/site-packages/airflow/example_dags/example_xcom.py
[2024-05-26T11:24:04.440+0000] {processor.py:830} INFO - Processing file /home/airflow/.local/lib/python3.12/site-packages/airflow/example_dags/example_xcom.py for tasks to queue
[2024-05-26T11:24:04.442+0000] {logging_mixin.py:188} INFO - [2024-05-26T11:24:04.442+0000] {dagbag.py:545} INFO - Filling up the DagBag from /home/airflow/.local/lib/python3.12/site-packages/airflow/example_dags/example_xcom.py
[2024-05-26T11:24:04.449+0000] {processor.py:840} INFO - DAG(s) 'example_xcom' retrieved from /home/airflow/.local/lib/python3.12/site-packages/airflow/example_dags/example_xcom.py
[2024-05-26T11:24:04.468+0000] {logging_mixin.py:188} INFO - [2024-05-26T11:24:04.468+0000] {dag.py:3096} INFO - Sync 1 DAGs
[2024-05-26T11:24:04.489+0000] {logging_mixin.py:188} INFO - [2024-05-26T11:24:04.489+0000] {dag.py:3954} INFO - Setting next_dagrun for example_xcom to 2021-01-01 00:00:00+00:00, run_after=2021-01-01 00:00:00+00:00
[2024-05-26T11:24:04.507+0000] {processor.py:183} INFO - Processing /home/airflow/.local/lib/python3.12/site-packages/airflow/example_dags/example_xcom.py took 0.072 seconds
[2024-05-26T11:24:35.662+0000] {processor.py:161} INFO - Started process (PID=3257) to work on /home/airflow/.local/lib/python3.12/site-packages/airflow/example_dags/example_xcom.py
[2024-05-26T11:24:35.663+0000] {processor.py:830} INFO - Processing file /home/airflow/.local/lib/python3.12/site-packages/airflow/example_dags/example_xcom.py for tasks to queue
[2024-05-26T11:24:35.665+0000] {logging_mixin.py:188} INFO - [2024-05-26T11:24:35.665+0000] {dagbag.py:545} INFO - Filling up the DagBag from /home/airflow/.local/lib/python3.12/site-packages/airflow/example_dags/example_xcom.py
[2024-05-26T11:24:35.671+0000] {processor.py:840} INFO - DAG(s) 'example_xcom' retrieved from /home/airflow/.local/lib/python3.12/site-packages/airflow/example_dags/example_xcom.py
[2024-05-26T11:24:35.692+0000] {logging_mixin.py:188} INFO - [2024-05-26T11:24:35.692+0000] {dag.py:3096} INFO - Sync 1 DAGs
[2024-05-26T11:24:35.711+0000] {logging_mixin.py:188} INFO - [2024-05-26T11:24:35.710+0000] {dag.py:3954} INFO - Setting next_dagrun for example_xcom to 2021-01-01 00:00:00+00:00, run_after=2021-01-01 00:00:00+00:00
[2024-05-26T11:24:35.730+0000] {processor.py:183} INFO - Processing /home/airflow/.local/lib/python3.12/site-packages/airflow/example_dags/example_xcom.py took 0.073 seconds
[2024-05-26T11:25:06.271+0000] {processor.py:161} INFO - Started process (PID=3523) to work on /home/airflow/.local/lib/python3.12/site-packages/airflow/example_dags/example_xcom.py
[2024-05-26T11:25:06.273+0000] {processor.py:830} INFO - Processing file /home/airflow/.local/lib/python3.12/site-packages/airflow/example_dags/example_xcom.py for tasks to queue
[2024-05-26T11:25:06.275+0000] {logging_mixin.py:188} INFO - [2024-05-26T11:25:06.275+0000] {dagbag.py:545} INFO - Filling up the DagBag from /home/airflow/.local/lib/python3.12/site-packages/airflow/example_dags/example_xcom.py
[2024-05-26T11:25:06.282+0000] {processor.py:840} INFO - DAG(s) 'example_xcom' retrieved from /home/airflow/.local/lib/python3.12/site-packages/airflow/example_dags/example_xcom.py
[2024-05-26T11:25:06.306+0000] {logging_mixin.py:188} INFO - [2024-05-26T11:25:06.306+0000] {dag.py:3096} INFO - Sync 1 DAGs
[2024-05-26T11:25:06.333+0000] {logging_mixin.py:188} INFO - [2024-05-26T11:25:06.333+0000] {dag.py:3954} INFO - Setting next_dagrun for example_xcom to 2021-01-01 00:00:00+00:00, run_after=2021-01-01 00:00:00+00:00
[2024-05-26T11:25:06.357+0000] {processor.py:183} INFO - Processing /home/airflow/.local/lib/python3.12/site-packages/airflow/example_dags/example_xcom.py took 0.091 seconds
[2024-05-26T11:25:36.672+0000] {processor.py:161} INFO - Started process (PID=3791) to work on /home/airflow/.local/lib/python3.12/site-packages/airflow/example_dags/example_xcom.py
[2024-05-26T11:25:36.673+0000] {processor.py:830} INFO - Processing file /home/airflow/.local/lib/python3.12/site-packages/airflow/example_dags/example_xcom.py for tasks to queue
[2024-05-26T11:25:36.676+0000] {logging_mixin.py:188} INFO - [2024-05-26T11:25:36.676+0000] {dagbag.py:545} INFO - Filling up the DagBag from /home/airflow/.local/lib/python3.12/site-packages/airflow/example_dags/example_xcom.py
[2024-05-26T11:25:36.686+0000] {processor.py:840} INFO - DAG(s) 'example_xcom' retrieved from /home/airflow/.local/lib/python3.12/site-packages/airflow/example_dags/example_xcom.py
[2024-05-26T11:25:36.709+0000] {logging_mixin.py:188} INFO - [2024-05-26T11:25:36.709+0000] {dag.py:3096} INFO - Sync 1 DAGs
[2024-05-26T11:25:36.739+0000] {logging_mixin.py:188} INFO - [2024-05-26T11:25:36.738+0000] {dag.py:3954} INFO - Setting next_dagrun for example_xcom to 2021-01-01 00:00:00+00:00, run_after=2021-01-01 00:00:00+00:00
[2024-05-26T11:25:36.766+0000] {processor.py:183} INFO - Processing /home/airflow/.local/lib/python3.12/site-packages/airflow/example_dags/example_xcom.py took 0.101 seconds
[2024-05-26T11:26:07.752+0000] {processor.py:161} INFO - Started process (PID=4059) to work on /home/airflow/.local/lib/python3.12/site-packages/airflow/example_dags/example_xcom.py
[2024-05-26T11:26:07.754+0000] {processor.py:830} INFO - Processing file /home/airflow/.local/lib/python3.12/site-packages/airflow/example_dags/example_xcom.py for tasks to queue
[2024-05-26T11:26:07.756+0000] {logging_mixin.py:188} INFO - [2024-05-26T11:26:07.756+0000] {dagbag.py:545} INFO - Filling up the DagBag from /home/airflow/.local/lib/python3.12/site-packages/airflow/example_dags/example_xcom.py
[2024-05-26T11:26:07.781+0000] {processor.py:840} INFO - DAG(s) 'example_xcom' retrieved from /home/airflow/.local/lib/python3.12/site-packages/airflow/example_dags/example_xcom.py
[2024-05-26T11:26:07.834+0000] {logging_mixin.py:188} INFO - [2024-05-26T11:26:07.834+0000] {dag.py:3096} INFO - Sync 1 DAGs
[2024-05-26T11:26:07.887+0000] {logging_mixin.py:188} INFO - [2024-05-26T11:26:07.887+0000] {dag.py:3954} INFO - Setting next_dagrun for example_xcom to 2021-01-01 00:00:00+00:00, run_after=2021-01-01 00:00:00+00:00
[2024-05-26T11:26:07.920+0000] {processor.py:183} INFO - Processing /home/airflow/.local/lib/python3.12/site-packages/airflow/example_dags/example_xcom.py took 0.174 seconds
[2024-05-26T11:26:38.804+0000] {processor.py:161} INFO - Started process (PID=4327) to work on /home/airflow/.local/lib/python3.12/site-packages/airflow/example_dags/example_xcom.py
[2024-05-26T11:26:38.806+0000] {processor.py:830} INFO - Processing file /home/airflow/.local/lib/python3.12/site-packages/airflow/example_dags/example_xcom.py for tasks to queue
[2024-05-26T11:26:38.809+0000] {logging_mixin.py:188} INFO - [2024-05-26T11:26:38.809+0000] {dagbag.py:545} INFO - Filling up the DagBag from /home/airflow/.local/lib/python3.12/site-packages/airflow/example_dags/example_xcom.py
[2024-05-26T11:26:38.824+0000] {processor.py:840} INFO - DAG(s) 'example_xcom' retrieved from /home/airflow/.local/lib/python3.12/site-packages/airflow/example_dags/example_xcom.py
[2024-05-26T11:26:38.877+0000] {logging_mixin.py:188} INFO - [2024-05-26T11:26:38.877+0000] {dag.py:3096} INFO - Sync 1 DAGs
[2024-05-26T11:26:38.922+0000] {logging_mixin.py:188} INFO - [2024-05-26T11:26:38.921+0000] {dag.py:3954} INFO - Setting next_dagrun for example_xcom to 2021-01-01 00:00:00+00:00, run_after=2021-01-01 00:00:00+00:00
[2024-05-26T11:26:38.963+0000] {processor.py:183} INFO - Processing /home/airflow/.local/lib/python3.12/site-packages/airflow/example_dags/example_xcom.py took 0.166 seconds
[2024-05-26T11:27:09.864+0000] {processor.py:161} INFO - Started process (PID=4595) to work on /home/airflow/.local/lib/python3.12/site-packages/airflow/example_dags/example_xcom.py
[2024-05-26T11:27:09.866+0000] {processor.py:830} INFO - Processing file /home/airflow/.local/lib/python3.12/site-packages/airflow/example_dags/example_xcom.py for tasks to queue
[2024-05-26T11:27:09.869+0000] {logging_mixin.py:188} INFO - [2024-05-26T11:27:09.869+0000] {dagbag.py:545} INFO - Filling up the DagBag from /home/airflow/.local/lib/python3.12/site-packages/airflow/example_dags/example_xcom.py
[2024-05-26T11:27:09.881+0000] {processor.py:840} INFO - DAG(s) 'example_xcom' retrieved from /home/airflow/.local/lib/python3.12/site-packages/airflow/example_dags/example_xcom.py
[2024-05-26T11:27:09.923+0000] {logging_mixin.py:188} INFO - [2024-05-26T11:27:09.922+0000] {dag.py:3096} INFO - Sync 1 DAGs
[2024-05-26T11:27:09.959+0000] {logging_mixin.py:188} INFO - [2024-05-26T11:27:09.959+0000] {dag.py:3954} INFO - Setting next_dagrun for example_xcom to 2021-01-01 00:00:00+00:00, run_after=2021-01-01 00:00:00+00:00
[2024-05-26T11:27:10.008+0000] {processor.py:183} INFO - Processing /home/airflow/.local/lib/python3.12/site-packages/airflow/example_dags/example_xcom.py took 0.153 seconds
[2024-05-26T11:27:40.904+0000] {processor.py:161} INFO - Started process (PID=4862) to work on /home/airflow/.local/lib/python3.12/site-packages/airflow/example_dags/example_xcom.py
[2024-05-26T11:27:40.905+0000] {processor.py:830} INFO - Processing file /home/airflow/.local/lib/python3.12/site-packages/airflow/example_dags/example_xcom.py for tasks to queue
[2024-05-26T11:27:40.907+0000] {logging_mixin.py:188} INFO - [2024-05-26T11:27:40.907+0000] {dagbag.py:545} INFO - Filling up the DagBag from /home/airflow/.local/lib/python3.12/site-packages/airflow/example_dags/example_xcom.py
[2024-05-26T11:27:40.916+0000] {processor.py:840} INFO - DAG(s) 'example_xcom' retrieved from /home/airflow/.local/lib/python3.12/site-packages/airflow/example_dags/example_xcom.py
[2024-05-26T11:27:40.939+0000] {logging_mixin.py:188} INFO - [2024-05-26T11:27:40.939+0000] {dag.py:3096} INFO - Sync 1 DAGs
[2024-05-26T11:27:40.963+0000] {logging_mixin.py:188} INFO - [2024-05-26T11:27:40.963+0000] {dag.py:3954} INFO - Setting next_dagrun for example_xcom to 2021-01-01 00:00:00+00:00, run_after=2021-01-01 00:00:00+00:00
[2024-05-26T11:27:40.986+0000] {processor.py:183} INFO - Processing /home/airflow/.local/lib/python3.12/site-packages/airflow/example_dags/example_xcom.py took 0.088 seconds
[2024-05-26T11:28:11.158+0000] {processor.py:161} INFO - Started process (PID=5127) to work on /home/airflow/.local/lib/python3.12/site-packages/airflow/example_dags/example_xcom.py
[2024-05-26T11:28:11.159+0000] {processor.py:830} INFO - Processing file /home/airflow/.local/lib/python3.12/site-packages/airflow/example_dags/example_xcom.py for tasks to queue
[2024-05-26T11:28:11.162+0000] {logging_mixin.py:188} INFO - [2024-05-26T11:28:11.161+0000] {dagbag.py:545} INFO - Filling up the DagBag from /home/airflow/.local/lib/python3.12/site-packages/airflow/example_dags/example_xcom.py
[2024-05-26T11:28:11.171+0000] {processor.py:840} INFO - DAG(s) 'example_xcom' retrieved from /home/airflow/.local/lib/python3.12/site-packages/airflow/example_dags/example_xcom.py
[2024-05-26T11:28:11.195+0000] {logging_mixin.py:188} INFO - [2024-05-26T11:28:11.195+0000] {dag.py:3096} INFO - Sync 1 DAGs
[2024-05-26T11:28:11.220+0000] {logging_mixin.py:188} INFO - [2024-05-26T11:28:11.220+0000] {dag.py:3954} INFO - Setting next_dagrun for example_xcom to 2021-01-01 00:00:00+00:00, run_after=2021-01-01 00:00:00+00:00
[2024-05-26T11:28:11.243+0000] {processor.py:183} INFO - Processing /home/airflow/.local/lib/python3.12/site-packages/airflow/example_dags/example_xcom.py took 0.092 seconds
[2024-05-26T11:28:41.368+0000] {processor.py:161} INFO - Started process (PID=5395) to work on /home/airflow/.local/lib/python3.12/site-packages/airflow/example_dags/example_xcom.py
[2024-05-26T11:28:41.370+0000] {processor.py:830} INFO - Processing file /home/airflow/.local/lib/python3.12/site-packages/airflow/example_dags/example_xcom.py for tasks to queue
[2024-05-26T11:28:41.371+0000] {logging_mixin.py:188} INFO - [2024-05-26T11:28:41.371+0000] {dagbag.py:545} INFO - Filling up the DagBag from /home/airflow/.local/lib/python3.12/site-packages/airflow/example_dags/example_xcom.py
[2024-05-26T11:28:41.379+0000] {processor.py:840} INFO - DAG(s) 'example_xcom' retrieved from /home/airflow/.local/lib/python3.12/site-packages/airflow/example_dags/example_xcom.py
[2024-05-26T11:28:41.398+0000] {logging_mixin.py:188} INFO - [2024-05-26T11:28:41.398+0000] {dag.py:3096} INFO - Sync 1 DAGs
[2024-05-26T11:28:41.418+0000] {logging_mixin.py:188} INFO - [2024-05-26T11:28:41.418+0000] {dag.py:3954} INFO - Setting next_dagrun for example_xcom to 2021-01-01 00:00:00+00:00, run_after=2021-01-01 00:00:00+00:00
[2024-05-26T11:28:41.437+0000] {processor.py:183} INFO - Processing /home/airflow/.local/lib/python3.12/site-packages/airflow/example_dags/example_xcom.py took 0.075 seconds
[2024-05-26T11:29:11.684+0000] {processor.py:161} INFO - Started process (PID=5663) to work on /home/airflow/.local/lib/python3.12/site-packages/airflow/example_dags/example_xcom.py
[2024-05-26T11:29:11.686+0000] {processor.py:830} INFO - Processing file /home/airflow/.local/lib/python3.12/site-packages/airflow/example_dags/example_xcom.py for tasks to queue
[2024-05-26T11:29:11.688+0000] {logging_mixin.py:188} INFO - [2024-05-26T11:29:11.688+0000] {dagbag.py:545} INFO - Filling up the DagBag from /home/airflow/.local/lib/python3.12/site-packages/airflow/example_dags/example_xcom.py
[2024-05-26T11:29:11.695+0000] {processor.py:840} INFO - DAG(s) 'example_xcom' retrieved from /home/airflow/.local/lib/python3.12/site-packages/airflow/example_dags/example_xcom.py
[2024-05-26T11:29:11.714+0000] {logging_mixin.py:188} INFO - [2024-05-26T11:29:11.714+0000] {dag.py:3096} INFO - Sync 1 DAGs
[2024-05-26T11:29:11.735+0000] {logging_mixin.py:188} INFO - [2024-05-26T11:29:11.735+0000] {dag.py:3954} INFO - Setting next_dagrun for example_xcom to 2021-01-01 00:00:00+00:00, run_after=2021-01-01 00:00:00+00:00
[2024-05-26T11:29:11.756+0000] {processor.py:183} INFO - Processing /home/airflow/.local/lib/python3.12/site-packages/airflow/example_dags/example_xcom.py took 0.076 seconds
[2024-05-26T11:29:42.253+0000] {processor.py:161} INFO - Started process (PID=5931) to work on /home/airflow/.local/lib/python3.12/site-packages/airflow/example_dags/example_xcom.py
[2024-05-26T11:29:42.254+0000] {processor.py:830} INFO - Processing file /home/airflow/.local/lib/python3.12/site-packages/airflow/example_dags/example_xcom.py for tasks to queue
[2024-05-26T11:29:42.256+0000] {logging_mixin.py:188} INFO - [2024-05-26T11:29:42.256+0000] {dagbag.py:545} INFO - Filling up the DagBag from /home/airflow/.local/lib/python3.12/site-packages/airflow/example_dags/example_xcom.py
[2024-05-26T11:29:42.262+0000] {processor.py:840} INFO - DAG(s) 'example_xcom' retrieved from /home/airflow/.local/lib/python3.12/site-packages/airflow/example_dags/example_xcom.py
[2024-05-26T11:29:42.281+0000] {logging_mixin.py:188} INFO - [2024-05-26T11:29:42.281+0000] {dag.py:3096} INFO - Sync 1 DAGs
[2024-05-26T11:29:42.299+0000] {logging_mixin.py:188} INFO - [2024-05-26T11:29:42.299+0000] {dag.py:3954} INFO - Setting next_dagrun for example_xcom to 2021-01-01 00:00:00+00:00, run_after=2021-01-01 00:00:00+00:00
[2024-05-26T11:29:42.319+0000] {processor.py:183} INFO - Processing /home/airflow/.local/lib/python3.12/site-packages/airflow/example_dags/example_xcom.py took 0.071 seconds
[2024-05-26T11:30:12.406+0000] {processor.py:161} INFO - Started process (PID=6199) to work on /home/airflow/.local/lib/python3.12/site-packages/airflow/example_dags/example_xcom.py
[2024-05-26T11:30:12.407+0000] {processor.py:830} INFO - Processing file /home/airflow/.local/lib/python3.12/site-packages/airflow/example_dags/example_xcom.py for tasks to queue
[2024-05-26T11:30:12.409+0000] {logging_mixin.py:188} INFO - [2024-05-26T11:30:12.408+0000] {dagbag.py:545} INFO - Filling up the DagBag from /home/airflow/.local/lib/python3.12/site-packages/airflow/example_dags/example_xcom.py
[2024-05-26T11:30:12.416+0000] {processor.py:840} INFO - DAG(s) 'example_xcom' retrieved from /home/airflow/.local/lib/python3.12/site-packages/airflow/example_dags/example_xcom.py
[2024-05-26T11:30:12.436+0000] {logging_mixin.py:188} INFO - [2024-05-26T11:30:12.435+0000] {dag.py:3096} INFO - Sync 1 DAGs
[2024-05-26T11:30:12.456+0000] {logging_mixin.py:188} INFO - [2024-05-26T11:30:12.456+0000] {dag.py:3954} INFO - Setting next_dagrun for example_xcom to 2021-01-01 00:00:00+00:00, run_after=2021-01-01 00:00:00+00:00
[2024-05-26T11:30:12.478+0000] {processor.py:183} INFO - Processing /home/airflow/.local/lib/python3.12/site-packages/airflow/example_dags/example_xcom.py took 0.077 seconds
[2024-05-26T11:30:42.986+0000] {processor.py:161} INFO - Started process (PID=6467) to work on /home/airflow/.local/lib/python3.12/site-packages/airflow/example_dags/example_xcom.py
[2024-05-26T11:30:42.987+0000] {processor.py:830} INFO - Processing file /home/airflow/.local/lib/python3.12/site-packages/airflow/example_dags/example_xcom.py for tasks to queue
[2024-05-26T11:30:42.989+0000] {logging_mixin.py:188} INFO - [2024-05-26T11:30:42.989+0000] {dagbag.py:545} INFO - Filling up the DagBag from /home/airflow/.local/lib/python3.12/site-packages/airflow/example_dags/example_xcom.py
[2024-05-26T11:30:42.997+0000] {processor.py:840} INFO - DAG(s) 'example_xcom' retrieved from /home/airflow/.local/lib/python3.12/site-packages/airflow/example_dags/example_xcom.py
[2024-05-26T11:30:43.020+0000] {logging_mixin.py:188} INFO - [2024-05-26T11:30:43.020+0000] {dag.py:3096} INFO - Sync 1 DAGs
[2024-05-26T11:30:43.171+0000] {logging_mixin.py:188} INFO - [2024-05-26T11:30:43.170+0000] {dag.py:3954} INFO - Setting next_dagrun for example_xcom to 2021-01-01 00:00:00+00:00, run_after=2021-01-01 00:00:00+00:00
[2024-05-26T11:30:43.192+0000] {processor.py:183} INFO - Processing /home/airflow/.local/lib/python3.12/site-packages/airflow/example_dags/example_xcom.py took 0.211 seconds
[2024-05-26T11:31:13.899+0000] {processor.py:161} INFO - Started process (PID=6735) to work on /home/airflow/.local/lib/python3.12/site-packages/airflow/example_dags/example_xcom.py
[2024-05-26T11:31:13.899+0000] {processor.py:830} INFO - Processing file /home/airflow/.local/lib/python3.12/site-packages/airflow/example_dags/example_xcom.py for tasks to queue
[2024-05-26T11:31:13.901+0000] {logging_mixin.py:188} INFO - [2024-05-26T11:31:13.901+0000] {dagbag.py:545} INFO - Filling up the DagBag from /home/airflow/.local/lib/python3.12/site-packages/airflow/example_dags/example_xcom.py
[2024-05-26T11:31:13.906+0000] {processor.py:840} INFO - DAG(s) 'example_xcom' retrieved from /home/airflow/.local/lib/python3.12/site-packages/airflow/example_dags/example_xcom.py
[2024-05-26T11:31:13.924+0000] {logging_mixin.py:188} INFO - [2024-05-26T11:31:13.924+0000] {dag.py:3096} INFO - Sync 1 DAGs
[2024-05-26T11:31:13.943+0000] {logging_mixin.py:188} INFO - [2024-05-26T11:31:13.943+0000] {dag.py:3954} INFO - Setting next_dagrun for example_xcom to 2021-01-01 00:00:00+00:00, run_after=2021-01-01 00:00:00+00:00
[2024-05-26T11:31:13.968+0000] {processor.py:183} INFO - Processing /home/airflow/.local/lib/python3.12/site-packages/airflow/example_dags/example_xcom.py took 0.073 seconds
[2024-05-26T11:31:44.840+0000] {processor.py:161} INFO - Started process (PID=7003) to work on /home/airflow/.local/lib/python3.12/site-packages/airflow/example_dags/example_xcom.py
[2024-05-26T11:31:44.845+0000] {processor.py:830} INFO - Processing file /home/airflow/.local/lib/python3.12/site-packages/airflow/example_dags/example_xcom.py for tasks to queue
[2024-05-26T11:31:44.853+0000] {logging_mixin.py:188} INFO - [2024-05-26T11:31:44.852+0000] {dagbag.py:545} INFO - Filling up the DagBag from /home/airflow/.local/lib/python3.12/site-packages/airflow/example_dags/example_xcom.py
[2024-05-26T11:31:44.900+0000] {processor.py:840} INFO - DAG(s) 'example_xcom' retrieved from /home/airflow/.local/lib/python3.12/site-packages/airflow/example_dags/example_xcom.py
[2024-05-26T11:31:44.976+0000] {logging_mixin.py:188} INFO - [2024-05-26T11:31:44.975+0000] {dag.py:3096} INFO - Sync 1 DAGs
[2024-05-26T11:31:45.040+0000] {logging_mixin.py:188} INFO - [2024-05-26T11:31:45.039+0000] {dag.py:3954} INFO - Setting next_dagrun for example_xcom to 2021-01-01 00:00:00+00:00, run_after=2021-01-01 00:00:00+00:00
[2024-05-26T11:31:45.093+0000] {processor.py:183} INFO - Processing /home/airflow/.local/lib/python3.12/site-packages/airflow/example_dags/example_xcom.py took 0.299 seconds
[2024-05-26T11:32:15.528+0000] {processor.py:161} INFO - Started process (PID=7271) to work on /home/airflow/.local/lib/python3.12/site-packages/airflow/example_dags/example_xcom.py
[2024-05-26T11:32:15.530+0000] {processor.py:830} INFO - Processing file /home/airflow/.local/lib/python3.12/site-packages/airflow/example_dags/example_xcom.py for tasks to queue
[2024-05-26T11:32:15.532+0000] {logging_mixin.py:188} INFO - [2024-05-26T11:32:15.531+0000] {dagbag.py:545} INFO - Filling up the DagBag from /home/airflow/.local/lib/python3.12/site-packages/airflow/example_dags/example_xcom.py
[2024-05-26T11:32:15.539+0000] {processor.py:840} INFO - DAG(s) 'example_xcom' retrieved from /home/airflow/.local/lib/python3.12/site-packages/airflow/example_dags/example_xcom.py
[2024-05-26T11:32:15.568+0000] {logging_mixin.py:188} INFO - [2024-05-26T11:32:15.568+0000] {dag.py:3096} INFO - Sync 1 DAGs
[2024-05-26T11:32:15.601+0000] {logging_mixin.py:188} INFO - [2024-05-26T11:32:15.601+0000] {dag.py:3954} INFO - Setting next_dagrun for example_xcom to 2021-01-01 00:00:00+00:00, run_after=2021-01-01 00:00:00+00:00
[2024-05-26T11:32:15.631+0000] {processor.py:183} INFO - Processing /home/airflow/.local/lib/python3.12/site-packages/airflow/example_dags/example_xcom.py took 0.110 seconds
[2024-05-26T11:32:46.446+0000] {processor.py:161} INFO - Started process (PID=7539) to work on /home/airflow/.local/lib/python3.12/site-packages/airflow/example_dags/example_xcom.py
[2024-05-26T11:32:46.448+0000] {processor.py:830} INFO - Processing file /home/airflow/.local/lib/python3.12/site-packages/airflow/example_dags/example_xcom.py for tasks to queue
[2024-05-26T11:32:46.449+0000] {logging_mixin.py:188} INFO - [2024-05-26T11:32:46.449+0000] {dagbag.py:545} INFO - Filling up the DagBag from /home/airflow/.local/lib/python3.12/site-packages/airflow/example_dags/example_xcom.py
[2024-05-26T11:32:46.456+0000] {processor.py:840} INFO - DAG(s) 'example_xcom' retrieved from /home/airflow/.local/lib/python3.12/site-packages/airflow/example_dags/example_xcom.py
[2024-05-26T11:32:46.480+0000] {logging_mixin.py:188} INFO - [2024-05-26T11:32:46.479+0000] {dag.py:3096} INFO - Sync 1 DAGs
[2024-05-26T11:32:46.498+0000] {logging_mixin.py:188} INFO - [2024-05-26T11:32:46.497+0000] {dag.py:3954} INFO - Setting next_dagrun for example_xcom to 2021-01-01 00:00:00+00:00, run_after=2021-01-01 00:00:00+00:00
[2024-05-26T11:32:46.517+0000] {processor.py:183} INFO - Processing /home/airflow/.local/lib/python3.12/site-packages/airflow/example_dags/example_xcom.py took 0.076 seconds
[2024-05-26T11:33:16.646+0000] {processor.py:161} INFO - Started process (PID=7807) to work on /home/airflow/.local/lib/python3.12/site-packages/airflow/example_dags/example_xcom.py
[2024-05-26T11:33:16.648+0000] {processor.py:830} INFO - Processing file /home/airflow/.local/lib/python3.12/site-packages/airflow/example_dags/example_xcom.py for tasks to queue
[2024-05-26T11:33:16.650+0000] {logging_mixin.py:188} INFO - [2024-05-26T11:33:16.649+0000] {dagbag.py:545} INFO - Filling up the DagBag from /home/airflow/.local/lib/python3.12/site-packages/airflow/example_dags/example_xcom.py
[2024-05-26T11:33:16.659+0000] {processor.py:840} INFO - DAG(s) 'example_xcom' retrieved from /home/airflow/.local/lib/python3.12/site-packages/airflow/example_dags/example_xcom.py
[2024-05-26T11:33:16.679+0000] {logging_mixin.py:188} INFO - [2024-05-26T11:33:16.679+0000] {dag.py:3096} INFO - Sync 1 DAGs
[2024-05-26T11:33:16.698+0000] {logging_mixin.py:188} INFO - [2024-05-26T11:33:16.698+0000] {dag.py:3954} INFO - Setting next_dagrun for example_xcom to 2021-01-01 00:00:00+00:00, run_after=2021-01-01 00:00:00+00:00
[2024-05-26T11:33:16.718+0000] {processor.py:183} INFO - Processing /home/airflow/.local/lib/python3.12/site-packages/airflow/example_dags/example_xcom.py took 0.078 seconds
[2024-05-26T11:33:47.127+0000] {processor.py:161} INFO - Started process (PID=8075) to work on /home/airflow/.local/lib/python3.12/site-packages/airflow/example_dags/example_xcom.py
[2024-05-26T11:33:47.128+0000] {processor.py:830} INFO - Processing file /home/airflow/.local/lib/python3.12/site-packages/airflow/example_dags/example_xcom.py for tasks to queue
[2024-05-26T11:33:47.130+0000] {logging_mixin.py:188} INFO - [2024-05-26T11:33:47.130+0000] {dagbag.py:545} INFO - Filling up the DagBag from /home/airflow/.local/lib/python3.12/site-packages/airflow/example_dags/example_xcom.py
[2024-05-26T11:33:47.138+0000] {processor.py:840} INFO - DAG(s) 'example_xcom' retrieved from /home/airflow/.local/lib/python3.12/site-packages/airflow/example_dags/example_xcom.py
[2024-05-26T11:33:47.164+0000] {logging_mixin.py:188} INFO - [2024-05-26T11:33:47.164+0000] {dag.py:3096} INFO - Sync 1 DAGs
[2024-05-26T11:33:47.196+0000] {logging_mixin.py:188} INFO - [2024-05-26T11:33:47.196+0000] {dag.py:3954} INFO - Setting next_dagrun for example_xcom to 2021-01-01 00:00:00+00:00, run_after=2021-01-01 00:00:00+00:00
[2024-05-26T11:33:47.219+0000] {processor.py:183} INFO - Processing /home/airflow/.local/lib/python3.12/site-packages/airflow/example_dags/example_xcom.py took 0.098 seconds
[2024-05-26T11:34:17.469+0000] {processor.py:161} INFO - Started process (PID=8343) to work on /home/airflow/.local/lib/python3.12/site-packages/airflow/example_dags/example_xcom.py
[2024-05-26T11:34:17.470+0000] {processor.py:830} INFO - Processing file /home/airflow/.local/lib/python3.12/site-packages/airflow/example_dags/example_xcom.py for tasks to queue
[2024-05-26T11:34:17.472+0000] {logging_mixin.py:188} INFO - [2024-05-26T11:34:17.472+0000] {dagbag.py:545} INFO - Filling up the DagBag from /home/airflow/.local/lib/python3.12/site-packages/airflow/example_dags/example_xcom.py
[2024-05-26T11:34:17.481+0000] {processor.py:840} INFO - DAG(s) 'example_xcom' retrieved from /home/airflow/.local/lib/python3.12/site-packages/airflow/example_dags/example_xcom.py
[2024-05-26T11:34:17.503+0000] {logging_mixin.py:188} INFO - [2024-05-26T11:34:17.503+0000] {dag.py:3096} INFO - Sync 1 DAGs
[2024-05-26T11:34:17.527+0000] {logging_mixin.py:188} INFO - [2024-05-26T11:34:17.527+0000] {dag.py:3954} INFO - Setting next_dagrun for example_xcom to 2021-01-01 00:00:00+00:00, run_after=2021-01-01 00:00:00+00:00
[2024-05-26T11:34:17.556+0000] {processor.py:183} INFO - Processing /home/airflow/.local/lib/python3.12/site-packages/airflow/example_dags/example_xcom.py took 0.093 seconds
