[2024-05-26T11:18:55.242+0000] {processor.py:161} INFO - Started process (PID=218) to work on /home/airflow/.local/lib/python3.12/site-packages/airflow/example_dags/example_branch_python_dop_operator_3.py
[2024-05-26T11:18:55.244+0000] {processor.py:830} INFO - Processing file /home/airflow/.local/lib/python3.12/site-packages/airflow/example_dags/example_branch_python_dop_operator_3.py for tasks to queue
[2024-05-26T11:18:55.247+0000] {logging_mixin.py:188} INFO - [2024-05-26T11:18:55.246+0000] {dagbag.py:545} INFO - Filling up the DagBag from /home/airflow/.local/lib/python3.12/site-packages/airflow/example_dags/example_branch_python_dop_operator_3.py
[2024-05-26T11:18:55.262+0000] {processor.py:840} INFO - DAG(s) 'example_branch_dop_operator_v3' retrieved from /home/airflow/.local/lib/python3.12/site-packages/airflow/example_dags/example_branch_python_dop_operator_3.py
[2024-05-26T11:18:55.318+0000] {logging_mixin.py:188} INFO - [2024-05-26T11:18:55.318+0000] {dag.py:3096} INFO - Sync 1 DAGs
[2024-05-26T11:18:55.392+0000] {logging_mixin.py:188} INFO - [2024-05-26T11:18:55.391+0000] {dag.py:3954} INFO - Setting next_dagrun for example_branch_dop_operator_v3 to 2024-05-26 11:17:00+00:00, run_after=2024-05-26 11:18:00+00:00
[2024-05-26T11:18:55.422+0000] {processor.py:183} INFO - Processing /home/airflow/.local/lib/python3.12/site-packages/airflow/example_dags/example_branch_python_dop_operator_3.py took 0.189 seconds
[2024-05-26T11:19:26.002+0000] {processor.py:161} INFO - Started process (PID=486) to work on /home/airflow/.local/lib/python3.12/site-packages/airflow/example_dags/example_branch_python_dop_operator_3.py
[2024-05-26T11:19:26.003+0000] {processor.py:830} INFO - Processing file /home/airflow/.local/lib/python3.12/site-packages/airflow/example_dags/example_branch_python_dop_operator_3.py for tasks to queue
[2024-05-26T11:19:26.007+0000] {logging_mixin.py:188} INFO - [2024-05-26T11:19:26.007+0000] {dagbag.py:545} INFO - Filling up the DagBag from /home/airflow/.local/lib/python3.12/site-packages/airflow/example_dags/example_branch_python_dop_operator_3.py
[2024-05-26T11:19:26.019+0000] {processor.py:840} INFO - DAG(s) 'example_branch_dop_operator_v3' retrieved from /home/airflow/.local/lib/python3.12/site-packages/airflow/example_dags/example_branch_python_dop_operator_3.py
[2024-05-26T11:19:26.052+0000] {logging_mixin.py:188} INFO - [2024-05-26T11:19:26.051+0000] {dag.py:3096} INFO - Sync 1 DAGs
[2024-05-26T11:19:26.095+0000] {logging_mixin.py:188} INFO - [2024-05-26T11:19:26.094+0000] {dag.py:3954} INFO - Setting next_dagrun for example_branch_dop_operator_v3 to 2024-05-26 11:18:00+00:00, run_after=2024-05-26 11:19:00+00:00
[2024-05-26T11:19:26.122+0000] {processor.py:183} INFO - Processing /home/airflow/.local/lib/python3.12/site-packages/airflow/example_dags/example_branch_python_dop_operator_3.py took 0.127 seconds
[2024-05-26T11:19:56.688+0000] {processor.py:161} INFO - Started process (PID=752) to work on /home/airflow/.local/lib/python3.12/site-packages/airflow/example_dags/example_branch_python_dop_operator_3.py
[2024-05-26T11:19:56.690+0000] {processor.py:830} INFO - Processing file /home/airflow/.local/lib/python3.12/site-packages/airflow/example_dags/example_branch_python_dop_operator_3.py for tasks to queue
[2024-05-26T11:19:56.692+0000] {logging_mixin.py:188} INFO - [2024-05-26T11:19:56.691+0000] {dagbag.py:545} INFO - Filling up the DagBag from /home/airflow/.local/lib/python3.12/site-packages/airflow/example_dags/example_branch_python_dop_operator_3.py
[2024-05-26T11:19:56.701+0000] {processor.py:840} INFO - DAG(s) 'example_branch_dop_operator_v3' retrieved from /home/airflow/.local/lib/python3.12/site-packages/airflow/example_dags/example_branch_python_dop_operator_3.py
[2024-05-26T11:19:56.716+0000] {logging_mixin.py:188} INFO - [2024-05-26T11:19:56.715+0000] {dag.py:3096} INFO - Sync 1 DAGs
[2024-05-26T11:19:56.742+0000] {logging_mixin.py:188} INFO - [2024-05-26T11:19:56.742+0000] {dag.py:3954} INFO - Setting next_dagrun for example_branch_dop_operator_v3 to 2024-05-26 11:18:00+00:00, run_after=2024-05-26 11:19:00+00:00
[2024-05-26T11:19:56.766+0000] {processor.py:183} INFO - Processing /home/airflow/.local/lib/python3.12/site-packages/airflow/example_dags/example_branch_python_dop_operator_3.py took 0.086 seconds
[2024-05-26T11:20:27.608+0000] {processor.py:161} INFO - Started process (PID=1020) to work on /home/airflow/.local/lib/python3.12/site-packages/airflow/example_dags/example_branch_python_dop_operator_3.py
[2024-05-26T11:20:27.610+0000] {processor.py:830} INFO - Processing file /home/airflow/.local/lib/python3.12/site-packages/airflow/example_dags/example_branch_python_dop_operator_3.py for tasks to queue
[2024-05-26T11:20:27.612+0000] {logging_mixin.py:188} INFO - [2024-05-26T11:20:27.612+0000] {dagbag.py:545} INFO - Filling up the DagBag from /home/airflow/.local/lib/python3.12/site-packages/airflow/example_dags/example_branch_python_dop_operator_3.py
[2024-05-26T11:20:27.621+0000] {processor.py:840} INFO - DAG(s) 'example_branch_dop_operator_v3' retrieved from /home/airflow/.local/lib/python3.12/site-packages/airflow/example_dags/example_branch_python_dop_operator_3.py
[2024-05-26T11:20:27.726+0000] {logging_mixin.py:188} INFO - [2024-05-26T11:20:27.725+0000] {dag.py:3096} INFO - Sync 1 DAGs
[2024-05-26T11:20:27.752+0000] {logging_mixin.py:188} INFO - [2024-05-26T11:20:27.751+0000] {dag.py:3954} INFO - Setting next_dagrun for example_branch_dop_operator_v3 to 2024-05-26 11:19:00+00:00, run_after=2024-05-26 11:20:00+00:00
[2024-05-26T11:20:27.772+0000] {processor.py:183} INFO - Processing /home/airflow/.local/lib/python3.12/site-packages/airflow/example_dags/example_branch_python_dop_operator_3.py took 0.168 seconds
[2024-05-26T11:20:58.240+0000] {processor.py:161} INFO - Started process (PID=1288) to work on /home/airflow/.local/lib/python3.12/site-packages/airflow/example_dags/example_branch_python_dop_operator_3.py
[2024-05-26T11:20:58.242+0000] {processor.py:830} INFO - Processing file /home/airflow/.local/lib/python3.12/site-packages/airflow/example_dags/example_branch_python_dop_operator_3.py for tasks to queue
[2024-05-26T11:20:58.243+0000] {logging_mixin.py:188} INFO - [2024-05-26T11:20:58.243+0000] {dagbag.py:545} INFO - Filling up the DagBag from /home/airflow/.local/lib/python3.12/site-packages/airflow/example_dags/example_branch_python_dop_operator_3.py
[2024-05-26T11:20:58.250+0000] {processor.py:840} INFO - DAG(s) 'example_branch_dop_operator_v3' retrieved from /home/airflow/.local/lib/python3.12/site-packages/airflow/example_dags/example_branch_python_dop_operator_3.py
[2024-05-26T11:20:58.270+0000] {logging_mixin.py:188} INFO - [2024-05-26T11:20:58.270+0000] {dag.py:3096} INFO - Sync 1 DAGs
[2024-05-26T11:20:58.299+0000] {logging_mixin.py:188} INFO - [2024-05-26T11:20:58.299+0000] {dag.py:3954} INFO - Setting next_dagrun for example_branch_dop_operator_v3 to 2024-05-26 11:19:00+00:00, run_after=2024-05-26 11:20:00+00:00
[2024-05-26T11:20:58.330+0000] {processor.py:183} INFO - Processing /home/airflow/.local/lib/python3.12/site-packages/airflow/example_dags/example_branch_python_dop_operator_3.py took 0.095 seconds
[2024-05-26T11:21:29.080+0000] {processor.py:161} INFO - Started process (PID=1556) to work on /home/airflow/.local/lib/python3.12/site-packages/airflow/example_dags/example_branch_python_dop_operator_3.py
[2024-05-26T11:21:29.081+0000] {processor.py:830} INFO - Processing file /home/airflow/.local/lib/python3.12/site-packages/airflow/example_dags/example_branch_python_dop_operator_3.py for tasks to queue
[2024-05-26T11:21:29.083+0000] {logging_mixin.py:188} INFO - [2024-05-26T11:21:29.082+0000] {dagbag.py:545} INFO - Filling up the DagBag from /home/airflow/.local/lib/python3.12/site-packages/airflow/example_dags/example_branch_python_dop_operator_3.py
[2024-05-26T11:21:29.102+0000] {processor.py:840} INFO - DAG(s) 'example_branch_dop_operator_v3' retrieved from /home/airflow/.local/lib/python3.12/site-packages/airflow/example_dags/example_branch_python_dop_operator_3.py
[2024-05-26T11:21:29.125+0000] {logging_mixin.py:188} INFO - [2024-05-26T11:21:29.124+0000] {dag.py:3096} INFO - Sync 1 DAGs
[2024-05-26T11:21:29.151+0000] {logging_mixin.py:188} INFO - [2024-05-26T11:21:29.150+0000] {dag.py:3954} INFO - Setting next_dagrun for example_branch_dop_operator_v3 to 2024-05-26 11:20:00+00:00, run_after=2024-05-26 11:21:00+00:00
[2024-05-26T11:21:29.175+0000] {processor.py:183} INFO - Processing /home/airflow/.local/lib/python3.12/site-packages/airflow/example_dags/example_branch_python_dop_operator_3.py took 0.108 seconds
[2024-05-26T11:21:59.871+0000] {processor.py:161} INFO - Started process (PID=1826) to work on /home/airflow/.local/lib/python3.12/site-packages/airflow/example_dags/example_branch_python_dop_operator_3.py
[2024-05-26T11:21:59.872+0000] {processor.py:830} INFO - Processing file /home/airflow/.local/lib/python3.12/site-packages/airflow/example_dags/example_branch_python_dop_operator_3.py for tasks to queue
[2024-05-26T11:21:59.873+0000] {logging_mixin.py:188} INFO - [2024-05-26T11:21:59.873+0000] {dagbag.py:545} INFO - Filling up the DagBag from /home/airflow/.local/lib/python3.12/site-packages/airflow/example_dags/example_branch_python_dop_operator_3.py
[2024-05-26T11:21:59.880+0000] {processor.py:840} INFO - DAG(s) 'example_branch_dop_operator_v3' retrieved from /home/airflow/.local/lib/python3.12/site-packages/airflow/example_dags/example_branch_python_dop_operator_3.py
[2024-05-26T11:21:59.900+0000] {logging_mixin.py:188} INFO - [2024-05-26T11:21:59.900+0000] {dag.py:3096} INFO - Sync 1 DAGs
[2024-05-26T11:21:59.926+0000] {logging_mixin.py:188} INFO - [2024-05-26T11:21:59.925+0000] {dag.py:3954} INFO - Setting next_dagrun for example_branch_dop_operator_v3 to 2024-05-26 11:20:00+00:00, run_after=2024-05-26 11:21:00+00:00
[2024-05-26T11:21:59.948+0000] {processor.py:183} INFO - Processing /home/airflow/.local/lib/python3.12/site-packages/airflow/example_dags/example_branch_python_dop_operator_3.py took 0.083 seconds
[2024-05-26T11:22:30.542+0000] {processor.py:161} INFO - Started process (PID=2094) to work on /home/airflow/.local/lib/python3.12/site-packages/airflow/example_dags/example_branch_python_dop_operator_3.py
[2024-05-26T11:22:30.543+0000] {processor.py:830} INFO - Processing file /home/airflow/.local/lib/python3.12/site-packages/airflow/example_dags/example_branch_python_dop_operator_3.py for tasks to queue
[2024-05-26T11:22:30.546+0000] {logging_mixin.py:188} INFO - [2024-05-26T11:22:30.546+0000] {dagbag.py:545} INFO - Filling up the DagBag from /home/airflow/.local/lib/python3.12/site-packages/airflow/example_dags/example_branch_python_dop_operator_3.py
[2024-05-26T11:22:30.556+0000] {processor.py:840} INFO - DAG(s) 'example_branch_dop_operator_v3' retrieved from /home/airflow/.local/lib/python3.12/site-packages/airflow/example_dags/example_branch_python_dop_operator_3.py
[2024-05-26T11:22:30.589+0000] {logging_mixin.py:188} INFO - [2024-05-26T11:22:30.589+0000] {dag.py:3096} INFO - Sync 1 DAGs
[2024-05-26T11:22:30.624+0000] {logging_mixin.py:188} INFO - [2024-05-26T11:22:30.624+0000] {dag.py:3954} INFO - Setting next_dagrun for example_branch_dop_operator_v3 to 2024-05-26 11:21:00+00:00, run_after=2024-05-26 11:22:00+00:00
[2024-05-26T11:22:30.650+0000] {processor.py:183} INFO - Processing /home/airflow/.local/lib/python3.12/site-packages/airflow/example_dags/example_branch_python_dop_operator_3.py took 0.115 seconds
[2024-05-26T11:23:01.360+0000] {processor.py:161} INFO - Started process (PID=2359) to work on /home/airflow/.local/lib/python3.12/site-packages/airflow/example_dags/example_branch_python_dop_operator_3.py
[2024-05-26T11:23:01.361+0000] {processor.py:830} INFO - Processing file /home/airflow/.local/lib/python3.12/site-packages/airflow/example_dags/example_branch_python_dop_operator_3.py for tasks to queue
[2024-05-26T11:23:01.363+0000] {logging_mixin.py:188} INFO - [2024-05-26T11:23:01.362+0000] {dagbag.py:545} INFO - Filling up the DagBag from /home/airflow/.local/lib/python3.12/site-packages/airflow/example_dags/example_branch_python_dop_operator_3.py
[2024-05-26T11:23:01.370+0000] {processor.py:840} INFO - DAG(s) 'example_branch_dop_operator_v3' retrieved from /home/airflow/.local/lib/python3.12/site-packages/airflow/example_dags/example_branch_python_dop_operator_3.py
[2024-05-26T11:23:01.389+0000] {logging_mixin.py:188} INFO - [2024-05-26T11:23:01.389+0000] {dag.py:3096} INFO - Sync 1 DAGs
[2024-05-26T11:23:01.416+0000] {logging_mixin.py:188} INFO - [2024-05-26T11:23:01.416+0000] {dag.py:3954} INFO - Setting next_dagrun for example_branch_dop_operator_v3 to 2024-05-26 11:22:00+00:00, run_after=2024-05-26 11:23:00+00:00
[2024-05-26T11:23:01.436+0000] {processor.py:183} INFO - Processing /home/airflow/.local/lib/python3.12/site-packages/airflow/example_dags/example_branch_python_dop_operator_3.py took 0.080 seconds
[2024-05-26T11:23:31.639+0000] {processor.py:161} INFO - Started process (PID=2624) to work on /home/airflow/.local/lib/python3.12/site-packages/airflow/example_dags/example_branch_python_dop_operator_3.py
[2024-05-26T11:23:31.640+0000] {processor.py:830} INFO - Processing file /home/airflow/.local/lib/python3.12/site-packages/airflow/example_dags/example_branch_python_dop_operator_3.py for tasks to queue
[2024-05-26T11:23:31.643+0000] {logging_mixin.py:188} INFO - [2024-05-26T11:23:31.642+0000] {dagbag.py:545} INFO - Filling up the DagBag from /home/airflow/.local/lib/python3.12/site-packages/airflow/example_dags/example_branch_python_dop_operator_3.py
[2024-05-26T11:23:31.649+0000] {processor.py:840} INFO - DAG(s) 'example_branch_dop_operator_v3' retrieved from /home/airflow/.local/lib/python3.12/site-packages/airflow/example_dags/example_branch_python_dop_operator_3.py
[2024-05-26T11:23:31.670+0000] {logging_mixin.py:188} INFO - [2024-05-26T11:23:31.670+0000] {dag.py:3096} INFO - Sync 1 DAGs
[2024-05-26T11:23:31.696+0000] {logging_mixin.py:188} INFO - [2024-05-26T11:23:31.695+0000] {dag.py:3954} INFO - Setting next_dagrun for example_branch_dop_operator_v3 to 2024-05-26 11:22:00+00:00, run_after=2024-05-26 11:23:00+00:00
[2024-05-26T11:23:31.718+0000] {processor.py:183} INFO - Processing /home/airflow/.local/lib/python3.12/site-packages/airflow/example_dags/example_branch_python_dop_operator_3.py took 0.084 seconds
[2024-05-26T11:24:02.057+0000] {processor.py:161} INFO - Started process (PID=2892) to work on /home/airflow/.local/lib/python3.12/site-packages/airflow/example_dags/example_branch_python_dop_operator_3.py
[2024-05-26T11:24:02.059+0000] {processor.py:830} INFO - Processing file /home/airflow/.local/lib/python3.12/site-packages/airflow/example_dags/example_branch_python_dop_operator_3.py for tasks to queue
[2024-05-26T11:24:02.060+0000] {logging_mixin.py:188} INFO - [2024-05-26T11:24:02.060+0000] {dagbag.py:545} INFO - Filling up the DagBag from /home/airflow/.local/lib/python3.12/site-packages/airflow/example_dags/example_branch_python_dop_operator_3.py
[2024-05-26T11:24:02.068+0000] {processor.py:840} INFO - DAG(s) 'example_branch_dop_operator_v3' retrieved from /home/airflow/.local/lib/python3.12/site-packages/airflow/example_dags/example_branch_python_dop_operator_3.py
[2024-05-26T11:24:02.088+0000] {logging_mixin.py:188} INFO - [2024-05-26T11:24:02.087+0000] {dag.py:3096} INFO - Sync 1 DAGs
[2024-05-26T11:24:02.113+0000] {logging_mixin.py:188} INFO - [2024-05-26T11:24:02.113+0000] {dag.py:3954} INFO - Setting next_dagrun for example_branch_dop_operator_v3 to 2024-05-26 11:23:00+00:00, run_after=2024-05-26 11:24:00+00:00
[2024-05-26T11:24:02.135+0000] {processor.py:183} INFO - Processing /home/airflow/.local/lib/python3.12/site-packages/airflow/example_dags/example_branch_python_dop_operator_3.py took 0.082 seconds
[2024-05-26T11:24:32.268+0000] {processor.py:161} INFO - Started process (PID=3160) to work on /home/airflow/.local/lib/python3.12/site-packages/airflow/example_dags/example_branch_python_dop_operator_3.py
[2024-05-26T11:24:32.270+0000] {processor.py:830} INFO - Processing file /home/airflow/.local/lib/python3.12/site-packages/airflow/example_dags/example_branch_python_dop_operator_3.py for tasks to queue
[2024-05-26T11:24:32.271+0000] {logging_mixin.py:188} INFO - [2024-05-26T11:24:32.271+0000] {dagbag.py:545} INFO - Filling up the DagBag from /home/airflow/.local/lib/python3.12/site-packages/airflow/example_dags/example_branch_python_dop_operator_3.py
[2024-05-26T11:24:32.280+0000] {processor.py:840} INFO - DAG(s) 'example_branch_dop_operator_v3' retrieved from /home/airflow/.local/lib/python3.12/site-packages/airflow/example_dags/example_branch_python_dop_operator_3.py
[2024-05-26T11:24:32.302+0000] {logging_mixin.py:188} INFO - [2024-05-26T11:24:32.302+0000] {dag.py:3096} INFO - Sync 1 DAGs
[2024-05-26T11:24:32.333+0000] {logging_mixin.py:188} INFO - [2024-05-26T11:24:32.332+0000] {dag.py:3954} INFO - Setting next_dagrun for example_branch_dop_operator_v3 to 2024-05-26 11:23:00+00:00, run_after=2024-05-26 11:24:00+00:00
[2024-05-26T11:24:32.366+0000] {processor.py:183} INFO - Processing /home/airflow/.local/lib/python3.12/site-packages/airflow/example_dags/example_branch_python_dop_operator_3.py took 0.103 seconds
[2024-05-26T11:25:02.619+0000] {processor.py:161} INFO - Started process (PID=3428) to work on /home/airflow/.local/lib/python3.12/site-packages/airflow/example_dags/example_branch_python_dop_operator_3.py
[2024-05-26T11:25:02.620+0000] {processor.py:830} INFO - Processing file /home/airflow/.local/lib/python3.12/site-packages/airflow/example_dags/example_branch_python_dop_operator_3.py for tasks to queue
[2024-05-26T11:25:02.622+0000] {logging_mixin.py:188} INFO - [2024-05-26T11:25:02.622+0000] {dagbag.py:545} INFO - Filling up the DagBag from /home/airflow/.local/lib/python3.12/site-packages/airflow/example_dags/example_branch_python_dop_operator_3.py
[2024-05-26T11:25:02.629+0000] {processor.py:840} INFO - DAG(s) 'example_branch_dop_operator_v3' retrieved from /home/airflow/.local/lib/python3.12/site-packages/airflow/example_dags/example_branch_python_dop_operator_3.py
[2024-05-26T11:25:02.650+0000] {logging_mixin.py:188} INFO - [2024-05-26T11:25:02.649+0000] {dag.py:3096} INFO - Sync 1 DAGs
[2024-05-26T11:25:02.678+0000] {logging_mixin.py:188} INFO - [2024-05-26T11:25:02.678+0000] {dag.py:3954} INFO - Setting next_dagrun for example_branch_dop_operator_v3 to 2024-05-26 11:24:00+00:00, run_after=2024-05-26 11:25:00+00:00
[2024-05-26T11:25:02.703+0000] {processor.py:183} INFO - Processing /home/airflow/.local/lib/python3.12/site-packages/airflow/example_dags/example_branch_python_dop_operator_3.py took 0.088 seconds
[2024-05-26T11:25:32.920+0000] {processor.py:161} INFO - Started process (PID=3696) to work on /home/airflow/.local/lib/python3.12/site-packages/airflow/example_dags/example_branch_python_dop_operator_3.py
[2024-05-26T11:25:32.921+0000] {processor.py:830} INFO - Processing file /home/airflow/.local/lib/python3.12/site-packages/airflow/example_dags/example_branch_python_dop_operator_3.py for tasks to queue
[2024-05-26T11:25:32.922+0000] {logging_mixin.py:188} INFO - [2024-05-26T11:25:32.922+0000] {dagbag.py:545} INFO - Filling up the DagBag from /home/airflow/.local/lib/python3.12/site-packages/airflow/example_dags/example_branch_python_dop_operator_3.py
[2024-05-26T11:25:32.930+0000] {processor.py:840} INFO - DAG(s) 'example_branch_dop_operator_v3' retrieved from /home/airflow/.local/lib/python3.12/site-packages/airflow/example_dags/example_branch_python_dop_operator_3.py
[2024-05-26T11:25:32.951+0000] {logging_mixin.py:188} INFO - [2024-05-26T11:25:32.950+0000] {dag.py:3096} INFO - Sync 1 DAGs
[2024-05-26T11:25:32.976+0000] {logging_mixin.py:188} INFO - [2024-05-26T11:25:32.976+0000] {dag.py:3954} INFO - Setting next_dagrun for example_branch_dop_operator_v3 to 2024-05-26 11:24:00+00:00, run_after=2024-05-26 11:25:00+00:00
[2024-05-26T11:25:33.001+0000] {processor.py:183} INFO - Processing /home/airflow/.local/lib/python3.12/site-packages/airflow/example_dags/example_branch_python_dop_operator_3.py took 0.087 seconds
[2024-05-26T11:26:03.183+0000] {processor.py:161} INFO - Started process (PID=3964) to work on /home/airflow/.local/lib/python3.12/site-packages/airflow/example_dags/example_branch_python_dop_operator_3.py
[2024-05-26T11:26:03.184+0000] {processor.py:830} INFO - Processing file /home/airflow/.local/lib/python3.12/site-packages/airflow/example_dags/example_branch_python_dop_operator_3.py for tasks to queue
[2024-05-26T11:26:03.187+0000] {logging_mixin.py:188} INFO - [2024-05-26T11:26:03.186+0000] {dagbag.py:545} INFO - Filling up the DagBag from /home/airflow/.local/lib/python3.12/site-packages/airflow/example_dags/example_branch_python_dop_operator_3.py
[2024-05-26T11:26:03.196+0000] {processor.py:840} INFO - DAG(s) 'example_branch_dop_operator_v3' retrieved from /home/airflow/.local/lib/python3.12/site-packages/airflow/example_dags/example_branch_python_dop_operator_3.py
[2024-05-26T11:26:03.217+0000] {logging_mixin.py:188} INFO - [2024-05-26T11:26:03.217+0000] {dag.py:3096} INFO - Sync 1 DAGs
[2024-05-26T11:26:03.245+0000] {logging_mixin.py:188} INFO - [2024-05-26T11:26:03.244+0000] {dag.py:3954} INFO - Setting next_dagrun for example_branch_dop_operator_v3 to 2024-05-26 11:25:00+00:00, run_after=2024-05-26 11:26:00+00:00
[2024-05-26T11:26:03.268+0000] {processor.py:183} INFO - Processing /home/airflow/.local/lib/python3.12/site-packages/airflow/example_dags/example_branch_python_dop_operator_3.py took 0.091 seconds
[2024-05-26T11:26:33.536+0000] {processor.py:161} INFO - Started process (PID=4238) to work on /home/airflow/.local/lib/python3.12/site-packages/airflow/example_dags/example_branch_python_dop_operator_3.py
[2024-05-26T11:26:33.537+0000] {processor.py:830} INFO - Processing file /home/airflow/.local/lib/python3.12/site-packages/airflow/example_dags/example_branch_python_dop_operator_3.py for tasks to queue
[2024-05-26T11:26:33.539+0000] {logging_mixin.py:188} INFO - [2024-05-26T11:26:33.539+0000] {dagbag.py:545} INFO - Filling up the DagBag from /home/airflow/.local/lib/python3.12/site-packages/airflow/example_dags/example_branch_python_dop_operator_3.py
[2024-05-26T11:26:33.550+0000] {processor.py:840} INFO - DAG(s) 'example_branch_dop_operator_v3' retrieved from /home/airflow/.local/lib/python3.12/site-packages/airflow/example_dags/example_branch_python_dop_operator_3.py
[2024-05-26T11:26:33.571+0000] {logging_mixin.py:188} INFO - [2024-05-26T11:26:33.571+0000] {dag.py:3096} INFO - Sync 1 DAGs
[2024-05-26T11:26:33.597+0000] {logging_mixin.py:188} INFO - [2024-05-26T11:26:33.597+0000] {dag.py:3954} INFO - Setting next_dagrun for example_branch_dop_operator_v3 to 2024-05-26 11:25:00+00:00, run_after=2024-05-26 11:26:00+00:00
[2024-05-26T11:26:33.618+0000] {processor.py:183} INFO - Processing /home/airflow/.local/lib/python3.12/site-packages/airflow/example_dags/example_branch_python_dop_operator_3.py took 0.086 seconds
[2024-05-26T11:27:04.022+0000] {processor.py:161} INFO - Started process (PID=4506) to work on /home/airflow/.local/lib/python3.12/site-packages/airflow/example_dags/example_branch_python_dop_operator_3.py
[2024-05-26T11:27:04.024+0000] {processor.py:830} INFO - Processing file /home/airflow/.local/lib/python3.12/site-packages/airflow/example_dags/example_branch_python_dop_operator_3.py for tasks to queue
[2024-05-26T11:27:04.028+0000] {logging_mixin.py:188} INFO - [2024-05-26T11:27:04.027+0000] {dagbag.py:545} INFO - Filling up the DagBag from /home/airflow/.local/lib/python3.12/site-packages/airflow/example_dags/example_branch_python_dop_operator_3.py
[2024-05-26T11:27:04.043+0000] {processor.py:840} INFO - DAG(s) 'example_branch_dop_operator_v3' retrieved from /home/airflow/.local/lib/python3.12/site-packages/airflow/example_dags/example_branch_python_dop_operator_3.py
[2024-05-26T11:27:04.079+0000] {logging_mixin.py:188} INFO - [2024-05-26T11:27:04.078+0000] {dag.py:3096} INFO - Sync 1 DAGs
[2024-05-26T11:27:04.130+0000] {logging_mixin.py:188} INFO - [2024-05-26T11:27:04.130+0000] {dag.py:3954} INFO - Setting next_dagrun for example_branch_dop_operator_v3 to 2024-05-26 11:26:00+00:00, run_after=2024-05-26 11:27:00+00:00
[2024-05-26T11:27:04.173+0000] {processor.py:183} INFO - Processing /home/airflow/.local/lib/python3.12/site-packages/airflow/example_dags/example_branch_python_dop_operator_3.py took 0.162 seconds
[2024-05-26T11:27:34.303+0000] {processor.py:161} INFO - Started process (PID=4774) to work on /home/airflow/.local/lib/python3.12/site-packages/airflow/example_dags/example_branch_python_dop_operator_3.py
[2024-05-26T11:27:34.305+0000] {processor.py:830} INFO - Processing file /home/airflow/.local/lib/python3.12/site-packages/airflow/example_dags/example_branch_python_dop_operator_3.py for tasks to queue
[2024-05-26T11:27:34.308+0000] {logging_mixin.py:188} INFO - [2024-05-26T11:27:34.308+0000] {dagbag.py:545} INFO - Filling up the DagBag from /home/airflow/.local/lib/python3.12/site-packages/airflow/example_dags/example_branch_python_dop_operator_3.py
[2024-05-26T11:27:34.317+0000] {processor.py:840} INFO - DAG(s) 'example_branch_dop_operator_v3' retrieved from /home/airflow/.local/lib/python3.12/site-packages/airflow/example_dags/example_branch_python_dop_operator_3.py
[2024-05-26T11:27:34.337+0000] {logging_mixin.py:188} INFO - [2024-05-26T11:27:34.336+0000] {dag.py:3096} INFO - Sync 1 DAGs
[2024-05-26T11:27:34.362+0000] {logging_mixin.py:188} INFO - [2024-05-26T11:27:34.361+0000] {dag.py:3954} INFO - Setting next_dagrun for example_branch_dop_operator_v3 to 2024-05-26 11:26:00+00:00, run_after=2024-05-26 11:27:00+00:00
[2024-05-26T11:27:34.382+0000] {processor.py:183} INFO - Processing /home/airflow/.local/lib/python3.12/site-packages/airflow/example_dags/example_branch_python_dop_operator_3.py took 0.085 seconds
[2024-05-26T11:28:04.706+0000] {processor.py:161} INFO - Started process (PID=5042) to work on /home/airflow/.local/lib/python3.12/site-packages/airflow/example_dags/example_branch_python_dop_operator_3.py
[2024-05-26T11:28:04.707+0000] {processor.py:830} INFO - Processing file /home/airflow/.local/lib/python3.12/site-packages/airflow/example_dags/example_branch_python_dop_operator_3.py for tasks to queue
[2024-05-26T11:28:04.709+0000] {logging_mixin.py:188} INFO - [2024-05-26T11:28:04.709+0000] {dagbag.py:545} INFO - Filling up the DagBag from /home/airflow/.local/lib/python3.12/site-packages/airflow/example_dags/example_branch_python_dop_operator_3.py
[2024-05-26T11:28:04.718+0000] {processor.py:840} INFO - DAG(s) 'example_branch_dop_operator_v3' retrieved from /home/airflow/.local/lib/python3.12/site-packages/airflow/example_dags/example_branch_python_dop_operator_3.py
[2024-05-26T11:28:04.738+0000] {logging_mixin.py:188} INFO - [2024-05-26T11:28:04.737+0000] {dag.py:3096} INFO - Sync 1 DAGs
[2024-05-26T11:28:04.763+0000] {logging_mixin.py:188} INFO - [2024-05-26T11:28:04.763+0000] {dag.py:3954} INFO - Setting next_dagrun for example_branch_dop_operator_v3 to 2024-05-26 11:27:00+00:00, run_after=2024-05-26 11:28:00+00:00
[2024-05-26T11:28:04.783+0000] {processor.py:183} INFO - Processing /home/airflow/.local/lib/python3.12/site-packages/airflow/example_dags/example_branch_python_dop_operator_3.py took 0.083 seconds
[2024-05-26T11:28:35.187+0000] {processor.py:161} INFO - Started process (PID=5310) to work on /home/airflow/.local/lib/python3.12/site-packages/airflow/example_dags/example_branch_python_dop_operator_3.py
[2024-05-26T11:28:35.189+0000] {processor.py:830} INFO - Processing file /home/airflow/.local/lib/python3.12/site-packages/airflow/example_dags/example_branch_python_dop_operator_3.py for tasks to queue
[2024-05-26T11:28:35.191+0000] {logging_mixin.py:188} INFO - [2024-05-26T11:28:35.190+0000] {dagbag.py:545} INFO - Filling up the DagBag from /home/airflow/.local/lib/python3.12/site-packages/airflow/example_dags/example_branch_python_dop_operator_3.py
[2024-05-26T11:28:35.199+0000] {processor.py:840} INFO - DAG(s) 'example_branch_dop_operator_v3' retrieved from /home/airflow/.local/lib/python3.12/site-packages/airflow/example_dags/example_branch_python_dop_operator_3.py
[2024-05-26T11:28:35.217+0000] {logging_mixin.py:188} INFO - [2024-05-26T11:28:35.217+0000] {dag.py:3096} INFO - Sync 1 DAGs
[2024-05-26T11:28:35.240+0000] {logging_mixin.py:188} INFO - [2024-05-26T11:28:35.239+0000] {dag.py:3954} INFO - Setting next_dagrun for example_branch_dop_operator_v3 to 2024-05-26 11:27:00+00:00, run_after=2024-05-26 11:28:00+00:00
[2024-05-26T11:28:35.260+0000] {processor.py:183} INFO - Processing /home/airflow/.local/lib/python3.12/site-packages/airflow/example_dags/example_branch_python_dop_operator_3.py took 0.079 seconds
[2024-05-26T11:29:05.393+0000] {processor.py:161} INFO - Started process (PID=5578) to work on /home/airflow/.local/lib/python3.12/site-packages/airflow/example_dags/example_branch_python_dop_operator_3.py
[2024-05-26T11:29:05.394+0000] {processor.py:830} INFO - Processing file /home/airflow/.local/lib/python3.12/site-packages/airflow/example_dags/example_branch_python_dop_operator_3.py for tasks to queue
[2024-05-26T11:29:05.396+0000] {logging_mixin.py:188} INFO - [2024-05-26T11:29:05.395+0000] {dagbag.py:545} INFO - Filling up the DagBag from /home/airflow/.local/lib/python3.12/site-packages/airflow/example_dags/example_branch_python_dop_operator_3.py
[2024-05-26T11:29:05.405+0000] {processor.py:840} INFO - DAG(s) 'example_branch_dop_operator_v3' retrieved from /home/airflow/.local/lib/python3.12/site-packages/airflow/example_dags/example_branch_python_dop_operator_3.py
[2024-05-26T11:29:05.428+0000] {logging_mixin.py:188} INFO - [2024-05-26T11:29:05.428+0000] {dag.py:3096} INFO - Sync 1 DAGs
[2024-05-26T11:29:05.460+0000] {logging_mixin.py:188} INFO - [2024-05-26T11:29:05.460+0000] {dag.py:3954} INFO - Setting next_dagrun for example_branch_dop_operator_v3 to 2024-05-26 11:28:00+00:00, run_after=2024-05-26 11:29:00+00:00
[2024-05-26T11:29:05.486+0000] {processor.py:183} INFO - Processing /home/airflow/.local/lib/python3.12/site-packages/airflow/example_dags/example_branch_python_dop_operator_3.py took 0.100 seconds
[2024-05-26T11:29:36.117+0000] {processor.py:161} INFO - Started process (PID=5846) to work on /home/airflow/.local/lib/python3.12/site-packages/airflow/example_dags/example_branch_python_dop_operator_3.py
[2024-05-26T11:29:36.119+0000] {processor.py:830} INFO - Processing file /home/airflow/.local/lib/python3.12/site-packages/airflow/example_dags/example_branch_python_dop_operator_3.py for tasks to queue
[2024-05-26T11:29:36.122+0000] {logging_mixin.py:188} INFO - [2024-05-26T11:29:36.121+0000] {dagbag.py:545} INFO - Filling up the DagBag from /home/airflow/.local/lib/python3.12/site-packages/airflow/example_dags/example_branch_python_dop_operator_3.py
[2024-05-26T11:29:36.133+0000] {processor.py:840} INFO - DAG(s) 'example_branch_dop_operator_v3' retrieved from /home/airflow/.local/lib/python3.12/site-packages/airflow/example_dags/example_branch_python_dop_operator_3.py
[2024-05-26T11:29:36.159+0000] {logging_mixin.py:188} INFO - [2024-05-26T11:29:36.159+0000] {dag.py:3096} INFO - Sync 1 DAGs
[2024-05-26T11:29:36.194+0000] {logging_mixin.py:188} INFO - [2024-05-26T11:29:36.193+0000] {dag.py:3954} INFO - Setting next_dagrun for example_branch_dop_operator_v3 to 2024-05-26 11:28:00+00:00, run_after=2024-05-26 11:29:00+00:00
[2024-05-26T11:29:36.223+0000] {processor.py:183} INFO - Processing /home/airflow/.local/lib/python3.12/site-packages/airflow/example_dags/example_branch_python_dop_operator_3.py took 0.114 seconds
[2024-05-26T11:30:06.613+0000] {processor.py:161} INFO - Started process (PID=6112) to work on /home/airflow/.local/lib/python3.12/site-packages/airflow/example_dags/example_branch_python_dop_operator_3.py
[2024-05-26T11:30:06.615+0000] {processor.py:830} INFO - Processing file /home/airflow/.local/lib/python3.12/site-packages/airflow/example_dags/example_branch_python_dop_operator_3.py for tasks to queue
[2024-05-26T11:30:06.618+0000] {logging_mixin.py:188} INFO - [2024-05-26T11:30:06.617+0000] {dagbag.py:545} INFO - Filling up the DagBag from /home/airflow/.local/lib/python3.12/site-packages/airflow/example_dags/example_branch_python_dop_operator_3.py
[2024-05-26T11:30:06.630+0000] {processor.py:840} INFO - DAG(s) 'example_branch_dop_operator_v3' retrieved from /home/airflow/.local/lib/python3.12/site-packages/airflow/example_dags/example_branch_python_dop_operator_3.py
[2024-05-26T11:30:06.663+0000] {logging_mixin.py:188} INFO - [2024-05-26T11:30:06.663+0000] {dag.py:3096} INFO - Sync 1 DAGs
[2024-05-26T11:30:06.892+0000] {logging_mixin.py:188} INFO - [2024-05-26T11:30:06.892+0000] {dag.py:3954} INFO - Setting next_dagrun for example_branch_dop_operator_v3 to 2024-05-26 11:29:00+00:00, run_after=2024-05-26 11:30:00+00:00
[2024-05-26T11:30:06.926+0000] {processor.py:183} INFO - Processing /home/airflow/.local/lib/python3.12/site-packages/airflow/example_dags/example_branch_python_dop_operator_3.py took 0.322 seconds
[2024-05-26T11:30:37.258+0000] {processor.py:161} INFO - Started process (PID=6382) to work on /home/airflow/.local/lib/python3.12/site-packages/airflow/example_dags/example_branch_python_dop_operator_3.py
[2024-05-26T11:30:37.259+0000] {processor.py:830} INFO - Processing file /home/airflow/.local/lib/python3.12/site-packages/airflow/example_dags/example_branch_python_dop_operator_3.py for tasks to queue
[2024-05-26T11:30:37.261+0000] {logging_mixin.py:188} INFO - [2024-05-26T11:30:37.261+0000] {dagbag.py:545} INFO - Filling up the DagBag from /home/airflow/.local/lib/python3.12/site-packages/airflow/example_dags/example_branch_python_dop_operator_3.py
[2024-05-26T11:30:37.269+0000] {processor.py:840} INFO - DAG(s) 'example_branch_dop_operator_v3' retrieved from /home/airflow/.local/lib/python3.12/site-packages/airflow/example_dags/example_branch_python_dop_operator_3.py
[2024-05-26T11:30:37.290+0000] {logging_mixin.py:188} INFO - [2024-05-26T11:30:37.289+0000] {dag.py:3096} INFO - Sync 1 DAGs
[2024-05-26T11:30:37.317+0000] {logging_mixin.py:188} INFO - [2024-05-26T11:30:37.316+0000] {dag.py:3954} INFO - Setting next_dagrun for example_branch_dop_operator_v3 to 2024-05-26 11:29:00+00:00, run_after=2024-05-26 11:30:00+00:00
[2024-05-26T11:30:37.475+0000] {processor.py:183} INFO - Processing /home/airflow/.local/lib/python3.12/site-packages/airflow/example_dags/example_branch_python_dop_operator_3.py took 0.223 seconds
[2024-05-26T11:31:07.848+0000] {processor.py:161} INFO - Started process (PID=6650) to work on /home/airflow/.local/lib/python3.12/site-packages/airflow/example_dags/example_branch_python_dop_operator_3.py
[2024-05-26T11:31:07.851+0000] {processor.py:830} INFO - Processing file /home/airflow/.local/lib/python3.12/site-packages/airflow/example_dags/example_branch_python_dop_operator_3.py for tasks to queue
[2024-05-26T11:31:07.852+0000] {logging_mixin.py:188} INFO - [2024-05-26T11:31:07.852+0000] {dagbag.py:545} INFO - Filling up the DagBag from /home/airflow/.local/lib/python3.12/site-packages/airflow/example_dags/example_branch_python_dop_operator_3.py
[2024-05-26T11:31:07.859+0000] {processor.py:840} INFO - DAG(s) 'example_branch_dop_operator_v3' retrieved from /home/airflow/.local/lib/python3.12/site-packages/airflow/example_dags/example_branch_python_dop_operator_3.py
[2024-05-26T11:31:07.875+0000] {logging_mixin.py:188} INFO - [2024-05-26T11:31:07.875+0000] {dag.py:3096} INFO - Sync 1 DAGs
[2024-05-26T11:31:07.894+0000] {logging_mixin.py:188} INFO - [2024-05-26T11:31:07.894+0000] {dag.py:3954} INFO - Setting next_dagrun for example_branch_dop_operator_v3 to 2024-05-26 11:30:00+00:00, run_after=2024-05-26 11:31:00+00:00
[2024-05-26T11:31:07.913+0000] {processor.py:183} INFO - Processing /home/airflow/.local/lib/python3.12/site-packages/airflow/example_dags/example_branch_python_dop_operator_3.py took 0.070 seconds
[2024-05-26T11:31:38.306+0000] {processor.py:161} INFO - Started process (PID=6918) to work on /home/airflow/.local/lib/python3.12/site-packages/airflow/example_dags/example_branch_python_dop_operator_3.py
[2024-05-26T11:31:38.307+0000] {processor.py:830} INFO - Processing file /home/airflow/.local/lib/python3.12/site-packages/airflow/example_dags/example_branch_python_dop_operator_3.py for tasks to queue
[2024-05-26T11:31:38.310+0000] {logging_mixin.py:188} INFO - [2024-05-26T11:31:38.309+0000] {dagbag.py:545} INFO - Filling up the DagBag from /home/airflow/.local/lib/python3.12/site-packages/airflow/example_dags/example_branch_python_dop_operator_3.py
[2024-05-26T11:31:38.322+0000] {processor.py:840} INFO - DAG(s) 'example_branch_dop_operator_v3' retrieved from /home/airflow/.local/lib/python3.12/site-packages/airflow/example_dags/example_branch_python_dop_operator_3.py
[2024-05-26T11:31:38.361+0000] {logging_mixin.py:188} INFO - [2024-05-26T11:31:38.360+0000] {dag.py:3096} INFO - Sync 1 DAGs
[2024-05-26T11:31:38.409+0000] {logging_mixin.py:188} INFO - [2024-05-26T11:31:38.409+0000] {dag.py:3954} INFO - Setting next_dagrun for example_branch_dop_operator_v3 to 2024-05-26 11:30:00+00:00, run_after=2024-05-26 11:31:00+00:00
[2024-05-26T11:31:38.434+0000] {processor.py:183} INFO - Processing /home/airflow/.local/lib/python3.12/site-packages/airflow/example_dags/example_branch_python_dop_operator_3.py took 0.136 seconds
[2024-05-26T11:32:09.084+0000] {processor.py:161} INFO - Started process (PID=7186) to work on /home/airflow/.local/lib/python3.12/site-packages/airflow/example_dags/example_branch_python_dop_operator_3.py
[2024-05-26T11:32:09.086+0000] {processor.py:830} INFO - Processing file /home/airflow/.local/lib/python3.12/site-packages/airflow/example_dags/example_branch_python_dop_operator_3.py for tasks to queue
[2024-05-26T11:32:09.090+0000] {logging_mixin.py:188} INFO - [2024-05-26T11:32:09.089+0000] {dagbag.py:545} INFO - Filling up the DagBag from /home/airflow/.local/lib/python3.12/site-packages/airflow/example_dags/example_branch_python_dop_operator_3.py
[2024-05-26T11:32:09.107+0000] {processor.py:840} INFO - DAG(s) 'example_branch_dop_operator_v3' retrieved from /home/airflow/.local/lib/python3.12/site-packages/airflow/example_dags/example_branch_python_dop_operator_3.py
[2024-05-26T11:32:09.138+0000] {logging_mixin.py:188} INFO - [2024-05-26T11:32:09.138+0000] {dag.py:3096} INFO - Sync 1 DAGs
[2024-05-26T11:32:09.172+0000] {logging_mixin.py:188} INFO - [2024-05-26T11:32:09.172+0000] {dag.py:3954} INFO - Setting next_dagrun for example_branch_dop_operator_v3 to 2024-05-26 11:31:00+00:00, run_after=2024-05-26 11:32:00+00:00
[2024-05-26T11:32:09.196+0000] {processor.py:183} INFO - Processing /home/airflow/.local/lib/python3.12/site-packages/airflow/example_dags/example_branch_python_dop_operator_3.py took 0.125 seconds
[2024-05-26T11:32:39.336+0000] {processor.py:161} INFO - Started process (PID=7454) to work on /home/airflow/.local/lib/python3.12/site-packages/airflow/example_dags/example_branch_python_dop_operator_3.py
[2024-05-26T11:32:39.337+0000] {processor.py:830} INFO - Processing file /home/airflow/.local/lib/python3.12/site-packages/airflow/example_dags/example_branch_python_dop_operator_3.py for tasks to queue
[2024-05-26T11:32:39.339+0000] {logging_mixin.py:188} INFO - [2024-05-26T11:32:39.339+0000] {dagbag.py:545} INFO - Filling up the DagBag from /home/airflow/.local/lib/python3.12/site-packages/airflow/example_dags/example_branch_python_dop_operator_3.py
[2024-05-26T11:32:39.348+0000] {processor.py:840} INFO - DAG(s) 'example_branch_dop_operator_v3' retrieved from /home/airflow/.local/lib/python3.12/site-packages/airflow/example_dags/example_branch_python_dop_operator_3.py
[2024-05-26T11:32:39.368+0000] {logging_mixin.py:188} INFO - [2024-05-26T11:32:39.368+0000] {dag.py:3096} INFO - Sync 1 DAGs
[2024-05-26T11:32:39.394+0000] {logging_mixin.py:188} INFO - [2024-05-26T11:32:39.394+0000] {dag.py:3954} INFO - Setting next_dagrun for example_branch_dop_operator_v3 to 2024-05-26 11:31:00+00:00, run_after=2024-05-26 11:32:00+00:00
[2024-05-26T11:32:39.411+0000] {processor.py:183} INFO - Processing /home/airflow/.local/lib/python3.12/site-packages/airflow/example_dags/example_branch_python_dop_operator_3.py took 0.080 seconds
[2024-05-26T11:33:09.681+0000] {processor.py:161} INFO - Started process (PID=7722) to work on /home/airflow/.local/lib/python3.12/site-packages/airflow/example_dags/example_branch_python_dop_operator_3.py
[2024-05-26T11:33:09.682+0000] {processor.py:830} INFO - Processing file /home/airflow/.local/lib/python3.12/site-packages/airflow/example_dags/example_branch_python_dop_operator_3.py for tasks to queue
[2024-05-26T11:33:09.684+0000] {logging_mixin.py:188} INFO - [2024-05-26T11:33:09.684+0000] {dagbag.py:545} INFO - Filling up the DagBag from /home/airflow/.local/lib/python3.12/site-packages/airflow/example_dags/example_branch_python_dop_operator_3.py
[2024-05-26T11:33:09.694+0000] {processor.py:840} INFO - DAG(s) 'example_branch_dop_operator_v3' retrieved from /home/airflow/.local/lib/python3.12/site-packages/airflow/example_dags/example_branch_python_dop_operator_3.py
[2024-05-26T11:33:09.716+0000] {logging_mixin.py:188} INFO - [2024-05-26T11:33:09.716+0000] {dag.py:3096} INFO - Sync 1 DAGs
[2024-05-26T11:33:09.741+0000] {logging_mixin.py:188} INFO - [2024-05-26T11:33:09.741+0000] {dag.py:3954} INFO - Setting next_dagrun for example_branch_dop_operator_v3 to 2024-05-26 11:32:00+00:00, run_after=2024-05-26 11:33:00+00:00
[2024-05-26T11:33:09.762+0000] {processor.py:183} INFO - Processing /home/airflow/.local/lib/python3.12/site-packages/airflow/example_dags/example_branch_python_dop_operator_3.py took 0.087 seconds
[2024-05-26T11:33:40.006+0000] {processor.py:161} INFO - Started process (PID=7989) to work on /home/airflow/.local/lib/python3.12/site-packages/airflow/example_dags/example_branch_python_dop_operator_3.py
[2024-05-26T11:33:40.008+0000] {processor.py:830} INFO - Processing file /home/airflow/.local/lib/python3.12/site-packages/airflow/example_dags/example_branch_python_dop_operator_3.py for tasks to queue
[2024-05-26T11:33:40.010+0000] {logging_mixin.py:188} INFO - [2024-05-26T11:33:40.009+0000] {dagbag.py:545} INFO - Filling up the DagBag from /home/airflow/.local/lib/python3.12/site-packages/airflow/example_dags/example_branch_python_dop_operator_3.py
[2024-05-26T11:33:40.018+0000] {processor.py:840} INFO - DAG(s) 'example_branch_dop_operator_v3' retrieved from /home/airflow/.local/lib/python3.12/site-packages/airflow/example_dags/example_branch_python_dop_operator_3.py
[2024-05-26T11:33:40.039+0000] {logging_mixin.py:188} INFO - [2024-05-26T11:33:40.039+0000] {dag.py:3096} INFO - Sync 1 DAGs
[2024-05-26T11:33:40.068+0000] {logging_mixin.py:188} INFO - [2024-05-26T11:33:40.068+0000] {dag.py:3954} INFO - Setting next_dagrun for example_branch_dop_operator_v3 to 2024-05-26 11:32:00+00:00, run_after=2024-05-26 11:33:00+00:00
[2024-05-26T11:33:40.088+0000] {processor.py:183} INFO - Processing /home/airflow/.local/lib/python3.12/site-packages/airflow/example_dags/example_branch_python_dop_operator_3.py took 0.086 seconds
[2024-05-26T11:34:10.270+0000] {processor.py:161} INFO - Started process (PID=8258) to work on /home/airflow/.local/lib/python3.12/site-packages/airflow/example_dags/example_branch_python_dop_operator_3.py
[2024-05-26T11:34:10.271+0000] {processor.py:830} INFO - Processing file /home/airflow/.local/lib/python3.12/site-packages/airflow/example_dags/example_branch_python_dop_operator_3.py for tasks to queue
[2024-05-26T11:34:10.273+0000] {logging_mixin.py:188} INFO - [2024-05-26T11:34:10.273+0000] {dagbag.py:545} INFO - Filling up the DagBag from /home/airflow/.local/lib/python3.12/site-packages/airflow/example_dags/example_branch_python_dop_operator_3.py
[2024-05-26T11:34:10.281+0000] {processor.py:840} INFO - DAG(s) 'example_branch_dop_operator_v3' retrieved from /home/airflow/.local/lib/python3.12/site-packages/airflow/example_dags/example_branch_python_dop_operator_3.py
[2024-05-26T11:34:10.307+0000] {logging_mixin.py:188} INFO - [2024-05-26T11:34:10.307+0000] {dag.py:3096} INFO - Sync 1 DAGs
[2024-05-26T11:34:10.331+0000] {logging_mixin.py:188} INFO - [2024-05-26T11:34:10.331+0000] {dag.py:3954} INFO - Setting next_dagrun for example_branch_dop_operator_v3 to 2024-05-26 11:33:00+00:00, run_after=2024-05-26 11:34:00+00:00
[2024-05-26T11:34:10.350+0000] {processor.py:183} INFO - Processing /home/airflow/.local/lib/python3.12/site-packages/airflow/example_dags/example_branch_python_dop_operator_3.py took 0.085 seconds
