[2024-05-26T11:18:57.895+0000] {processor.py:161} INFO - Started process (PID=346) to work on /home/airflow/.local/lib/python3.12/site-packages/airflow/example_dags/example_complex.py
[2024-05-26T11:18:57.897+0000] {processor.py:830} INFO - Processing file /home/airflow/.local/lib/python3.12/site-packages/airflow/example_dags/example_complex.py for tasks to queue
[2024-05-26T11:18:57.900+0000] {logging_mixin.py:188} INFO - [2024-05-26T11:18:57.899+0000] {dagbag.py:545} INFO - Filling up the DagBag from /home/airflow/.local/lib/python3.12/site-packages/airflow/example_dags/example_complex.py
[2024-05-26T11:18:57.921+0000] {processor.py:840} INFO - DAG(s) 'example_complex' retrieved from /home/airflow/.local/lib/python3.12/site-packages/airflow/example_dags/example_complex.py
[2024-05-26T11:18:57.995+0000] {logging_mixin.py:188} INFO - [2024-05-26T11:18:57.995+0000] {dag.py:3096} INFO - Sync 1 DAGs
[2024-05-26T11:18:58.017+0000] {logging_mixin.py:188} INFO - [2024-05-26T11:18:58.017+0000] {dag.py:3954} INFO - Setting next_dagrun for example_complex to None, run_after=None
[2024-05-26T11:18:58.042+0000] {processor.py:183} INFO - Processing /home/airflow/.local/lib/python3.12/site-packages/airflow/example_dags/example_complex.py took 0.159 seconds
[2024-05-26T11:19:28.230+0000] {processor.py:161} INFO - Started process (PID=616) to work on /home/airflow/.local/lib/python3.12/site-packages/airflow/example_dags/example_complex.py
[2024-05-26T11:19:28.232+0000] {processor.py:830} INFO - Processing file /home/airflow/.local/lib/python3.12/site-packages/airflow/example_dags/example_complex.py for tasks to queue
[2024-05-26T11:19:28.235+0000] {logging_mixin.py:188} INFO - [2024-05-26T11:19:28.234+0000] {dagbag.py:545} INFO - Filling up the DagBag from /home/airflow/.local/lib/python3.12/site-packages/airflow/example_dags/example_complex.py
[2024-05-26T11:19:28.249+0000] {processor.py:840} INFO - DAG(s) 'example_complex' retrieved from /home/airflow/.local/lib/python3.12/site-packages/airflow/example_dags/example_complex.py
[2024-05-26T11:19:28.298+0000] {logging_mixin.py:188} INFO - [2024-05-26T11:19:28.298+0000] {dag.py:3096} INFO - Sync 1 DAGs
[2024-05-26T11:19:28.317+0000] {logging_mixin.py:188} INFO - [2024-05-26T11:19:28.317+0000] {dag.py:3954} INFO - Setting next_dagrun for example_complex to None, run_after=None
[2024-05-26T11:19:28.351+0000] {processor.py:183} INFO - Processing /home/airflow/.local/lib/python3.12/site-packages/airflow/example_dags/example_complex.py took 0.128 seconds
[2024-05-26T11:19:59.110+0000] {processor.py:161} INFO - Started process (PID=882) to work on /home/airflow/.local/lib/python3.12/site-packages/airflow/example_dags/example_complex.py
[2024-05-26T11:19:59.111+0000] {processor.py:830} INFO - Processing file /home/airflow/.local/lib/python3.12/site-packages/airflow/example_dags/example_complex.py for tasks to queue
[2024-05-26T11:19:59.113+0000] {logging_mixin.py:188} INFO - [2024-05-26T11:19:59.113+0000] {dagbag.py:545} INFO - Filling up the DagBag from /home/airflow/.local/lib/python3.12/site-packages/airflow/example_dags/example_complex.py
[2024-05-26T11:19:59.120+0000] {processor.py:840} INFO - DAG(s) 'example_complex' retrieved from /home/airflow/.local/lib/python3.12/site-packages/airflow/example_dags/example_complex.py
[2024-05-26T11:19:59.132+0000] {logging_mixin.py:188} INFO - [2024-05-26T11:19:59.132+0000] {dag.py:3096} INFO - Sync 1 DAGs
[2024-05-26T11:19:59.145+0000] {logging_mixin.py:188} INFO - [2024-05-26T11:19:59.145+0000] {dag.py:3954} INFO - Setting next_dagrun for example_complex to None, run_after=None
[2024-05-26T11:19:59.161+0000] {processor.py:183} INFO - Processing /home/airflow/.local/lib/python3.12/site-packages/airflow/example_dags/example_complex.py took 0.055 seconds
[2024-05-26T11:20:30.521+0000] {processor.py:161} INFO - Started process (PID=1150) to work on /home/airflow/.local/lib/python3.12/site-packages/airflow/example_dags/example_complex.py
[2024-05-26T11:20:30.522+0000] {processor.py:830} INFO - Processing file /home/airflow/.local/lib/python3.12/site-packages/airflow/example_dags/example_complex.py for tasks to queue
[2024-05-26T11:20:30.524+0000] {logging_mixin.py:188} INFO - [2024-05-26T11:20:30.523+0000] {dagbag.py:545} INFO - Filling up the DagBag from /home/airflow/.local/lib/python3.12/site-packages/airflow/example_dags/example_complex.py
[2024-05-26T11:20:30.533+0000] {processor.py:840} INFO - DAG(s) 'example_complex' retrieved from /home/airflow/.local/lib/python3.12/site-packages/airflow/example_dags/example_complex.py
[2024-05-26T11:20:30.652+0000] {logging_mixin.py:188} INFO - [2024-05-26T11:20:30.651+0000] {dag.py:3096} INFO - Sync 1 DAGs
[2024-05-26T11:20:30.664+0000] {logging_mixin.py:188} INFO - [2024-05-26T11:20:30.663+0000] {dag.py:3954} INFO - Setting next_dagrun for example_complex to None, run_after=None
[2024-05-26T11:20:30.686+0000] {processor.py:183} INFO - Processing /home/airflow/.local/lib/python3.12/site-packages/airflow/example_dags/example_complex.py took 0.171 seconds
[2024-05-26T11:21:01.745+0000] {processor.py:161} INFO - Started process (PID=1420) to work on /home/airflow/.local/lib/python3.12/site-packages/airflow/example_dags/example_complex.py
[2024-05-26T11:21:01.747+0000] {processor.py:830} INFO - Processing file /home/airflow/.local/lib/python3.12/site-packages/airflow/example_dags/example_complex.py for tasks to queue
[2024-05-26T11:21:01.751+0000] {logging_mixin.py:188} INFO - [2024-05-26T11:21:01.750+0000] {dagbag.py:545} INFO - Filling up the DagBag from /home/airflow/.local/lib/python3.12/site-packages/airflow/example_dags/example_complex.py
[2024-05-26T11:21:01.765+0000] {processor.py:840} INFO - DAG(s) 'example_complex' retrieved from /home/airflow/.local/lib/python3.12/site-packages/airflow/example_dags/example_complex.py
[2024-05-26T11:21:01.816+0000] {logging_mixin.py:188} INFO - [2024-05-26T11:21:01.816+0000] {dag.py:3096} INFO - Sync 1 DAGs
[2024-05-26T11:21:01.841+0000] {logging_mixin.py:188} INFO - [2024-05-26T11:21:01.841+0000] {dag.py:3954} INFO - Setting next_dagrun for example_complex to None, run_after=None
[2024-05-26T11:21:01.876+0000] {processor.py:183} INFO - Processing /home/airflow/.local/lib/python3.12/site-packages/airflow/example_dags/example_complex.py took 0.139 seconds
[2024-05-26T11:21:32.728+0000] {processor.py:161} INFO - Started process (PID=1688) to work on /home/airflow/.local/lib/python3.12/site-packages/airflow/example_dags/example_complex.py
[2024-05-26T11:21:32.729+0000] {processor.py:830} INFO - Processing file /home/airflow/.local/lib/python3.12/site-packages/airflow/example_dags/example_complex.py for tasks to queue
[2024-05-26T11:21:32.731+0000] {logging_mixin.py:188} INFO - [2024-05-26T11:21:32.730+0000] {dagbag.py:545} INFO - Filling up the DagBag from /home/airflow/.local/lib/python3.12/site-packages/airflow/example_dags/example_complex.py
[2024-05-26T11:21:32.745+0000] {processor.py:840} INFO - DAG(s) 'example_complex' retrieved from /home/airflow/.local/lib/python3.12/site-packages/airflow/example_dags/example_complex.py
[2024-05-26T11:21:32.785+0000] {logging_mixin.py:188} INFO - [2024-05-26T11:21:32.785+0000] {dag.py:3096} INFO - Sync 1 DAGs
[2024-05-26T11:21:32.798+0000] {logging_mixin.py:188} INFO - [2024-05-26T11:21:32.798+0000] {dag.py:3954} INFO - Setting next_dagrun for example_complex to None, run_after=None
[2024-05-26T11:21:32.818+0000] {processor.py:183} INFO - Processing /home/airflow/.local/lib/python3.12/site-packages/airflow/example_dags/example_complex.py took 0.097 seconds
[2024-05-26T11:22:02.863+0000] {processor.py:161} INFO - Started process (PID=1954) to work on /home/airflow/.local/lib/python3.12/site-packages/airflow/example_dags/example_complex.py
[2024-05-26T11:22:02.865+0000] {processor.py:830} INFO - Processing file /home/airflow/.local/lib/python3.12/site-packages/airflow/example_dags/example_complex.py for tasks to queue
[2024-05-26T11:22:02.867+0000] {logging_mixin.py:188} INFO - [2024-05-26T11:22:02.867+0000] {dagbag.py:545} INFO - Filling up the DagBag from /home/airflow/.local/lib/python3.12/site-packages/airflow/example_dags/example_complex.py
[2024-05-26T11:22:02.876+0000] {processor.py:840} INFO - DAG(s) 'example_complex' retrieved from /home/airflow/.local/lib/python3.12/site-packages/airflow/example_dags/example_complex.py
[2024-05-26T11:22:02.910+0000] {logging_mixin.py:188} INFO - [2024-05-26T11:22:02.910+0000] {dag.py:3096} INFO - Sync 1 DAGs
[2024-05-26T11:22:02.926+0000] {logging_mixin.py:188} INFO - [2024-05-26T11:22:02.925+0000] {dag.py:3954} INFO - Setting next_dagrun for example_complex to None, run_after=None
[2024-05-26T11:22:02.945+0000] {processor.py:183} INFO - Processing /home/airflow/.local/lib/python3.12/site-packages/airflow/example_dags/example_complex.py took 0.087 seconds
[2024-05-26T11:22:33.915+0000] {processor.py:161} INFO - Started process (PID=2228) to work on /home/airflow/.local/lib/python3.12/site-packages/airflow/example_dags/example_complex.py
[2024-05-26T11:22:33.917+0000] {processor.py:830} INFO - Processing file /home/airflow/.local/lib/python3.12/site-packages/airflow/example_dags/example_complex.py for tasks to queue
[2024-05-26T11:22:33.920+0000] {logging_mixin.py:188} INFO - [2024-05-26T11:22:33.920+0000] {dagbag.py:545} INFO - Filling up the DagBag from /home/airflow/.local/lib/python3.12/site-packages/airflow/example_dags/example_complex.py
[2024-05-26T11:22:33.934+0000] {processor.py:840} INFO - DAG(s) 'example_complex' retrieved from /home/airflow/.local/lib/python3.12/site-packages/airflow/example_dags/example_complex.py
[2024-05-26T11:22:33.987+0000] {logging_mixin.py:188} INFO - [2024-05-26T11:22:33.986+0000] {dag.py:3096} INFO - Sync 1 DAGs
[2024-05-26T11:22:34.011+0000] {logging_mixin.py:188} INFO - [2024-05-26T11:22:34.010+0000] {dag.py:3954} INFO - Setting next_dagrun for example_complex to None, run_after=None
[2024-05-26T11:22:34.048+0000] {processor.py:183} INFO - Processing /home/airflow/.local/lib/python3.12/site-packages/airflow/example_dags/example_complex.py took 0.143 seconds
[2024-05-26T11:23:04.664+0000] {processor.py:161} INFO - Started process (PID=2498) to work on /home/airflow/.local/lib/python3.12/site-packages/airflow/example_dags/example_complex.py
[2024-05-26T11:23:04.665+0000] {processor.py:830} INFO - Processing file /home/airflow/.local/lib/python3.12/site-packages/airflow/example_dags/example_complex.py for tasks to queue
[2024-05-26T11:23:04.668+0000] {logging_mixin.py:188} INFO - [2024-05-26T11:23:04.668+0000] {dagbag.py:545} INFO - Filling up the DagBag from /home/airflow/.local/lib/python3.12/site-packages/airflow/example_dags/example_complex.py
[2024-05-26T11:23:04.680+0000] {processor.py:840} INFO - DAG(s) 'example_complex' retrieved from /home/airflow/.local/lib/python3.12/site-packages/airflow/example_dags/example_complex.py
[2024-05-26T11:23:04.711+0000] {logging_mixin.py:188} INFO - [2024-05-26T11:23:04.710+0000] {dag.py:3096} INFO - Sync 1 DAGs
[2024-05-26T11:23:04.723+0000] {logging_mixin.py:188} INFO - [2024-05-26T11:23:04.723+0000] {dag.py:3954} INFO - Setting next_dagrun for example_complex to None, run_after=None
[2024-05-26T11:23:04.741+0000] {processor.py:183} INFO - Processing /home/airflow/.local/lib/python3.12/site-packages/airflow/example_dags/example_complex.py took 0.082 seconds
[2024-05-26T11:23:34.822+0000] {processor.py:161} INFO - Started process (PID=2764) to work on /home/airflow/.local/lib/python3.12/site-packages/airflow/example_dags/example_complex.py
[2024-05-26T11:23:34.823+0000] {processor.py:830} INFO - Processing file /home/airflow/.local/lib/python3.12/site-packages/airflow/example_dags/example_complex.py for tasks to queue
[2024-05-26T11:23:34.825+0000] {logging_mixin.py:188} INFO - [2024-05-26T11:23:34.825+0000] {dagbag.py:545} INFO - Filling up the DagBag from /home/airflow/.local/lib/python3.12/site-packages/airflow/example_dags/example_complex.py
[2024-05-26T11:23:34.835+0000] {processor.py:840} INFO - DAG(s) 'example_complex' retrieved from /home/airflow/.local/lib/python3.12/site-packages/airflow/example_dags/example_complex.py
[2024-05-26T11:23:34.865+0000] {logging_mixin.py:188} INFO - [2024-05-26T11:23:34.865+0000] {dag.py:3096} INFO - Sync 1 DAGs
[2024-05-26T11:23:34.877+0000] {logging_mixin.py:188} INFO - [2024-05-26T11:23:34.877+0000] {dag.py:3954} INFO - Setting next_dagrun for example_complex to None, run_after=None
[2024-05-26T11:23:34.898+0000] {processor.py:183} INFO - Processing /home/airflow/.local/lib/python3.12/site-packages/airflow/example_dags/example_complex.py took 0.080 seconds
[2024-05-26T11:24:05.181+0000] {processor.py:161} INFO - Started process (PID=3034) to work on /home/airflow/.local/lib/python3.12/site-packages/airflow/example_dags/example_complex.py
[2024-05-26T11:24:05.182+0000] {processor.py:830} INFO - Processing file /home/airflow/.local/lib/python3.12/site-packages/airflow/example_dags/example_complex.py for tasks to queue
[2024-05-26T11:24:05.184+0000] {logging_mixin.py:188} INFO - [2024-05-26T11:24:05.183+0000] {dagbag.py:545} INFO - Filling up the DagBag from /home/airflow/.local/lib/python3.12/site-packages/airflow/example_dags/example_complex.py
[2024-05-26T11:24:05.195+0000] {processor.py:840} INFO - DAG(s) 'example_complex' retrieved from /home/airflow/.local/lib/python3.12/site-packages/airflow/example_dags/example_complex.py
[2024-05-26T11:24:05.231+0000] {logging_mixin.py:188} INFO - [2024-05-26T11:24:05.231+0000] {dag.py:3096} INFO - Sync 1 DAGs
[2024-05-26T11:24:05.248+0000] {logging_mixin.py:188} INFO - [2024-05-26T11:24:05.247+0000] {dag.py:3954} INFO - Setting next_dagrun for example_complex to None, run_after=None
[2024-05-26T11:24:05.270+0000] {processor.py:183} INFO - Processing /home/airflow/.local/lib/python3.12/site-packages/airflow/example_dags/example_complex.py took 0.096 seconds
[2024-05-26T11:24:36.427+0000] {processor.py:161} INFO - Started process (PID=3302) to work on /home/airflow/.local/lib/python3.12/site-packages/airflow/example_dags/example_complex.py
[2024-05-26T11:24:36.428+0000] {processor.py:830} INFO - Processing file /home/airflow/.local/lib/python3.12/site-packages/airflow/example_dags/example_complex.py for tasks to queue
[2024-05-26T11:24:36.430+0000] {logging_mixin.py:188} INFO - [2024-05-26T11:24:36.430+0000] {dagbag.py:545} INFO - Filling up the DagBag from /home/airflow/.local/lib/python3.12/site-packages/airflow/example_dags/example_complex.py
[2024-05-26T11:24:36.441+0000] {processor.py:840} INFO - DAG(s) 'example_complex' retrieved from /home/airflow/.local/lib/python3.12/site-packages/airflow/example_dags/example_complex.py
[2024-05-26T11:24:36.492+0000] {logging_mixin.py:188} INFO - [2024-05-26T11:24:36.491+0000] {dag.py:3096} INFO - Sync 1 DAGs
[2024-05-26T11:24:36.504+0000] {logging_mixin.py:188} INFO - [2024-05-26T11:24:36.504+0000] {dag.py:3954} INFO - Setting next_dagrun for example_complex to None, run_after=None
[2024-05-26T11:24:36.526+0000] {processor.py:183} INFO - Processing /home/airflow/.local/lib/python3.12/site-packages/airflow/example_dags/example_complex.py took 0.104 seconds
[2024-05-26T11:25:07.183+0000] {processor.py:161} INFO - Started process (PID=3570) to work on /home/airflow/.local/lib/python3.12/site-packages/airflow/example_dags/example_complex.py
[2024-05-26T11:25:07.184+0000] {processor.py:830} INFO - Processing file /home/airflow/.local/lib/python3.12/site-packages/airflow/example_dags/example_complex.py for tasks to queue
[2024-05-26T11:25:07.186+0000] {logging_mixin.py:188} INFO - [2024-05-26T11:25:07.186+0000] {dagbag.py:545} INFO - Filling up the DagBag from /home/airflow/.local/lib/python3.12/site-packages/airflow/example_dags/example_complex.py
[2024-05-26T11:25:07.195+0000] {processor.py:840} INFO - DAG(s) 'example_complex' retrieved from /home/airflow/.local/lib/python3.12/site-packages/airflow/example_dags/example_complex.py
[2024-05-26T11:25:07.230+0000] {logging_mixin.py:188} INFO - [2024-05-26T11:25:07.230+0000] {dag.py:3096} INFO - Sync 1 DAGs
[2024-05-26T11:25:07.243+0000] {logging_mixin.py:188} INFO - [2024-05-26T11:25:07.242+0000] {dag.py:3954} INFO - Setting next_dagrun for example_complex to None, run_after=None
[2024-05-26T11:25:07.264+0000] {processor.py:183} INFO - Processing /home/airflow/.local/lib/python3.12/site-packages/airflow/example_dags/example_complex.py took 0.086 seconds
[2024-05-26T11:25:37.426+0000] {processor.py:161} INFO - Started process (PID=3841) to work on /home/airflow/.local/lib/python3.12/site-packages/airflow/example_dags/example_complex.py
[2024-05-26T11:25:37.428+0000] {processor.py:830} INFO - Processing file /home/airflow/.local/lib/python3.12/site-packages/airflow/example_dags/example_complex.py for tasks to queue
[2024-05-26T11:25:37.430+0000] {logging_mixin.py:188} INFO - [2024-05-26T11:25:37.430+0000] {dagbag.py:545} INFO - Filling up the DagBag from /home/airflow/.local/lib/python3.12/site-packages/airflow/example_dags/example_complex.py
[2024-05-26T11:25:37.440+0000] {processor.py:840} INFO - DAG(s) 'example_complex' retrieved from /home/airflow/.local/lib/python3.12/site-packages/airflow/example_dags/example_complex.py
[2024-05-26T11:25:37.475+0000] {logging_mixin.py:188} INFO - [2024-05-26T11:25:37.474+0000] {dag.py:3096} INFO - Sync 1 DAGs
[2024-05-26T11:25:37.489+0000] {logging_mixin.py:188} INFO - [2024-05-26T11:25:37.489+0000] {dag.py:3954} INFO - Setting next_dagrun for example_complex to None, run_after=None
[2024-05-26T11:25:37.513+0000] {processor.py:183} INFO - Processing /home/airflow/.local/lib/python3.12/site-packages/airflow/example_dags/example_complex.py took 0.094 seconds
[2024-05-26T11:26:08.747+0000] {processor.py:161} INFO - Started process (PID=4104) to work on /home/airflow/.local/lib/python3.12/site-packages/airflow/example_dags/example_complex.py
[2024-05-26T11:26:08.748+0000] {processor.py:830} INFO - Processing file /home/airflow/.local/lib/python3.12/site-packages/airflow/example_dags/example_complex.py for tasks to queue
[2024-05-26T11:26:08.750+0000] {logging_mixin.py:188} INFO - [2024-05-26T11:26:08.750+0000] {dagbag.py:545} INFO - Filling up the DagBag from /home/airflow/.local/lib/python3.12/site-packages/airflow/example_dags/example_complex.py
[2024-05-26T11:26:08.759+0000] {processor.py:840} INFO - DAG(s) 'example_complex' retrieved from /home/airflow/.local/lib/python3.12/site-packages/airflow/example_dags/example_complex.py
[2024-05-26T11:26:08.787+0000] {logging_mixin.py:188} INFO - [2024-05-26T11:26:08.787+0000] {dag.py:3096} INFO - Sync 1 DAGs
[2024-05-26T11:26:08.798+0000] {logging_mixin.py:188} INFO - [2024-05-26T11:26:08.798+0000] {dag.py:3954} INFO - Setting next_dagrun for example_complex to None, run_after=None
[2024-05-26T11:26:08.820+0000] {processor.py:183} INFO - Processing /home/airflow/.local/lib/python3.12/site-packages/airflow/example_dags/example_complex.py took 0.079 seconds
[2024-05-26T11:26:39.919+0000] {processor.py:161} INFO - Started process (PID=4372) to work on /home/airflow/.local/lib/python3.12/site-packages/airflow/example_dags/example_complex.py
[2024-05-26T11:26:39.921+0000] {processor.py:830} INFO - Processing file /home/airflow/.local/lib/python3.12/site-packages/airflow/example_dags/example_complex.py for tasks to queue
[2024-05-26T11:26:39.924+0000] {logging_mixin.py:188} INFO - [2024-05-26T11:26:39.923+0000] {dagbag.py:545} INFO - Filling up the DagBag from /home/airflow/.local/lib/python3.12/site-packages/airflow/example_dags/example_complex.py
[2024-05-26T11:26:39.939+0000] {processor.py:840} INFO - DAG(s) 'example_complex' retrieved from /home/airflow/.local/lib/python3.12/site-packages/airflow/example_dags/example_complex.py
[2024-05-26T11:26:39.987+0000] {logging_mixin.py:188} INFO - [2024-05-26T11:26:39.987+0000] {dag.py:3096} INFO - Sync 1 DAGs
[2024-05-26T11:26:40.007+0000] {logging_mixin.py:188} INFO - [2024-05-26T11:26:40.007+0000] {dag.py:3954} INFO - Setting next_dagrun for example_complex to None, run_after=None
[2024-05-26T11:26:40.039+0000] {processor.py:183} INFO - Processing /home/airflow/.local/lib/python3.12/site-packages/airflow/example_dags/example_complex.py took 0.130 seconds
[2024-05-26T11:27:11.069+0000] {processor.py:161} INFO - Started process (PID=4640) to work on /home/airflow/.local/lib/python3.12/site-packages/airflow/example_dags/example_complex.py
[2024-05-26T11:27:11.071+0000] {processor.py:830} INFO - Processing file /home/airflow/.local/lib/python3.12/site-packages/airflow/example_dags/example_complex.py for tasks to queue
[2024-05-26T11:27:11.074+0000] {logging_mixin.py:188} INFO - [2024-05-26T11:27:11.074+0000] {dagbag.py:545} INFO - Filling up the DagBag from /home/airflow/.local/lib/python3.12/site-packages/airflow/example_dags/example_complex.py
[2024-05-26T11:27:11.088+0000] {processor.py:840} INFO - DAG(s) 'example_complex' retrieved from /home/airflow/.local/lib/python3.12/site-packages/airflow/example_dags/example_complex.py
[2024-05-26T11:27:11.134+0000] {logging_mixin.py:188} INFO - [2024-05-26T11:27:11.134+0000] {dag.py:3096} INFO - Sync 1 DAGs
[2024-05-26T11:27:11.154+0000] {logging_mixin.py:188} INFO - [2024-05-26T11:27:11.153+0000] {dag.py:3954} INFO - Setting next_dagrun for example_complex to None, run_after=None
[2024-05-26T11:27:11.185+0000] {processor.py:183} INFO - Processing /home/airflow/.local/lib/python3.12/site-packages/airflow/example_dags/example_complex.py took 0.125 seconds
[2024-05-26T11:27:42.024+0000] {processor.py:161} INFO - Started process (PID=4910) to work on /home/airflow/.local/lib/python3.12/site-packages/airflow/example_dags/example_complex.py
[2024-05-26T11:27:42.026+0000] {processor.py:830} INFO - Processing file /home/airflow/.local/lib/python3.12/site-packages/airflow/example_dags/example_complex.py for tasks to queue
[2024-05-26T11:27:42.028+0000] {logging_mixin.py:188} INFO - [2024-05-26T11:27:42.028+0000] {dagbag.py:545} INFO - Filling up the DagBag from /home/airflow/.local/lib/python3.12/site-packages/airflow/example_dags/example_complex.py
[2024-05-26T11:27:42.039+0000] {processor.py:840} INFO - DAG(s) 'example_complex' retrieved from /home/airflow/.local/lib/python3.12/site-packages/airflow/example_dags/example_complex.py
[2024-05-26T11:27:42.080+0000] {logging_mixin.py:188} INFO - [2024-05-26T11:27:42.079+0000] {dag.py:3096} INFO - Sync 1 DAGs
[2024-05-26T11:27:42.096+0000] {logging_mixin.py:188} INFO - [2024-05-26T11:27:42.096+0000] {dag.py:3954} INFO - Setting next_dagrun for example_complex to None, run_after=None
[2024-05-26T11:27:42.121+0000] {processor.py:183} INFO - Processing /home/airflow/.local/lib/python3.12/site-packages/airflow/example_dags/example_complex.py took 0.103 seconds
[2024-05-26T11:28:13.064+0000] {processor.py:161} INFO - Started process (PID=5176) to work on /home/airflow/.local/lib/python3.12/site-packages/airflow/example_dags/example_complex.py
[2024-05-26T11:28:13.066+0000] {processor.py:830} INFO - Processing file /home/airflow/.local/lib/python3.12/site-packages/airflow/example_dags/example_complex.py for tasks to queue
[2024-05-26T11:28:13.068+0000] {logging_mixin.py:188} INFO - [2024-05-26T11:28:13.068+0000] {dagbag.py:545} INFO - Filling up the DagBag from /home/airflow/.local/lib/python3.12/site-packages/airflow/example_dags/example_complex.py
[2024-05-26T11:28:13.079+0000] {processor.py:840} INFO - DAG(s) 'example_complex' retrieved from /home/airflow/.local/lib/python3.12/site-packages/airflow/example_dags/example_complex.py
[2024-05-26T11:28:13.114+0000] {logging_mixin.py:188} INFO - [2024-05-26T11:28:13.114+0000] {dag.py:3096} INFO - Sync 1 DAGs
[2024-05-26T11:28:13.129+0000] {logging_mixin.py:188} INFO - [2024-05-26T11:28:13.129+0000] {dag.py:3954} INFO - Setting next_dagrun for example_complex to None, run_after=None
[2024-05-26T11:28:13.154+0000] {processor.py:183} INFO - Processing /home/airflow/.local/lib/python3.12/site-packages/airflow/example_dags/example_complex.py took 0.096 seconds
[2024-05-26T11:28:43.507+0000] {processor.py:161} INFO - Started process (PID=5446) to work on /home/airflow/.local/lib/python3.12/site-packages/airflow/example_dags/example_complex.py
[2024-05-26T11:28:43.509+0000] {processor.py:830} INFO - Processing file /home/airflow/.local/lib/python3.12/site-packages/airflow/example_dags/example_complex.py for tasks to queue
[2024-05-26T11:28:43.511+0000] {logging_mixin.py:188} INFO - [2024-05-26T11:28:43.511+0000] {dagbag.py:545} INFO - Filling up the DagBag from /home/airflow/.local/lib/python3.12/site-packages/airflow/example_dags/example_complex.py
[2024-05-26T11:28:43.524+0000] {processor.py:840} INFO - DAG(s) 'example_complex' retrieved from /home/airflow/.local/lib/python3.12/site-packages/airflow/example_dags/example_complex.py
[2024-05-26T11:28:43.564+0000] {logging_mixin.py:188} INFO - [2024-05-26T11:28:43.563+0000] {dag.py:3096} INFO - Sync 1 DAGs
[2024-05-26T11:28:43.581+0000] {logging_mixin.py:188} INFO - [2024-05-26T11:28:43.580+0000] {dag.py:3954} INFO - Setting next_dagrun for example_complex to None, run_after=None
[2024-05-26T11:28:43.607+0000] {processor.py:183} INFO - Processing /home/airflow/.local/lib/python3.12/site-packages/airflow/example_dags/example_complex.py took 0.106 seconds
[2024-05-26T11:29:14.762+0000] {processor.py:161} INFO - Started process (PID=5714) to work on /home/airflow/.local/lib/python3.12/site-packages/airflow/example_dags/example_complex.py
[2024-05-26T11:29:14.764+0000] {processor.py:830} INFO - Processing file /home/airflow/.local/lib/python3.12/site-packages/airflow/example_dags/example_complex.py for tasks to queue
[2024-05-26T11:29:14.767+0000] {logging_mixin.py:188} INFO - [2024-05-26T11:29:14.766+0000] {dagbag.py:545} INFO - Filling up the DagBag from /home/airflow/.local/lib/python3.12/site-packages/airflow/example_dags/example_complex.py
[2024-05-26T11:29:14.779+0000] {processor.py:840} INFO - DAG(s) 'example_complex' retrieved from /home/airflow/.local/lib/python3.12/site-packages/airflow/example_dags/example_complex.py
[2024-05-26T11:29:14.818+0000] {logging_mixin.py:188} INFO - [2024-05-26T11:29:14.818+0000] {dag.py:3096} INFO - Sync 1 DAGs
[2024-05-26T11:29:14.834+0000] {logging_mixin.py:188} INFO - [2024-05-26T11:29:14.834+0000] {dag.py:3954} INFO - Setting next_dagrun for example_complex to None, run_after=None
[2024-05-26T11:29:14.860+0000] {processor.py:183} INFO - Processing /home/airflow/.local/lib/python3.12/site-packages/airflow/example_dags/example_complex.py took 0.104 seconds
[2024-05-26T11:29:45.363+0000] {processor.py:161} INFO - Started process (PID=5982) to work on /home/airflow/.local/lib/python3.12/site-packages/airflow/example_dags/example_complex.py
[2024-05-26T11:29:45.364+0000] {processor.py:830} INFO - Processing file /home/airflow/.local/lib/python3.12/site-packages/airflow/example_dags/example_complex.py for tasks to queue
[2024-05-26T11:29:45.367+0000] {logging_mixin.py:188} INFO - [2024-05-26T11:29:45.367+0000] {dagbag.py:545} INFO - Filling up the DagBag from /home/airflow/.local/lib/python3.12/site-packages/airflow/example_dags/example_complex.py
[2024-05-26T11:29:45.379+0000] {processor.py:840} INFO - DAG(s) 'example_complex' retrieved from /home/airflow/.local/lib/python3.12/site-packages/airflow/example_dags/example_complex.py
[2024-05-26T11:29:45.416+0000] {logging_mixin.py:188} INFO - [2024-05-26T11:29:45.415+0000] {dag.py:3096} INFO - Sync 1 DAGs
[2024-05-26T11:29:45.430+0000] {logging_mixin.py:188} INFO - [2024-05-26T11:29:45.430+0000] {dag.py:3954} INFO - Setting next_dagrun for example_complex to None, run_after=None
[2024-05-26T11:29:45.455+0000] {processor.py:183} INFO - Processing /home/airflow/.local/lib/python3.12/site-packages/airflow/example_dags/example_complex.py took 0.098 seconds
[2024-05-26T11:30:16.130+0000] {processor.py:161} INFO - Started process (PID=6248) to work on /home/airflow/.local/lib/python3.12/site-packages/airflow/example_dags/example_complex.py
[2024-05-26T11:30:16.131+0000] {processor.py:830} INFO - Processing file /home/airflow/.local/lib/python3.12/site-packages/airflow/example_dags/example_complex.py for tasks to queue
[2024-05-26T11:30:16.133+0000] {logging_mixin.py:188} INFO - [2024-05-26T11:30:16.133+0000] {dagbag.py:545} INFO - Filling up the DagBag from /home/airflow/.local/lib/python3.12/site-packages/airflow/example_dags/example_complex.py
[2024-05-26T11:30:16.145+0000] {processor.py:840} INFO - DAG(s) 'example_complex' retrieved from /home/airflow/.local/lib/python3.12/site-packages/airflow/example_dags/example_complex.py
[2024-05-26T11:30:16.184+0000] {logging_mixin.py:188} INFO - [2024-05-26T11:30:16.184+0000] {dag.py:3096} INFO - Sync 1 DAGs
[2024-05-26T11:30:16.201+0000] {logging_mixin.py:188} INFO - [2024-05-26T11:30:16.201+0000] {dag.py:3954} INFO - Setting next_dagrun for example_complex to None, run_after=None
[2024-05-26T11:30:16.229+0000] {processor.py:183} INFO - Processing /home/airflow/.local/lib/python3.12/site-packages/airflow/example_dags/example_complex.py took 0.107 seconds
[2024-05-26T11:30:46.977+0000] {processor.py:161} INFO - Started process (PID=6516) to work on /home/airflow/.local/lib/python3.12/site-packages/airflow/example_dags/example_complex.py
[2024-05-26T11:30:46.979+0000] {processor.py:830} INFO - Processing file /home/airflow/.local/lib/python3.12/site-packages/airflow/example_dags/example_complex.py for tasks to queue
[2024-05-26T11:30:46.981+0000] {logging_mixin.py:188} INFO - [2024-05-26T11:30:46.980+0000] {dagbag.py:545} INFO - Filling up the DagBag from /home/airflow/.local/lib/python3.12/site-packages/airflow/example_dags/example_complex.py
[2024-05-26T11:30:46.989+0000] {processor.py:840} INFO - DAG(s) 'example_complex' retrieved from /home/airflow/.local/lib/python3.12/site-packages/airflow/example_dags/example_complex.py
[2024-05-26T11:30:47.138+0000] {logging_mixin.py:188} INFO - [2024-05-26T11:30:47.137+0000] {dag.py:3096} INFO - Sync 1 DAGs
[2024-05-26T11:30:47.148+0000] {logging_mixin.py:188} INFO - [2024-05-26T11:30:47.148+0000] {dag.py:3954} INFO - Setting next_dagrun for example_complex to None, run_after=None
[2024-05-26T11:30:47.166+0000] {processor.py:183} INFO - Processing /home/airflow/.local/lib/python3.12/site-packages/airflow/example_dags/example_complex.py took 0.194 seconds
[2024-05-26T11:31:17.625+0000] {processor.py:161} INFO - Started process (PID=6784) to work on /home/airflow/.local/lib/python3.12/site-packages/airflow/example_dags/example_complex.py
[2024-05-26T11:31:17.627+0000] {processor.py:830} INFO - Processing file /home/airflow/.local/lib/python3.12/site-packages/airflow/example_dags/example_complex.py for tasks to queue
[2024-05-26T11:31:17.629+0000] {logging_mixin.py:188} INFO - [2024-05-26T11:31:17.629+0000] {dagbag.py:545} INFO - Filling up the DagBag from /home/airflow/.local/lib/python3.12/site-packages/airflow/example_dags/example_complex.py
[2024-05-26T11:31:17.637+0000] {processor.py:840} INFO - DAG(s) 'example_complex' retrieved from /home/airflow/.local/lib/python3.12/site-packages/airflow/example_dags/example_complex.py
[2024-05-26T11:31:17.672+0000] {logging_mixin.py:188} INFO - [2024-05-26T11:31:17.672+0000] {dag.py:3096} INFO - Sync 1 DAGs
[2024-05-26T11:31:17.687+0000] {logging_mixin.py:188} INFO - [2024-05-26T11:31:17.687+0000] {dag.py:3954} INFO - Setting next_dagrun for example_complex to None, run_after=None
[2024-05-26T11:31:17.707+0000] {processor.py:183} INFO - Processing /home/airflow/.local/lib/python3.12/site-packages/airflow/example_dags/example_complex.py took 0.088 seconds
[2024-05-26T11:31:48.368+0000] {processor.py:161} INFO - Started process (PID=7052) to work on /home/airflow/.local/lib/python3.12/site-packages/airflow/example_dags/example_complex.py
[2024-05-26T11:31:48.369+0000] {processor.py:830} INFO - Processing file /home/airflow/.local/lib/python3.12/site-packages/airflow/example_dags/example_complex.py for tasks to queue
[2024-05-26T11:31:48.372+0000] {logging_mixin.py:188} INFO - [2024-05-26T11:31:48.372+0000] {dagbag.py:545} INFO - Filling up the DagBag from /home/airflow/.local/lib/python3.12/site-packages/airflow/example_dags/example_complex.py
[2024-05-26T11:31:48.384+0000] {processor.py:840} INFO - DAG(s) 'example_complex' retrieved from /home/airflow/.local/lib/python3.12/site-packages/airflow/example_dags/example_complex.py
[2024-05-26T11:31:48.415+0000] {logging_mixin.py:188} INFO - [2024-05-26T11:31:48.415+0000] {dag.py:3096} INFO - Sync 1 DAGs
[2024-05-26T11:31:48.427+0000] {logging_mixin.py:188} INFO - [2024-05-26T11:31:48.427+0000] {dag.py:3954} INFO - Setting next_dagrun for example_complex to None, run_after=None
[2024-05-26T11:31:48.451+0000] {processor.py:183} INFO - Processing /home/airflow/.local/lib/python3.12/site-packages/airflow/example_dags/example_complex.py took 0.091 seconds
[2024-05-26T11:32:19.467+0000] {processor.py:161} INFO - Started process (PID=7322) to work on /home/airflow/.local/lib/python3.12/site-packages/airflow/example_dags/example_complex.py
[2024-05-26T11:32:19.469+0000] {processor.py:830} INFO - Processing file /home/airflow/.local/lib/python3.12/site-packages/airflow/example_dags/example_complex.py for tasks to queue
[2024-05-26T11:32:19.473+0000] {logging_mixin.py:188} INFO - [2024-05-26T11:32:19.473+0000] {dagbag.py:545} INFO - Filling up the DagBag from /home/airflow/.local/lib/python3.12/site-packages/airflow/example_dags/example_complex.py
[2024-05-26T11:32:19.490+0000] {processor.py:840} INFO - DAG(s) 'example_complex' retrieved from /home/airflow/.local/lib/python3.12/site-packages/airflow/example_dags/example_complex.py
[2024-05-26T11:32:19.568+0000] {logging_mixin.py:188} INFO - [2024-05-26T11:32:19.568+0000] {dag.py:3096} INFO - Sync 1 DAGs
[2024-05-26T11:32:19.590+0000] {logging_mixin.py:188} INFO - [2024-05-26T11:32:19.589+0000] {dag.py:3954} INFO - Setting next_dagrun for example_complex to None, run_after=None
[2024-05-26T11:32:19.617+0000] {processor.py:183} INFO - Processing /home/airflow/.local/lib/python3.12/site-packages/airflow/example_dags/example_complex.py took 0.164 seconds
[2024-05-26T11:32:50.176+0000] {processor.py:161} INFO - Started process (PID=7588) to work on /home/airflow/.local/lib/python3.12/site-packages/airflow/example_dags/example_complex.py
[2024-05-26T11:32:50.178+0000] {processor.py:830} INFO - Processing file /home/airflow/.local/lib/python3.12/site-packages/airflow/example_dags/example_complex.py for tasks to queue
[2024-05-26T11:32:50.181+0000] {logging_mixin.py:188} INFO - [2024-05-26T11:32:50.180+0000] {dagbag.py:545} INFO - Filling up the DagBag from /home/airflow/.local/lib/python3.12/site-packages/airflow/example_dags/example_complex.py
[2024-05-26T11:32:50.191+0000] {processor.py:840} INFO - DAG(s) 'example_complex' retrieved from /home/airflow/.local/lib/python3.12/site-packages/airflow/example_dags/example_complex.py
[2024-05-26T11:32:50.229+0000] {logging_mixin.py:188} INFO - [2024-05-26T11:32:50.228+0000] {dag.py:3096} INFO - Sync 1 DAGs
[2024-05-26T11:32:50.251+0000] {logging_mixin.py:188} INFO - [2024-05-26T11:32:50.251+0000] {dag.py:3954} INFO - Setting next_dagrun for example_complex to None, run_after=None
[2024-05-26T11:32:50.276+0000] {processor.py:183} INFO - Processing /home/airflow/.local/lib/python3.12/site-packages/airflow/example_dags/example_complex.py took 0.109 seconds
[2024-05-26T11:33:21.214+0000] {processor.py:161} INFO - Started process (PID=7855) to work on /home/airflow/.local/lib/python3.12/site-packages/airflow/example_dags/example_complex.py
[2024-05-26T11:33:21.215+0000] {processor.py:830} INFO - Processing file /home/airflow/.local/lib/python3.12/site-packages/airflow/example_dags/example_complex.py for tasks to queue
[2024-05-26T11:33:21.218+0000] {logging_mixin.py:188} INFO - [2024-05-26T11:33:21.217+0000] {dagbag.py:545} INFO - Filling up the DagBag from /home/airflow/.local/lib/python3.12/site-packages/airflow/example_dags/example_complex.py
[2024-05-26T11:33:21.228+0000] {processor.py:840} INFO - DAG(s) 'example_complex' retrieved from /home/airflow/.local/lib/python3.12/site-packages/airflow/example_dags/example_complex.py
[2024-05-26T11:33:21.256+0000] {logging_mixin.py:188} INFO - [2024-05-26T11:33:21.255+0000] {dag.py:3096} INFO - Sync 1 DAGs
[2024-05-26T11:33:21.270+0000] {logging_mixin.py:188} INFO - [2024-05-26T11:33:21.270+0000] {dag.py:3954} INFO - Setting next_dagrun for example_complex to None, run_after=None
[2024-05-26T11:33:21.290+0000] {processor.py:183} INFO - Processing /home/airflow/.local/lib/python3.12/site-packages/airflow/example_dags/example_complex.py took 0.081 seconds
[2024-05-26T11:33:51.754+0000] {processor.py:161} INFO - Started process (PID=8123) to work on /home/airflow/.local/lib/python3.12/site-packages/airflow/example_dags/example_complex.py
[2024-05-26T11:33:51.756+0000] {processor.py:830} INFO - Processing file /home/airflow/.local/lib/python3.12/site-packages/airflow/example_dags/example_complex.py for tasks to queue
[2024-05-26T11:33:51.758+0000] {logging_mixin.py:188} INFO - [2024-05-26T11:33:51.758+0000] {dagbag.py:545} INFO - Filling up the DagBag from /home/airflow/.local/lib/python3.12/site-packages/airflow/example_dags/example_complex.py
[2024-05-26T11:33:51.772+0000] {processor.py:840} INFO - DAG(s) 'example_complex' retrieved from /home/airflow/.local/lib/python3.12/site-packages/airflow/example_dags/example_complex.py
[2024-05-26T11:33:51.812+0000] {logging_mixin.py:188} INFO - [2024-05-26T11:33:51.811+0000] {dag.py:3096} INFO - Sync 1 DAGs
[2024-05-26T11:33:51.829+0000] {logging_mixin.py:188} INFO - [2024-05-26T11:33:51.829+0000] {dag.py:3954} INFO - Setting next_dagrun for example_complex to None, run_after=None
[2024-05-26T11:33:51.848+0000] {processor.py:183} INFO - Processing /home/airflow/.local/lib/python3.12/site-packages/airflow/example_dags/example_complex.py took 0.101 seconds
[2024-05-26T11:34:22.129+0000] {processor.py:161} INFO - Started process (PID=8388) to work on /home/airflow/.local/lib/python3.12/site-packages/airflow/example_dags/example_complex.py
[2024-05-26T11:34:22.131+0000] {processor.py:830} INFO - Processing file /home/airflow/.local/lib/python3.12/site-packages/airflow/example_dags/example_complex.py for tasks to queue
[2024-05-26T11:34:22.132+0000] {logging_mixin.py:188} INFO - [2024-05-26T11:34:22.132+0000] {dagbag.py:545} INFO - Filling up the DagBag from /home/airflow/.local/lib/python3.12/site-packages/airflow/example_dags/example_complex.py
[2024-05-26T11:34:22.142+0000] {processor.py:840} INFO - DAG(s) 'example_complex' retrieved from /home/airflow/.local/lib/python3.12/site-packages/airflow/example_dags/example_complex.py
[2024-05-26T11:34:22.176+0000] {logging_mixin.py:188} INFO - [2024-05-26T11:34:22.176+0000] {dag.py:3096} INFO - Sync 1 DAGs
[2024-05-26T11:34:22.197+0000] {logging_mixin.py:188} INFO - [2024-05-26T11:34:22.196+0000] {dag.py:3954} INFO - Setting next_dagrun for example_complex to None, run_after=None
[2024-05-26T11:34:22.222+0000] {processor.py:183} INFO - Processing /home/airflow/.local/lib/python3.12/site-packages/airflow/example_dags/example_complex.py took 0.098 seconds
