[2024-05-26T11:18:56.361+0000] {processor.py:161} INFO - Started process (PID=266) to work on /home/airflow/.local/lib/python3.12/site-packages/airflow/example_dags/example_external_task_marker_dag.py
[2024-05-26T11:18:56.363+0000] {processor.py:830} INFO - Processing file /home/airflow/.local/lib/python3.12/site-packages/airflow/example_dags/example_external_task_marker_dag.py for tasks to queue
[2024-05-26T11:18:56.366+0000] {logging_mixin.py:188} INFO - [2024-05-26T11:18:56.366+0000] {dagbag.py:545} INFO - Filling up the DagBag from /home/airflow/.local/lib/python3.12/site-packages/airflow/example_dags/example_external_task_marker_dag.py
[2024-05-26T11:18:56.377+0000] {processor.py:840} INFO - DAG(s) 'example_external_task_marker_parent', 'example_external_task_marker_child' retrieved from /home/airflow/.local/lib/python3.12/site-packages/airflow/example_dags/example_external_task_marker_dag.py
[2024-05-26T11:18:56.415+0000] {logging_mixin.py:188} INFO - [2024-05-26T11:18:56.414+0000] {dag.py:3096} INFO - Sync 2 DAGs
[2024-05-26T11:18:56.439+0000] {logging_mixin.py:188} INFO - [2024-05-26T11:18:56.438+0000] {dag.py:3954} INFO - Setting next_dagrun for example_external_task_marker_child to None, run_after=None
[2024-05-26T11:18:56.447+0000] {logging_mixin.py:188} INFO - [2024-05-26T11:18:56.446+0000] {dag.py:3954} INFO - Setting next_dagrun for example_external_task_marker_parent to None, run_after=None
[2024-05-26T11:18:56.481+0000] {processor.py:183} INFO - Processing /home/airflow/.local/lib/python3.12/site-packages/airflow/example_dags/example_external_task_marker_dag.py took 0.127 seconds
[2024-05-26T11:19:26.713+0000] {processor.py:161} INFO - Started process (PID=534) to work on /home/airflow/.local/lib/python3.12/site-packages/airflow/example_dags/example_external_task_marker_dag.py
[2024-05-26T11:19:26.715+0000] {processor.py:830} INFO - Processing file /home/airflow/.local/lib/python3.12/site-packages/airflow/example_dags/example_external_task_marker_dag.py for tasks to queue
[2024-05-26T11:19:26.718+0000] {logging_mixin.py:188} INFO - [2024-05-26T11:19:26.717+0000] {dagbag.py:545} INFO - Filling up the DagBag from /home/airflow/.local/lib/python3.12/site-packages/airflow/example_dags/example_external_task_marker_dag.py
[2024-05-26T11:19:26.729+0000] {processor.py:840} INFO - DAG(s) 'example_external_task_marker_child', 'example_external_task_marker_parent' retrieved from /home/airflow/.local/lib/python3.12/site-packages/airflow/example_dags/example_external_task_marker_dag.py
[2024-05-26T11:19:26.769+0000] {logging_mixin.py:188} INFO - [2024-05-26T11:19:26.769+0000] {dag.py:3096} INFO - Sync 2 DAGs
[2024-05-26T11:19:26.789+0000] {logging_mixin.py:188} INFO - [2024-05-26T11:19:26.789+0000] {dag.py:3954} INFO - Setting next_dagrun for example_external_task_marker_child to None, run_after=None
[2024-05-26T11:19:26.794+0000] {logging_mixin.py:188} INFO - [2024-05-26T11:19:26.794+0000] {dag.py:3954} INFO - Setting next_dagrun for example_external_task_marker_parent to None, run_after=None
[2024-05-26T11:19:26.816+0000] {processor.py:183} INFO - Processing /home/airflow/.local/lib/python3.12/site-packages/airflow/example_dags/example_external_task_marker_dag.py took 0.108 seconds
[2024-05-26T11:19:57.329+0000] {processor.py:161} INFO - Started process (PID=802) to work on /home/airflow/.local/lib/python3.12/site-packages/airflow/example_dags/example_external_task_marker_dag.py
[2024-05-26T11:19:57.330+0000] {processor.py:830} INFO - Processing file /home/airflow/.local/lib/python3.12/site-packages/airflow/example_dags/example_external_task_marker_dag.py for tasks to queue
[2024-05-26T11:19:57.332+0000] {logging_mixin.py:188} INFO - [2024-05-26T11:19:57.331+0000] {dagbag.py:545} INFO - Filling up the DagBag from /home/airflow/.local/lib/python3.12/site-packages/airflow/example_dags/example_external_task_marker_dag.py
[2024-05-26T11:19:57.336+0000] {processor.py:840} INFO - DAG(s) 'example_external_task_marker_parent', 'example_external_task_marker_child' retrieved from /home/airflow/.local/lib/python3.12/site-packages/airflow/example_dags/example_external_task_marker_dag.py
[2024-05-26T11:19:57.347+0000] {logging_mixin.py:188} INFO - [2024-05-26T11:19:57.347+0000] {dag.py:3096} INFO - Sync 2 DAGs
[2024-05-26T11:19:57.358+0000] {logging_mixin.py:188} INFO - [2024-05-26T11:19:57.357+0000] {dag.py:3954} INFO - Setting next_dagrun for example_external_task_marker_child to None, run_after=None
[2024-05-26T11:19:57.362+0000] {logging_mixin.py:188} INFO - [2024-05-26T11:19:57.362+0000] {dag.py:3954} INFO - Setting next_dagrun for example_external_task_marker_parent to None, run_after=None
[2024-05-26T11:19:57.376+0000] {processor.py:183} INFO - Processing /home/airflow/.local/lib/python3.12/site-packages/airflow/example_dags/example_external_task_marker_dag.py took 0.052 seconds
[2024-05-26T11:20:28.630+0000] {processor.py:161} INFO - Started process (PID=1070) to work on /home/airflow/.local/lib/python3.12/site-packages/airflow/example_dags/example_external_task_marker_dag.py
[2024-05-26T11:20:28.631+0000] {processor.py:830} INFO - Processing file /home/airflow/.local/lib/python3.12/site-packages/airflow/example_dags/example_external_task_marker_dag.py for tasks to queue
[2024-05-26T11:20:28.634+0000] {logging_mixin.py:188} INFO - [2024-05-26T11:20:28.634+0000] {dagbag.py:545} INFO - Filling up the DagBag from /home/airflow/.local/lib/python3.12/site-packages/airflow/example_dags/example_external_task_marker_dag.py
[2024-05-26T11:20:28.643+0000] {processor.py:840} INFO - DAG(s) 'example_external_task_marker_parent', 'example_external_task_marker_child' retrieved from /home/airflow/.local/lib/python3.12/site-packages/airflow/example_dags/example_external_task_marker_dag.py
[2024-05-26T11:20:28.783+0000] {logging_mixin.py:188} INFO - [2024-05-26T11:20:28.782+0000] {dag.py:3096} INFO - Sync 2 DAGs
[2024-05-26T11:20:28.795+0000] {logging_mixin.py:188} INFO - [2024-05-26T11:20:28.795+0000] {dag.py:3954} INFO - Setting next_dagrun for example_external_task_marker_child to None, run_after=None
[2024-05-26T11:20:28.800+0000] {logging_mixin.py:188} INFO - [2024-05-26T11:20:28.800+0000] {dag.py:3954} INFO - Setting next_dagrun for example_external_task_marker_parent to None, run_after=None
[2024-05-26T11:20:28.819+0000] {processor.py:183} INFO - Processing /home/airflow/.local/lib/python3.12/site-packages/airflow/example_dags/example_external_task_marker_dag.py took 0.197 seconds
[2024-05-26T11:20:58.946+0000] {processor.py:161} INFO - Started process (PID=1340) to work on /home/airflow/.local/lib/python3.12/site-packages/airflow/example_dags/example_external_task_marker_dag.py
[2024-05-26T11:20:58.948+0000] {processor.py:830} INFO - Processing file /home/airflow/.local/lib/python3.12/site-packages/airflow/example_dags/example_external_task_marker_dag.py for tasks to queue
[2024-05-26T11:20:58.950+0000] {logging_mixin.py:188} INFO - [2024-05-26T11:20:58.949+0000] {dagbag.py:545} INFO - Filling up the DagBag from /home/airflow/.local/lib/python3.12/site-packages/airflow/example_dags/example_external_task_marker_dag.py
[2024-05-26T11:20:58.954+0000] {processor.py:840} INFO - DAG(s) 'example_external_task_marker_child', 'example_external_task_marker_parent' retrieved from /home/airflow/.local/lib/python3.12/site-packages/airflow/example_dags/example_external_task_marker_dag.py
[2024-05-26T11:20:58.972+0000] {logging_mixin.py:188} INFO - [2024-05-26T11:20:58.972+0000] {dag.py:3096} INFO - Sync 2 DAGs
[2024-05-26T11:20:58.986+0000] {logging_mixin.py:188} INFO - [2024-05-26T11:20:58.985+0000] {dag.py:3954} INFO - Setting next_dagrun for example_external_task_marker_child to None, run_after=None
[2024-05-26T11:20:58.989+0000] {logging_mixin.py:188} INFO - [2024-05-26T11:20:58.989+0000] {dag.py:3954} INFO - Setting next_dagrun for example_external_task_marker_parent to None, run_after=None
[2024-05-26T11:20:59.004+0000] {processor.py:183} INFO - Processing /home/airflow/.local/lib/python3.12/site-packages/airflow/example_dags/example_external_task_marker_dag.py took 0.062 seconds
[2024-05-26T11:21:29.748+0000] {processor.py:161} INFO - Started process (PID=1606) to work on /home/airflow/.local/lib/python3.12/site-packages/airflow/example_dags/example_external_task_marker_dag.py
[2024-05-26T11:21:29.749+0000] {processor.py:830} INFO - Processing file /home/airflow/.local/lib/python3.12/site-packages/airflow/example_dags/example_external_task_marker_dag.py for tasks to queue
[2024-05-26T11:21:29.751+0000] {logging_mixin.py:188} INFO - [2024-05-26T11:21:29.751+0000] {dagbag.py:545} INFO - Filling up the DagBag from /home/airflow/.local/lib/python3.12/site-packages/airflow/example_dags/example_external_task_marker_dag.py
[2024-05-26T11:21:29.757+0000] {processor.py:840} INFO - DAG(s) 'example_external_task_marker_child', 'example_external_task_marker_parent' retrieved from /home/airflow/.local/lib/python3.12/site-packages/airflow/example_dags/example_external_task_marker_dag.py
[2024-05-26T11:21:29.779+0000] {logging_mixin.py:188} INFO - [2024-05-26T11:21:29.779+0000] {dag.py:3096} INFO - Sync 2 DAGs
[2024-05-26T11:21:29.793+0000] {logging_mixin.py:188} INFO - [2024-05-26T11:21:29.793+0000] {dag.py:3954} INFO - Setting next_dagrun for example_external_task_marker_child to None, run_after=None
[2024-05-26T11:21:29.797+0000] {logging_mixin.py:188} INFO - [2024-05-26T11:21:29.797+0000] {dag.py:3954} INFO - Setting next_dagrun for example_external_task_marker_parent to None, run_after=None
[2024-05-26T11:21:29.812+0000] {processor.py:183} INFO - Processing /home/airflow/.local/lib/python3.12/site-packages/airflow/example_dags/example_external_task_marker_dag.py took 0.071 seconds
[2024-05-26T11:22:00.488+0000] {processor.py:161} INFO - Started process (PID=1874) to work on /home/airflow/.local/lib/python3.12/site-packages/airflow/example_dags/example_external_task_marker_dag.py
[2024-05-26T11:22:00.490+0000] {processor.py:830} INFO - Processing file /home/airflow/.local/lib/python3.12/site-packages/airflow/example_dags/example_external_task_marker_dag.py for tasks to queue
[2024-05-26T11:22:00.492+0000] {logging_mixin.py:188} INFO - [2024-05-26T11:22:00.492+0000] {dagbag.py:545} INFO - Filling up the DagBag from /home/airflow/.local/lib/python3.12/site-packages/airflow/example_dags/example_external_task_marker_dag.py
[2024-05-26T11:22:00.498+0000] {processor.py:840} INFO - DAG(s) 'example_external_task_marker_parent', 'example_external_task_marker_child' retrieved from /home/airflow/.local/lib/python3.12/site-packages/airflow/example_dags/example_external_task_marker_dag.py
[2024-05-26T11:22:00.527+0000] {logging_mixin.py:188} INFO - [2024-05-26T11:22:00.526+0000] {dag.py:3096} INFO - Sync 2 DAGs
[2024-05-26T11:22:00.541+0000] {logging_mixin.py:188} INFO - [2024-05-26T11:22:00.541+0000] {dag.py:3954} INFO - Setting next_dagrun for example_external_task_marker_child to None, run_after=None
[2024-05-26T11:22:00.546+0000] {logging_mixin.py:188} INFO - [2024-05-26T11:22:00.545+0000] {dag.py:3954} INFO - Setting next_dagrun for example_external_task_marker_parent to None, run_after=None
[2024-05-26T11:22:00.563+0000] {processor.py:183} INFO - Processing /home/airflow/.local/lib/python3.12/site-packages/airflow/example_dags/example_external_task_marker_dag.py took 0.080 seconds
[2024-05-26T11:22:31.248+0000] {processor.py:161} INFO - Started process (PID=2142) to work on /home/airflow/.local/lib/python3.12/site-packages/airflow/example_dags/example_external_task_marker_dag.py
[2024-05-26T11:22:31.249+0000] {processor.py:830} INFO - Processing file /home/airflow/.local/lib/python3.12/site-packages/airflow/example_dags/example_external_task_marker_dag.py for tasks to queue
[2024-05-26T11:22:31.251+0000] {logging_mixin.py:188} INFO - [2024-05-26T11:22:31.251+0000] {dagbag.py:545} INFO - Filling up the DagBag from /home/airflow/.local/lib/python3.12/site-packages/airflow/example_dags/example_external_task_marker_dag.py
[2024-05-26T11:22:31.258+0000] {processor.py:840} INFO - DAG(s) 'example_external_task_marker_parent', 'example_external_task_marker_child' retrieved from /home/airflow/.local/lib/python3.12/site-packages/airflow/example_dags/example_external_task_marker_dag.py
[2024-05-26T11:22:31.289+0000] {logging_mixin.py:188} INFO - [2024-05-26T11:22:31.289+0000] {dag.py:3096} INFO - Sync 2 DAGs
[2024-05-26T11:22:31.305+0000] {logging_mixin.py:188} INFO - [2024-05-26T11:22:31.304+0000] {dag.py:3954} INFO - Setting next_dagrun for example_external_task_marker_child to None, run_after=None
[2024-05-26T11:22:31.309+0000] {logging_mixin.py:188} INFO - [2024-05-26T11:22:31.309+0000] {dag.py:3954} INFO - Setting next_dagrun for example_external_task_marker_parent to None, run_after=None
[2024-05-26T11:22:31.335+0000] {processor.py:183} INFO - Processing /home/airflow/.local/lib/python3.12/site-packages/airflow/example_dags/example_external_task_marker_dag.py took 0.092 seconds
[2024-05-26T11:23:02.359+0000] {processor.py:161} INFO - Started process (PID=2412) to work on /home/airflow/.local/lib/python3.12/site-packages/airflow/example_dags/example_external_task_marker_dag.py
[2024-05-26T11:23:02.360+0000] {processor.py:830} INFO - Processing file /home/airflow/.local/lib/python3.12/site-packages/airflow/example_dags/example_external_task_marker_dag.py for tasks to queue
[2024-05-26T11:23:02.362+0000] {logging_mixin.py:188} INFO - [2024-05-26T11:23:02.362+0000] {dagbag.py:545} INFO - Filling up the DagBag from /home/airflow/.local/lib/python3.12/site-packages/airflow/example_dags/example_external_task_marker_dag.py
[2024-05-26T11:23:02.369+0000] {processor.py:840} INFO - DAG(s) 'example_external_task_marker_child', 'example_external_task_marker_parent' retrieved from /home/airflow/.local/lib/python3.12/site-packages/airflow/example_dags/example_external_task_marker_dag.py
[2024-05-26T11:23:02.391+0000] {logging_mixin.py:188} INFO - [2024-05-26T11:23:02.391+0000] {dag.py:3096} INFO - Sync 2 DAGs
[2024-05-26T11:23:02.402+0000] {logging_mixin.py:188} INFO - [2024-05-26T11:23:02.402+0000] {dag.py:3954} INFO - Setting next_dagrun for example_external_task_marker_child to None, run_after=None
[2024-05-26T11:23:02.405+0000] {logging_mixin.py:188} INFO - [2024-05-26T11:23:02.405+0000] {dag.py:3954} INFO - Setting next_dagrun for example_external_task_marker_parent to None, run_after=None
[2024-05-26T11:23:02.422+0000] {processor.py:183} INFO - Processing /home/airflow/.local/lib/python3.12/site-packages/airflow/example_dags/example_external_task_marker_dag.py took 0.068 seconds
[2024-05-26T11:23:33.511+0000] {processor.py:161} INFO - Started process (PID=2684) to work on /home/airflow/.local/lib/python3.12/site-packages/airflow/example_dags/example_external_task_marker_dag.py
[2024-05-26T11:23:33.512+0000] {processor.py:830} INFO - Processing file /home/airflow/.local/lib/python3.12/site-packages/airflow/example_dags/example_external_task_marker_dag.py for tasks to queue
[2024-05-26T11:23:33.514+0000] {logging_mixin.py:188} INFO - [2024-05-26T11:23:33.514+0000] {dagbag.py:545} INFO - Filling up the DagBag from /home/airflow/.local/lib/python3.12/site-packages/airflow/example_dags/example_external_task_marker_dag.py
[2024-05-26T11:23:33.520+0000] {processor.py:840} INFO - DAG(s) 'example_external_task_marker_child', 'example_external_task_marker_parent' retrieved from /home/airflow/.local/lib/python3.12/site-packages/airflow/example_dags/example_external_task_marker_dag.py
[2024-05-26T11:23:33.542+0000] {logging_mixin.py:188} INFO - [2024-05-26T11:23:33.542+0000] {dag.py:3096} INFO - Sync 2 DAGs
[2024-05-26T11:23:33.557+0000] {logging_mixin.py:188} INFO - [2024-05-26T11:23:33.557+0000] {dag.py:3954} INFO - Setting next_dagrun for example_external_task_marker_child to None, run_after=None
[2024-05-26T11:23:33.561+0000] {logging_mixin.py:188} INFO - [2024-05-26T11:23:33.560+0000] {dag.py:3954} INFO - Setting next_dagrun for example_external_task_marker_parent to None, run_after=None
[2024-05-26T11:23:33.578+0000] {processor.py:183} INFO - Processing /home/airflow/.local/lib/python3.12/site-packages/airflow/example_dags/example_external_task_marker_dag.py took 0.073 seconds
[2024-05-26T11:24:03.964+0000] {processor.py:161} INFO - Started process (PID=2954) to work on /home/airflow/.local/lib/python3.12/site-packages/airflow/example_dags/example_external_task_marker_dag.py
[2024-05-26T11:24:03.965+0000] {processor.py:830} INFO - Processing file /home/airflow/.local/lib/python3.12/site-packages/airflow/example_dags/example_external_task_marker_dag.py for tasks to queue
[2024-05-26T11:24:03.967+0000] {logging_mixin.py:188} INFO - [2024-05-26T11:24:03.967+0000] {dagbag.py:545} INFO - Filling up the DagBag from /home/airflow/.local/lib/python3.12/site-packages/airflow/example_dags/example_external_task_marker_dag.py
[2024-05-26T11:24:03.973+0000] {processor.py:840} INFO - DAG(s) 'example_external_task_marker_parent', 'example_external_task_marker_child' retrieved from /home/airflow/.local/lib/python3.12/site-packages/airflow/example_dags/example_external_task_marker_dag.py
[2024-05-26T11:24:03.999+0000] {logging_mixin.py:188} INFO - [2024-05-26T11:24:03.999+0000] {dag.py:3096} INFO - Sync 2 DAGs
[2024-05-26T11:24:04.015+0000] {logging_mixin.py:188} INFO - [2024-05-26T11:24:04.015+0000] {dag.py:3954} INFO - Setting next_dagrun for example_external_task_marker_child to None, run_after=None
[2024-05-26T11:24:04.020+0000] {logging_mixin.py:188} INFO - [2024-05-26T11:24:04.020+0000] {dag.py:3954} INFO - Setting next_dagrun for example_external_task_marker_parent to None, run_after=None
[2024-05-26T11:24:04.039+0000] {processor.py:183} INFO - Processing /home/airflow/.local/lib/python3.12/site-packages/airflow/example_dags/example_external_task_marker_dag.py took 0.080 seconds
[2024-05-26T11:24:35.008+0000] {processor.py:161} INFO - Started process (PID=3220) to work on /home/airflow/.local/lib/python3.12/site-packages/airflow/example_dags/example_external_task_marker_dag.py
[2024-05-26T11:24:35.009+0000] {processor.py:830} INFO - Processing file /home/airflow/.local/lib/python3.12/site-packages/airflow/example_dags/example_external_task_marker_dag.py for tasks to queue
[2024-05-26T11:24:35.011+0000] {logging_mixin.py:188} INFO - [2024-05-26T11:24:35.011+0000] {dagbag.py:545} INFO - Filling up the DagBag from /home/airflow/.local/lib/python3.12/site-packages/airflow/example_dags/example_external_task_marker_dag.py
[2024-05-26T11:24:35.018+0000] {processor.py:840} INFO - DAG(s) 'example_external_task_marker_child', 'example_external_task_marker_parent' retrieved from /home/airflow/.local/lib/python3.12/site-packages/airflow/example_dags/example_external_task_marker_dag.py
[2024-05-26T11:24:35.054+0000] {logging_mixin.py:188} INFO - [2024-05-26T11:24:35.054+0000] {dag.py:3096} INFO - Sync 2 DAGs
[2024-05-26T11:24:35.068+0000] {logging_mixin.py:188} INFO - [2024-05-26T11:24:35.067+0000] {dag.py:3954} INFO - Setting next_dagrun for example_external_task_marker_child to None, run_after=None
[2024-05-26T11:24:35.072+0000] {logging_mixin.py:188} INFO - [2024-05-26T11:24:35.072+0000] {dag.py:3954} INFO - Setting next_dagrun for example_external_task_marker_parent to None, run_after=None
[2024-05-26T11:24:35.093+0000] {processor.py:183} INFO - Processing /home/airflow/.local/lib/python3.12/site-packages/airflow/example_dags/example_external_task_marker_dag.py took 0.091 seconds
[2024-05-26T11:25:05.189+0000] {processor.py:161} INFO - Started process (PID=3484) to work on /home/airflow/.local/lib/python3.12/site-packages/airflow/example_dags/example_external_task_marker_dag.py
[2024-05-26T11:25:05.190+0000] {processor.py:830} INFO - Processing file /home/airflow/.local/lib/python3.12/site-packages/airflow/example_dags/example_external_task_marker_dag.py for tasks to queue
[2024-05-26T11:25:05.192+0000] {logging_mixin.py:188} INFO - [2024-05-26T11:25:05.192+0000] {dagbag.py:545} INFO - Filling up the DagBag from /home/airflow/.local/lib/python3.12/site-packages/airflow/example_dags/example_external_task_marker_dag.py
[2024-05-26T11:25:05.199+0000] {processor.py:840} INFO - DAG(s) 'example_external_task_marker_parent', 'example_external_task_marker_child' retrieved from /home/airflow/.local/lib/python3.12/site-packages/airflow/example_dags/example_external_task_marker_dag.py
[2024-05-26T11:25:05.223+0000] {logging_mixin.py:188} INFO - [2024-05-26T11:25:05.222+0000] {dag.py:3096} INFO - Sync 2 DAGs
[2024-05-26T11:25:05.237+0000] {logging_mixin.py:188} INFO - [2024-05-26T11:25:05.236+0000] {dag.py:3954} INFO - Setting next_dagrun for example_external_task_marker_child to None, run_after=None
[2024-05-26T11:25:05.241+0000] {logging_mixin.py:188} INFO - [2024-05-26T11:25:05.241+0000] {dag.py:3954} INFO - Setting next_dagrun for example_external_task_marker_parent to None, run_after=None
[2024-05-26T11:25:05.261+0000] {processor.py:183} INFO - Processing /home/airflow/.local/lib/python3.12/site-packages/airflow/example_dags/example_external_task_marker_dag.py took 0.079 seconds
[2024-05-26T11:25:35.493+0000] {processor.py:161} INFO - Started process (PID=3752) to work on /home/airflow/.local/lib/python3.12/site-packages/airflow/example_dags/example_external_task_marker_dag.py
[2024-05-26T11:25:35.495+0000] {processor.py:830} INFO - Processing file /home/airflow/.local/lib/python3.12/site-packages/airflow/example_dags/example_external_task_marker_dag.py for tasks to queue
[2024-05-26T11:25:35.498+0000] {logging_mixin.py:188} INFO - [2024-05-26T11:25:35.498+0000] {dagbag.py:545} INFO - Filling up the DagBag from /home/airflow/.local/lib/python3.12/site-packages/airflow/example_dags/example_external_task_marker_dag.py
[2024-05-26T11:25:35.507+0000] {processor.py:840} INFO - DAG(s) 'example_external_task_marker_parent', 'example_external_task_marker_child' retrieved from /home/airflow/.local/lib/python3.12/site-packages/airflow/example_dags/example_external_task_marker_dag.py
[2024-05-26T11:25:35.539+0000] {logging_mixin.py:188} INFO - [2024-05-26T11:25:35.539+0000] {dag.py:3096} INFO - Sync 2 DAGs
[2024-05-26T11:25:35.555+0000] {logging_mixin.py:188} INFO - [2024-05-26T11:25:35.554+0000] {dag.py:3954} INFO - Setting next_dagrun for example_external_task_marker_child to None, run_after=None
[2024-05-26T11:25:35.561+0000] {logging_mixin.py:188} INFO - [2024-05-26T11:25:35.560+0000] {dag.py:3954} INFO - Setting next_dagrun for example_external_task_marker_parent to None, run_after=None
[2024-05-26T11:25:35.582+0000] {processor.py:183} INFO - Processing /home/airflow/.local/lib/python3.12/site-packages/airflow/example_dags/example_external_task_marker_dag.py took 0.097 seconds
[2024-05-26T11:26:05.884+0000] {processor.py:161} INFO - Started process (PID=4020) to work on /home/airflow/.local/lib/python3.12/site-packages/airflow/example_dags/example_external_task_marker_dag.py
[2024-05-26T11:26:05.886+0000] {processor.py:830} INFO - Processing file /home/airflow/.local/lib/python3.12/site-packages/airflow/example_dags/example_external_task_marker_dag.py for tasks to queue
[2024-05-26T11:26:05.888+0000] {logging_mixin.py:188} INFO - [2024-05-26T11:26:05.888+0000] {dagbag.py:545} INFO - Filling up the DagBag from /home/airflow/.local/lib/python3.12/site-packages/airflow/example_dags/example_external_task_marker_dag.py
[2024-05-26T11:26:05.894+0000] {processor.py:840} INFO - DAG(s) 'example_external_task_marker_child', 'example_external_task_marker_parent' retrieved from /home/airflow/.local/lib/python3.12/site-packages/airflow/example_dags/example_external_task_marker_dag.py
[2024-05-26T11:26:05.915+0000] {logging_mixin.py:188} INFO - [2024-05-26T11:26:05.915+0000] {dag.py:3096} INFO - Sync 2 DAGs
[2024-05-26T11:26:05.927+0000] {logging_mixin.py:188} INFO - [2024-05-26T11:26:05.927+0000] {dag.py:3954} INFO - Setting next_dagrun for example_external_task_marker_child to None, run_after=None
[2024-05-26T11:26:05.931+0000] {logging_mixin.py:188} INFO - [2024-05-26T11:26:05.931+0000] {dag.py:3954} INFO - Setting next_dagrun for example_external_task_marker_parent to None, run_after=None
[2024-05-26T11:26:05.949+0000] {processor.py:183} INFO - Processing /home/airflow/.local/lib/python3.12/site-packages/airflow/example_dags/example_external_task_marker_dag.py took 0.070 seconds
[2024-05-26T11:26:36.103+0000] {processor.py:161} INFO - Started process (PID=4288) to work on /home/airflow/.local/lib/python3.12/site-packages/airflow/example_dags/example_external_task_marker_dag.py
[2024-05-26T11:26:36.104+0000] {processor.py:830} INFO - Processing file /home/airflow/.local/lib/python3.12/site-packages/airflow/example_dags/example_external_task_marker_dag.py for tasks to queue
[2024-05-26T11:26:36.106+0000] {logging_mixin.py:188} INFO - [2024-05-26T11:26:36.106+0000] {dagbag.py:545} INFO - Filling up the DagBag from /home/airflow/.local/lib/python3.12/site-packages/airflow/example_dags/example_external_task_marker_dag.py
[2024-05-26T11:26:36.112+0000] {processor.py:840} INFO - DAG(s) 'example_external_task_marker_parent', 'example_external_task_marker_child' retrieved from /home/airflow/.local/lib/python3.12/site-packages/airflow/example_dags/example_external_task_marker_dag.py
[2024-05-26T11:26:36.135+0000] {logging_mixin.py:188} INFO - [2024-05-26T11:26:36.135+0000] {dag.py:3096} INFO - Sync 2 DAGs
[2024-05-26T11:26:36.151+0000] {logging_mixin.py:188} INFO - [2024-05-26T11:26:36.151+0000] {dag.py:3954} INFO - Setting next_dagrun for example_external_task_marker_child to None, run_after=None
[2024-05-26T11:26:36.155+0000] {logging_mixin.py:188} INFO - [2024-05-26T11:26:36.155+0000] {dag.py:3954} INFO - Setting next_dagrun for example_external_task_marker_parent to None, run_after=None
[2024-05-26T11:26:36.175+0000] {processor.py:183} INFO - Processing /home/airflow/.local/lib/python3.12/site-packages/airflow/example_dags/example_external_task_marker_dag.py took 0.079 seconds
[2024-05-26T11:27:06.695+0000] {processor.py:161} INFO - Started process (PID=4554) to work on /home/airflow/.local/lib/python3.12/site-packages/airflow/example_dags/example_external_task_marker_dag.py
[2024-05-26T11:27:06.698+0000] {processor.py:830} INFO - Processing file /home/airflow/.local/lib/python3.12/site-packages/airflow/example_dags/example_external_task_marker_dag.py for tasks to queue
[2024-05-26T11:27:06.703+0000] {logging_mixin.py:188} INFO - [2024-05-26T11:27:06.703+0000] {dagbag.py:545} INFO - Filling up the DagBag from /home/airflow/.local/lib/python3.12/site-packages/airflow/example_dags/example_external_task_marker_dag.py
[2024-05-26T11:27:06.726+0000] {processor.py:840} INFO - DAG(s) 'example_external_task_marker_child', 'example_external_task_marker_parent' retrieved from /home/airflow/.local/lib/python3.12/site-packages/airflow/example_dags/example_external_task_marker_dag.py
[2024-05-26T11:27:06.805+0000] {logging_mixin.py:188} INFO - [2024-05-26T11:27:06.804+0000] {dag.py:3096} INFO - Sync 2 DAGs
[2024-05-26T11:27:06.850+0000] {logging_mixin.py:188} INFO - [2024-05-26T11:27:06.850+0000] {dag.py:3954} INFO - Setting next_dagrun for example_external_task_marker_child to None, run_after=None
[2024-05-26T11:27:06.865+0000] {logging_mixin.py:188} INFO - [2024-05-26T11:27:06.865+0000] {dag.py:3954} INFO - Setting next_dagrun for example_external_task_marker_parent to None, run_after=None
[2024-05-26T11:27:06.926+0000] {processor.py:183} INFO - Processing /home/airflow/.local/lib/python3.12/site-packages/airflow/example_dags/example_external_task_marker_dag.py took 0.246 seconds
[2024-05-26T11:27:37.153+0000] {processor.py:161} INFO - Started process (PID=4822) to work on /home/airflow/.local/lib/python3.12/site-packages/airflow/example_dags/example_external_task_marker_dag.py
[2024-05-26T11:27:37.154+0000] {processor.py:830} INFO - Processing file /home/airflow/.local/lib/python3.12/site-packages/airflow/example_dags/example_external_task_marker_dag.py for tasks to queue
[2024-05-26T11:27:37.156+0000] {logging_mixin.py:188} INFO - [2024-05-26T11:27:37.155+0000] {dagbag.py:545} INFO - Filling up the DagBag from /home/airflow/.local/lib/python3.12/site-packages/airflow/example_dags/example_external_task_marker_dag.py
[2024-05-26T11:27:37.161+0000] {processor.py:840} INFO - DAG(s) 'example_external_task_marker_parent', 'example_external_task_marker_child' retrieved from /home/airflow/.local/lib/python3.12/site-packages/airflow/example_dags/example_external_task_marker_dag.py
[2024-05-26T11:27:37.182+0000] {logging_mixin.py:188} INFO - [2024-05-26T11:27:37.182+0000] {dag.py:3096} INFO - Sync 2 DAGs
[2024-05-26T11:27:37.193+0000] {logging_mixin.py:188} INFO - [2024-05-26T11:27:37.193+0000] {dag.py:3954} INFO - Setting next_dagrun for example_external_task_marker_child to None, run_after=None
[2024-05-26T11:27:37.197+0000] {logging_mixin.py:188} INFO - [2024-05-26T11:27:37.197+0000] {dag.py:3954} INFO - Setting next_dagrun for example_external_task_marker_parent to None, run_after=None
[2024-05-26T11:27:37.215+0000] {processor.py:183} INFO - Processing /home/airflow/.local/lib/python3.12/site-packages/airflow/example_dags/example_external_task_marker_dag.py took 0.068 seconds
[2024-05-26T11:28:07.512+0000] {processor.py:161} INFO - Started process (PID=5090) to work on /home/airflow/.local/lib/python3.12/site-packages/airflow/example_dags/example_external_task_marker_dag.py
[2024-05-26T11:28:07.514+0000] {processor.py:830} INFO - Processing file /home/airflow/.local/lib/python3.12/site-packages/airflow/example_dags/example_external_task_marker_dag.py for tasks to queue
[2024-05-26T11:28:07.517+0000] {logging_mixin.py:188} INFO - [2024-05-26T11:28:07.516+0000] {dagbag.py:545} INFO - Filling up the DagBag from /home/airflow/.local/lib/python3.12/site-packages/airflow/example_dags/example_external_task_marker_dag.py
[2024-05-26T11:28:07.525+0000] {processor.py:840} INFO - DAG(s) 'example_external_task_marker_parent', 'example_external_task_marker_child' retrieved from /home/airflow/.local/lib/python3.12/site-packages/airflow/example_dags/example_external_task_marker_dag.py
[2024-05-26T11:28:07.557+0000] {logging_mixin.py:188} INFO - [2024-05-26T11:28:07.556+0000] {dag.py:3096} INFO - Sync 2 DAGs
[2024-05-26T11:28:07.574+0000] {logging_mixin.py:188} INFO - [2024-05-26T11:28:07.574+0000] {dag.py:3954} INFO - Setting next_dagrun for example_external_task_marker_child to None, run_after=None
[2024-05-26T11:28:07.580+0000] {logging_mixin.py:188} INFO - [2024-05-26T11:28:07.579+0000] {dag.py:3954} INFO - Setting next_dagrun for example_external_task_marker_parent to None, run_after=None
[2024-05-26T11:28:07.603+0000] {processor.py:183} INFO - Processing /home/airflow/.local/lib/python3.12/site-packages/airflow/example_dags/example_external_task_marker_dag.py took 0.098 seconds
[2024-05-26T11:28:37.726+0000] {processor.py:161} INFO - Started process (PID=5358) to work on /home/airflow/.local/lib/python3.12/site-packages/airflow/example_dags/example_external_task_marker_dag.py
[2024-05-26T11:28:37.727+0000] {processor.py:830} INFO - Processing file /home/airflow/.local/lib/python3.12/site-packages/airflow/example_dags/example_external_task_marker_dag.py for tasks to queue
[2024-05-26T11:28:37.730+0000] {logging_mixin.py:188} INFO - [2024-05-26T11:28:37.729+0000] {dagbag.py:545} INFO - Filling up the DagBag from /home/airflow/.local/lib/python3.12/site-packages/airflow/example_dags/example_external_task_marker_dag.py
[2024-05-26T11:28:37.736+0000] {processor.py:840} INFO - DAG(s) 'example_external_task_marker_child', 'example_external_task_marker_parent' retrieved from /home/airflow/.local/lib/python3.12/site-packages/airflow/example_dags/example_external_task_marker_dag.py
[2024-05-26T11:28:37.759+0000] {logging_mixin.py:188} INFO - [2024-05-26T11:28:37.759+0000] {dag.py:3096} INFO - Sync 2 DAGs
[2024-05-26T11:28:37.771+0000] {logging_mixin.py:188} INFO - [2024-05-26T11:28:37.771+0000] {dag.py:3954} INFO - Setting next_dagrun for example_external_task_marker_child to None, run_after=None
[2024-05-26T11:28:37.776+0000] {logging_mixin.py:188} INFO - [2024-05-26T11:28:37.775+0000] {dag.py:3954} INFO - Setting next_dagrun for example_external_task_marker_parent to None, run_after=None
[2024-05-26T11:28:37.796+0000] {processor.py:183} INFO - Processing /home/airflow/.local/lib/python3.12/site-packages/airflow/example_dags/example_external_task_marker_dag.py took 0.075 seconds
[2024-05-26T11:29:07.850+0000] {processor.py:161} INFO - Started process (PID=5621) to work on /home/airflow/.local/lib/python3.12/site-packages/airflow/example_dags/example_external_task_marker_dag.py
[2024-05-26T11:29:07.852+0000] {processor.py:830} INFO - Processing file /home/airflow/.local/lib/python3.12/site-packages/airflow/example_dags/example_external_task_marker_dag.py for tasks to queue
[2024-05-26T11:29:07.854+0000] {logging_mixin.py:188} INFO - [2024-05-26T11:29:07.854+0000] {dagbag.py:545} INFO - Filling up the DagBag from /home/airflow/.local/lib/python3.12/site-packages/airflow/example_dags/example_external_task_marker_dag.py
[2024-05-26T11:29:07.861+0000] {processor.py:840} INFO - DAG(s) 'example_external_task_marker_parent', 'example_external_task_marker_child' retrieved from /home/airflow/.local/lib/python3.12/site-packages/airflow/example_dags/example_external_task_marker_dag.py
[2024-05-26T11:29:07.888+0000] {logging_mixin.py:188} INFO - [2024-05-26T11:29:07.888+0000] {dag.py:3096} INFO - Sync 2 DAGs
[2024-05-26T11:29:07.903+0000] {logging_mixin.py:188} INFO - [2024-05-26T11:29:07.903+0000] {dag.py:3954} INFO - Setting next_dagrun for example_external_task_marker_child to None, run_after=None
[2024-05-26T11:29:07.908+0000] {logging_mixin.py:188} INFO - [2024-05-26T11:29:07.907+0000] {dag.py:3954} INFO - Setting next_dagrun for example_external_task_marker_parent to None, run_after=None
[2024-05-26T11:29:07.930+0000] {processor.py:183} INFO - Processing /home/airflow/.local/lib/python3.12/site-packages/airflow/example_dags/example_external_task_marker_dag.py took 0.085 seconds
[2024-05-26T11:29:38.701+0000] {processor.py:161} INFO - Started process (PID=5894) to work on /home/airflow/.local/lib/python3.12/site-packages/airflow/example_dags/example_external_task_marker_dag.py
[2024-05-26T11:29:38.702+0000] {processor.py:830} INFO - Processing file /home/airflow/.local/lib/python3.12/site-packages/airflow/example_dags/example_external_task_marker_dag.py for tasks to queue
[2024-05-26T11:29:38.705+0000] {logging_mixin.py:188} INFO - [2024-05-26T11:29:38.704+0000] {dagbag.py:545} INFO - Filling up the DagBag from /home/airflow/.local/lib/python3.12/site-packages/airflow/example_dags/example_external_task_marker_dag.py
[2024-05-26T11:29:38.711+0000] {processor.py:840} INFO - DAG(s) 'example_external_task_marker_child', 'example_external_task_marker_parent' retrieved from /home/airflow/.local/lib/python3.12/site-packages/airflow/example_dags/example_external_task_marker_dag.py
[2024-05-26T11:29:38.735+0000] {logging_mixin.py:188} INFO - [2024-05-26T11:29:38.734+0000] {dag.py:3096} INFO - Sync 2 DAGs
[2024-05-26T11:29:38.748+0000] {logging_mixin.py:188} INFO - [2024-05-26T11:29:38.748+0000] {dag.py:3954} INFO - Setting next_dagrun for example_external_task_marker_child to None, run_after=None
[2024-05-26T11:29:38.753+0000] {logging_mixin.py:188} INFO - [2024-05-26T11:29:38.752+0000] {dag.py:3954} INFO - Setting next_dagrun for example_external_task_marker_parent to None, run_after=None
[2024-05-26T11:29:38.771+0000] {processor.py:183} INFO - Processing /home/airflow/.local/lib/python3.12/site-packages/airflow/example_dags/example_external_task_marker_dag.py took 0.076 seconds
[2024-05-26T11:30:09.389+0000] {processor.py:161} INFO - Started process (PID=6162) to work on /home/airflow/.local/lib/python3.12/site-packages/airflow/example_dags/example_external_task_marker_dag.py
[2024-05-26T11:30:09.391+0000] {processor.py:830} INFO - Processing file /home/airflow/.local/lib/python3.12/site-packages/airflow/example_dags/example_external_task_marker_dag.py for tasks to queue
[2024-05-26T11:30:09.395+0000] {logging_mixin.py:188} INFO - [2024-05-26T11:30:09.394+0000] {dagbag.py:545} INFO - Filling up the DagBag from /home/airflow/.local/lib/python3.12/site-packages/airflow/example_dags/example_external_task_marker_dag.py
[2024-05-26T11:30:09.408+0000] {processor.py:840} INFO - DAG(s) 'example_external_task_marker_child', 'example_external_task_marker_parent' retrieved from /home/airflow/.local/lib/python3.12/site-packages/airflow/example_dags/example_external_task_marker_dag.py
[2024-05-26T11:30:09.638+0000] {logging_mixin.py:188} INFO - [2024-05-26T11:30:09.637+0000] {dag.py:3096} INFO - Sync 2 DAGs
[2024-05-26T11:30:09.655+0000] {logging_mixin.py:188} INFO - [2024-05-26T11:30:09.655+0000] {dag.py:3954} INFO - Setting next_dagrun for example_external_task_marker_child to None, run_after=None
[2024-05-26T11:30:09.661+0000] {logging_mixin.py:188} INFO - [2024-05-26T11:30:09.660+0000] {dag.py:3954} INFO - Setting next_dagrun for example_external_task_marker_parent to None, run_after=None
[2024-05-26T11:30:09.687+0000] {processor.py:183} INFO - Processing /home/airflow/.local/lib/python3.12/site-packages/airflow/example_dags/example_external_task_marker_dag.py took 0.310 seconds
[2024-05-26T11:30:40.782+0000] {processor.py:161} INFO - Started process (PID=6432) to work on /home/airflow/.local/lib/python3.12/site-packages/airflow/example_dags/example_external_task_marker_dag.py
[2024-05-26T11:30:40.784+0000] {processor.py:830} INFO - Processing file /home/airflow/.local/lib/python3.12/site-packages/airflow/example_dags/example_external_task_marker_dag.py for tasks to queue
[2024-05-26T11:30:40.786+0000] {logging_mixin.py:188} INFO - [2024-05-26T11:30:40.786+0000] {dagbag.py:545} INFO - Filling up the DagBag from /home/airflow/.local/lib/python3.12/site-packages/airflow/example_dags/example_external_task_marker_dag.py
[2024-05-26T11:30:40.794+0000] {processor.py:840} INFO - DAG(s) 'example_external_task_marker_child', 'example_external_task_marker_parent' retrieved from /home/airflow/.local/lib/python3.12/site-packages/airflow/example_dags/example_external_task_marker_dag.py
[2024-05-26T11:30:40.821+0000] {logging_mixin.py:188} INFO - [2024-05-26T11:30:40.821+0000] {dag.py:3096} INFO - Sync 2 DAGs
[2024-05-26T11:30:40.975+0000] {logging_mixin.py:188} INFO - [2024-05-26T11:30:40.975+0000] {dag.py:3954} INFO - Setting next_dagrun for example_external_task_marker_child to None, run_after=None
[2024-05-26T11:30:40.981+0000] {logging_mixin.py:188} INFO - [2024-05-26T11:30:40.981+0000] {dag.py:3954} INFO - Setting next_dagrun for example_external_task_marker_parent to None, run_after=None
[2024-05-26T11:30:41.001+0000] {processor.py:183} INFO - Processing /home/airflow/.local/lib/python3.12/site-packages/airflow/example_dags/example_external_task_marker_dag.py took 0.226 seconds
[2024-05-26T11:31:11.364+0000] {processor.py:161} INFO - Started process (PID=6698) to work on /home/airflow/.local/lib/python3.12/site-packages/airflow/example_dags/example_external_task_marker_dag.py
[2024-05-26T11:31:11.365+0000] {processor.py:830} INFO - Processing file /home/airflow/.local/lib/python3.12/site-packages/airflow/example_dags/example_external_task_marker_dag.py for tasks to queue
[2024-05-26T11:31:11.367+0000] {logging_mixin.py:188} INFO - [2024-05-26T11:31:11.367+0000] {dagbag.py:545} INFO - Filling up the DagBag from /home/airflow/.local/lib/python3.12/site-packages/airflow/example_dags/example_external_task_marker_dag.py
[2024-05-26T11:31:11.373+0000] {processor.py:840} INFO - DAG(s) 'example_external_task_marker_parent', 'example_external_task_marker_child' retrieved from /home/airflow/.local/lib/python3.12/site-packages/airflow/example_dags/example_external_task_marker_dag.py
[2024-05-26T11:31:11.395+0000] {logging_mixin.py:188} INFO - [2024-05-26T11:31:11.395+0000] {dag.py:3096} INFO - Sync 2 DAGs
[2024-05-26T11:31:11.407+0000] {logging_mixin.py:188} INFO - [2024-05-26T11:31:11.407+0000] {dag.py:3954} INFO - Setting next_dagrun for example_external_task_marker_child to None, run_after=None
[2024-05-26T11:31:11.410+0000] {logging_mixin.py:188} INFO - [2024-05-26T11:31:11.410+0000] {dag.py:3954} INFO - Setting next_dagrun for example_external_task_marker_parent to None, run_after=None
[2024-05-26T11:31:11.446+0000] {processor.py:183} INFO - Processing /home/airflow/.local/lib/python3.12/site-packages/airflow/example_dags/example_external_task_marker_dag.py took 0.086 seconds
[2024-05-26T11:31:43.241+0000] {processor.py:161} INFO - Started process (PID=6966) to work on /home/airflow/.local/lib/python3.12/site-packages/airflow/example_dags/example_external_task_marker_dag.py
[2024-05-26T11:31:43.242+0000] {processor.py:830} INFO - Processing file /home/airflow/.local/lib/python3.12/site-packages/airflow/example_dags/example_external_task_marker_dag.py for tasks to queue
[2024-05-26T11:31:43.245+0000] {logging_mixin.py:188} INFO - [2024-05-26T11:31:43.244+0000] {dagbag.py:545} INFO - Filling up the DagBag from /home/airflow/.local/lib/python3.12/site-packages/airflow/example_dags/example_external_task_marker_dag.py
[2024-05-26T11:31:43.254+0000] {processor.py:840} INFO - DAG(s) 'example_external_task_marker_parent', 'example_external_task_marker_child' retrieved from /home/airflow/.local/lib/python3.12/site-packages/airflow/example_dags/example_external_task_marker_dag.py
[2024-05-26T11:31:43.280+0000] {logging_mixin.py:188} INFO - [2024-05-26T11:31:43.280+0000] {dag.py:3096} INFO - Sync 2 DAGs
[2024-05-26T11:31:43.298+0000] {logging_mixin.py:188} INFO - [2024-05-26T11:31:43.297+0000] {dag.py:3954} INFO - Setting next_dagrun for example_external_task_marker_child to None, run_after=None
[2024-05-26T11:31:43.302+0000] {logging_mixin.py:188} INFO - [2024-05-26T11:31:43.302+0000] {dag.py:3954} INFO - Setting next_dagrun for example_external_task_marker_parent to None, run_after=None
[2024-05-26T11:31:43.322+0000] {processor.py:183} INFO - Processing /home/airflow/.local/lib/python3.12/site-packages/airflow/example_dags/example_external_task_marker_dag.py took 0.088 seconds
[2024-05-26T11:32:13.808+0000] {processor.py:161} INFO - Started process (PID=7236) to work on /home/airflow/.local/lib/python3.12/site-packages/airflow/example_dags/example_external_task_marker_dag.py
[2024-05-26T11:32:13.810+0000] {processor.py:830} INFO - Processing file /home/airflow/.local/lib/python3.12/site-packages/airflow/example_dags/example_external_task_marker_dag.py for tasks to queue
[2024-05-26T11:32:13.812+0000] {logging_mixin.py:188} INFO - [2024-05-26T11:32:13.811+0000] {dagbag.py:545} INFO - Filling up the DagBag from /home/airflow/.local/lib/python3.12/site-packages/airflow/example_dags/example_external_task_marker_dag.py
[2024-05-26T11:32:13.819+0000] {processor.py:840} INFO - DAG(s) 'example_external_task_marker_parent', 'example_external_task_marker_child' retrieved from /home/airflow/.local/lib/python3.12/site-packages/airflow/example_dags/example_external_task_marker_dag.py
[2024-05-26T11:32:13.846+0000] {logging_mixin.py:188} INFO - [2024-05-26T11:32:13.846+0000] {dag.py:3096} INFO - Sync 2 DAGs
[2024-05-26T11:32:13.858+0000] {logging_mixin.py:188} INFO - [2024-05-26T11:32:13.858+0000] {dag.py:3954} INFO - Setting next_dagrun for example_external_task_marker_child to None, run_after=None
[2024-05-26T11:32:13.864+0000] {logging_mixin.py:188} INFO - [2024-05-26T11:32:13.863+0000] {dag.py:3954} INFO - Setting next_dagrun for example_external_task_marker_parent to None, run_after=None
[2024-05-26T11:32:13.884+0000] {processor.py:183} INFO - Processing /home/airflow/.local/lib/python3.12/site-packages/airflow/example_dags/example_external_task_marker_dag.py took 0.082 seconds
[2024-05-26T11:32:43.991+0000] {processor.py:161} INFO - Started process (PID=7504) to work on /home/airflow/.local/lib/python3.12/site-packages/airflow/example_dags/example_external_task_marker_dag.py
[2024-05-26T11:32:43.992+0000] {processor.py:830} INFO - Processing file /home/airflow/.local/lib/python3.12/site-packages/airflow/example_dags/example_external_task_marker_dag.py for tasks to queue
[2024-05-26T11:32:43.994+0000] {logging_mixin.py:188} INFO - [2024-05-26T11:32:43.994+0000] {dagbag.py:545} INFO - Filling up the DagBag from /home/airflow/.local/lib/python3.12/site-packages/airflow/example_dags/example_external_task_marker_dag.py
[2024-05-26T11:32:44.001+0000] {processor.py:840} INFO - DAG(s) 'example_external_task_marker_parent', 'example_external_task_marker_child' retrieved from /home/airflow/.local/lib/python3.12/site-packages/airflow/example_dags/example_external_task_marker_dag.py
[2024-05-26T11:32:44.023+0000] {logging_mixin.py:188} INFO - [2024-05-26T11:32:44.023+0000] {dag.py:3096} INFO - Sync 2 DAGs
[2024-05-26T11:32:44.035+0000] {logging_mixin.py:188} INFO - [2024-05-26T11:32:44.035+0000] {dag.py:3954} INFO - Setting next_dagrun for example_external_task_marker_child to None, run_after=None
[2024-05-26T11:32:44.039+0000] {logging_mixin.py:188} INFO - [2024-05-26T11:32:44.038+0000] {dag.py:3954} INFO - Setting next_dagrun for example_external_task_marker_parent to None, run_after=None
[2024-05-26T11:32:44.054+0000] {processor.py:183} INFO - Processing /home/airflow/.local/lib/python3.12/site-packages/airflow/example_dags/example_external_task_marker_dag.py took 0.069 seconds
[2024-05-26T11:33:14.361+0000] {processor.py:161} INFO - Started process (PID=7772) to work on /home/airflow/.local/lib/python3.12/site-packages/airflow/example_dags/example_external_task_marker_dag.py
[2024-05-26T11:33:14.362+0000] {processor.py:830} INFO - Processing file /home/airflow/.local/lib/python3.12/site-packages/airflow/example_dags/example_external_task_marker_dag.py for tasks to queue
[2024-05-26T11:33:14.363+0000] {logging_mixin.py:188} INFO - [2024-05-26T11:33:14.363+0000] {dagbag.py:545} INFO - Filling up the DagBag from /home/airflow/.local/lib/python3.12/site-packages/airflow/example_dags/example_external_task_marker_dag.py
[2024-05-26T11:33:14.368+0000] {processor.py:840} INFO - DAG(s) 'example_external_task_marker_child', 'example_external_task_marker_parent' retrieved from /home/airflow/.local/lib/python3.12/site-packages/airflow/example_dags/example_external_task_marker_dag.py
[2024-05-26T11:33:14.396+0000] {logging_mixin.py:188} INFO - [2024-05-26T11:33:14.396+0000] {dag.py:3096} INFO - Sync 2 DAGs
[2024-05-26T11:33:14.408+0000] {logging_mixin.py:188} INFO - [2024-05-26T11:33:14.408+0000] {dag.py:3954} INFO - Setting next_dagrun for example_external_task_marker_child to None, run_after=None
[2024-05-26T11:33:14.412+0000] {logging_mixin.py:188} INFO - [2024-05-26T11:33:14.412+0000] {dag.py:3954} INFO - Setting next_dagrun for example_external_task_marker_parent to None, run_after=None
[2024-05-26T11:33:14.426+0000] {processor.py:183} INFO - Processing /home/airflow/.local/lib/python3.12/site-packages/airflow/example_dags/example_external_task_marker_dag.py took 0.069 seconds
[2024-05-26T11:33:44.634+0000] {processor.py:161} INFO - Started process (PID=8040) to work on /home/airflow/.local/lib/python3.12/site-packages/airflow/example_dags/example_external_task_marker_dag.py
[2024-05-26T11:33:44.635+0000] {processor.py:830} INFO - Processing file /home/airflow/.local/lib/python3.12/site-packages/airflow/example_dags/example_external_task_marker_dag.py for tasks to queue
[2024-05-26T11:33:44.637+0000] {logging_mixin.py:188} INFO - [2024-05-26T11:33:44.637+0000] {dagbag.py:545} INFO - Filling up the DagBag from /home/airflow/.local/lib/python3.12/site-packages/airflow/example_dags/example_external_task_marker_dag.py
[2024-05-26T11:33:44.642+0000] {processor.py:840} INFO - DAG(s) 'example_external_task_marker_child', 'example_external_task_marker_parent' retrieved from /home/airflow/.local/lib/python3.12/site-packages/airflow/example_dags/example_external_task_marker_dag.py
[2024-05-26T11:33:44.663+0000] {logging_mixin.py:188} INFO - [2024-05-26T11:33:44.663+0000] {dag.py:3096} INFO - Sync 2 DAGs
[2024-05-26T11:33:44.676+0000] {logging_mixin.py:188} INFO - [2024-05-26T11:33:44.675+0000] {dag.py:3954} INFO - Setting next_dagrun for example_external_task_marker_child to None, run_after=None
[2024-05-26T11:33:44.682+0000] {logging_mixin.py:188} INFO - [2024-05-26T11:33:44.682+0000] {dag.py:3954} INFO - Setting next_dagrun for example_external_task_marker_parent to None, run_after=None
[2024-05-26T11:33:44.704+0000] {processor.py:183} INFO - Processing /home/airflow/.local/lib/python3.12/site-packages/airflow/example_dags/example_external_task_marker_dag.py took 0.075 seconds
[2024-05-26T11:34:15.008+0000] {processor.py:161} INFO - Started process (PID=8308) to work on /home/airflow/.local/lib/python3.12/site-packages/airflow/example_dags/example_external_task_marker_dag.py
[2024-05-26T11:34:15.010+0000] {processor.py:830} INFO - Processing file /home/airflow/.local/lib/python3.12/site-packages/airflow/example_dags/example_external_task_marker_dag.py for tasks to queue
[2024-05-26T11:34:15.011+0000] {logging_mixin.py:188} INFO - [2024-05-26T11:34:15.011+0000] {dagbag.py:545} INFO - Filling up the DagBag from /home/airflow/.local/lib/python3.12/site-packages/airflow/example_dags/example_external_task_marker_dag.py
[2024-05-26T11:34:15.017+0000] {processor.py:840} INFO - DAG(s) 'example_external_task_marker_child', 'example_external_task_marker_parent' retrieved from /home/airflow/.local/lib/python3.12/site-packages/airflow/example_dags/example_external_task_marker_dag.py
[2024-05-26T11:34:15.042+0000] {logging_mixin.py:188} INFO - [2024-05-26T11:34:15.041+0000] {dag.py:3096} INFO - Sync 2 DAGs
[2024-05-26T11:34:15.062+0000] {logging_mixin.py:188} INFO - [2024-05-26T11:34:15.062+0000] {dag.py:3954} INFO - Setting next_dagrun for example_external_task_marker_child to None, run_after=None
[2024-05-26T11:34:15.070+0000] {logging_mixin.py:188} INFO - [2024-05-26T11:34:15.070+0000] {dag.py:3954} INFO - Setting next_dagrun for example_external_task_marker_parent to None, run_after=None
[2024-05-26T11:34:15.102+0000] {processor.py:183} INFO - Processing /home/airflow/.local/lib/python3.12/site-packages/airflow/example_dags/example_external_task_marker_dag.py took 0.100 seconds
