[2024-05-26T11:18:55.925+0000] {processor.py:161} INFO - Started process (PID=241) to work on /home/airflow/.local/lib/python3.12/site-packages/airflow/example_dags/example_python_operator.py
[2024-05-26T11:18:55.926+0000] {processor.py:830} INFO - Processing file /home/airflow/.local/lib/python3.12/site-packages/airflow/example_dags/example_python_operator.py for tasks to queue
[2024-05-26T11:18:55.929+0000] {logging_mixin.py:188} INFO - [2024-05-26T11:18:55.929+0000] {dagbag.py:545} INFO - Filling up the DagBag from /home/airflow/.local/lib/python3.12/site-packages/airflow/example_dags/example_python_operator.py
[2024-05-26T11:18:55.944+0000] {processor.py:840} INFO - DAG(s) 'example_python_operator' retrieved from /home/airflow/.local/lib/python3.12/site-packages/airflow/example_dags/example_python_operator.py
[2024-05-26T11:18:56.098+0000] {logging_mixin.py:188} INFO - [2024-05-26T11:18:56.098+0000] {dag.py:3096} INFO - Sync 1 DAGs
[2024-05-26T11:18:56.112+0000] {logging_mixin.py:188} INFO - [2024-05-26T11:18:56.112+0000] {dag.py:3954} INFO - Setting next_dagrun for example_python_operator to None, run_after=None
[2024-05-26T11:18:56.142+0000] {processor.py:183} INFO - Processing /home/airflow/.local/lib/python3.12/site-packages/airflow/example_dags/example_python_operator.py took 0.224 seconds
[2024-05-26T11:19:26.443+0000] {processor.py:161} INFO - Started process (PID=509) to work on /home/airflow/.local/lib/python3.12/site-packages/airflow/example_dags/example_python_operator.py
[2024-05-26T11:19:26.445+0000] {processor.py:830} INFO - Processing file /home/airflow/.local/lib/python3.12/site-packages/airflow/example_dags/example_python_operator.py for tasks to queue
[2024-05-26T11:19:26.446+0000] {logging_mixin.py:188} INFO - [2024-05-26T11:19:26.446+0000] {dagbag.py:545} INFO - Filling up the DagBag from /home/airflow/.local/lib/python3.12/site-packages/airflow/example_dags/example_python_operator.py
[2024-05-26T11:19:26.456+0000] {processor.py:840} INFO - DAG(s) 'example_python_operator' retrieved from /home/airflow/.local/lib/python3.12/site-packages/airflow/example_dags/example_python_operator.py
[2024-05-26T11:19:26.480+0000] {logging_mixin.py:188} INFO - [2024-05-26T11:19:26.479+0000] {dag.py:3096} INFO - Sync 1 DAGs
[2024-05-26T11:19:26.493+0000] {logging_mixin.py:188} INFO - [2024-05-26T11:19:26.492+0000] {dag.py:3954} INFO - Setting next_dagrun for example_python_operator to None, run_after=None
[2024-05-26T11:19:26.512+0000] {processor.py:183} INFO - Processing /home/airflow/.local/lib/python3.12/site-packages/airflow/example_dags/example_python_operator.py took 0.074 seconds
[2024-05-26T11:19:57.063+0000] {processor.py:161} INFO - Started process (PID=777) to work on /home/airflow/.local/lib/python3.12/site-packages/airflow/example_dags/example_python_operator.py
[2024-05-26T11:19:57.065+0000] {processor.py:830} INFO - Processing file /home/airflow/.local/lib/python3.12/site-packages/airflow/example_dags/example_python_operator.py for tasks to queue
[2024-05-26T11:19:57.066+0000] {logging_mixin.py:188} INFO - [2024-05-26T11:19:57.066+0000] {dagbag.py:545} INFO - Filling up the DagBag from /home/airflow/.local/lib/python3.12/site-packages/airflow/example_dags/example_python_operator.py
[2024-05-26T11:19:57.076+0000] {processor.py:840} INFO - DAG(s) 'example_python_operator' retrieved from /home/airflow/.local/lib/python3.12/site-packages/airflow/example_dags/example_python_operator.py
[2024-05-26T11:19:57.089+0000] {logging_mixin.py:188} INFO - [2024-05-26T11:19:57.088+0000] {dag.py:3096} INFO - Sync 1 DAGs
[2024-05-26T11:19:57.101+0000] {logging_mixin.py:188} INFO - [2024-05-26T11:19:57.101+0000] {dag.py:3954} INFO - Setting next_dagrun for example_python_operator to None, run_after=None
[2024-05-26T11:19:57.122+0000] {processor.py:183} INFO - Processing /home/airflow/.local/lib/python3.12/site-packages/airflow/example_dags/example_python_operator.py took 0.065 seconds
[2024-05-26T11:20:28.079+0000] {processor.py:161} INFO - Started process (PID=1045) to work on /home/airflow/.local/lib/python3.12/site-packages/airflow/example_dags/example_python_operator.py
[2024-05-26T11:20:28.080+0000] {processor.py:830} INFO - Processing file /home/airflow/.local/lib/python3.12/site-packages/airflow/example_dags/example_python_operator.py for tasks to queue
[2024-05-26T11:20:28.082+0000] {logging_mixin.py:188} INFO - [2024-05-26T11:20:28.082+0000] {dagbag.py:545} INFO - Filling up the DagBag from /home/airflow/.local/lib/python3.12/site-packages/airflow/example_dags/example_python_operator.py
[2024-05-26T11:20:28.092+0000] {processor.py:840} INFO - DAG(s) 'example_python_operator' retrieved from /home/airflow/.local/lib/python3.12/site-packages/airflow/example_dags/example_python_operator.py
[2024-05-26T11:20:28.202+0000] {logging_mixin.py:188} INFO - [2024-05-26T11:20:28.202+0000] {dag.py:3096} INFO - Sync 1 DAGs
[2024-05-26T11:20:28.212+0000] {logging_mixin.py:188} INFO - [2024-05-26T11:20:28.212+0000] {dag.py:3954} INFO - Setting next_dagrun for example_python_operator to None, run_after=None
[2024-05-26T11:20:28.232+0000] {processor.py:183} INFO - Processing /home/airflow/.local/lib/python3.12/site-packages/airflow/example_dags/example_python_operator.py took 0.158 seconds
[2024-05-26T11:20:58.627+0000] {processor.py:161} INFO - Started process (PID=1313) to work on /home/airflow/.local/lib/python3.12/site-packages/airflow/example_dags/example_python_operator.py
[2024-05-26T11:20:58.629+0000] {processor.py:830} INFO - Processing file /home/airflow/.local/lib/python3.12/site-packages/airflow/example_dags/example_python_operator.py for tasks to queue
[2024-05-26T11:20:58.631+0000] {logging_mixin.py:188} INFO - [2024-05-26T11:20:58.631+0000] {dagbag.py:545} INFO - Filling up the DagBag from /home/airflow/.local/lib/python3.12/site-packages/airflow/example_dags/example_python_operator.py
[2024-05-26T11:20:58.642+0000] {processor.py:840} INFO - DAG(s) 'example_python_operator' retrieved from /home/airflow/.local/lib/python3.12/site-packages/airflow/example_dags/example_python_operator.py
[2024-05-26T11:20:58.666+0000] {logging_mixin.py:188} INFO - [2024-05-26T11:20:58.666+0000] {dag.py:3096} INFO - Sync 1 DAGs
[2024-05-26T11:20:58.678+0000] {logging_mixin.py:188} INFO - [2024-05-26T11:20:58.678+0000] {dag.py:3954} INFO - Setting next_dagrun for example_python_operator to None, run_after=None
[2024-05-26T11:20:58.698+0000] {processor.py:183} INFO - Processing /home/airflow/.local/lib/python3.12/site-packages/airflow/example_dags/example_python_operator.py took 0.078 seconds
[2024-05-26T11:21:29.493+0000] {processor.py:161} INFO - Started process (PID=1581) to work on /home/airflow/.local/lib/python3.12/site-packages/airflow/example_dags/example_python_operator.py
[2024-05-26T11:21:29.494+0000] {processor.py:830} INFO - Processing file /home/airflow/.local/lib/python3.12/site-packages/airflow/example_dags/example_python_operator.py for tasks to queue
[2024-05-26T11:21:29.496+0000] {logging_mixin.py:188} INFO - [2024-05-26T11:21:29.496+0000] {dagbag.py:545} INFO - Filling up the DagBag from /home/airflow/.local/lib/python3.12/site-packages/airflow/example_dags/example_python_operator.py
[2024-05-26T11:21:29.505+0000] {processor.py:840} INFO - DAG(s) 'example_python_operator' retrieved from /home/airflow/.local/lib/python3.12/site-packages/airflow/example_dags/example_python_operator.py
[2024-05-26T11:21:29.526+0000] {logging_mixin.py:188} INFO - [2024-05-26T11:21:29.526+0000] {dag.py:3096} INFO - Sync 1 DAGs
[2024-05-26T11:21:29.540+0000] {logging_mixin.py:188} INFO - [2024-05-26T11:21:29.540+0000] {dag.py:3954} INFO - Setting next_dagrun for example_python_operator to None, run_after=None
[2024-05-26T11:21:29.557+0000] {processor.py:183} INFO - Processing /home/airflow/.local/lib/python3.12/site-packages/airflow/example_dags/example_python_operator.py took 0.069 seconds
[2024-05-26T11:22:00.214+0000] {processor.py:161} INFO - Started process (PID=1849) to work on /home/airflow/.local/lib/python3.12/site-packages/airflow/example_dags/example_python_operator.py
[2024-05-26T11:22:00.216+0000] {processor.py:830} INFO - Processing file /home/airflow/.local/lib/python3.12/site-packages/airflow/example_dags/example_python_operator.py for tasks to queue
[2024-05-26T11:22:00.217+0000] {logging_mixin.py:188} INFO - [2024-05-26T11:22:00.217+0000] {dagbag.py:545} INFO - Filling up the DagBag from /home/airflow/.local/lib/python3.12/site-packages/airflow/example_dags/example_python_operator.py
[2024-05-26T11:22:00.227+0000] {processor.py:840} INFO - DAG(s) 'example_python_operator' retrieved from /home/airflow/.local/lib/python3.12/site-packages/airflow/example_dags/example_python_operator.py
[2024-05-26T11:22:00.249+0000] {logging_mixin.py:188} INFO - [2024-05-26T11:22:00.249+0000] {dag.py:3096} INFO - Sync 1 DAGs
[2024-05-26T11:22:00.262+0000] {logging_mixin.py:188} INFO - [2024-05-26T11:22:00.262+0000] {dag.py:3954} INFO - Setting next_dagrun for example_python_operator to None, run_after=None
[2024-05-26T11:22:00.285+0000] {processor.py:183} INFO - Processing /home/airflow/.local/lib/python3.12/site-packages/airflow/example_dags/example_python_operator.py took 0.077 seconds
[2024-05-26T11:22:30.849+0000] {processor.py:161} INFO - Started process (PID=2117) to work on /home/airflow/.local/lib/python3.12/site-packages/airflow/example_dags/example_python_operator.py
[2024-05-26T11:22:30.851+0000] {processor.py:830} INFO - Processing file /home/airflow/.local/lib/python3.12/site-packages/airflow/example_dags/example_python_operator.py for tasks to queue
[2024-05-26T11:22:30.853+0000] {logging_mixin.py:188} INFO - [2024-05-26T11:22:30.853+0000] {dagbag.py:545} INFO - Filling up the DagBag from /home/airflow/.local/lib/python3.12/site-packages/airflow/example_dags/example_python_operator.py
[2024-05-26T11:22:30.864+0000] {processor.py:840} INFO - DAG(s) 'example_python_operator' retrieved from /home/airflow/.local/lib/python3.12/site-packages/airflow/example_dags/example_python_operator.py
[2024-05-26T11:22:30.897+0000] {logging_mixin.py:188} INFO - [2024-05-26T11:22:30.897+0000] {dag.py:3096} INFO - Sync 1 DAGs
[2024-05-26T11:22:30.912+0000] {logging_mixin.py:188} INFO - [2024-05-26T11:22:30.911+0000] {dag.py:3954} INFO - Setting next_dagrun for example_python_operator to None, run_after=None
[2024-05-26T11:22:30.938+0000] {processor.py:183} INFO - Processing /home/airflow/.local/lib/python3.12/site-packages/airflow/example_dags/example_python_operator.py took 0.096 seconds
[2024-05-26T11:23:01.924+0000] {processor.py:161} INFO - Started process (PID=2385) to work on /home/airflow/.local/lib/python3.12/site-packages/airflow/example_dags/example_python_operator.py
[2024-05-26T11:23:01.926+0000] {processor.py:830} INFO - Processing file /home/airflow/.local/lib/python3.12/site-packages/airflow/example_dags/example_python_operator.py for tasks to queue
[2024-05-26T11:23:01.928+0000] {logging_mixin.py:188} INFO - [2024-05-26T11:23:01.928+0000] {dagbag.py:545} INFO - Filling up the DagBag from /home/airflow/.local/lib/python3.12/site-packages/airflow/example_dags/example_python_operator.py
[2024-05-26T11:23:01.951+0000] {processor.py:840} INFO - DAG(s) 'example_python_operator' retrieved from /home/airflow/.local/lib/python3.12/site-packages/airflow/example_dags/example_python_operator.py
[2024-05-26T11:23:01.984+0000] {logging_mixin.py:188} INFO - [2024-05-26T11:23:01.984+0000] {dag.py:3096} INFO - Sync 1 DAGs
[2024-05-26T11:23:02.001+0000] {logging_mixin.py:188} INFO - [2024-05-26T11:23:02.001+0000] {dag.py:3954} INFO - Setting next_dagrun for example_python_operator to None, run_after=None
[2024-05-26T11:23:02.026+0000] {processor.py:183} INFO - Processing /home/airflow/.local/lib/python3.12/site-packages/airflow/example_dags/example_python_operator.py took 0.126 seconds
[2024-05-26T11:23:33.083+0000] {processor.py:161} INFO - Started process (PID=2653) to work on /home/airflow/.local/lib/python3.12/site-packages/airflow/example_dags/example_python_operator.py
[2024-05-26T11:23:33.085+0000] {processor.py:830} INFO - Processing file /home/airflow/.local/lib/python3.12/site-packages/airflow/example_dags/example_python_operator.py for tasks to queue
[2024-05-26T11:23:33.087+0000] {logging_mixin.py:188} INFO - [2024-05-26T11:23:33.087+0000] {dagbag.py:545} INFO - Filling up the DagBag from /home/airflow/.local/lib/python3.12/site-packages/airflow/example_dags/example_python_operator.py
[2024-05-26T11:23:33.097+0000] {processor.py:840} INFO - DAG(s) 'example_python_operator' retrieved from /home/airflow/.local/lib/python3.12/site-packages/airflow/example_dags/example_python_operator.py
[2024-05-26T11:23:33.124+0000] {logging_mixin.py:188} INFO - [2024-05-26T11:23:33.123+0000] {dag.py:3096} INFO - Sync 1 DAGs
[2024-05-26T11:23:33.140+0000] {logging_mixin.py:188} INFO - [2024-05-26T11:23:33.140+0000] {dag.py:3954} INFO - Setting next_dagrun for example_python_operator to None, run_after=None
[2024-05-26T11:23:33.167+0000] {processor.py:183} INFO - Processing /home/airflow/.local/lib/python3.12/site-packages/airflow/example_dags/example_python_operator.py took 0.090 seconds
[2024-05-26T11:24:03.333+0000] {processor.py:161} INFO - Started process (PID=2917) to work on /home/airflow/.local/lib/python3.12/site-packages/airflow/example_dags/example_python_operator.py
[2024-05-26T11:24:03.334+0000] {processor.py:830} INFO - Processing file /home/airflow/.local/lib/python3.12/site-packages/airflow/example_dags/example_python_operator.py for tasks to queue
[2024-05-26T11:24:03.336+0000] {logging_mixin.py:188} INFO - [2024-05-26T11:24:03.336+0000] {dagbag.py:545} INFO - Filling up the DagBag from /home/airflow/.local/lib/python3.12/site-packages/airflow/example_dags/example_python_operator.py
[2024-05-26T11:24:03.345+0000] {processor.py:840} INFO - DAG(s) 'example_python_operator' retrieved from /home/airflow/.local/lib/python3.12/site-packages/airflow/example_dags/example_python_operator.py
[2024-05-26T11:24:03.367+0000] {logging_mixin.py:188} INFO - [2024-05-26T11:24:03.366+0000] {dag.py:3096} INFO - Sync 1 DAGs
[2024-05-26T11:24:03.386+0000] {logging_mixin.py:188} INFO - [2024-05-26T11:24:03.386+0000] {dag.py:3954} INFO - Setting next_dagrun for example_python_operator to None, run_after=None
[2024-05-26T11:24:03.406+0000] {processor.py:183} INFO - Processing /home/airflow/.local/lib/python3.12/site-packages/airflow/example_dags/example_python_operator.py took 0.078 seconds
[2024-05-26T11:24:33.573+0000] {processor.py:161} INFO - Started process (PID=3189) to work on /home/airflow/.local/lib/python3.12/site-packages/airflow/example_dags/example_python_operator.py
[2024-05-26T11:24:33.574+0000] {processor.py:830} INFO - Processing file /home/airflow/.local/lib/python3.12/site-packages/airflow/example_dags/example_python_operator.py for tasks to queue
[2024-05-26T11:24:33.576+0000] {logging_mixin.py:188} INFO - [2024-05-26T11:24:33.576+0000] {dagbag.py:545} INFO - Filling up the DagBag from /home/airflow/.local/lib/python3.12/site-packages/airflow/example_dags/example_python_operator.py
[2024-05-26T11:24:33.586+0000] {processor.py:840} INFO - DAG(s) 'example_python_operator' retrieved from /home/airflow/.local/lib/python3.12/site-packages/airflow/example_dags/example_python_operator.py
[2024-05-26T11:24:33.607+0000] {logging_mixin.py:188} INFO - [2024-05-26T11:24:33.606+0000] {dag.py:3096} INFO - Sync 1 DAGs
[2024-05-26T11:24:33.622+0000] {logging_mixin.py:188} INFO - [2024-05-26T11:24:33.622+0000] {dag.py:3954} INFO - Setting next_dagrun for example_python_operator to None, run_after=None
[2024-05-26T11:24:33.644+0000] {processor.py:183} INFO - Processing /home/airflow/.local/lib/python3.12/site-packages/airflow/example_dags/example_python_operator.py took 0.077 seconds
[2024-05-26T11:25:03.912+0000] {processor.py:161} INFO - Started process (PID=3459) to work on /home/airflow/.local/lib/python3.12/site-packages/airflow/example_dags/example_python_operator.py
[2024-05-26T11:25:03.914+0000] {processor.py:830} INFO - Processing file /home/airflow/.local/lib/python3.12/site-packages/airflow/example_dags/example_python_operator.py for tasks to queue
[2024-05-26T11:25:03.916+0000] {logging_mixin.py:188} INFO - [2024-05-26T11:25:03.915+0000] {dagbag.py:545} INFO - Filling up the DagBag from /home/airflow/.local/lib/python3.12/site-packages/airflow/example_dags/example_python_operator.py
[2024-05-26T11:25:03.925+0000] {processor.py:840} INFO - DAG(s) 'example_python_operator' retrieved from /home/airflow/.local/lib/python3.12/site-packages/airflow/example_dags/example_python_operator.py
[2024-05-26T11:25:03.947+0000] {logging_mixin.py:188} INFO - [2024-05-26T11:25:03.947+0000] {dag.py:3096} INFO - Sync 1 DAGs
[2024-05-26T11:25:03.964+0000] {logging_mixin.py:188} INFO - [2024-05-26T11:25:03.964+0000] {dag.py:3954} INFO - Setting next_dagrun for example_python_operator to None, run_after=None
[2024-05-26T11:25:03.988+0000] {processor.py:183} INFO - Processing /home/airflow/.local/lib/python3.12/site-packages/airflow/example_dags/example_python_operator.py took 0.080 seconds
[2024-05-26T11:25:34.207+0000] {processor.py:161} INFO - Started process (PID=3727) to work on /home/airflow/.local/lib/python3.12/site-packages/airflow/example_dags/example_python_operator.py
[2024-05-26T11:25:34.208+0000] {processor.py:830} INFO - Processing file /home/airflow/.local/lib/python3.12/site-packages/airflow/example_dags/example_python_operator.py for tasks to queue
[2024-05-26T11:25:34.210+0000] {logging_mixin.py:188} INFO - [2024-05-26T11:25:34.209+0000] {dagbag.py:545} INFO - Filling up the DagBag from /home/airflow/.local/lib/python3.12/site-packages/airflow/example_dags/example_python_operator.py
[2024-05-26T11:25:34.219+0000] {processor.py:840} INFO - DAG(s) 'example_python_operator' retrieved from /home/airflow/.local/lib/python3.12/site-packages/airflow/example_dags/example_python_operator.py
[2024-05-26T11:25:34.237+0000] {logging_mixin.py:188} INFO - [2024-05-26T11:25:34.236+0000] {dag.py:3096} INFO - Sync 1 DAGs
[2024-05-26T11:25:34.252+0000] {logging_mixin.py:188} INFO - [2024-05-26T11:25:34.252+0000] {dag.py:3954} INFO - Setting next_dagrun for example_python_operator to None, run_after=None
[2024-05-26T11:25:34.272+0000] {processor.py:183} INFO - Processing /home/airflow/.local/lib/python3.12/site-packages/airflow/example_dags/example_python_operator.py took 0.070 seconds
[2024-05-26T11:26:04.502+0000] {processor.py:161} INFO - Started process (PID=3995) to work on /home/airflow/.local/lib/python3.12/site-packages/airflow/example_dags/example_python_operator.py
[2024-05-26T11:26:04.505+0000] {processor.py:830} INFO - Processing file /home/airflow/.local/lib/python3.12/site-packages/airflow/example_dags/example_python_operator.py for tasks to queue
[2024-05-26T11:26:04.507+0000] {logging_mixin.py:188} INFO - [2024-05-26T11:26:04.507+0000] {dagbag.py:545} INFO - Filling up the DagBag from /home/airflow/.local/lib/python3.12/site-packages/airflow/example_dags/example_python_operator.py
[2024-05-26T11:26:04.517+0000] {processor.py:840} INFO - DAG(s) 'example_python_operator' retrieved from /home/airflow/.local/lib/python3.12/site-packages/airflow/example_dags/example_python_operator.py
[2024-05-26T11:26:04.539+0000] {logging_mixin.py:188} INFO - [2024-05-26T11:26:04.539+0000] {dag.py:3096} INFO - Sync 1 DAGs
[2024-05-26T11:26:04.551+0000] {logging_mixin.py:188} INFO - [2024-05-26T11:26:04.551+0000] {dag.py:3954} INFO - Setting next_dagrun for example_python_operator to None, run_after=None
[2024-05-26T11:26:04.574+0000] {processor.py:183} INFO - Processing /home/airflow/.local/lib/python3.12/site-packages/airflow/example_dags/example_python_operator.py took 0.077 seconds
[2024-05-26T11:26:34.818+0000] {processor.py:161} INFO - Started process (PID=4263) to work on /home/airflow/.local/lib/python3.12/site-packages/airflow/example_dags/example_python_operator.py
[2024-05-26T11:26:34.820+0000] {processor.py:830} INFO - Processing file /home/airflow/.local/lib/python3.12/site-packages/airflow/example_dags/example_python_operator.py for tasks to queue
[2024-05-26T11:26:34.822+0000] {logging_mixin.py:188} INFO - [2024-05-26T11:26:34.821+0000] {dagbag.py:545} INFO - Filling up the DagBag from /home/airflow/.local/lib/python3.12/site-packages/airflow/example_dags/example_python_operator.py
[2024-05-26T11:26:34.832+0000] {processor.py:840} INFO - DAG(s) 'example_python_operator' retrieved from /home/airflow/.local/lib/python3.12/site-packages/airflow/example_dags/example_python_operator.py
[2024-05-26T11:26:34.853+0000] {logging_mixin.py:188} INFO - [2024-05-26T11:26:34.853+0000] {dag.py:3096} INFO - Sync 1 DAGs
[2024-05-26T11:26:34.865+0000] {logging_mixin.py:188} INFO - [2024-05-26T11:26:34.865+0000] {dag.py:3954} INFO - Setting next_dagrun for example_python_operator to None, run_after=None
[2024-05-26T11:26:34.888+0000] {processor.py:183} INFO - Processing /home/airflow/.local/lib/python3.12/site-packages/airflow/example_dags/example_python_operator.py took 0.075 seconds
[2024-05-26T11:27:05.629+0000] {processor.py:161} INFO - Started process (PID=4531) to work on /home/airflow/.local/lib/python3.12/site-packages/airflow/example_dags/example_python_operator.py
[2024-05-26T11:27:05.631+0000] {processor.py:830} INFO - Processing file /home/airflow/.local/lib/python3.12/site-packages/airflow/example_dags/example_python_operator.py for tasks to queue
[2024-05-26T11:27:05.635+0000] {logging_mixin.py:188} INFO - [2024-05-26T11:27:05.634+0000] {dagbag.py:545} INFO - Filling up the DagBag from /home/airflow/.local/lib/python3.12/site-packages/airflow/example_dags/example_python_operator.py
[2024-05-26T11:27:05.662+0000] {processor.py:840} INFO - DAG(s) 'example_python_operator' retrieved from /home/airflow/.local/lib/python3.12/site-packages/airflow/example_dags/example_python_operator.py
[2024-05-26T11:27:05.721+0000] {logging_mixin.py:188} INFO - [2024-05-26T11:27:05.720+0000] {dag.py:3096} INFO - Sync 1 DAGs
[2024-05-26T11:27:05.764+0000] {logging_mixin.py:188} INFO - [2024-05-26T11:27:05.763+0000] {dag.py:3954} INFO - Setting next_dagrun for example_python_operator to None, run_after=None
[2024-05-26T11:27:05.817+0000] {processor.py:183} INFO - Processing /home/airflow/.local/lib/python3.12/site-packages/airflow/example_dags/example_python_operator.py took 0.199 seconds
[2024-05-26T11:27:36.052+0000] {processor.py:161} INFO - Started process (PID=4804) to work on /home/airflow/.local/lib/python3.12/site-packages/airflow/example_dags/example_python_operator.py
[2024-05-26T11:27:36.053+0000] {processor.py:830} INFO - Processing file /home/airflow/.local/lib/python3.12/site-packages/airflow/example_dags/example_python_operator.py for tasks to queue
[2024-05-26T11:27:36.056+0000] {logging_mixin.py:188} INFO - [2024-05-26T11:27:36.055+0000] {dagbag.py:545} INFO - Filling up the DagBag from /home/airflow/.local/lib/python3.12/site-packages/airflow/example_dags/example_python_operator.py
[2024-05-26T11:27:36.067+0000] {processor.py:840} INFO - DAG(s) 'example_python_operator' retrieved from /home/airflow/.local/lib/python3.12/site-packages/airflow/example_dags/example_python_operator.py
[2024-05-26T11:27:36.088+0000] {logging_mixin.py:188} INFO - [2024-05-26T11:27:36.088+0000] {dag.py:3096} INFO - Sync 1 DAGs
[2024-05-26T11:27:36.101+0000] {logging_mixin.py:188} INFO - [2024-05-26T11:27:36.101+0000] {dag.py:3954} INFO - Setting next_dagrun for example_python_operator to None, run_after=None
[2024-05-26T11:27:36.124+0000] {processor.py:183} INFO - Processing /home/airflow/.local/lib/python3.12/site-packages/airflow/example_dags/example_python_operator.py took 0.078 seconds
[2024-05-26T11:28:06.350+0000] {processor.py:161} INFO - Started process (PID=5072) to work on /home/airflow/.local/lib/python3.12/site-packages/airflow/example_dags/example_python_operator.py
[2024-05-26T11:28:06.351+0000] {processor.py:830} INFO - Processing file /home/airflow/.local/lib/python3.12/site-packages/airflow/example_dags/example_python_operator.py for tasks to queue
[2024-05-26T11:28:06.354+0000] {logging_mixin.py:188} INFO - [2024-05-26T11:28:06.353+0000] {dagbag.py:545} INFO - Filling up the DagBag from /home/airflow/.local/lib/python3.12/site-packages/airflow/example_dags/example_python_operator.py
[2024-05-26T11:28:06.364+0000] {processor.py:840} INFO - DAG(s) 'example_python_operator' retrieved from /home/airflow/.local/lib/python3.12/site-packages/airflow/example_dags/example_python_operator.py
[2024-05-26T11:28:06.388+0000] {logging_mixin.py:188} INFO - [2024-05-26T11:28:06.387+0000] {dag.py:3096} INFO - Sync 1 DAGs
[2024-05-26T11:28:06.401+0000] {logging_mixin.py:188} INFO - [2024-05-26T11:28:06.401+0000] {dag.py:3954} INFO - Setting next_dagrun for example_python_operator to None, run_after=None
[2024-05-26T11:28:06.426+0000] {processor.py:183} INFO - Processing /home/airflow/.local/lib/python3.12/site-packages/airflow/example_dags/example_python_operator.py took 0.085 seconds
[2024-05-26T11:28:36.483+0000] {processor.py:161} INFO - Started process (PID=5338) to work on /home/airflow/.local/lib/python3.12/site-packages/airflow/example_dags/example_python_operator.py
[2024-05-26T11:28:36.484+0000] {processor.py:830} INFO - Processing file /home/airflow/.local/lib/python3.12/site-packages/airflow/example_dags/example_python_operator.py for tasks to queue
[2024-05-26T11:28:36.487+0000] {logging_mixin.py:188} INFO - [2024-05-26T11:28:36.487+0000] {dagbag.py:545} INFO - Filling up the DagBag from /home/airflow/.local/lib/python3.12/site-packages/airflow/example_dags/example_python_operator.py
[2024-05-26T11:28:36.497+0000] {processor.py:840} INFO - DAG(s) 'example_python_operator' retrieved from /home/airflow/.local/lib/python3.12/site-packages/airflow/example_dags/example_python_operator.py
[2024-05-26T11:28:36.519+0000] {logging_mixin.py:188} INFO - [2024-05-26T11:28:36.519+0000] {dag.py:3096} INFO - Sync 1 DAGs
[2024-05-26T11:28:36.534+0000] {logging_mixin.py:188} INFO - [2024-05-26T11:28:36.533+0000] {dag.py:3954} INFO - Setting next_dagrun for example_python_operator to None, run_after=None
[2024-05-26T11:28:36.556+0000] {processor.py:183} INFO - Processing /home/airflow/.local/lib/python3.12/site-packages/airflow/example_dags/example_python_operator.py took 0.079 seconds
[2024-05-26T11:29:06.709+0000] {processor.py:161} INFO - Started process (PID=5603) to work on /home/airflow/.local/lib/python3.12/site-packages/airflow/example_dags/example_python_operator.py
[2024-05-26T11:29:06.710+0000] {processor.py:830} INFO - Processing file /home/airflow/.local/lib/python3.12/site-packages/airflow/example_dags/example_python_operator.py for tasks to queue
[2024-05-26T11:29:06.713+0000] {logging_mixin.py:188} INFO - [2024-05-26T11:29:06.713+0000] {dagbag.py:545} INFO - Filling up the DagBag from /home/airflow/.local/lib/python3.12/site-packages/airflow/example_dags/example_python_operator.py
[2024-05-26T11:29:06.724+0000] {processor.py:840} INFO - DAG(s) 'example_python_operator' retrieved from /home/airflow/.local/lib/python3.12/site-packages/airflow/example_dags/example_python_operator.py
[2024-05-26T11:29:06.749+0000] {logging_mixin.py:188} INFO - [2024-05-26T11:29:06.748+0000] {dag.py:3096} INFO - Sync 1 DAGs
[2024-05-26T11:29:06.763+0000] {logging_mixin.py:188} INFO - [2024-05-26T11:29:06.762+0000] {dag.py:3954} INFO - Setting next_dagrun for example_python_operator to None, run_after=None
[2024-05-26T11:29:06.786+0000] {processor.py:183} INFO - Processing /home/airflow/.local/lib/python3.12/site-packages/airflow/example_dags/example_python_operator.py took 0.083 seconds
[2024-05-26T11:29:37.455+0000] {processor.py:161} INFO - Started process (PID=5871) to work on /home/airflow/.local/lib/python3.12/site-packages/airflow/example_dags/example_python_operator.py
[2024-05-26T11:29:37.456+0000] {processor.py:830} INFO - Processing file /home/airflow/.local/lib/python3.12/site-packages/airflow/example_dags/example_python_operator.py for tasks to queue
[2024-05-26T11:29:37.458+0000] {logging_mixin.py:188} INFO - [2024-05-26T11:29:37.458+0000] {dagbag.py:545} INFO - Filling up the DagBag from /home/airflow/.local/lib/python3.12/site-packages/airflow/example_dags/example_python_operator.py
[2024-05-26T11:29:37.468+0000] {processor.py:840} INFO - DAG(s) 'example_python_operator' retrieved from /home/airflow/.local/lib/python3.12/site-packages/airflow/example_dags/example_python_operator.py
[2024-05-26T11:29:37.491+0000] {logging_mixin.py:188} INFO - [2024-05-26T11:29:37.491+0000] {dag.py:3096} INFO - Sync 1 DAGs
[2024-05-26T11:29:37.505+0000] {logging_mixin.py:188} INFO - [2024-05-26T11:29:37.505+0000] {dag.py:3954} INFO - Setting next_dagrun for example_python_operator to None, run_after=None
[2024-05-26T11:29:37.527+0000] {processor.py:183} INFO - Processing /home/airflow/.local/lib/python3.12/site-packages/airflow/example_dags/example_python_operator.py took 0.078 seconds
[2024-05-26T11:30:08.533+0000] {processor.py:161} INFO - Started process (PID=6139) to work on /home/airflow/.local/lib/python3.12/site-packages/airflow/example_dags/example_python_operator.py
[2024-05-26T11:30:08.535+0000] {processor.py:830} INFO - Processing file /home/airflow/.local/lib/python3.12/site-packages/airflow/example_dags/example_python_operator.py for tasks to queue
[2024-05-26T11:30:08.538+0000] {logging_mixin.py:188} INFO - [2024-05-26T11:30:08.537+0000] {dagbag.py:545} INFO - Filling up the DagBag from /home/airflow/.local/lib/python3.12/site-packages/airflow/example_dags/example_python_operator.py
[2024-05-26T11:30:08.554+0000] {processor.py:840} INFO - DAG(s) 'example_python_operator' retrieved from /home/airflow/.local/lib/python3.12/site-packages/airflow/example_dags/example_python_operator.py
[2024-05-26T11:30:08.849+0000] {logging_mixin.py:188} INFO - [2024-05-26T11:30:08.849+0000] {dag.py:3096} INFO - Sync 1 DAGs
[2024-05-26T11:30:08.867+0000] {logging_mixin.py:188} INFO - [2024-05-26T11:30:08.867+0000] {dag.py:3954} INFO - Setting next_dagrun for example_python_operator to None, run_after=None
[2024-05-26T11:30:08.903+0000] {processor.py:183} INFO - Processing /home/airflow/.local/lib/python3.12/site-packages/airflow/example_dags/example_python_operator.py took 0.378 seconds
[2024-05-26T11:30:39.874+0000] {processor.py:161} INFO - Started process (PID=6407) to work on /home/airflow/.local/lib/python3.12/site-packages/airflow/example_dags/example_python_operator.py
[2024-05-26T11:30:39.875+0000] {processor.py:830} INFO - Processing file /home/airflow/.local/lib/python3.12/site-packages/airflow/example_dags/example_python_operator.py for tasks to queue
[2024-05-26T11:30:39.877+0000] {logging_mixin.py:188} INFO - [2024-05-26T11:30:39.877+0000] {dagbag.py:545} INFO - Filling up the DagBag from /home/airflow/.local/lib/python3.12/site-packages/airflow/example_dags/example_python_operator.py
[2024-05-26T11:30:39.889+0000] {processor.py:840} INFO - DAG(s) 'example_python_operator' retrieved from /home/airflow/.local/lib/python3.12/site-packages/airflow/example_dags/example_python_operator.py
[2024-05-26T11:30:39.915+0000] {logging_mixin.py:188} INFO - [2024-05-26T11:30:39.915+0000] {dag.py:3096} INFO - Sync 1 DAGs
[2024-05-26T11:30:40.085+0000] {logging_mixin.py:188} INFO - [2024-05-26T11:30:40.084+0000] {dag.py:3954} INFO - Setting next_dagrun for example_python_operator to None, run_after=None
[2024-05-26T11:30:40.107+0000] {processor.py:183} INFO - Processing /home/airflow/.local/lib/python3.12/site-packages/airflow/example_dags/example_python_operator.py took 0.240 seconds
[2024-05-26T11:31:10.238+0000] {processor.py:161} INFO - Started process (PID=6675) to work on /home/airflow/.local/lib/python3.12/site-packages/airflow/example_dags/example_python_operator.py
[2024-05-26T11:31:10.239+0000] {processor.py:830} INFO - Processing file /home/airflow/.local/lib/python3.12/site-packages/airflow/example_dags/example_python_operator.py for tasks to queue
[2024-05-26T11:31:10.241+0000] {logging_mixin.py:188} INFO - [2024-05-26T11:31:10.240+0000] {dagbag.py:545} INFO - Filling up the DagBag from /home/airflow/.local/lib/python3.12/site-packages/airflow/example_dags/example_python_operator.py
[2024-05-26T11:31:10.249+0000] {processor.py:840} INFO - DAG(s) 'example_python_operator' retrieved from /home/airflow/.local/lib/python3.12/site-packages/airflow/example_dags/example_python_operator.py
[2024-05-26T11:31:10.267+0000] {logging_mixin.py:188} INFO - [2024-05-26T11:31:10.267+0000] {dag.py:3096} INFO - Sync 1 DAGs
[2024-05-26T11:31:10.278+0000] {logging_mixin.py:188} INFO - [2024-05-26T11:31:10.278+0000] {dag.py:3954} INFO - Setting next_dagrun for example_python_operator to None, run_after=None
[2024-05-26T11:31:10.297+0000] {processor.py:183} INFO - Processing /home/airflow/.local/lib/python3.12/site-packages/airflow/example_dags/example_python_operator.py took 0.064 seconds
[2024-05-26T11:31:40.713+0000] {processor.py:161} INFO - Started process (PID=6943) to work on /home/airflow/.local/lib/python3.12/site-packages/airflow/example_dags/example_python_operator.py
[2024-05-26T11:31:40.726+0000] {processor.py:830} INFO - Processing file /home/airflow/.local/lib/python3.12/site-packages/airflow/example_dags/example_python_operator.py for tasks to queue
[2024-05-26T11:31:40.738+0000] {logging_mixin.py:188} INFO - [2024-05-26T11:31:40.738+0000] {dagbag.py:545} INFO - Filling up the DagBag from /home/airflow/.local/lib/python3.12/site-packages/airflow/example_dags/example_python_operator.py
[2024-05-26T11:31:40.797+0000] {processor.py:840} INFO - DAG(s) 'example_python_operator' retrieved from /home/airflow/.local/lib/python3.12/site-packages/airflow/example_dags/example_python_operator.py
[2024-05-26T11:31:40.867+0000] {logging_mixin.py:188} INFO - [2024-05-26T11:31:40.866+0000] {dag.py:3096} INFO - Sync 1 DAGs
[2024-05-26T11:31:40.913+0000] {logging_mixin.py:188} INFO - [2024-05-26T11:31:40.913+0000] {dag.py:3954} INFO - Setting next_dagrun for example_python_operator to None, run_after=None
[2024-05-26T11:31:40.948+0000] {processor.py:183} INFO - Processing /home/airflow/.local/lib/python3.12/site-packages/airflow/example_dags/example_python_operator.py took 0.256 seconds
[2024-05-26T11:32:11.459+0000] {processor.py:161} INFO - Started process (PID=7211) to work on /home/airflow/.local/lib/python3.12/site-packages/airflow/example_dags/example_python_operator.py
[2024-05-26T11:32:11.461+0000] {processor.py:830} INFO - Processing file /home/airflow/.local/lib/python3.12/site-packages/airflow/example_dags/example_python_operator.py for tasks to queue
[2024-05-26T11:32:11.463+0000] {logging_mixin.py:188} INFO - [2024-05-26T11:32:11.463+0000] {dagbag.py:545} INFO - Filling up the DagBag from /home/airflow/.local/lib/python3.12/site-packages/airflow/example_dags/example_python_operator.py
[2024-05-26T11:32:11.474+0000] {processor.py:840} INFO - DAG(s) 'example_python_operator' retrieved from /home/airflow/.local/lib/python3.12/site-packages/airflow/example_dags/example_python_operator.py
[2024-05-26T11:32:11.505+0000] {logging_mixin.py:188} INFO - [2024-05-26T11:32:11.504+0000] {dag.py:3096} INFO - Sync 1 DAGs
[2024-05-26T11:32:11.531+0000] {logging_mixin.py:188} INFO - [2024-05-26T11:32:11.531+0000] {dag.py:3954} INFO - Setting next_dagrun for example_python_operator to None, run_after=None
[2024-05-26T11:32:11.561+0000] {processor.py:183} INFO - Processing /home/airflow/.local/lib/python3.12/site-packages/airflow/example_dags/example_python_operator.py took 0.112 seconds
[2024-05-26T11:32:41.663+0000] {processor.py:161} INFO - Started process (PID=7479) to work on /home/airflow/.local/lib/python3.12/site-packages/airflow/example_dags/example_python_operator.py
[2024-05-26T11:32:41.665+0000] {processor.py:830} INFO - Processing file /home/airflow/.local/lib/python3.12/site-packages/airflow/example_dags/example_python_operator.py for tasks to queue
[2024-05-26T11:32:41.667+0000] {logging_mixin.py:188} INFO - [2024-05-26T11:32:41.667+0000] {dagbag.py:545} INFO - Filling up the DagBag from /home/airflow/.local/lib/python3.12/site-packages/airflow/example_dags/example_python_operator.py
[2024-05-26T11:32:41.681+0000] {processor.py:840} INFO - DAG(s) 'example_python_operator' retrieved from /home/airflow/.local/lib/python3.12/site-packages/airflow/example_dags/example_python_operator.py
[2024-05-26T11:32:41.704+0000] {logging_mixin.py:188} INFO - [2024-05-26T11:32:41.704+0000] {dag.py:3096} INFO - Sync 1 DAGs
[2024-05-26T11:32:41.718+0000] {logging_mixin.py:188} INFO - [2024-05-26T11:32:41.717+0000] {dag.py:3954} INFO - Setting next_dagrun for example_python_operator to None, run_after=None
[2024-05-26T11:32:41.736+0000] {processor.py:183} INFO - Processing /home/airflow/.local/lib/python3.12/site-packages/airflow/example_dags/example_python_operator.py took 0.079 seconds
[2024-05-26T11:33:12.108+0000] {processor.py:161} INFO - Started process (PID=7747) to work on /home/airflow/.local/lib/python3.12/site-packages/airflow/example_dags/example_python_operator.py
[2024-05-26T11:33:12.109+0000] {processor.py:830} INFO - Processing file /home/airflow/.local/lib/python3.12/site-packages/airflow/example_dags/example_python_operator.py for tasks to queue
[2024-05-26T11:33:12.112+0000] {logging_mixin.py:188} INFO - [2024-05-26T11:33:12.112+0000] {dagbag.py:545} INFO - Filling up the DagBag from /home/airflow/.local/lib/python3.12/site-packages/airflow/example_dags/example_python_operator.py
[2024-05-26T11:33:12.121+0000] {processor.py:840} INFO - DAG(s) 'example_python_operator' retrieved from /home/airflow/.local/lib/python3.12/site-packages/airflow/example_dags/example_python_operator.py
[2024-05-26T11:33:12.142+0000] {logging_mixin.py:188} INFO - [2024-05-26T11:33:12.142+0000] {dag.py:3096} INFO - Sync 1 DAGs
[2024-05-26T11:33:12.156+0000] {logging_mixin.py:188} INFO - [2024-05-26T11:33:12.156+0000] {dag.py:3954} INFO - Setting next_dagrun for example_python_operator to None, run_after=None
[2024-05-26T11:33:12.174+0000] {processor.py:183} INFO - Processing /home/airflow/.local/lib/python3.12/site-packages/airflow/example_dags/example_python_operator.py took 0.071 seconds
[2024-05-26T11:33:42.322+0000] {processor.py:161} INFO - Started process (PID=8015) to work on /home/airflow/.local/lib/python3.12/site-packages/airflow/example_dags/example_python_operator.py
[2024-05-26T11:33:42.324+0000] {processor.py:830} INFO - Processing file /home/airflow/.local/lib/python3.12/site-packages/airflow/example_dags/example_python_operator.py for tasks to queue
[2024-05-26T11:33:42.326+0000] {logging_mixin.py:188} INFO - [2024-05-26T11:33:42.326+0000] {dagbag.py:545} INFO - Filling up the DagBag from /home/airflow/.local/lib/python3.12/site-packages/airflow/example_dags/example_python_operator.py
[2024-05-26T11:33:42.335+0000] {processor.py:840} INFO - DAG(s) 'example_python_operator' retrieved from /home/airflow/.local/lib/python3.12/site-packages/airflow/example_dags/example_python_operator.py
[2024-05-26T11:33:42.357+0000] {logging_mixin.py:188} INFO - [2024-05-26T11:33:42.357+0000] {dag.py:3096} INFO - Sync 1 DAGs
[2024-05-26T11:33:42.372+0000] {logging_mixin.py:188} INFO - [2024-05-26T11:33:42.372+0000] {dag.py:3954} INFO - Setting next_dagrun for example_python_operator to None, run_after=None
[2024-05-26T11:33:42.398+0000] {processor.py:183} INFO - Processing /home/airflow/.local/lib/python3.12/site-packages/airflow/example_dags/example_python_operator.py took 0.081 seconds
[2024-05-26T11:34:12.718+0000] {processor.py:161} INFO - Started process (PID=8283) to work on /home/airflow/.local/lib/python3.12/site-packages/airflow/example_dags/example_python_operator.py
[2024-05-26T11:34:12.719+0000] {processor.py:830} INFO - Processing file /home/airflow/.local/lib/python3.12/site-packages/airflow/example_dags/example_python_operator.py for tasks to queue
[2024-05-26T11:34:12.722+0000] {logging_mixin.py:188} INFO - [2024-05-26T11:34:12.721+0000] {dagbag.py:545} INFO - Filling up the DagBag from /home/airflow/.local/lib/python3.12/site-packages/airflow/example_dags/example_python_operator.py
[2024-05-26T11:34:12.732+0000] {processor.py:840} INFO - DAG(s) 'example_python_operator' retrieved from /home/airflow/.local/lib/python3.12/site-packages/airflow/example_dags/example_python_operator.py
[2024-05-26T11:34:12.759+0000] {logging_mixin.py:188} INFO - [2024-05-26T11:34:12.758+0000] {dag.py:3096} INFO - Sync 1 DAGs
[2024-05-26T11:34:12.773+0000] {logging_mixin.py:188} INFO - [2024-05-26T11:34:12.773+0000] {dag.py:3954} INFO - Setting next_dagrun for example_python_operator to None, run_after=None
[2024-05-26T11:34:12.793+0000] {processor.py:183} INFO - Processing /home/airflow/.local/lib/python3.12/site-packages/airflow/example_dags/example_python_operator.py took 0.080 seconds
