[2024-05-26T11:18:54.891+0000] {processor.py:161} INFO - Started process (PID=211) to work on /home/airflow/.local/lib/python3.12/site-packages/airflow/example_dags/example_branch_operator.py
[2024-05-26T11:18:54.892+0000] {processor.py:830} INFO - Processing file /home/airflow/.local/lib/python3.12/site-packages/airflow/example_dags/example_branch_operator.py for tasks to queue
[2024-05-26T11:18:54.896+0000] {logging_mixin.py:188} INFO - [2024-05-26T11:18:54.895+0000] {dagbag.py:545} INFO - Filling up the DagBag from /home/airflow/.local/lib/python3.12/site-packages/airflow/example_dags/example_branch_operator.py
[2024-05-26T11:18:54.919+0000] {processor.py:840} INFO - DAG(s) 'example_branch_operator' retrieved from /home/airflow/.local/lib/python3.12/site-packages/airflow/example_dags/example_branch_operator.py
[2024-05-26T11:18:55.123+0000] {logging_mixin.py:188} INFO - [2024-05-26T11:18:55.123+0000] {dag.py:3096} INFO - Sync 1 DAGs
[2024-05-26T11:18:55.149+0000] {logging_mixin.py:188} INFO - [2024-05-26T11:18:55.149+0000] {dag.py:3954} INFO - Setting next_dagrun for example_branch_operator to 2024-05-25 00:00:00+00:00, run_after=2024-05-26 00:00:00+00:00
[2024-05-26T11:18:55.178+0000] {processor.py:183} INFO - Processing /home/airflow/.local/lib/python3.12/site-packages/airflow/example_dags/example_branch_operator.py took 0.294 seconds
[2024-05-26T11:19:25.767+0000] {processor.py:161} INFO - Started process (PID=479) to work on /home/airflow/.local/lib/python3.12/site-packages/airflow/example_dags/example_branch_operator.py
[2024-05-26T11:19:25.775+0000] {processor.py:830} INFO - Processing file /home/airflow/.local/lib/python3.12/site-packages/airflow/example_dags/example_branch_operator.py for tasks to queue
[2024-05-26T11:19:25.782+0000] {logging_mixin.py:188} INFO - [2024-05-26T11:19:25.782+0000] {dagbag.py:545} INFO - Filling up the DagBag from /home/airflow/.local/lib/python3.12/site-packages/airflow/example_dags/example_branch_operator.py
[2024-05-26T11:19:25.817+0000] {processor.py:840} INFO - DAG(s) 'example_branch_operator' retrieved from /home/airflow/.local/lib/python3.12/site-packages/airflow/example_dags/example_branch_operator.py
[2024-05-26T11:19:25.863+0000] {logging_mixin.py:188} INFO - [2024-05-26T11:19:25.862+0000] {dag.py:3096} INFO - Sync 1 DAGs
[2024-05-26T11:19:25.904+0000] {logging_mixin.py:188} INFO - [2024-05-26T11:19:25.904+0000] {dag.py:3954} INFO - Setting next_dagrun for example_branch_operator to 2024-05-25 00:00:00+00:00, run_after=2024-05-26 00:00:00+00:00
[2024-05-26T11:19:25.934+0000] {processor.py:183} INFO - Processing /home/airflow/.local/lib/python3.12/site-packages/airflow/example_dags/example_branch_operator.py took 0.179 seconds
[2024-05-26T11:19:56.554+0000] {processor.py:161} INFO - Started process (PID=747) to work on /home/airflow/.local/lib/python3.12/site-packages/airflow/example_dags/example_branch_operator.py
[2024-05-26T11:19:56.556+0000] {processor.py:830} INFO - Processing file /home/airflow/.local/lib/python3.12/site-packages/airflow/example_dags/example_branch_operator.py for tasks to queue
[2024-05-26T11:19:56.558+0000] {logging_mixin.py:188} INFO - [2024-05-26T11:19:56.557+0000] {dagbag.py:545} INFO - Filling up the DagBag from /home/airflow/.local/lib/python3.12/site-packages/airflow/example_dags/example_branch_operator.py
[2024-05-26T11:19:56.578+0000] {processor.py:840} INFO - DAG(s) 'example_branch_operator' retrieved from /home/airflow/.local/lib/python3.12/site-packages/airflow/example_dags/example_branch_operator.py
[2024-05-26T11:19:56.594+0000] {logging_mixin.py:188} INFO - [2024-05-26T11:19:56.593+0000] {dag.py:3096} INFO - Sync 1 DAGs
[2024-05-26T11:19:56.617+0000] {logging_mixin.py:188} INFO - [2024-05-26T11:19:56.617+0000] {dag.py:3954} INFO - Setting next_dagrun for example_branch_operator to 2024-05-25 00:00:00+00:00, run_after=2024-05-26 00:00:00+00:00
[2024-05-26T11:19:56.638+0000] {processor.py:183} INFO - Processing /home/airflow/.local/lib/python3.12/site-packages/airflow/example_dags/example_branch_operator.py took 0.090 seconds
[2024-05-26T11:20:27.298+0000] {processor.py:161} INFO - Started process (PID=1015) to work on /home/airflow/.local/lib/python3.12/site-packages/airflow/example_dags/example_branch_operator.py
[2024-05-26T11:20:27.300+0000] {processor.py:830} INFO - Processing file /home/airflow/.local/lib/python3.12/site-packages/airflow/example_dags/example_branch_operator.py for tasks to queue
[2024-05-26T11:20:27.302+0000] {logging_mixin.py:188} INFO - [2024-05-26T11:20:27.301+0000] {dagbag.py:545} INFO - Filling up the DagBag from /home/airflow/.local/lib/python3.12/site-packages/airflow/example_dags/example_branch_operator.py
[2024-05-26T11:20:27.322+0000] {processor.py:840} INFO - DAG(s) 'example_branch_operator' retrieved from /home/airflow/.local/lib/python3.12/site-packages/airflow/example_dags/example_branch_operator.py
[2024-05-26T11:20:27.486+0000] {logging_mixin.py:188} INFO - [2024-05-26T11:20:27.485+0000] {dag.py:3096} INFO - Sync 1 DAGs
[2024-05-26T11:20:27.511+0000] {logging_mixin.py:188} INFO - [2024-05-26T11:20:27.511+0000] {dag.py:3954} INFO - Setting next_dagrun for example_branch_operator to 2024-05-25 00:00:00+00:00, run_after=2024-05-26 00:00:00+00:00
[2024-05-26T11:20:27.548+0000] {processor.py:183} INFO - Processing /home/airflow/.local/lib/python3.12/site-packages/airflow/example_dags/example_branch_operator.py took 0.257 seconds
[2024-05-26T11:20:58.104+0000] {processor.py:161} INFO - Started process (PID=1283) to work on /home/airflow/.local/lib/python3.12/site-packages/airflow/example_dags/example_branch_operator.py
[2024-05-26T11:20:58.106+0000] {processor.py:830} INFO - Processing file /home/airflow/.local/lib/python3.12/site-packages/airflow/example_dags/example_branch_operator.py for tasks to queue
[2024-05-26T11:20:58.107+0000] {logging_mixin.py:188} INFO - [2024-05-26T11:20:58.107+0000] {dagbag.py:545} INFO - Filling up the DagBag from /home/airflow/.local/lib/python3.12/site-packages/airflow/example_dags/example_branch_operator.py
[2024-05-26T11:20:58.121+0000] {processor.py:840} INFO - DAG(s) 'example_branch_operator' retrieved from /home/airflow/.local/lib/python3.12/site-packages/airflow/example_dags/example_branch_operator.py
[2024-05-26T11:20:58.148+0000] {logging_mixin.py:188} INFO - [2024-05-26T11:20:58.148+0000] {dag.py:3096} INFO - Sync 1 DAGs
[2024-05-26T11:20:58.169+0000] {logging_mixin.py:188} INFO - [2024-05-26T11:20:58.169+0000] {dag.py:3954} INFO - Setting next_dagrun for example_branch_operator to 2024-05-25 00:00:00+00:00, run_after=2024-05-26 00:00:00+00:00
[2024-05-26T11:20:58.190+0000] {processor.py:183} INFO - Processing /home/airflow/.local/lib/python3.12/site-packages/airflow/example_dags/example_branch_operator.py took 0.091 seconds
[2024-05-26T11:21:28.930+0000] {processor.py:161} INFO - Started process (PID=1551) to work on /home/airflow/.local/lib/python3.12/site-packages/airflow/example_dags/example_branch_operator.py
[2024-05-26T11:21:28.932+0000] {processor.py:830} INFO - Processing file /home/airflow/.local/lib/python3.12/site-packages/airflow/example_dags/example_branch_operator.py for tasks to queue
[2024-05-26T11:21:28.934+0000] {logging_mixin.py:188} INFO - [2024-05-26T11:21:28.934+0000] {dagbag.py:545} INFO - Filling up the DagBag from /home/airflow/.local/lib/python3.12/site-packages/airflow/example_dags/example_branch_operator.py
[2024-05-26T11:21:28.952+0000] {processor.py:840} INFO - DAG(s) 'example_branch_operator' retrieved from /home/airflow/.local/lib/python3.12/site-packages/airflow/example_dags/example_branch_operator.py
[2024-05-26T11:21:28.979+0000] {logging_mixin.py:188} INFO - [2024-05-26T11:21:28.979+0000] {dag.py:3096} INFO - Sync 1 DAGs
[2024-05-26T11:21:29.000+0000] {logging_mixin.py:188} INFO - [2024-05-26T11:21:29.000+0000] {dag.py:3954} INFO - Setting next_dagrun for example_branch_operator to 2024-05-25 00:00:00+00:00, run_after=2024-05-26 00:00:00+00:00
[2024-05-26T11:21:29.020+0000] {processor.py:183} INFO - Processing /home/airflow/.local/lib/python3.12/site-packages/airflow/example_dags/example_branch_operator.py took 0.096 seconds
[2024-05-26T11:21:59.183+0000] {processor.py:161} INFO - Started process (PID=1813) to work on /home/airflow/.local/lib/python3.12/site-packages/airflow/example_dags/example_branch_operator.py
[2024-05-26T11:21:59.185+0000] {processor.py:830} INFO - Processing file /home/airflow/.local/lib/python3.12/site-packages/airflow/example_dags/example_branch_operator.py for tasks to queue
[2024-05-26T11:21:59.187+0000] {logging_mixin.py:188} INFO - [2024-05-26T11:21:59.186+0000] {dagbag.py:545} INFO - Filling up the DagBag from /home/airflow/.local/lib/python3.12/site-packages/airflow/example_dags/example_branch_operator.py
[2024-05-26T11:21:59.201+0000] {processor.py:840} INFO - DAG(s) 'example_branch_operator' retrieved from /home/airflow/.local/lib/python3.12/site-packages/airflow/example_dags/example_branch_operator.py
[2024-05-26T11:21:59.230+0000] {logging_mixin.py:188} INFO - [2024-05-26T11:21:59.229+0000] {dag.py:3096} INFO - Sync 1 DAGs
[2024-05-26T11:21:59.254+0000] {logging_mixin.py:188} INFO - [2024-05-26T11:21:59.254+0000] {dag.py:3954} INFO - Setting next_dagrun for example_branch_operator to 2024-05-25 00:00:00+00:00, run_after=2024-05-26 00:00:00+00:00
[2024-05-26T11:21:59.275+0000] {processor.py:183} INFO - Processing /home/airflow/.local/lib/python3.12/site-packages/airflow/example_dags/example_branch_operator.py took 0.096 seconds
[2024-05-26T11:22:29.782+0000] {processor.py:161} INFO - Started process (PID=2081) to work on /home/airflow/.local/lib/python3.12/site-packages/airflow/example_dags/example_branch_operator.py
[2024-05-26T11:22:29.783+0000] {processor.py:830} INFO - Processing file /home/airflow/.local/lib/python3.12/site-packages/airflow/example_dags/example_branch_operator.py for tasks to queue
[2024-05-26T11:22:29.785+0000] {logging_mixin.py:188} INFO - [2024-05-26T11:22:29.785+0000] {dagbag.py:545} INFO - Filling up the DagBag from /home/airflow/.local/lib/python3.12/site-packages/airflow/example_dags/example_branch_operator.py
[2024-05-26T11:22:29.798+0000] {processor.py:840} INFO - DAG(s) 'example_branch_operator' retrieved from /home/airflow/.local/lib/python3.12/site-packages/airflow/example_dags/example_branch_operator.py
[2024-05-26T11:22:29.847+0000] {logging_mixin.py:188} INFO - [2024-05-26T11:22:29.846+0000] {dag.py:3096} INFO - Sync 1 DAGs
[2024-05-26T11:22:29.871+0000] {logging_mixin.py:188} INFO - [2024-05-26T11:22:29.871+0000] {dag.py:3954} INFO - Setting next_dagrun for example_branch_operator to 2024-05-25 00:00:00+00:00, run_after=2024-05-26 00:00:00+00:00
[2024-05-26T11:22:29.895+0000] {processor.py:183} INFO - Processing /home/airflow/.local/lib/python3.12/site-packages/airflow/example_dags/example_branch_operator.py took 0.118 seconds
[2024-05-26T11:23:00.182+0000] {processor.py:161} INFO - Started process (PID=2349) to work on /home/airflow/.local/lib/python3.12/site-packages/airflow/example_dags/example_branch_operator.py
[2024-05-26T11:23:00.183+0000] {processor.py:830} INFO - Processing file /home/airflow/.local/lib/python3.12/site-packages/airflow/example_dags/example_branch_operator.py for tasks to queue
[2024-05-26T11:23:00.185+0000] {logging_mixin.py:188} INFO - [2024-05-26T11:23:00.184+0000] {dagbag.py:545} INFO - Filling up the DagBag from /home/airflow/.local/lib/python3.12/site-packages/airflow/example_dags/example_branch_operator.py
[2024-05-26T11:23:00.197+0000] {processor.py:840} INFO - DAG(s) 'example_branch_operator' retrieved from /home/airflow/.local/lib/python3.12/site-packages/airflow/example_dags/example_branch_operator.py
[2024-05-26T11:23:00.220+0000] {logging_mixin.py:188} INFO - [2024-05-26T11:23:00.220+0000] {dag.py:3096} INFO - Sync 1 DAGs
[2024-05-26T11:23:00.243+0000] {logging_mixin.py:188} INFO - [2024-05-26T11:23:00.243+0000] {dag.py:3954} INFO - Setting next_dagrun for example_branch_operator to 2024-05-25 00:00:00+00:00, run_after=2024-05-26 00:00:00+00:00
[2024-05-26T11:23:00.263+0000] {processor.py:183} INFO - Processing /home/airflow/.local/lib/python3.12/site-packages/airflow/example_dags/example_branch_operator.py took 0.086 seconds
[2024-05-26T11:23:30.492+0000] {processor.py:161} INFO - Started process (PID=2617) to work on /home/airflow/.local/lib/python3.12/site-packages/airflow/example_dags/example_branch_operator.py
[2024-05-26T11:23:30.493+0000] {processor.py:830} INFO - Processing file /home/airflow/.local/lib/python3.12/site-packages/airflow/example_dags/example_branch_operator.py for tasks to queue
[2024-05-26T11:23:30.495+0000] {logging_mixin.py:188} INFO - [2024-05-26T11:23:30.495+0000] {dagbag.py:545} INFO - Filling up the DagBag from /home/airflow/.local/lib/python3.12/site-packages/airflow/example_dags/example_branch_operator.py
[2024-05-26T11:23:30.512+0000] {processor.py:840} INFO - DAG(s) 'example_branch_operator' retrieved from /home/airflow/.local/lib/python3.12/site-packages/airflow/example_dags/example_branch_operator.py
[2024-05-26T11:23:30.538+0000] {logging_mixin.py:188} INFO - [2024-05-26T11:23:30.537+0000] {dag.py:3096} INFO - Sync 1 DAGs
[2024-05-26T11:23:30.564+0000] {logging_mixin.py:188} INFO - [2024-05-26T11:23:30.563+0000] {dag.py:3954} INFO - Setting next_dagrun for example_branch_operator to 2024-05-25 00:00:00+00:00, run_after=2024-05-26 00:00:00+00:00
[2024-05-26T11:23:30.588+0000] {processor.py:183} INFO - Processing /home/airflow/.local/lib/python3.12/site-packages/airflow/example_dags/example_branch_operator.py took 0.102 seconds
[2024-05-26T11:24:00.858+0000] {processor.py:161} INFO - Started process (PID=2885) to work on /home/airflow/.local/lib/python3.12/site-packages/airflow/example_dags/example_branch_operator.py
[2024-05-26T11:24:00.858+0000] {processor.py:830} INFO - Processing file /home/airflow/.local/lib/python3.12/site-packages/airflow/example_dags/example_branch_operator.py for tasks to queue
[2024-05-26T11:24:00.860+0000] {logging_mixin.py:188} INFO - [2024-05-26T11:24:00.860+0000] {dagbag.py:545} INFO - Filling up the DagBag from /home/airflow/.local/lib/python3.12/site-packages/airflow/example_dags/example_branch_operator.py
[2024-05-26T11:24:00.876+0000] {processor.py:840} INFO - DAG(s) 'example_branch_operator' retrieved from /home/airflow/.local/lib/python3.12/site-packages/airflow/example_dags/example_branch_operator.py
[2024-05-26T11:24:00.927+0000] {logging_mixin.py:188} INFO - [2024-05-26T11:24:00.927+0000] {dag.py:3096} INFO - Sync 1 DAGs
[2024-05-26T11:24:00.957+0000] {logging_mixin.py:188} INFO - [2024-05-26T11:24:00.956+0000] {dag.py:3954} INFO - Setting next_dagrun for example_branch_operator to 2024-05-25 00:00:00+00:00, run_after=2024-05-26 00:00:00+00:00
[2024-05-26T11:24:00.981+0000] {processor.py:183} INFO - Processing /home/airflow/.local/lib/python3.12/site-packages/airflow/example_dags/example_branch_operator.py took 0.129 seconds
[2024-05-26T11:24:31.124+0000] {processor.py:161} INFO - Started process (PID=3153) to work on /home/airflow/.local/lib/python3.12/site-packages/airflow/example_dags/example_branch_operator.py
[2024-05-26T11:24:31.126+0000] {processor.py:830} INFO - Processing file /home/airflow/.local/lib/python3.12/site-packages/airflow/example_dags/example_branch_operator.py for tasks to queue
[2024-05-26T11:24:31.128+0000] {logging_mixin.py:188} INFO - [2024-05-26T11:24:31.128+0000] {dagbag.py:545} INFO - Filling up the DagBag from /home/airflow/.local/lib/python3.12/site-packages/airflow/example_dags/example_branch_operator.py
[2024-05-26T11:24:31.143+0000] {processor.py:840} INFO - DAG(s) 'example_branch_operator' retrieved from /home/airflow/.local/lib/python3.12/site-packages/airflow/example_dags/example_branch_operator.py
[2024-05-26T11:24:31.169+0000] {logging_mixin.py:188} INFO - [2024-05-26T11:24:31.168+0000] {dag.py:3096} INFO - Sync 1 DAGs
[2024-05-26T11:24:31.192+0000] {logging_mixin.py:188} INFO - [2024-05-26T11:24:31.192+0000] {dag.py:3954} INFO - Setting next_dagrun for example_branch_operator to 2024-05-25 00:00:00+00:00, run_after=2024-05-26 00:00:00+00:00
[2024-05-26T11:24:31.215+0000] {processor.py:183} INFO - Processing /home/airflow/.local/lib/python3.12/site-packages/airflow/example_dags/example_branch_operator.py took 0.096 seconds
[2024-05-26T11:25:01.466+0000] {processor.py:161} INFO - Started process (PID=3421) to work on /home/airflow/.local/lib/python3.12/site-packages/airflow/example_dags/example_branch_operator.py
[2024-05-26T11:25:01.467+0000] {processor.py:830} INFO - Processing file /home/airflow/.local/lib/python3.12/site-packages/airflow/example_dags/example_branch_operator.py for tasks to queue
[2024-05-26T11:25:01.469+0000] {logging_mixin.py:188} INFO - [2024-05-26T11:25:01.469+0000] {dagbag.py:545} INFO - Filling up the DagBag from /home/airflow/.local/lib/python3.12/site-packages/airflow/example_dags/example_branch_operator.py
[2024-05-26T11:25:01.485+0000] {processor.py:840} INFO - DAG(s) 'example_branch_operator' retrieved from /home/airflow/.local/lib/python3.12/site-packages/airflow/example_dags/example_branch_operator.py
[2024-05-26T11:25:01.512+0000] {logging_mixin.py:188} INFO - [2024-05-26T11:25:01.512+0000] {dag.py:3096} INFO - Sync 1 DAGs
[2024-05-26T11:25:01.541+0000] {logging_mixin.py:188} INFO - [2024-05-26T11:25:01.540+0000] {dag.py:3954} INFO - Setting next_dagrun for example_branch_operator to 2024-05-25 00:00:00+00:00, run_after=2024-05-26 00:00:00+00:00
[2024-05-26T11:25:01.563+0000] {processor.py:183} INFO - Processing /home/airflow/.local/lib/python3.12/site-packages/airflow/example_dags/example_branch_operator.py took 0.103 seconds
[2024-05-26T11:25:31.782+0000] {processor.py:161} INFO - Started process (PID=3689) to work on /home/airflow/.local/lib/python3.12/site-packages/airflow/example_dags/example_branch_operator.py
[2024-05-26T11:25:31.783+0000] {processor.py:830} INFO - Processing file /home/airflow/.local/lib/python3.12/site-packages/airflow/example_dags/example_branch_operator.py for tasks to queue
[2024-05-26T11:25:31.786+0000] {logging_mixin.py:188} INFO - [2024-05-26T11:25:31.785+0000] {dagbag.py:545} INFO - Filling up the DagBag from /home/airflow/.local/lib/python3.12/site-packages/airflow/example_dags/example_branch_operator.py
[2024-05-26T11:25:31.804+0000] {processor.py:840} INFO - DAG(s) 'example_branch_operator' retrieved from /home/airflow/.local/lib/python3.12/site-packages/airflow/example_dags/example_branch_operator.py
[2024-05-26T11:25:31.830+0000] {logging_mixin.py:188} INFO - [2024-05-26T11:25:31.829+0000] {dag.py:3096} INFO - Sync 1 DAGs
[2024-05-26T11:25:31.857+0000] {logging_mixin.py:188} INFO - [2024-05-26T11:25:31.857+0000] {dag.py:3954} INFO - Setting next_dagrun for example_branch_operator to 2024-05-25 00:00:00+00:00, run_after=2024-05-26 00:00:00+00:00
[2024-05-26T11:25:31.878+0000] {processor.py:183} INFO - Processing /home/airflow/.local/lib/python3.12/site-packages/airflow/example_dags/example_branch_operator.py took 0.102 seconds
[2024-05-26T11:26:02.167+0000] {processor.py:161} INFO - Started process (PID=3957) to work on /home/airflow/.local/lib/python3.12/site-packages/airflow/example_dags/example_branch_operator.py
[2024-05-26T11:26:02.169+0000] {processor.py:830} INFO - Processing file /home/airflow/.local/lib/python3.12/site-packages/airflow/example_dags/example_branch_operator.py for tasks to queue
[2024-05-26T11:26:02.173+0000] {logging_mixin.py:188} INFO - [2024-05-26T11:26:02.172+0000] {dagbag.py:545} INFO - Filling up the DagBag from /home/airflow/.local/lib/python3.12/site-packages/airflow/example_dags/example_branch_operator.py
[2024-05-26T11:26:02.213+0000] {processor.py:840} INFO - DAG(s) 'example_branch_operator' retrieved from /home/airflow/.local/lib/python3.12/site-packages/airflow/example_dags/example_branch_operator.py
[2024-05-26T11:26:02.279+0000] {logging_mixin.py:188} INFO - [2024-05-26T11:26:02.279+0000] {dag.py:3096} INFO - Sync 1 DAGs
[2024-05-26T11:26:02.333+0000] {logging_mixin.py:188} INFO - [2024-05-26T11:26:02.332+0000] {dag.py:3954} INFO - Setting next_dagrun for example_branch_operator to 2024-05-25 00:00:00+00:00, run_after=2024-05-26 00:00:00+00:00
[2024-05-26T11:26:02.376+0000] {processor.py:183} INFO - Processing /home/airflow/.local/lib/python3.12/site-packages/airflow/example_dags/example_branch_operator.py took 0.223 seconds
[2024-05-26T11:26:32.520+0000] {processor.py:161} INFO - Started process (PID=4225) to work on /home/airflow/.local/lib/python3.12/site-packages/airflow/example_dags/example_branch_operator.py
[2024-05-26T11:26:32.522+0000] {processor.py:830} INFO - Processing file /home/airflow/.local/lib/python3.12/site-packages/airflow/example_dags/example_branch_operator.py for tasks to queue
[2024-05-26T11:26:32.524+0000] {logging_mixin.py:188} INFO - [2024-05-26T11:26:32.524+0000] {dagbag.py:545} INFO - Filling up the DagBag from /home/airflow/.local/lib/python3.12/site-packages/airflow/example_dags/example_branch_operator.py
[2024-05-26T11:26:32.538+0000] {processor.py:840} INFO - DAG(s) 'example_branch_operator' retrieved from /home/airflow/.local/lib/python3.12/site-packages/airflow/example_dags/example_branch_operator.py
[2024-05-26T11:26:32.569+0000] {logging_mixin.py:188} INFO - [2024-05-26T11:26:32.568+0000] {dag.py:3096} INFO - Sync 1 DAGs
[2024-05-26T11:26:32.596+0000] {logging_mixin.py:188} INFO - [2024-05-26T11:26:32.596+0000] {dag.py:3954} INFO - Setting next_dagrun for example_branch_operator to 2024-05-25 00:00:00+00:00, run_after=2024-05-26 00:00:00+00:00
[2024-05-26T11:26:32.620+0000] {processor.py:183} INFO - Processing /home/airflow/.local/lib/python3.12/site-packages/airflow/example_dags/example_branch_operator.py took 0.103 seconds
[2024-05-26T11:27:02.946+0000] {processor.py:161} INFO - Started process (PID=4493) to work on /home/airflow/.local/lib/python3.12/site-packages/airflow/example_dags/example_branch_operator.py
[2024-05-26T11:27:02.948+0000] {processor.py:830} INFO - Processing file /home/airflow/.local/lib/python3.12/site-packages/airflow/example_dags/example_branch_operator.py for tasks to queue
[2024-05-26T11:27:02.950+0000] {logging_mixin.py:188} INFO - [2024-05-26T11:27:02.950+0000] {dagbag.py:545} INFO - Filling up the DagBag from /home/airflow/.local/lib/python3.12/site-packages/airflow/example_dags/example_branch_operator.py
[2024-05-26T11:27:02.972+0000] {processor.py:840} INFO - DAG(s) 'example_branch_operator' retrieved from /home/airflow/.local/lib/python3.12/site-packages/airflow/example_dags/example_branch_operator.py
[2024-05-26T11:27:03.006+0000] {logging_mixin.py:188} INFO - [2024-05-26T11:27:03.006+0000] {dag.py:3096} INFO - Sync 1 DAGs
[2024-05-26T11:27:03.034+0000] {logging_mixin.py:188} INFO - [2024-05-26T11:27:03.033+0000] {dag.py:3954} INFO - Setting next_dagrun for example_branch_operator to 2024-05-25 00:00:00+00:00, run_after=2024-05-26 00:00:00+00:00
[2024-05-26T11:27:03.061+0000] {processor.py:183} INFO - Processing /home/airflow/.local/lib/python3.12/site-packages/airflow/example_dags/example_branch_operator.py took 0.121 seconds
[2024-05-26T11:27:33.143+0000] {processor.py:161} INFO - Started process (PID=4761) to work on /home/airflow/.local/lib/python3.12/site-packages/airflow/example_dags/example_branch_operator.py
[2024-05-26T11:27:33.144+0000] {processor.py:830} INFO - Processing file /home/airflow/.local/lib/python3.12/site-packages/airflow/example_dags/example_branch_operator.py for tasks to queue
[2024-05-26T11:27:33.147+0000] {logging_mixin.py:188} INFO - [2024-05-26T11:27:33.147+0000] {dagbag.py:545} INFO - Filling up the DagBag from /home/airflow/.local/lib/python3.12/site-packages/airflow/example_dags/example_branch_operator.py
[2024-05-26T11:27:33.164+0000] {processor.py:840} INFO - DAG(s) 'example_branch_operator' retrieved from /home/airflow/.local/lib/python3.12/site-packages/airflow/example_dags/example_branch_operator.py
[2024-05-26T11:27:33.193+0000] {logging_mixin.py:188} INFO - [2024-05-26T11:27:33.193+0000] {dag.py:3096} INFO - Sync 1 DAGs
[2024-05-26T11:27:33.218+0000] {logging_mixin.py:188} INFO - [2024-05-26T11:27:33.218+0000] {dag.py:3954} INFO - Setting next_dagrun for example_branch_operator to 2024-05-25 00:00:00+00:00, run_after=2024-05-26 00:00:00+00:00
[2024-05-26T11:27:33.240+0000] {processor.py:183} INFO - Processing /home/airflow/.local/lib/python3.12/site-packages/airflow/example_dags/example_branch_operator.py took 0.103 seconds
[2024-05-26T11:28:03.660+0000] {processor.py:161} INFO - Started process (PID=5035) to work on /home/airflow/.local/lib/python3.12/site-packages/airflow/example_dags/example_branch_operator.py
[2024-05-26T11:28:03.661+0000] {processor.py:830} INFO - Processing file /home/airflow/.local/lib/python3.12/site-packages/airflow/example_dags/example_branch_operator.py for tasks to queue
[2024-05-26T11:28:03.663+0000] {logging_mixin.py:188} INFO - [2024-05-26T11:28:03.663+0000] {dagbag.py:545} INFO - Filling up the DagBag from /home/airflow/.local/lib/python3.12/site-packages/airflow/example_dags/example_branch_operator.py
[2024-05-26T11:28:03.682+0000] {processor.py:840} INFO - DAG(s) 'example_branch_operator' retrieved from /home/airflow/.local/lib/python3.12/site-packages/airflow/example_dags/example_branch_operator.py
[2024-05-26T11:28:03.719+0000] {logging_mixin.py:188} INFO - [2024-05-26T11:28:03.719+0000] {dag.py:3096} INFO - Sync 1 DAGs
[2024-05-26T11:28:03.748+0000] {logging_mixin.py:188} INFO - [2024-05-26T11:28:03.748+0000] {dag.py:3954} INFO - Setting next_dagrun for example_branch_operator to 2024-05-25 00:00:00+00:00, run_after=2024-05-26 00:00:00+00:00
[2024-05-26T11:28:03.775+0000] {processor.py:183} INFO - Processing /home/airflow/.local/lib/python3.12/site-packages/airflow/example_dags/example_branch_operator.py took 0.122 seconds
[2024-05-26T11:28:34.200+0000] {processor.py:161} INFO - Started process (PID=5305) to work on /home/airflow/.local/lib/python3.12/site-packages/airflow/example_dags/example_branch_operator.py
[2024-05-26T11:28:34.201+0000] {processor.py:830} INFO - Processing file /home/airflow/.local/lib/python3.12/site-packages/airflow/example_dags/example_branch_operator.py for tasks to queue
[2024-05-26T11:28:34.203+0000] {logging_mixin.py:188} INFO - [2024-05-26T11:28:34.203+0000] {dagbag.py:545} INFO - Filling up the DagBag from /home/airflow/.local/lib/python3.12/site-packages/airflow/example_dags/example_branch_operator.py
[2024-05-26T11:28:34.219+0000] {processor.py:840} INFO - DAG(s) 'example_branch_operator' retrieved from /home/airflow/.local/lib/python3.12/site-packages/airflow/example_dags/example_branch_operator.py
[2024-05-26T11:28:34.246+0000] {logging_mixin.py:188} INFO - [2024-05-26T11:28:34.246+0000] {dag.py:3096} INFO - Sync 1 DAGs
[2024-05-26T11:28:34.268+0000] {logging_mixin.py:188} INFO - [2024-05-26T11:28:34.268+0000] {dag.py:3954} INFO - Setting next_dagrun for example_branch_operator to 2024-05-25 00:00:00+00:00, run_after=2024-05-26 00:00:00+00:00
[2024-05-26T11:28:34.289+0000] {processor.py:183} INFO - Processing /home/airflow/.local/lib/python3.12/site-packages/airflow/example_dags/example_branch_operator.py took 0.095 seconds
[2024-05-26T11:29:04.355+0000] {processor.py:161} INFO - Started process (PID=5571) to work on /home/airflow/.local/lib/python3.12/site-packages/airflow/example_dags/example_branch_operator.py
[2024-05-26T11:29:04.356+0000] {processor.py:830} INFO - Processing file /home/airflow/.local/lib/python3.12/site-packages/airflow/example_dags/example_branch_operator.py for tasks to queue
[2024-05-26T11:29:04.359+0000] {logging_mixin.py:188} INFO - [2024-05-26T11:29:04.359+0000] {dagbag.py:545} INFO - Filling up the DagBag from /home/airflow/.local/lib/python3.12/site-packages/airflow/example_dags/example_branch_operator.py
[2024-05-26T11:29:04.376+0000] {processor.py:840} INFO - DAG(s) 'example_branch_operator' retrieved from /home/airflow/.local/lib/python3.12/site-packages/airflow/example_dags/example_branch_operator.py
[2024-05-26T11:29:04.408+0000] {logging_mixin.py:188} INFO - [2024-05-26T11:29:04.407+0000] {dag.py:3096} INFO - Sync 1 DAGs
[2024-05-26T11:29:04.433+0000] {logging_mixin.py:188} INFO - [2024-05-26T11:29:04.433+0000] {dag.py:3954} INFO - Setting next_dagrun for example_branch_operator to 2024-05-25 00:00:00+00:00, run_after=2024-05-26 00:00:00+00:00
[2024-05-26T11:29:04.458+0000] {processor.py:183} INFO - Processing /home/airflow/.local/lib/python3.12/site-packages/airflow/example_dags/example_branch_operator.py took 0.110 seconds
[2024-05-26T11:29:35.062+0000] {processor.py:161} INFO - Started process (PID=5839) to work on /home/airflow/.local/lib/python3.12/site-packages/airflow/example_dags/example_branch_operator.py
[2024-05-26T11:29:35.064+0000] {processor.py:830} INFO - Processing file /home/airflow/.local/lib/python3.12/site-packages/airflow/example_dags/example_branch_operator.py for tasks to queue
[2024-05-26T11:29:35.067+0000] {logging_mixin.py:188} INFO - [2024-05-26T11:29:35.067+0000] {dagbag.py:545} INFO - Filling up the DagBag from /home/airflow/.local/lib/python3.12/site-packages/airflow/example_dags/example_branch_operator.py
[2024-05-26T11:29:35.088+0000] {processor.py:840} INFO - DAG(s) 'example_branch_operator' retrieved from /home/airflow/.local/lib/python3.12/site-packages/airflow/example_dags/example_branch_operator.py
[2024-05-26T11:29:35.126+0000] {logging_mixin.py:188} INFO - [2024-05-26T11:29:35.125+0000] {dag.py:3096} INFO - Sync 1 DAGs
[2024-05-26T11:29:35.159+0000] {logging_mixin.py:188} INFO - [2024-05-26T11:29:35.159+0000] {dag.py:3954} INFO - Setting next_dagrun for example_branch_operator to 2024-05-25 00:00:00+00:00, run_after=2024-05-26 00:00:00+00:00
[2024-05-26T11:29:35.188+0000] {processor.py:183} INFO - Processing /home/airflow/.local/lib/python3.12/site-packages/airflow/example_dags/example_branch_operator.py took 0.134 seconds
[2024-05-26T11:30:06.266+0000] {processor.py:161} INFO - Started process (PID=6107) to work on /home/airflow/.local/lib/python3.12/site-packages/airflow/example_dags/example_branch_operator.py
[2024-05-26T11:30:06.268+0000] {processor.py:830} INFO - Processing file /home/airflow/.local/lib/python3.12/site-packages/airflow/example_dags/example_branch_operator.py for tasks to queue
[2024-05-26T11:30:06.274+0000] {logging_mixin.py:188} INFO - [2024-05-26T11:30:06.273+0000] {dagbag.py:545} INFO - Filling up the DagBag from /home/airflow/.local/lib/python3.12/site-packages/airflow/example_dags/example_branch_operator.py
[2024-05-26T11:30:06.304+0000] {processor.py:840} INFO - DAG(s) 'example_branch_operator' retrieved from /home/airflow/.local/lib/python3.12/site-packages/airflow/example_dags/example_branch_operator.py
[2024-05-26T11:30:06.613+0000] {logging_mixin.py:188} INFO - [2024-05-26T11:30:06.613+0000] {dag.py:3096} INFO - Sync 1 DAGs
[2024-05-26T11:30:06.643+0000] {logging_mixin.py:188} INFO - [2024-05-26T11:30:06.643+0000] {dag.py:3954} INFO - Setting next_dagrun for example_branch_operator to 2024-05-25 00:00:00+00:00, run_after=2024-05-26 00:00:00+00:00
[2024-05-26T11:30:06.674+0000] {processor.py:183} INFO - Processing /home/airflow/.local/lib/python3.12/site-packages/airflow/example_dags/example_branch_operator.py took 0.419 seconds
[2024-05-26T11:30:36.978+0000] {processor.py:161} INFO - Started process (PID=6377) to work on /home/airflow/.local/lib/python3.12/site-packages/airflow/example_dags/example_branch_operator.py
[2024-05-26T11:30:36.979+0000] {processor.py:830} INFO - Processing file /home/airflow/.local/lib/python3.12/site-packages/airflow/example_dags/example_branch_operator.py for tasks to queue
[2024-05-26T11:30:36.982+0000] {logging_mixin.py:188} INFO - [2024-05-26T11:30:36.981+0000] {dagbag.py:545} INFO - Filling up the DagBag from /home/airflow/.local/lib/python3.12/site-packages/airflow/example_dags/example_branch_operator.py
[2024-05-26T11:30:36.997+0000] {processor.py:840} INFO - DAG(s) 'example_branch_operator' retrieved from /home/airflow/.local/lib/python3.12/site-packages/airflow/example_dags/example_branch_operator.py
[2024-05-26T11:30:37.026+0000] {logging_mixin.py:188} INFO - [2024-05-26T11:30:37.025+0000] {dag.py:3096} INFO - Sync 1 DAGs
[2024-05-26T11:30:37.180+0000] {logging_mixin.py:188} INFO - [2024-05-26T11:30:37.180+0000] {dag.py:3954} INFO - Setting next_dagrun for example_branch_operator to 2024-05-25 00:00:00+00:00, run_after=2024-05-26 00:00:00+00:00
[2024-05-26T11:30:37.200+0000] {processor.py:183} INFO - Processing /home/airflow/.local/lib/python3.12/site-packages/airflow/example_dags/example_branch_operator.py took 0.228 seconds
[2024-05-26T11:31:07.695+0000] {processor.py:161} INFO - Started process (PID=6643) to work on /home/airflow/.local/lib/python3.12/site-packages/airflow/example_dags/example_branch_operator.py
[2024-05-26T11:31:07.695+0000] {processor.py:830} INFO - Processing file /home/airflow/.local/lib/python3.12/site-packages/airflow/example_dags/example_branch_operator.py for tasks to queue
[2024-05-26T11:31:07.697+0000] {logging_mixin.py:188} INFO - [2024-05-26T11:31:07.696+0000] {dagbag.py:545} INFO - Filling up the DagBag from /home/airflow/.local/lib/python3.12/site-packages/airflow/example_dags/example_branch_operator.py
[2024-05-26T11:31:07.708+0000] {processor.py:840} INFO - DAG(s) 'example_branch_operator' retrieved from /home/airflow/.local/lib/python3.12/site-packages/airflow/example_dags/example_branch_operator.py
[2024-05-26T11:31:07.733+0000] {logging_mixin.py:188} INFO - [2024-05-26T11:31:07.733+0000] {dag.py:3096} INFO - Sync 1 DAGs
[2024-05-26T11:31:07.755+0000] {logging_mixin.py:188} INFO - [2024-05-26T11:31:07.755+0000] {dag.py:3954} INFO - Setting next_dagrun for example_branch_operator to 2024-05-25 00:00:00+00:00, run_after=2024-05-26 00:00:00+00:00
[2024-05-26T11:31:07.780+0000] {processor.py:183} INFO - Processing /home/airflow/.local/lib/python3.12/site-packages/airflow/example_dags/example_branch_operator.py took 0.090 seconds
[2024-05-26T11:31:38.111+0000] {processor.py:161} INFO - Started process (PID=6911) to work on /home/airflow/.local/lib/python3.12/site-packages/airflow/example_dags/example_branch_operator.py
[2024-05-26T11:31:38.112+0000] {processor.py:830} INFO - Processing file /home/airflow/.local/lib/python3.12/site-packages/airflow/example_dags/example_branch_operator.py for tasks to queue
[2024-05-26T11:31:38.114+0000] {logging_mixin.py:188} INFO - [2024-05-26T11:31:38.114+0000] {dagbag.py:545} INFO - Filling up the DagBag from /home/airflow/.local/lib/python3.12/site-packages/airflow/example_dags/example_branch_operator.py
[2024-05-26T11:31:38.130+0000] {processor.py:840} INFO - DAG(s) 'example_branch_operator' retrieved from /home/airflow/.local/lib/python3.12/site-packages/airflow/example_dags/example_branch_operator.py
[2024-05-26T11:31:38.162+0000] {logging_mixin.py:188} INFO - [2024-05-26T11:31:38.162+0000] {dag.py:3096} INFO - Sync 1 DAGs
[2024-05-26T11:31:38.196+0000] {logging_mixin.py:188} INFO - [2024-05-26T11:31:38.196+0000] {dag.py:3954} INFO - Setting next_dagrun for example_branch_operator to 2024-05-25 00:00:00+00:00, run_after=2024-05-26 00:00:00+00:00
[2024-05-26T11:31:38.221+0000] {processor.py:183} INFO - Processing /home/airflow/.local/lib/python3.12/site-packages/airflow/example_dags/example_branch_operator.py took 0.115 seconds
[2024-05-26T11:32:08.865+0000] {processor.py:161} INFO - Started process (PID=7179) to work on /home/airflow/.local/lib/python3.12/site-packages/airflow/example_dags/example_branch_operator.py
[2024-05-26T11:32:08.867+0000] {processor.py:830} INFO - Processing file /home/airflow/.local/lib/python3.12/site-packages/airflow/example_dags/example_branch_operator.py for tasks to queue
[2024-05-26T11:32:08.871+0000] {logging_mixin.py:188} INFO - [2024-05-26T11:32:08.870+0000] {dagbag.py:545} INFO - Filling up the DagBag from /home/airflow/.local/lib/python3.12/site-packages/airflow/example_dags/example_branch_operator.py
[2024-05-26T11:32:08.894+0000] {processor.py:840} INFO - DAG(s) 'example_branch_operator' retrieved from /home/airflow/.local/lib/python3.12/site-packages/airflow/example_dags/example_branch_operator.py
[2024-05-26T11:32:08.929+0000] {logging_mixin.py:188} INFO - [2024-05-26T11:32:08.929+0000] {dag.py:3096} INFO - Sync 1 DAGs
[2024-05-26T11:32:08.965+0000] {logging_mixin.py:188} INFO - [2024-05-26T11:32:08.965+0000] {dag.py:3954} INFO - Setting next_dagrun for example_branch_operator to 2024-05-25 00:00:00+00:00, run_after=2024-05-26 00:00:00+00:00
[2024-05-26T11:32:09.002+0000] {processor.py:183} INFO - Processing /home/airflow/.local/lib/python3.12/site-packages/airflow/example_dags/example_branch_operator.py took 0.147 seconds
[2024-05-26T11:32:39.191+0000] {processor.py:161} INFO - Started process (PID=7447) to work on /home/airflow/.local/lib/python3.12/site-packages/airflow/example_dags/example_branch_operator.py
[2024-05-26T11:32:39.192+0000] {processor.py:830} INFO - Processing file /home/airflow/.local/lib/python3.12/site-packages/airflow/example_dags/example_branch_operator.py for tasks to queue
[2024-05-26T11:32:39.193+0000] {logging_mixin.py:188} INFO - [2024-05-26T11:32:39.193+0000] {dagbag.py:545} INFO - Filling up the DagBag from /home/airflow/.local/lib/python3.12/site-packages/airflow/example_dags/example_branch_operator.py
[2024-05-26T11:32:39.211+0000] {processor.py:840} INFO - DAG(s) 'example_branch_operator' retrieved from /home/airflow/.local/lib/python3.12/site-packages/airflow/example_dags/example_branch_operator.py
[2024-05-26T11:32:39.241+0000] {logging_mixin.py:188} INFO - [2024-05-26T11:32:39.241+0000] {dag.py:3096} INFO - Sync 1 DAGs
[2024-05-26T11:32:39.267+0000] {logging_mixin.py:188} INFO - [2024-05-26T11:32:39.267+0000] {dag.py:3954} INFO - Setting next_dagrun for example_branch_operator to 2024-05-25 00:00:00+00:00, run_after=2024-05-26 00:00:00+00:00
[2024-05-26T11:32:39.287+0000] {processor.py:183} INFO - Processing /home/airflow/.local/lib/python3.12/site-packages/airflow/example_dags/example_branch_operator.py took 0.100 seconds
[2024-05-26T11:33:09.482+0000] {processor.py:161} INFO - Started process (PID=7715) to work on /home/airflow/.local/lib/python3.12/site-packages/airflow/example_dags/example_branch_operator.py
[2024-05-26T11:33:09.483+0000] {processor.py:830} INFO - Processing file /home/airflow/.local/lib/python3.12/site-packages/airflow/example_dags/example_branch_operator.py for tasks to queue
[2024-05-26T11:33:09.485+0000] {logging_mixin.py:188} INFO - [2024-05-26T11:33:09.485+0000] {dagbag.py:545} INFO - Filling up the DagBag from /home/airflow/.local/lib/python3.12/site-packages/airflow/example_dags/example_branch_operator.py
[2024-05-26T11:33:09.499+0000] {processor.py:840} INFO - DAG(s) 'example_branch_operator' retrieved from /home/airflow/.local/lib/python3.12/site-packages/airflow/example_dags/example_branch_operator.py
[2024-05-26T11:33:09.564+0000] {logging_mixin.py:188} INFO - [2024-05-26T11:33:09.564+0000] {dag.py:3096} INFO - Sync 1 DAGs
[2024-05-26T11:33:09.587+0000] {logging_mixin.py:188} INFO - [2024-05-26T11:33:09.586+0000] {dag.py:3954} INFO - Setting next_dagrun for example_branch_operator to 2024-05-25 00:00:00+00:00, run_after=2024-05-26 00:00:00+00:00
[2024-05-26T11:33:09.606+0000] {processor.py:183} INFO - Processing /home/airflow/.local/lib/python3.12/site-packages/airflow/example_dags/example_branch_operator.py took 0.130 seconds
[2024-05-26T11:33:39.840+0000] {processor.py:161} INFO - Started process (PID=7983) to work on /home/airflow/.local/lib/python3.12/site-packages/airflow/example_dags/example_branch_operator.py
[2024-05-26T11:33:39.841+0000] {processor.py:830} INFO - Processing file /home/airflow/.local/lib/python3.12/site-packages/airflow/example_dags/example_branch_operator.py for tasks to queue
[2024-05-26T11:33:39.844+0000] {logging_mixin.py:188} INFO - [2024-05-26T11:33:39.844+0000] {dagbag.py:545} INFO - Filling up the DagBag from /home/airflow/.local/lib/python3.12/site-packages/airflow/example_dags/example_branch_operator.py
[2024-05-26T11:33:39.860+0000] {processor.py:840} INFO - DAG(s) 'example_branch_operator' retrieved from /home/airflow/.local/lib/python3.12/site-packages/airflow/example_dags/example_branch_operator.py
[2024-05-26T11:33:39.890+0000] {logging_mixin.py:188} INFO - [2024-05-26T11:33:39.890+0000] {dag.py:3096} INFO - Sync 1 DAGs
[2024-05-26T11:33:39.919+0000] {logging_mixin.py:188} INFO - [2024-05-26T11:33:39.919+0000] {dag.py:3954} INFO - Setting next_dagrun for example_branch_operator to 2024-05-25 00:00:00+00:00, run_after=2024-05-26 00:00:00+00:00
[2024-05-26T11:33:39.953+0000] {processor.py:183} INFO - Processing /home/airflow/.local/lib/python3.12/site-packages/airflow/example_dags/example_branch_operator.py took 0.118 seconds
[2024-05-26T11:34:10.102+0000] {processor.py:161} INFO - Started process (PID=8251) to work on /home/airflow/.local/lib/python3.12/site-packages/airflow/example_dags/example_branch_operator.py
[2024-05-26T11:34:10.104+0000] {processor.py:830} INFO - Processing file /home/airflow/.local/lib/python3.12/site-packages/airflow/example_dags/example_branch_operator.py for tasks to queue
[2024-05-26T11:34:10.105+0000] {logging_mixin.py:188} INFO - [2024-05-26T11:34:10.105+0000] {dagbag.py:545} INFO - Filling up the DagBag from /home/airflow/.local/lib/python3.12/site-packages/airflow/example_dags/example_branch_operator.py
[2024-05-26T11:34:10.123+0000] {processor.py:840} INFO - DAG(s) 'example_branch_operator' retrieved from /home/airflow/.local/lib/python3.12/site-packages/airflow/example_dags/example_branch_operator.py
[2024-05-26T11:34:10.153+0000] {logging_mixin.py:188} INFO - [2024-05-26T11:34:10.152+0000] {dag.py:3096} INFO - Sync 1 DAGs
[2024-05-26T11:34:10.180+0000] {logging_mixin.py:188} INFO - [2024-05-26T11:34:10.180+0000] {dag.py:3954} INFO - Setting next_dagrun for example_branch_operator to 2024-05-25 00:00:00+00:00, run_after=2024-05-26 00:00:00+00:00
[2024-05-26T11:34:10.202+0000] {processor.py:183} INFO - Processing /home/airflow/.local/lib/python3.12/site-packages/airflow/example_dags/example_branch_operator.py took 0.105 seconds
