[2024-05-26T11:18:59.010+0000] {processor.py:161} INFO - Started process (PID=401) to work on /home/airflow/.local/lib/python3.12/site-packages/airflow/example_dags/example_branch_labels.py
[2024-05-26T11:18:59.012+0000] {processor.py:830} INFO - Processing file /home/airflow/.local/lib/python3.12/site-packages/airflow/example_dags/example_branch_labels.py for tasks to queue
[2024-05-26T11:18:59.015+0000] {logging_mixin.py:188} INFO - [2024-05-26T11:18:59.014+0000] {dagbag.py:545} INFO - Filling up the DagBag from /home/airflow/.local/lib/python3.12/site-packages/airflow/example_dags/example_branch_labels.py
[2024-05-26T11:18:59.025+0000] {processor.py:840} INFO - DAG(s) 'example_branch_labels' retrieved from /home/airflow/.local/lib/python3.12/site-packages/airflow/example_dags/example_branch_labels.py
[2024-05-26T11:18:59.064+0000] {logging_mixin.py:188} INFO - [2024-05-26T11:18:59.064+0000] {dag.py:3096} INFO - Sync 1 DAGs
[2024-05-26T11:18:59.089+0000] {logging_mixin.py:188} INFO - [2024-05-26T11:18:59.089+0000] {dag.py:3954} INFO - Setting next_dagrun for example_branch_labels to 2024-05-25 00:00:00+00:00, run_after=2024-05-26 00:00:00+00:00
[2024-05-26T11:18:59.109+0000] {processor.py:183} INFO - Processing /home/airflow/.local/lib/python3.12/site-packages/airflow/example_dags/example_branch_labels.py took 0.107 seconds
[2024-05-26T11:19:29.878+0000] {processor.py:161} INFO - Started process (PID=669) to work on /home/airflow/.local/lib/python3.12/site-packages/airflow/example_dags/example_branch_labels.py
[2024-05-26T11:19:29.879+0000] {processor.py:830} INFO - Processing file /home/airflow/.local/lib/python3.12/site-packages/airflow/example_dags/example_branch_labels.py for tasks to queue
[2024-05-26T11:19:29.882+0000] {logging_mixin.py:188} INFO - [2024-05-26T11:19:29.881+0000] {dagbag.py:545} INFO - Filling up the DagBag from /home/airflow/.local/lib/python3.12/site-packages/airflow/example_dags/example_branch_labels.py
[2024-05-26T11:19:29.892+0000] {processor.py:840} INFO - DAG(s) 'example_branch_labels' retrieved from /home/airflow/.local/lib/python3.12/site-packages/airflow/example_dags/example_branch_labels.py
[2024-05-26T11:19:29.937+0000] {logging_mixin.py:188} INFO - [2024-05-26T11:19:29.937+0000] {dag.py:3096} INFO - Sync 1 DAGs
[2024-05-26T11:19:29.969+0000] {logging_mixin.py:188} INFO - [2024-05-26T11:19:29.969+0000] {dag.py:3954} INFO - Setting next_dagrun for example_branch_labels to 2024-05-25 00:00:00+00:00, run_after=2024-05-26 00:00:00+00:00
[2024-05-26T11:19:29.997+0000] {processor.py:183} INFO - Processing /home/airflow/.local/lib/python3.12/site-packages/airflow/example_dags/example_branch_labels.py took 0.129 seconds
[2024-05-26T11:20:00.079+0000] {processor.py:161} INFO - Started process (PID=937) to work on /home/airflow/.local/lib/python3.12/site-packages/airflow/example_dags/example_branch_labels.py
[2024-05-26T11:20:00.080+0000] {processor.py:830} INFO - Processing file /home/airflow/.local/lib/python3.12/site-packages/airflow/example_dags/example_branch_labels.py for tasks to queue
[2024-05-26T11:20:00.083+0000] {logging_mixin.py:188} INFO - [2024-05-26T11:20:00.083+0000] {dagbag.py:545} INFO - Filling up the DagBag from /home/airflow/.local/lib/python3.12/site-packages/airflow/example_dags/example_branch_labels.py
[2024-05-26T11:20:00.090+0000] {processor.py:840} INFO - DAG(s) 'example_branch_labels' retrieved from /home/airflow/.local/lib/python3.12/site-packages/airflow/example_dags/example_branch_labels.py
[2024-05-26T11:20:00.102+0000] {logging_mixin.py:188} INFO - [2024-05-26T11:20:00.101+0000] {dag.py:3096} INFO - Sync 1 DAGs
[2024-05-26T11:20:00.129+0000] {logging_mixin.py:188} INFO - [2024-05-26T11:20:00.129+0000] {dag.py:3954} INFO - Setting next_dagrun for example_branch_labels to 2024-05-25 00:00:00+00:00, run_after=2024-05-26 00:00:00+00:00
[2024-05-26T11:20:00.152+0000] {processor.py:183} INFO - Processing /home/airflow/.local/lib/python3.12/site-packages/airflow/example_dags/example_branch_labels.py took 0.077 seconds
[2024-05-26T11:20:31.649+0000] {processor.py:161} INFO - Started process (PID=1205) to work on /home/airflow/.local/lib/python3.12/site-packages/airflow/example_dags/example_branch_labels.py
[2024-05-26T11:20:31.651+0000] {processor.py:830} INFO - Processing file /home/airflow/.local/lib/python3.12/site-packages/airflow/example_dags/example_branch_labels.py for tasks to queue
[2024-05-26T11:20:31.652+0000] {logging_mixin.py:188} INFO - [2024-05-26T11:20:31.652+0000] {dagbag.py:545} INFO - Filling up the DagBag from /home/airflow/.local/lib/python3.12/site-packages/airflow/example_dags/example_branch_labels.py
[2024-05-26T11:20:31.659+0000] {processor.py:840} INFO - DAG(s) 'example_branch_labels' retrieved from /home/airflow/.local/lib/python3.12/site-packages/airflow/example_dags/example_branch_labels.py
[2024-05-26T11:20:31.773+0000] {logging_mixin.py:188} INFO - [2024-05-26T11:20:31.772+0000] {dag.py:3096} INFO - Sync 1 DAGs
[2024-05-26T11:20:31.793+0000] {logging_mixin.py:188} INFO - [2024-05-26T11:20:31.793+0000] {dag.py:3954} INFO - Setting next_dagrun for example_branch_labels to 2024-05-25 00:00:00+00:00, run_after=2024-05-26 00:00:00+00:00
[2024-05-26T11:20:31.811+0000] {processor.py:183} INFO - Processing /home/airflow/.local/lib/python3.12/site-packages/airflow/example_dags/example_branch_labels.py took 0.167 seconds
[2024-05-26T11:21:02.867+0000] {processor.py:161} INFO - Started process (PID=1473) to work on /home/airflow/.local/lib/python3.12/site-packages/airflow/example_dags/example_branch_labels.py
[2024-05-26T11:21:02.869+0000] {processor.py:830} INFO - Processing file /home/airflow/.local/lib/python3.12/site-packages/airflow/example_dags/example_branch_labels.py for tasks to queue
[2024-05-26T11:21:02.872+0000] {logging_mixin.py:188} INFO - [2024-05-26T11:21:02.871+0000] {dagbag.py:545} INFO - Filling up the DagBag from /home/airflow/.local/lib/python3.12/site-packages/airflow/example_dags/example_branch_labels.py
[2024-05-26T11:21:02.880+0000] {processor.py:840} INFO - DAG(s) 'example_branch_labels' retrieved from /home/airflow/.local/lib/python3.12/site-packages/airflow/example_dags/example_branch_labels.py
[2024-05-26T11:21:02.910+0000] {logging_mixin.py:188} INFO - [2024-05-26T11:21:02.909+0000] {dag.py:3096} INFO - Sync 1 DAGs
[2024-05-26T11:21:02.945+0000] {logging_mixin.py:188} INFO - [2024-05-26T11:21:02.945+0000] {dag.py:3954} INFO - Setting next_dagrun for example_branch_labels to 2024-05-25 00:00:00+00:00, run_after=2024-05-26 00:00:00+00:00
[2024-05-26T11:21:02.975+0000] {processor.py:183} INFO - Processing /home/airflow/.local/lib/python3.12/site-packages/airflow/example_dags/example_branch_labels.py took 0.114 seconds
[2024-05-26T11:21:33.594+0000] {processor.py:161} INFO - Started process (PID=1747) to work on /home/airflow/.local/lib/python3.12/site-packages/airflow/example_dags/example_branch_labels.py
[2024-05-26T11:21:33.595+0000] {processor.py:830} INFO - Processing file /home/airflow/.local/lib/python3.12/site-packages/airflow/example_dags/example_branch_labels.py for tasks to queue
[2024-05-26T11:21:33.597+0000] {logging_mixin.py:188} INFO - [2024-05-26T11:21:33.597+0000] {dagbag.py:545} INFO - Filling up the DagBag from /home/airflow/.local/lib/python3.12/site-packages/airflow/example_dags/example_branch_labels.py
[2024-05-26T11:21:33.605+0000] {processor.py:840} INFO - DAG(s) 'example_branch_labels' retrieved from /home/airflow/.local/lib/python3.12/site-packages/airflow/example_dags/example_branch_labels.py
[2024-05-26T11:21:33.631+0000] {logging_mixin.py:188} INFO - [2024-05-26T11:21:33.630+0000] {dag.py:3096} INFO - Sync 1 DAGs
[2024-05-26T11:21:33.653+0000] {logging_mixin.py:188} INFO - [2024-05-26T11:21:33.653+0000] {dag.py:3954} INFO - Setting next_dagrun for example_branch_labels to 2024-05-25 00:00:00+00:00, run_after=2024-05-26 00:00:00+00:00
[2024-05-26T11:21:33.674+0000] {processor.py:183} INFO - Processing /home/airflow/.local/lib/python3.12/site-packages/airflow/example_dags/example_branch_labels.py took 0.087 seconds
[2024-05-26T11:22:04.093+0000] {processor.py:161} INFO - Started process (PID=2015) to work on /home/airflow/.local/lib/python3.12/site-packages/airflow/example_dags/example_branch_labels.py
[2024-05-26T11:22:04.094+0000] {processor.py:830} INFO - Processing file /home/airflow/.local/lib/python3.12/site-packages/airflow/example_dags/example_branch_labels.py for tasks to queue
[2024-05-26T11:22:04.096+0000] {logging_mixin.py:188} INFO - [2024-05-26T11:22:04.096+0000] {dagbag.py:545} INFO - Filling up the DagBag from /home/airflow/.local/lib/python3.12/site-packages/airflow/example_dags/example_branch_labels.py
[2024-05-26T11:22:04.102+0000] {processor.py:840} INFO - DAG(s) 'example_branch_labels' retrieved from /home/airflow/.local/lib/python3.12/site-packages/airflow/example_dags/example_branch_labels.py
[2024-05-26T11:22:04.122+0000] {logging_mixin.py:188} INFO - [2024-05-26T11:22:04.122+0000] {dag.py:3096} INFO - Sync 1 DAGs
[2024-05-26T11:22:04.148+0000] {logging_mixin.py:188} INFO - [2024-05-26T11:22:04.147+0000] {dag.py:3954} INFO - Setting next_dagrun for example_branch_labels to 2024-05-25 00:00:00+00:00, run_after=2024-05-26 00:00:00+00:00
[2024-05-26T11:22:04.168+0000] {processor.py:183} INFO - Processing /home/airflow/.local/lib/python3.12/site-packages/airflow/example_dags/example_branch_labels.py took 0.081 seconds
[2024-05-26T11:22:34.845+0000] {processor.py:161} INFO - Started process (PID=2283) to work on /home/airflow/.local/lib/python3.12/site-packages/airflow/example_dags/example_branch_labels.py
[2024-05-26T11:22:34.847+0000] {processor.py:830} INFO - Processing file /home/airflow/.local/lib/python3.12/site-packages/airflow/example_dags/example_branch_labels.py for tasks to queue
[2024-05-26T11:22:34.849+0000] {logging_mixin.py:188} INFO - [2024-05-26T11:22:34.849+0000] {dagbag.py:545} INFO - Filling up the DagBag from /home/airflow/.local/lib/python3.12/site-packages/airflow/example_dags/example_branch_labels.py
[2024-05-26T11:22:34.856+0000] {processor.py:840} INFO - DAG(s) 'example_branch_labels' retrieved from /home/airflow/.local/lib/python3.12/site-packages/airflow/example_dags/example_branch_labels.py
[2024-05-26T11:22:34.880+0000] {logging_mixin.py:188} INFO - [2024-05-26T11:22:34.880+0000] {dag.py:3096} INFO - Sync 1 DAGs
[2024-05-26T11:22:34.909+0000] {logging_mixin.py:188} INFO - [2024-05-26T11:22:34.908+0000] {dag.py:3954} INFO - Setting next_dagrun for example_branch_labels to 2024-05-25 00:00:00+00:00, run_after=2024-05-26 00:00:00+00:00
[2024-05-26T11:22:34.938+0000] {processor.py:183} INFO - Processing /home/airflow/.local/lib/python3.12/site-packages/airflow/example_dags/example_branch_labels.py took 0.099 seconds
[2024-05-26T11:23:05.655+0000] {processor.py:161} INFO - Started process (PID=2553) to work on /home/airflow/.local/lib/python3.12/site-packages/airflow/example_dags/example_branch_labels.py
[2024-05-26T11:23:05.657+0000] {processor.py:830} INFO - Processing file /home/airflow/.local/lib/python3.12/site-packages/airflow/example_dags/example_branch_labels.py for tasks to queue
[2024-05-26T11:23:05.658+0000] {logging_mixin.py:188} INFO - [2024-05-26T11:23:05.658+0000] {dagbag.py:545} INFO - Filling up the DagBag from /home/airflow/.local/lib/python3.12/site-packages/airflow/example_dags/example_branch_labels.py
[2024-05-26T11:23:05.665+0000] {processor.py:840} INFO - DAG(s) 'example_branch_labels' retrieved from /home/airflow/.local/lib/python3.12/site-packages/airflow/example_dags/example_branch_labels.py
[2024-05-26T11:23:05.684+0000] {logging_mixin.py:188} INFO - [2024-05-26T11:23:05.684+0000] {dag.py:3096} INFO - Sync 1 DAGs
[2024-05-26T11:23:05.706+0000] {logging_mixin.py:188} INFO - [2024-05-26T11:23:05.706+0000] {dag.py:3954} INFO - Setting next_dagrun for example_branch_labels to 2024-05-25 00:00:00+00:00, run_after=2024-05-26 00:00:00+00:00
[2024-05-26T11:23:05.735+0000] {processor.py:183} INFO - Processing /home/airflow/.local/lib/python3.12/site-packages/airflow/example_dags/example_branch_labels.py took 0.084 seconds
[2024-05-26T11:23:36.626+0000] {processor.py:161} INFO - Started process (PID=2819) to work on /home/airflow/.local/lib/python3.12/site-packages/airflow/example_dags/example_branch_labels.py
[2024-05-26T11:23:36.628+0000] {processor.py:830} INFO - Processing file /home/airflow/.local/lib/python3.12/site-packages/airflow/example_dags/example_branch_labels.py for tasks to queue
[2024-05-26T11:23:36.630+0000] {logging_mixin.py:188} INFO - [2024-05-26T11:23:36.630+0000] {dagbag.py:545} INFO - Filling up the DagBag from /home/airflow/.local/lib/python3.12/site-packages/airflow/example_dags/example_branch_labels.py
[2024-05-26T11:23:36.638+0000] {processor.py:840} INFO - DAG(s) 'example_branch_labels' retrieved from /home/airflow/.local/lib/python3.12/site-packages/airflow/example_dags/example_branch_labels.py
[2024-05-26T11:23:36.660+0000] {logging_mixin.py:188} INFO - [2024-05-26T11:23:36.660+0000] {dag.py:3096} INFO - Sync 1 DAGs
[2024-05-26T11:23:36.682+0000] {logging_mixin.py:188} INFO - [2024-05-26T11:23:36.682+0000] {dag.py:3954} INFO - Setting next_dagrun for example_branch_labels to 2024-05-25 00:00:00+00:00, run_after=2024-05-26 00:00:00+00:00
[2024-05-26T11:23:36.703+0000] {processor.py:183} INFO - Processing /home/airflow/.local/lib/python3.12/site-packages/airflow/example_dags/example_branch_labels.py took 0.082 seconds
[2024-05-26T11:24:07.019+0000] {processor.py:161} INFO - Started process (PID=3087) to work on /home/airflow/.local/lib/python3.12/site-packages/airflow/example_dags/example_branch_labels.py
[2024-05-26T11:24:07.021+0000] {processor.py:830} INFO - Processing file /home/airflow/.local/lib/python3.12/site-packages/airflow/example_dags/example_branch_labels.py for tasks to queue
[2024-05-26T11:24:07.023+0000] {logging_mixin.py:188} INFO - [2024-05-26T11:24:07.022+0000] {dagbag.py:545} INFO - Filling up the DagBag from /home/airflow/.local/lib/python3.12/site-packages/airflow/example_dags/example_branch_labels.py
[2024-05-26T11:24:07.031+0000] {processor.py:840} INFO - DAG(s) 'example_branch_labels' retrieved from /home/airflow/.local/lib/python3.12/site-packages/airflow/example_dags/example_branch_labels.py
[2024-05-26T11:24:07.056+0000] {logging_mixin.py:188} INFO - [2024-05-26T11:24:07.056+0000] {dag.py:3096} INFO - Sync 1 DAGs
[2024-05-26T11:24:07.078+0000] {logging_mixin.py:188} INFO - [2024-05-26T11:24:07.078+0000] {dag.py:3954} INFO - Setting next_dagrun for example_branch_labels to 2024-05-25 00:00:00+00:00, run_after=2024-05-26 00:00:00+00:00
[2024-05-26T11:24:07.100+0000] {processor.py:183} INFO - Processing /home/airflow/.local/lib/python3.12/site-packages/airflow/example_dags/example_branch_labels.py took 0.086 seconds
[2024-05-26T11:24:37.380+0000] {processor.py:161} INFO - Started process (PID=3355) to work on /home/airflow/.local/lib/python3.12/site-packages/airflow/example_dags/example_branch_labels.py
[2024-05-26T11:24:37.382+0000] {processor.py:830} INFO - Processing file /home/airflow/.local/lib/python3.12/site-packages/airflow/example_dags/example_branch_labels.py for tasks to queue
[2024-05-26T11:24:37.383+0000] {logging_mixin.py:188} INFO - [2024-05-26T11:24:37.383+0000] {dagbag.py:545} INFO - Filling up the DagBag from /home/airflow/.local/lib/python3.12/site-packages/airflow/example_dags/example_branch_labels.py
[2024-05-26T11:24:37.389+0000] {processor.py:840} INFO - DAG(s) 'example_branch_labels' retrieved from /home/airflow/.local/lib/python3.12/site-packages/airflow/example_dags/example_branch_labels.py
[2024-05-26T11:24:37.408+0000] {logging_mixin.py:188} INFO - [2024-05-26T11:24:37.408+0000] {dag.py:3096} INFO - Sync 1 DAGs
[2024-05-26T11:24:37.437+0000] {logging_mixin.py:188} INFO - [2024-05-26T11:24:37.436+0000] {dag.py:3954} INFO - Setting next_dagrun for example_branch_labels to 2024-05-25 00:00:00+00:00, run_after=2024-05-26 00:00:00+00:00
[2024-05-26T11:24:37.460+0000] {processor.py:183} INFO - Processing /home/airflow/.local/lib/python3.12/site-packages/airflow/example_dags/example_branch_labels.py took 0.085 seconds
[2024-05-26T11:25:08.156+0000] {processor.py:161} INFO - Started process (PID=3625) to work on /home/airflow/.local/lib/python3.12/site-packages/airflow/example_dags/example_branch_labels.py
[2024-05-26T11:25:08.159+0000] {processor.py:830} INFO - Processing file /home/airflow/.local/lib/python3.12/site-packages/airflow/example_dags/example_branch_labels.py for tasks to queue
[2024-05-26T11:25:08.161+0000] {logging_mixin.py:188} INFO - [2024-05-26T11:25:08.161+0000] {dagbag.py:545} INFO - Filling up the DagBag from /home/airflow/.local/lib/python3.12/site-packages/airflow/example_dags/example_branch_labels.py
[2024-05-26T11:25:08.169+0000] {processor.py:840} INFO - DAG(s) 'example_branch_labels' retrieved from /home/airflow/.local/lib/python3.12/site-packages/airflow/example_dags/example_branch_labels.py
[2024-05-26T11:25:08.197+0000] {logging_mixin.py:188} INFO - [2024-05-26T11:25:08.197+0000] {dag.py:3096} INFO - Sync 1 DAGs
[2024-05-26T11:25:08.224+0000] {logging_mixin.py:188} INFO - [2024-05-26T11:25:08.223+0000] {dag.py:3954} INFO - Setting next_dagrun for example_branch_labels to 2024-05-25 00:00:00+00:00, run_after=2024-05-26 00:00:00+00:00
[2024-05-26T11:25:08.249+0000] {processor.py:183} INFO - Processing /home/airflow/.local/lib/python3.12/site-packages/airflow/example_dags/example_branch_labels.py took 0.097 seconds
[2024-05-26T11:25:39.258+0000] {processor.py:161} INFO - Started process (PID=3891) to work on /home/airflow/.local/lib/python3.12/site-packages/airflow/example_dags/example_branch_labels.py
[2024-05-26T11:25:39.260+0000] {processor.py:830} INFO - Processing file /home/airflow/.local/lib/python3.12/site-packages/airflow/example_dags/example_branch_labels.py for tasks to queue
[2024-05-26T11:25:39.262+0000] {logging_mixin.py:188} INFO - [2024-05-26T11:25:39.262+0000] {dagbag.py:545} INFO - Filling up the DagBag from /home/airflow/.local/lib/python3.12/site-packages/airflow/example_dags/example_branch_labels.py
[2024-05-26T11:25:39.270+0000] {processor.py:840} INFO - DAG(s) 'example_branch_labels' retrieved from /home/airflow/.local/lib/python3.12/site-packages/airflow/example_dags/example_branch_labels.py
[2024-05-26T11:25:39.293+0000] {logging_mixin.py:188} INFO - [2024-05-26T11:25:39.292+0000] {dag.py:3096} INFO - Sync 1 DAGs
[2024-05-26T11:25:39.318+0000] {logging_mixin.py:188} INFO - [2024-05-26T11:25:39.318+0000] {dag.py:3954} INFO - Setting next_dagrun for example_branch_labels to 2024-05-25 00:00:00+00:00, run_after=2024-05-26 00:00:00+00:00
[2024-05-26T11:25:39.340+0000] {processor.py:183} INFO - Processing /home/airflow/.local/lib/python3.12/site-packages/airflow/example_dags/example_branch_labels.py took 0.088 seconds
[2024-05-26T11:26:09.703+0000] {processor.py:161} INFO - Started process (PID=4159) to work on /home/airflow/.local/lib/python3.12/site-packages/airflow/example_dags/example_branch_labels.py
[2024-05-26T11:26:09.705+0000] {processor.py:830} INFO - Processing file /home/airflow/.local/lib/python3.12/site-packages/airflow/example_dags/example_branch_labels.py for tasks to queue
[2024-05-26T11:26:09.707+0000] {logging_mixin.py:188} INFO - [2024-05-26T11:26:09.707+0000] {dagbag.py:545} INFO - Filling up the DagBag from /home/airflow/.local/lib/python3.12/site-packages/airflow/example_dags/example_branch_labels.py
[2024-05-26T11:26:09.717+0000] {processor.py:840} INFO - DAG(s) 'example_branch_labels' retrieved from /home/airflow/.local/lib/python3.12/site-packages/airflow/example_dags/example_branch_labels.py
[2024-05-26T11:26:09.741+0000] {logging_mixin.py:188} INFO - [2024-05-26T11:26:09.740+0000] {dag.py:3096} INFO - Sync 1 DAGs
[2024-05-26T11:26:09.767+0000] {logging_mixin.py:188} INFO - [2024-05-26T11:26:09.767+0000] {dag.py:3954} INFO - Setting next_dagrun for example_branch_labels to 2024-05-25 00:00:00+00:00, run_after=2024-05-26 00:00:00+00:00
[2024-05-26T11:26:09.790+0000] {processor.py:183} INFO - Processing /home/airflow/.local/lib/python3.12/site-packages/airflow/example_dags/example_branch_labels.py took 0.093 seconds
[2024-05-26T11:26:41.000+0000] {processor.py:161} INFO - Started process (PID=4427) to work on /home/airflow/.local/lib/python3.12/site-packages/airflow/example_dags/example_branch_labels.py
[2024-05-26T11:26:41.001+0000] {processor.py:830} INFO - Processing file /home/airflow/.local/lib/python3.12/site-packages/airflow/example_dags/example_branch_labels.py for tasks to queue
[2024-05-26T11:26:41.003+0000] {logging_mixin.py:188} INFO - [2024-05-26T11:26:41.003+0000] {dagbag.py:545} INFO - Filling up the DagBag from /home/airflow/.local/lib/python3.12/site-packages/airflow/example_dags/example_branch_labels.py
[2024-05-26T11:26:41.013+0000] {processor.py:840} INFO - DAG(s) 'example_branch_labels' retrieved from /home/airflow/.local/lib/python3.12/site-packages/airflow/example_dags/example_branch_labels.py
[2024-05-26T11:26:41.036+0000] {logging_mixin.py:188} INFO - [2024-05-26T11:26:41.036+0000] {dag.py:3096} INFO - Sync 1 DAGs
[2024-05-26T11:26:41.062+0000] {logging_mixin.py:188} INFO - [2024-05-26T11:26:41.062+0000] {dag.py:3954} INFO - Setting next_dagrun for example_branch_labels to 2024-05-25 00:00:00+00:00, run_after=2024-05-26 00:00:00+00:00
[2024-05-26T11:26:41.085+0000] {processor.py:183} INFO - Processing /home/airflow/.local/lib/python3.12/site-packages/airflow/example_dags/example_branch_labels.py took 0.092 seconds
[2024-05-26T11:27:12.294+0000] {processor.py:161} INFO - Started process (PID=4695) to work on /home/airflow/.local/lib/python3.12/site-packages/airflow/example_dags/example_branch_labels.py
[2024-05-26T11:27:12.295+0000] {processor.py:830} INFO - Processing file /home/airflow/.local/lib/python3.12/site-packages/airflow/example_dags/example_branch_labels.py for tasks to queue
[2024-05-26T11:27:12.298+0000] {logging_mixin.py:188} INFO - [2024-05-26T11:27:12.297+0000] {dagbag.py:545} INFO - Filling up the DagBag from /home/airflow/.local/lib/python3.12/site-packages/airflow/example_dags/example_branch_labels.py
[2024-05-26T11:27:12.308+0000] {processor.py:840} INFO - DAG(s) 'example_branch_labels' retrieved from /home/airflow/.local/lib/python3.12/site-packages/airflow/example_dags/example_branch_labels.py
[2024-05-26T11:27:12.337+0000] {logging_mixin.py:188} INFO - [2024-05-26T11:27:12.336+0000] {dag.py:3096} INFO - Sync 1 DAGs
[2024-05-26T11:27:12.367+0000] {logging_mixin.py:188} INFO - [2024-05-26T11:27:12.367+0000] {dag.py:3954} INFO - Setting next_dagrun for example_branch_labels to 2024-05-25 00:00:00+00:00, run_after=2024-05-26 00:00:00+00:00
[2024-05-26T11:27:12.396+0000] {processor.py:183} INFO - Processing /home/airflow/.local/lib/python3.12/site-packages/airflow/example_dags/example_branch_labels.py took 0.111 seconds
[2024-05-26T11:27:43.181+0000] {processor.py:161} INFO - Started process (PID=4965) to work on /home/airflow/.local/lib/python3.12/site-packages/airflow/example_dags/example_branch_labels.py
[2024-05-26T11:27:43.182+0000] {processor.py:830} INFO - Processing file /home/airflow/.local/lib/python3.12/site-packages/airflow/example_dags/example_branch_labels.py for tasks to queue
[2024-05-26T11:27:43.184+0000] {logging_mixin.py:188} INFO - [2024-05-26T11:27:43.184+0000] {dagbag.py:545} INFO - Filling up the DagBag from /home/airflow/.local/lib/python3.12/site-packages/airflow/example_dags/example_branch_labels.py
[2024-05-26T11:27:43.193+0000] {processor.py:840} INFO - DAG(s) 'example_branch_labels' retrieved from /home/airflow/.local/lib/python3.12/site-packages/airflow/example_dags/example_branch_labels.py
[2024-05-26T11:27:43.218+0000] {logging_mixin.py:188} INFO - [2024-05-26T11:27:43.218+0000] {dag.py:3096} INFO - Sync 1 DAGs
[2024-05-26T11:27:43.247+0000] {logging_mixin.py:188} INFO - [2024-05-26T11:27:43.246+0000] {dag.py:3954} INFO - Setting next_dagrun for example_branch_labels to 2024-05-25 00:00:00+00:00, run_after=2024-05-26 00:00:00+00:00
[2024-05-26T11:27:43.270+0000] {processor.py:183} INFO - Processing /home/airflow/.local/lib/python3.12/site-packages/airflow/example_dags/example_branch_labels.py took 0.097 seconds
[2024-05-26T11:28:14.094+0000] {processor.py:161} INFO - Started process (PID=5231) to work on /home/airflow/.local/lib/python3.12/site-packages/airflow/example_dags/example_branch_labels.py
[2024-05-26T11:28:14.096+0000] {processor.py:830} INFO - Processing file /home/airflow/.local/lib/python3.12/site-packages/airflow/example_dags/example_branch_labels.py for tasks to queue
[2024-05-26T11:28:14.099+0000] {logging_mixin.py:188} INFO - [2024-05-26T11:28:14.098+0000] {dagbag.py:545} INFO - Filling up the DagBag from /home/airflow/.local/lib/python3.12/site-packages/airflow/example_dags/example_branch_labels.py
[2024-05-26T11:28:14.107+0000] {processor.py:840} INFO - DAG(s) 'example_branch_labels' retrieved from /home/airflow/.local/lib/python3.12/site-packages/airflow/example_dags/example_branch_labels.py
[2024-05-26T11:28:14.132+0000] {logging_mixin.py:188} INFO - [2024-05-26T11:28:14.131+0000] {dag.py:3096} INFO - Sync 1 DAGs
[2024-05-26T11:28:14.160+0000] {logging_mixin.py:188} INFO - [2024-05-26T11:28:14.160+0000] {dag.py:3954} INFO - Setting next_dagrun for example_branch_labels to 2024-05-25 00:00:00+00:00, run_after=2024-05-26 00:00:00+00:00
[2024-05-26T11:28:14.185+0000] {processor.py:183} INFO - Processing /home/airflow/.local/lib/python3.12/site-packages/airflow/example_dags/example_branch_labels.py took 0.098 seconds
[2024-05-26T11:28:44.797+0000] {processor.py:161} INFO - Started process (PID=5499) to work on /home/airflow/.local/lib/python3.12/site-packages/airflow/example_dags/example_branch_labels.py
[2024-05-26T11:28:44.800+0000] {processor.py:830} INFO - Processing file /home/airflow/.local/lib/python3.12/site-packages/airflow/example_dags/example_branch_labels.py for tasks to queue
[2024-05-26T11:28:44.802+0000] {logging_mixin.py:188} INFO - [2024-05-26T11:28:44.802+0000] {dagbag.py:545} INFO - Filling up the DagBag from /home/airflow/.local/lib/python3.12/site-packages/airflow/example_dags/example_branch_labels.py
[2024-05-26T11:28:44.812+0000] {processor.py:840} INFO - DAG(s) 'example_branch_labels' retrieved from /home/airflow/.local/lib/python3.12/site-packages/airflow/example_dags/example_branch_labels.py
[2024-05-26T11:28:44.840+0000] {logging_mixin.py:188} INFO - [2024-05-26T11:28:44.840+0000] {dag.py:3096} INFO - Sync 1 DAGs
[2024-05-26T11:28:44.872+0000] {logging_mixin.py:188} INFO - [2024-05-26T11:28:44.871+0000] {dag.py:3954} INFO - Setting next_dagrun for example_branch_labels to 2024-05-25 00:00:00+00:00, run_after=2024-05-26 00:00:00+00:00
[2024-05-26T11:28:45.041+0000] {processor.py:183} INFO - Processing /home/airflow/.local/lib/python3.12/site-packages/airflow/example_dags/example_branch_labels.py took 0.250 seconds
[2024-05-26T11:29:16.204+0000] {processor.py:161} INFO - Started process (PID=5767) to work on /home/airflow/.local/lib/python3.12/site-packages/airflow/example_dags/example_branch_labels.py
[2024-05-26T11:29:16.206+0000] {processor.py:830} INFO - Processing file /home/airflow/.local/lib/python3.12/site-packages/airflow/example_dags/example_branch_labels.py for tasks to queue
[2024-05-26T11:29:16.209+0000] {logging_mixin.py:188} INFO - [2024-05-26T11:29:16.208+0000] {dagbag.py:545} INFO - Filling up the DagBag from /home/airflow/.local/lib/python3.12/site-packages/airflow/example_dags/example_branch_labels.py
[2024-05-26T11:29:16.219+0000] {processor.py:840} INFO - DAG(s) 'example_branch_labels' retrieved from /home/airflow/.local/lib/python3.12/site-packages/airflow/example_dags/example_branch_labels.py
[2024-05-26T11:29:16.246+0000] {logging_mixin.py:188} INFO - [2024-05-26T11:29:16.246+0000] {dag.py:3096} INFO - Sync 1 DAGs
[2024-05-26T11:29:16.279+0000] {logging_mixin.py:188} INFO - [2024-05-26T11:29:16.278+0000] {dag.py:3954} INFO - Setting next_dagrun for example_branch_labels to 2024-05-25 00:00:00+00:00, run_after=2024-05-26 00:00:00+00:00
[2024-05-26T11:29:16.470+0000] {processor.py:183} INFO - Processing /home/airflow/.local/lib/python3.12/site-packages/airflow/example_dags/example_branch_labels.py took 0.272 seconds
[2024-05-26T11:29:46.559+0000] {processor.py:161} INFO - Started process (PID=6035) to work on /home/airflow/.local/lib/python3.12/site-packages/airflow/example_dags/example_branch_labels.py
[2024-05-26T11:29:46.560+0000] {processor.py:830} INFO - Processing file /home/airflow/.local/lib/python3.12/site-packages/airflow/example_dags/example_branch_labels.py for tasks to queue
[2024-05-26T11:29:46.563+0000] {logging_mixin.py:188} INFO - [2024-05-26T11:29:46.562+0000] {dagbag.py:545} INFO - Filling up the DagBag from /home/airflow/.local/lib/python3.12/site-packages/airflow/example_dags/example_branch_labels.py
[2024-05-26T11:29:46.570+0000] {processor.py:840} INFO - DAG(s) 'example_branch_labels' retrieved from /home/airflow/.local/lib/python3.12/site-packages/airflow/example_dags/example_branch_labels.py
[2024-05-26T11:29:46.592+0000] {logging_mixin.py:188} INFO - [2024-05-26T11:29:46.592+0000] {dag.py:3096} INFO - Sync 1 DAGs
[2024-05-26T11:29:46.615+0000] {logging_mixin.py:188} INFO - [2024-05-26T11:29:46.614+0000] {dag.py:3954} INFO - Setting next_dagrun for example_branch_labels to 2024-05-25 00:00:00+00:00, run_after=2024-05-26 00:00:00+00:00
[2024-05-26T11:29:46.635+0000] {processor.py:183} INFO - Processing /home/airflow/.local/lib/python3.12/site-packages/airflow/example_dags/example_branch_labels.py took 0.081 seconds
[2024-05-26T11:30:17.234+0000] {processor.py:161} INFO - Started process (PID=6303) to work on /home/airflow/.local/lib/python3.12/site-packages/airflow/example_dags/example_branch_labels.py
[2024-05-26T11:30:17.235+0000] {processor.py:830} INFO - Processing file /home/airflow/.local/lib/python3.12/site-packages/airflow/example_dags/example_branch_labels.py for tasks to queue
[2024-05-26T11:30:17.238+0000] {logging_mixin.py:188} INFO - [2024-05-26T11:30:17.238+0000] {dagbag.py:545} INFO - Filling up the DagBag from /home/airflow/.local/lib/python3.12/site-packages/airflow/example_dags/example_branch_labels.py
[2024-05-26T11:30:17.248+0000] {processor.py:840} INFO - DAG(s) 'example_branch_labels' retrieved from /home/airflow/.local/lib/python3.12/site-packages/airflow/example_dags/example_branch_labels.py
[2024-05-26T11:30:17.275+0000] {logging_mixin.py:188} INFO - [2024-05-26T11:30:17.275+0000] {dag.py:3096} INFO - Sync 1 DAGs
[2024-05-26T11:30:17.303+0000] {logging_mixin.py:188} INFO - [2024-05-26T11:30:17.303+0000] {dag.py:3954} INFO - Setting next_dagrun for example_branch_labels to 2024-05-25 00:00:00+00:00, run_after=2024-05-26 00:00:00+00:00
[2024-05-26T11:30:17.330+0000] {processor.py:183} INFO - Processing /home/airflow/.local/lib/python3.12/site-packages/airflow/example_dags/example_branch_labels.py took 0.104 seconds
[2024-05-26T11:30:48.554+0000] {processor.py:161} INFO - Started process (PID=6566) to work on /home/airflow/.local/lib/python3.12/site-packages/airflow/example_dags/example_branch_labels.py
[2024-05-26T11:30:48.556+0000] {processor.py:830} INFO - Processing file /home/airflow/.local/lib/python3.12/site-packages/airflow/example_dags/example_branch_labels.py for tasks to queue
[2024-05-26T11:30:48.558+0000] {logging_mixin.py:188} INFO - [2024-05-26T11:30:48.558+0000] {dagbag.py:545} INFO - Filling up the DagBag from /home/airflow/.local/lib/python3.12/site-packages/airflow/example_dags/example_branch_labels.py
[2024-05-26T11:30:48.567+0000] {processor.py:840} INFO - DAG(s) 'example_branch_labels' retrieved from /home/airflow/.local/lib/python3.12/site-packages/airflow/example_dags/example_branch_labels.py
[2024-05-26T11:30:48.745+0000] {logging_mixin.py:188} INFO - [2024-05-26T11:30:48.744+0000] {dag.py:3096} INFO - Sync 1 DAGs
[2024-05-26T11:30:48.768+0000] {logging_mixin.py:188} INFO - [2024-05-26T11:30:48.768+0000] {dag.py:3954} INFO - Setting next_dagrun for example_branch_labels to 2024-05-25 00:00:00+00:00, run_after=2024-05-26 00:00:00+00:00
[2024-05-26T11:30:48.791+0000] {processor.py:183} INFO - Processing /home/airflow/.local/lib/python3.12/site-packages/airflow/example_dags/example_branch_labels.py took 0.244 seconds
[2024-05-26T11:31:19.285+0000] {processor.py:161} INFO - Started process (PID=6834) to work on /home/airflow/.local/lib/python3.12/site-packages/airflow/example_dags/example_branch_labels.py
[2024-05-26T11:31:19.286+0000] {processor.py:830} INFO - Processing file /home/airflow/.local/lib/python3.12/site-packages/airflow/example_dags/example_branch_labels.py for tasks to queue
[2024-05-26T11:31:19.288+0000] {logging_mixin.py:188} INFO - [2024-05-26T11:31:19.288+0000] {dagbag.py:545} INFO - Filling up the DagBag from /home/airflow/.local/lib/python3.12/site-packages/airflow/example_dags/example_branch_labels.py
[2024-05-26T11:31:19.297+0000] {processor.py:840} INFO - DAG(s) 'example_branch_labels' retrieved from /home/airflow/.local/lib/python3.12/site-packages/airflow/example_dags/example_branch_labels.py
[2024-05-26T11:31:19.317+0000] {logging_mixin.py:188} INFO - [2024-05-26T11:31:19.317+0000] {dag.py:3096} INFO - Sync 1 DAGs
[2024-05-26T11:31:19.341+0000] {logging_mixin.py:188} INFO - [2024-05-26T11:31:19.341+0000] {dag.py:3954} INFO - Setting next_dagrun for example_branch_labels to 2024-05-25 00:00:00+00:00, run_after=2024-05-26 00:00:00+00:00
[2024-05-26T11:31:19.365+0000] {processor.py:183} INFO - Processing /home/airflow/.local/lib/python3.12/site-packages/airflow/example_dags/example_branch_labels.py took 0.086 seconds
[2024-05-26T11:31:50.447+0000] {processor.py:161} INFO - Started process (PID=7104) to work on /home/airflow/.local/lib/python3.12/site-packages/airflow/example_dags/example_branch_labels.py
[2024-05-26T11:31:50.449+0000] {processor.py:830} INFO - Processing file /home/airflow/.local/lib/python3.12/site-packages/airflow/example_dags/example_branch_labels.py for tasks to queue
[2024-05-26T11:31:50.452+0000] {logging_mixin.py:188} INFO - [2024-05-26T11:31:50.451+0000] {dagbag.py:545} INFO - Filling up the DagBag from /home/airflow/.local/lib/python3.12/site-packages/airflow/example_dags/example_branch_labels.py
[2024-05-26T11:31:50.465+0000] {processor.py:840} INFO - DAG(s) 'example_branch_labels' retrieved from /home/airflow/.local/lib/python3.12/site-packages/airflow/example_dags/example_branch_labels.py
[2024-05-26T11:31:50.509+0000] {logging_mixin.py:188} INFO - [2024-05-26T11:31:50.508+0000] {dag.py:3096} INFO - Sync 1 DAGs
[2024-05-26T11:31:50.560+0000] {logging_mixin.py:188} INFO - [2024-05-26T11:31:50.559+0000] {dag.py:3954} INFO - Setting next_dagrun for example_branch_labels to 2024-05-25 00:00:00+00:00, run_after=2024-05-26 00:00:00+00:00
[2024-05-26T11:31:50.589+0000] {processor.py:183} INFO - Processing /home/airflow/.local/lib/python3.12/site-packages/airflow/example_dags/example_branch_labels.py took 0.149 seconds
[2024-05-26T11:32:21.728+0000] {processor.py:161} INFO - Started process (PID=7375) to work on /home/airflow/.local/lib/python3.12/site-packages/airflow/example_dags/example_branch_labels.py
[2024-05-26T11:32:21.730+0000] {processor.py:830} INFO - Processing file /home/airflow/.local/lib/python3.12/site-packages/airflow/example_dags/example_branch_labels.py for tasks to queue
[2024-05-26T11:32:21.732+0000] {logging_mixin.py:188} INFO - [2024-05-26T11:32:21.732+0000] {dagbag.py:545} INFO - Filling up the DagBag from /home/airflow/.local/lib/python3.12/site-packages/airflow/example_dags/example_branch_labels.py
[2024-05-26T11:32:21.741+0000] {processor.py:840} INFO - DAG(s) 'example_branch_labels' retrieved from /home/airflow/.local/lib/python3.12/site-packages/airflow/example_dags/example_branch_labels.py
[2024-05-26T11:32:21.764+0000] {logging_mixin.py:188} INFO - [2024-05-26T11:32:21.764+0000] {dag.py:3096} INFO - Sync 1 DAGs
[2024-05-26T11:32:21.792+0000] {logging_mixin.py:188} INFO - [2024-05-26T11:32:21.791+0000] {dag.py:3954} INFO - Setting next_dagrun for example_branch_labels to 2024-05-25 00:00:00+00:00, run_after=2024-05-26 00:00:00+00:00
[2024-05-26T11:32:21.812+0000] {processor.py:183} INFO - Processing /home/airflow/.local/lib/python3.12/site-packages/airflow/example_dags/example_branch_labels.py took 0.091 seconds
[2024-05-26T11:32:52.252+0000] {processor.py:161} INFO - Started process (PID=7645) to work on /home/airflow/.local/lib/python3.12/site-packages/airflow/example_dags/example_branch_labels.py
[2024-05-26T11:32:52.253+0000] {processor.py:830} INFO - Processing file /home/airflow/.local/lib/python3.12/site-packages/airflow/example_dags/example_branch_labels.py for tasks to queue
[2024-05-26T11:32:52.255+0000] {logging_mixin.py:188} INFO - [2024-05-26T11:32:52.255+0000] {dagbag.py:545} INFO - Filling up the DagBag from /home/airflow/.local/lib/python3.12/site-packages/airflow/example_dags/example_branch_labels.py
[2024-05-26T11:32:52.261+0000] {processor.py:840} INFO - DAG(s) 'example_branch_labels' retrieved from /home/airflow/.local/lib/python3.12/site-packages/airflow/example_dags/example_branch_labels.py
[2024-05-26T11:32:52.279+0000] {logging_mixin.py:188} INFO - [2024-05-26T11:32:52.279+0000] {dag.py:3096} INFO - Sync 1 DAGs
[2024-05-26T11:32:52.300+0000] {logging_mixin.py:188} INFO - [2024-05-26T11:32:52.300+0000] {dag.py:3954} INFO - Setting next_dagrun for example_branch_labels to 2024-05-25 00:00:00+00:00, run_after=2024-05-26 00:00:00+00:00
[2024-05-26T11:32:52.318+0000] {processor.py:183} INFO - Processing /home/airflow/.local/lib/python3.12/site-packages/airflow/example_dags/example_branch_labels.py took 0.070 seconds
[2024-05-26T11:33:23.133+0000] {processor.py:161} INFO - Started process (PID=7911) to work on /home/airflow/.local/lib/python3.12/site-packages/airflow/example_dags/example_branch_labels.py
[2024-05-26T11:33:23.134+0000] {processor.py:830} INFO - Processing file /home/airflow/.local/lib/python3.12/site-packages/airflow/example_dags/example_branch_labels.py for tasks to queue
[2024-05-26T11:33:23.136+0000] {logging_mixin.py:188} INFO - [2024-05-26T11:33:23.135+0000] {dagbag.py:545} INFO - Filling up the DagBag from /home/airflow/.local/lib/python3.12/site-packages/airflow/example_dags/example_branch_labels.py
[2024-05-26T11:33:23.142+0000] {processor.py:840} INFO - DAG(s) 'example_branch_labels' retrieved from /home/airflow/.local/lib/python3.12/site-packages/airflow/example_dags/example_branch_labels.py
[2024-05-26T11:33:23.162+0000] {logging_mixin.py:188} INFO - [2024-05-26T11:33:23.162+0000] {dag.py:3096} INFO - Sync 1 DAGs
[2024-05-26T11:33:23.183+0000] {logging_mixin.py:188} INFO - [2024-05-26T11:33:23.183+0000] {dag.py:3954} INFO - Setting next_dagrun for example_branch_labels to 2024-05-25 00:00:00+00:00, run_after=2024-05-26 00:00:00+00:00
[2024-05-26T11:33:23.201+0000] {processor.py:183} INFO - Processing /home/airflow/.local/lib/python3.12/site-packages/airflow/example_dags/example_branch_labels.py took 0.074 seconds
[2024-05-26T11:33:53.999+0000] {processor.py:161} INFO - Started process (PID=8181) to work on /home/airflow/.local/lib/python3.12/site-packages/airflow/example_dags/example_branch_labels.py
[2024-05-26T11:33:54.001+0000] {processor.py:830} INFO - Processing file /home/airflow/.local/lib/python3.12/site-packages/airflow/example_dags/example_branch_labels.py for tasks to queue
[2024-05-26T11:33:54.005+0000] {logging_mixin.py:188} INFO - [2024-05-26T11:33:54.004+0000] {dagbag.py:545} INFO - Filling up the DagBag from /home/airflow/.local/lib/python3.12/site-packages/airflow/example_dags/example_branch_labels.py
[2024-05-26T11:33:54.020+0000] {processor.py:840} INFO - DAG(s) 'example_branch_labels' retrieved from /home/airflow/.local/lib/python3.12/site-packages/airflow/example_dags/example_branch_labels.py
[2024-05-26T11:33:54.046+0000] {logging_mixin.py:188} INFO - [2024-05-26T11:33:54.045+0000] {dag.py:3096} INFO - Sync 1 DAGs
[2024-05-26T11:33:54.069+0000] {logging_mixin.py:188} INFO - [2024-05-26T11:33:54.069+0000] {dag.py:3954} INFO - Setting next_dagrun for example_branch_labels to 2024-05-25 00:00:00+00:00, run_after=2024-05-26 00:00:00+00:00
[2024-05-26T11:33:54.091+0000] {processor.py:183} INFO - Processing /home/airflow/.local/lib/python3.12/site-packages/airflow/example_dags/example_branch_labels.py took 0.098 seconds
[2024-05-26T11:34:24.640+0000] {processor.py:161} INFO - Started process (PID=8447) to work on /home/airflow/.local/lib/python3.12/site-packages/airflow/example_dags/example_branch_labels.py
[2024-05-26T11:34:24.642+0000] {processor.py:830} INFO - Processing file /home/airflow/.local/lib/python3.12/site-packages/airflow/example_dags/example_branch_labels.py for tasks to queue
[2024-05-26T11:34:24.644+0000] {logging_mixin.py:188} INFO - [2024-05-26T11:34:24.644+0000] {dagbag.py:545} INFO - Filling up the DagBag from /home/airflow/.local/lib/python3.12/site-packages/airflow/example_dags/example_branch_labels.py
[2024-05-26T11:34:24.653+0000] {processor.py:840} INFO - DAG(s) 'example_branch_labels' retrieved from /home/airflow/.local/lib/python3.12/site-packages/airflow/example_dags/example_branch_labels.py
[2024-05-26T11:34:24.675+0000] {logging_mixin.py:188} INFO - [2024-05-26T11:34:24.675+0000] {dag.py:3096} INFO - Sync 1 DAGs
[2024-05-26T11:34:24.700+0000] {logging_mixin.py:188} INFO - [2024-05-26T11:34:24.700+0000] {dag.py:3954} INFO - Setting next_dagrun for example_branch_labels to 2024-05-25 00:00:00+00:00, run_after=2024-05-26 00:00:00+00:00
[2024-05-26T11:34:24.721+0000] {processor.py:183} INFO - Processing /home/airflow/.local/lib/python3.12/site-packages/airflow/example_dags/example_branch_labels.py took 0.087 seconds
