[2024-05-26T11:18:57.297+0000] {processor.py:161} INFO - Started process (PID=316) to work on /home/airflow/.local/lib/python3.12/site-packages/airflow/example_dags/tutorial.py
[2024-05-26T11:18:57.298+0000] {processor.py:830} INFO - Processing file /home/airflow/.local/lib/python3.12/site-packages/airflow/example_dags/tutorial.py for tasks to queue
[2024-05-26T11:18:57.301+0000] {logging_mixin.py:188} INFO - [2024-05-26T11:18:57.300+0000] {dagbag.py:545} INFO - Filling up the DagBag from /home/airflow/.local/lib/python3.12/site-packages/airflow/example_dags/tutorial.py
[2024-05-26T11:18:57.315+0000] {processor.py:840} INFO - DAG(s) 'tutorial' retrieved from /home/airflow/.local/lib/python3.12/site-packages/airflow/example_dags/tutorial.py
[2024-05-26T11:18:57.350+0000] {logging_mixin.py:188} INFO - [2024-05-26T11:18:57.350+0000] {dag.py:3096} INFO - Sync 1 DAGs
[2024-05-26T11:18:57.392+0000] {logging_mixin.py:188} INFO - [2024-05-26T11:18:57.392+0000] {dag.py:3954} INFO - Setting next_dagrun for tutorial to 2024-05-25 00:00:00+00:00, run_after=2024-05-26 00:00:00+00:00
[2024-05-26T11:18:57.439+0000] {processor.py:183} INFO - Processing /home/airflow/.local/lib/python3.12/site-packages/airflow/example_dags/tutorial.py took 0.152 seconds
[2024-05-26T11:19:27.522+0000] {processor.py:161} INFO - Started process (PID=584) to work on /home/airflow/.local/lib/python3.12/site-packages/airflow/example_dags/tutorial.py
[2024-05-26T11:19:27.524+0000] {processor.py:830} INFO - Processing file /home/airflow/.local/lib/python3.12/site-packages/airflow/example_dags/tutorial.py for tasks to queue
[2024-05-26T11:19:27.526+0000] {logging_mixin.py:188} INFO - [2024-05-26T11:19:27.526+0000] {dagbag.py:545} INFO - Filling up the DagBag from /home/airflow/.local/lib/python3.12/site-packages/airflow/example_dags/tutorial.py
[2024-05-26T11:19:27.533+0000] {processor.py:840} INFO - DAG(s) 'tutorial' retrieved from /home/airflow/.local/lib/python3.12/site-packages/airflow/example_dags/tutorial.py
[2024-05-26T11:19:27.556+0000] {logging_mixin.py:188} INFO - [2024-05-26T11:19:27.556+0000] {dag.py:3096} INFO - Sync 1 DAGs
[2024-05-26T11:19:27.581+0000] {logging_mixin.py:188} INFO - [2024-05-26T11:19:27.581+0000] {dag.py:3954} INFO - Setting next_dagrun for tutorial to 2024-05-25 00:00:00+00:00, run_after=2024-05-26 00:00:00+00:00
[2024-05-26T11:19:27.602+0000] {processor.py:183} INFO - Processing /home/airflow/.local/lib/python3.12/site-packages/airflow/example_dags/tutorial.py took 0.088 seconds
[2024-05-26T11:19:57.832+0000] {processor.py:161} INFO - Started process (PID=852) to work on /home/airflow/.local/lib/python3.12/site-packages/airflow/example_dags/tutorial.py
[2024-05-26T11:19:57.834+0000] {processor.py:830} INFO - Processing file /home/airflow/.local/lib/python3.12/site-packages/airflow/example_dags/tutorial.py for tasks to queue
[2024-05-26T11:19:57.835+0000] {logging_mixin.py:188} INFO - [2024-05-26T11:19:57.835+0000] {dagbag.py:545} INFO - Filling up the DagBag from /home/airflow/.local/lib/python3.12/site-packages/airflow/example_dags/tutorial.py
[2024-05-26T11:19:57.841+0000] {processor.py:840} INFO - DAG(s) 'tutorial' retrieved from /home/airflow/.local/lib/python3.12/site-packages/airflow/example_dags/tutorial.py
[2024-05-26T11:19:57.851+0000] {logging_mixin.py:188} INFO - [2024-05-26T11:19:57.851+0000] {dag.py:3096} INFO - Sync 1 DAGs
[2024-05-26T11:19:57.871+0000] {logging_mixin.py:188} INFO - [2024-05-26T11:19:57.871+0000] {dag.py:3954} INFO - Setting next_dagrun for tutorial to 2024-05-25 00:00:00+00:00, run_after=2024-05-26 00:00:00+00:00
[2024-05-26T11:19:57.891+0000] {processor.py:183} INFO - Processing /home/airflow/.local/lib/python3.12/site-packages/airflow/example_dags/tutorial.py took 0.064 seconds
[2024-05-26T11:20:29.779+0000] {processor.py:161} INFO - Started process (PID=1120) to work on /home/airflow/.local/lib/python3.12/site-packages/airflow/example_dags/tutorial.py
[2024-05-26T11:20:29.781+0000] {processor.py:830} INFO - Processing file /home/airflow/.local/lib/python3.12/site-packages/airflow/example_dags/tutorial.py for tasks to queue
[2024-05-26T11:20:29.784+0000] {logging_mixin.py:188} INFO - [2024-05-26T11:20:29.783+0000] {dagbag.py:545} INFO - Filling up the DagBag from /home/airflow/.local/lib/python3.12/site-packages/airflow/example_dags/tutorial.py
[2024-05-26T11:20:29.790+0000] {processor.py:840} INFO - DAG(s) 'tutorial' retrieved from /home/airflow/.local/lib/python3.12/site-packages/airflow/example_dags/tutorial.py
[2024-05-26T11:20:29.917+0000] {logging_mixin.py:188} INFO - [2024-05-26T11:20:29.916+0000] {dag.py:3096} INFO - Sync 1 DAGs
[2024-05-26T11:20:29.943+0000] {logging_mixin.py:188} INFO - [2024-05-26T11:20:29.942+0000] {dag.py:3954} INFO - Setting next_dagrun for tutorial to 2024-05-25 00:00:00+00:00, run_after=2024-05-26 00:00:00+00:00
[2024-05-26T11:20:29.971+0000] {processor.py:183} INFO - Processing /home/airflow/.local/lib/python3.12/site-packages/airflow/example_dags/tutorial.py took 0.198 seconds
[2024-05-26T11:21:01.034+0000] {processor.py:161} INFO - Started process (PID=1390) to work on /home/airflow/.local/lib/python3.12/site-packages/airflow/example_dags/tutorial.py
[2024-05-26T11:21:01.037+0000] {processor.py:830} INFO - Processing file /home/airflow/.local/lib/python3.12/site-packages/airflow/example_dags/tutorial.py for tasks to queue
[2024-05-26T11:21:01.042+0000] {logging_mixin.py:188} INFO - [2024-05-26T11:21:01.041+0000] {dagbag.py:545} INFO - Filling up the DagBag from /home/airflow/.local/lib/python3.12/site-packages/airflow/example_dags/tutorial.py
[2024-05-26T11:21:01.051+0000] {processor.py:840} INFO - DAG(s) 'tutorial' retrieved from /home/airflow/.local/lib/python3.12/site-packages/airflow/example_dags/tutorial.py
[2024-05-26T11:21:01.083+0000] {logging_mixin.py:188} INFO - [2024-05-26T11:21:01.083+0000] {dag.py:3096} INFO - Sync 1 DAGs
[2024-05-26T11:21:01.124+0000] {logging_mixin.py:188} INFO - [2024-05-26T11:21:01.123+0000] {dag.py:3954} INFO - Setting next_dagrun for tutorial to 2024-05-25 00:00:00+00:00, run_after=2024-05-26 00:00:00+00:00
[2024-05-26T11:21:01.164+0000] {processor.py:183} INFO - Processing /home/airflow/.local/lib/python3.12/site-packages/airflow/example_dags/tutorial.py took 0.140 seconds
[2024-05-26T11:21:31.333+0000] {processor.py:161} INFO - Started process (PID=1656) to work on /home/airflow/.local/lib/python3.12/site-packages/airflow/example_dags/tutorial.py
[2024-05-26T11:21:31.334+0000] {processor.py:830} INFO - Processing file /home/airflow/.local/lib/python3.12/site-packages/airflow/example_dags/tutorial.py for tasks to queue
[2024-05-26T11:21:31.336+0000] {logging_mixin.py:188} INFO - [2024-05-26T11:21:31.335+0000] {dagbag.py:545} INFO - Filling up the DagBag from /home/airflow/.local/lib/python3.12/site-packages/airflow/example_dags/tutorial.py
[2024-05-26T11:21:31.340+0000] {processor.py:840} INFO - DAG(s) 'tutorial' retrieved from /home/airflow/.local/lib/python3.12/site-packages/airflow/example_dags/tutorial.py
[2024-05-26T11:21:31.361+0000] {logging_mixin.py:188} INFO - [2024-05-26T11:21:31.361+0000] {dag.py:3096} INFO - Sync 1 DAGs
[2024-05-26T11:21:31.382+0000] {logging_mixin.py:188} INFO - [2024-05-26T11:21:31.382+0000] {dag.py:3954} INFO - Setting next_dagrun for tutorial to 2024-05-25 00:00:00+00:00, run_after=2024-05-26 00:00:00+00:00
[2024-05-26T11:21:31.403+0000] {processor.py:183} INFO - Processing /home/airflow/.local/lib/python3.12/site-packages/airflow/example_dags/tutorial.py took 0.075 seconds
[2024-05-26T11:22:02.331+0000] {processor.py:161} INFO - Started process (PID=1926) to work on /home/airflow/.local/lib/python3.12/site-packages/airflow/example_dags/tutorial.py
[2024-05-26T11:22:02.332+0000] {processor.py:830} INFO - Processing file /home/airflow/.local/lib/python3.12/site-packages/airflow/example_dags/tutorial.py for tasks to queue
[2024-05-26T11:22:02.334+0000] {logging_mixin.py:188} INFO - [2024-05-26T11:22:02.334+0000] {dagbag.py:545} INFO - Filling up the DagBag from /home/airflow/.local/lib/python3.12/site-packages/airflow/example_dags/tutorial.py
[2024-05-26T11:22:02.340+0000] {processor.py:840} INFO - DAG(s) 'tutorial' retrieved from /home/airflow/.local/lib/python3.12/site-packages/airflow/example_dags/tutorial.py
[2024-05-26T11:22:02.361+0000] {logging_mixin.py:188} INFO - [2024-05-26T11:22:02.361+0000] {dag.py:3096} INFO - Sync 1 DAGs
[2024-05-26T11:22:02.382+0000] {logging_mixin.py:188} INFO - [2024-05-26T11:22:02.382+0000] {dag.py:3954} INFO - Setting next_dagrun for tutorial to 2024-05-25 00:00:00+00:00, run_after=2024-05-26 00:00:00+00:00
[2024-05-26T11:22:02.400+0000] {processor.py:183} INFO - Processing /home/airflow/.local/lib/python3.12/site-packages/airflow/example_dags/tutorial.py took 0.074 seconds
[2024-05-26T11:22:33.383+0000] {processor.py:161} INFO - Started process (PID=2200) to work on /home/airflow/.local/lib/python3.12/site-packages/airflow/example_dags/tutorial.py
[2024-05-26T11:22:33.385+0000] {processor.py:830} INFO - Processing file /home/airflow/.local/lib/python3.12/site-packages/airflow/example_dags/tutorial.py for tasks to queue
[2024-05-26T11:22:33.389+0000] {logging_mixin.py:188} INFO - [2024-05-26T11:22:33.389+0000] {dagbag.py:545} INFO - Filling up the DagBag from /home/airflow/.local/lib/python3.12/site-packages/airflow/example_dags/tutorial.py
[2024-05-26T11:22:33.402+0000] {processor.py:840} INFO - DAG(s) 'tutorial' retrieved from /home/airflow/.local/lib/python3.12/site-packages/airflow/example_dags/tutorial.py
[2024-05-26T11:22:33.433+0000] {logging_mixin.py:188} INFO - [2024-05-26T11:22:33.432+0000] {dag.py:3096} INFO - Sync 1 DAGs
[2024-05-26T11:22:33.470+0000] {logging_mixin.py:188} INFO - [2024-05-26T11:22:33.470+0000] {dag.py:3954} INFO - Setting next_dagrun for tutorial to 2024-05-25 00:00:00+00:00, run_after=2024-05-26 00:00:00+00:00
[2024-05-26T11:22:33.500+0000] {processor.py:183} INFO - Processing /home/airflow/.local/lib/python3.12/site-packages/airflow/example_dags/tutorial.py took 0.129 seconds
[2024-05-26T11:23:04.196+0000] {processor.py:161} INFO - Started process (PID=2468) to work on /home/airflow/.local/lib/python3.12/site-packages/airflow/example_dags/tutorial.py
[2024-05-26T11:23:04.197+0000] {processor.py:830} INFO - Processing file /home/airflow/.local/lib/python3.12/site-packages/airflow/example_dags/tutorial.py for tasks to queue
[2024-05-26T11:23:04.199+0000] {logging_mixin.py:188} INFO - [2024-05-26T11:23:04.199+0000] {dagbag.py:545} INFO - Filling up the DagBag from /home/airflow/.local/lib/python3.12/site-packages/airflow/example_dags/tutorial.py
[2024-05-26T11:23:04.204+0000] {processor.py:840} INFO - DAG(s) 'tutorial' retrieved from /home/airflow/.local/lib/python3.12/site-packages/airflow/example_dags/tutorial.py
[2024-05-26T11:23:04.223+0000] {logging_mixin.py:188} INFO - [2024-05-26T11:23:04.222+0000] {dag.py:3096} INFO - Sync 1 DAGs
[2024-05-26T11:23:04.246+0000] {logging_mixin.py:188} INFO - [2024-05-26T11:23:04.246+0000] {dag.py:3954} INFO - Setting next_dagrun for tutorial to 2024-05-25 00:00:00+00:00, run_after=2024-05-26 00:00:00+00:00
[2024-05-26T11:23:04.266+0000] {processor.py:183} INFO - Processing /home/airflow/.local/lib/python3.12/site-packages/airflow/example_dags/tutorial.py took 0.074 seconds
[2024-05-26T11:23:34.411+0000] {processor.py:161} INFO - Started process (PID=2736) to work on /home/airflow/.local/lib/python3.12/site-packages/airflow/example_dags/tutorial.py
[2024-05-26T11:23:34.413+0000] {processor.py:830} INFO - Processing file /home/airflow/.local/lib/python3.12/site-packages/airflow/example_dags/tutorial.py for tasks to queue
[2024-05-26T11:23:34.414+0000] {logging_mixin.py:188} INFO - [2024-05-26T11:23:34.414+0000] {dagbag.py:545} INFO - Filling up the DagBag from /home/airflow/.local/lib/python3.12/site-packages/airflow/example_dags/tutorial.py
[2024-05-26T11:23:34.421+0000] {processor.py:840} INFO - DAG(s) 'tutorial' retrieved from /home/airflow/.local/lib/python3.12/site-packages/airflow/example_dags/tutorial.py
[2024-05-26T11:23:34.445+0000] {logging_mixin.py:188} INFO - [2024-05-26T11:23:34.445+0000] {dag.py:3096} INFO - Sync 1 DAGs
[2024-05-26T11:23:34.467+0000] {logging_mixin.py:188} INFO - [2024-05-26T11:23:34.467+0000] {dag.py:3954} INFO - Setting next_dagrun for tutorial to 2024-05-25 00:00:00+00:00, run_after=2024-05-26 00:00:00+00:00
[2024-05-26T11:23:34.493+0000] {processor.py:183} INFO - Processing /home/airflow/.local/lib/python3.12/site-packages/airflow/example_dags/tutorial.py took 0.087 seconds
[2024-05-26T11:24:04.681+0000] {processor.py:161} INFO - Started process (PID=3004) to work on /home/airflow/.local/lib/python3.12/site-packages/airflow/example_dags/tutorial.py
[2024-05-26T11:24:04.682+0000] {processor.py:830} INFO - Processing file /home/airflow/.local/lib/python3.12/site-packages/airflow/example_dags/tutorial.py for tasks to queue
[2024-05-26T11:24:04.684+0000] {logging_mixin.py:188} INFO - [2024-05-26T11:24:04.684+0000] {dagbag.py:545} INFO - Filling up the DagBag from /home/airflow/.local/lib/python3.12/site-packages/airflow/example_dags/tutorial.py
[2024-05-26T11:24:04.689+0000] {processor.py:840} INFO - DAG(s) 'tutorial' retrieved from /home/airflow/.local/lib/python3.12/site-packages/airflow/example_dags/tutorial.py
[2024-05-26T11:24:04.709+0000] {logging_mixin.py:188} INFO - [2024-05-26T11:24:04.708+0000] {dag.py:3096} INFO - Sync 1 DAGs
[2024-05-26T11:24:04.732+0000] {logging_mixin.py:188} INFO - [2024-05-26T11:24:04.732+0000] {dag.py:3954} INFO - Setting next_dagrun for tutorial to 2024-05-25 00:00:00+00:00, run_after=2024-05-26 00:00:00+00:00
[2024-05-26T11:24:04.753+0000] {processor.py:183} INFO - Processing /home/airflow/.local/lib/python3.12/site-packages/airflow/example_dags/tutorial.py took 0.077 seconds
[2024-05-26T11:24:35.919+0000] {processor.py:161} INFO - Started process (PID=3272) to work on /home/airflow/.local/lib/python3.12/site-packages/airflow/example_dags/tutorial.py
[2024-05-26T11:24:35.920+0000] {processor.py:830} INFO - Processing file /home/airflow/.local/lib/python3.12/site-packages/airflow/example_dags/tutorial.py for tasks to queue
[2024-05-26T11:24:35.922+0000] {logging_mixin.py:188} INFO - [2024-05-26T11:24:35.922+0000] {dagbag.py:545} INFO - Filling up the DagBag from /home/airflow/.local/lib/python3.12/site-packages/airflow/example_dags/tutorial.py
[2024-05-26T11:24:35.928+0000] {processor.py:840} INFO - DAG(s) 'tutorial' retrieved from /home/airflow/.local/lib/python3.12/site-packages/airflow/example_dags/tutorial.py
[2024-05-26T11:24:35.947+0000] {logging_mixin.py:188} INFO - [2024-05-26T11:24:35.946+0000] {dag.py:3096} INFO - Sync 1 DAGs
[2024-05-26T11:24:35.966+0000] {logging_mixin.py:188} INFO - [2024-05-26T11:24:35.965+0000] {dag.py:3954} INFO - Setting next_dagrun for tutorial to 2024-05-25 00:00:00+00:00, run_after=2024-05-26 00:00:00+00:00
[2024-05-26T11:24:35.986+0000] {processor.py:183} INFO - Processing /home/airflow/.local/lib/python3.12/site-packages/airflow/example_dags/tutorial.py took 0.073 seconds
[2024-05-26T11:25:06.692+0000] {processor.py:161} INFO - Started process (PID=3540) to work on /home/airflow/.local/lib/python3.12/site-packages/airflow/example_dags/tutorial.py
[2024-05-26T11:25:06.694+0000] {processor.py:830} INFO - Processing file /home/airflow/.local/lib/python3.12/site-packages/airflow/example_dags/tutorial.py for tasks to queue
[2024-05-26T11:25:06.696+0000] {logging_mixin.py:188} INFO - [2024-05-26T11:25:06.696+0000] {dagbag.py:545} INFO - Filling up the DagBag from /home/airflow/.local/lib/python3.12/site-packages/airflow/example_dags/tutorial.py
[2024-05-26T11:25:06.702+0000] {processor.py:840} INFO - DAG(s) 'tutorial' retrieved from /home/airflow/.local/lib/python3.12/site-packages/airflow/example_dags/tutorial.py
[2024-05-26T11:25:06.723+0000] {logging_mixin.py:188} INFO - [2024-05-26T11:25:06.723+0000] {dag.py:3096} INFO - Sync 1 DAGs
[2024-05-26T11:25:06.748+0000] {logging_mixin.py:188} INFO - [2024-05-26T11:25:06.747+0000] {dag.py:3954} INFO - Setting next_dagrun for tutorial to 2024-05-25 00:00:00+00:00, run_after=2024-05-26 00:00:00+00:00
[2024-05-26T11:25:06.769+0000] {processor.py:183} INFO - Processing /home/airflow/.local/lib/python3.12/site-packages/airflow/example_dags/tutorial.py took 0.082 seconds
[2024-05-26T11:25:36.967+0000] {processor.py:161} INFO - Started process (PID=3806) to work on /home/airflow/.local/lib/python3.12/site-packages/airflow/example_dags/tutorial.py
[2024-05-26T11:25:36.968+0000] {processor.py:830} INFO - Processing file /home/airflow/.local/lib/python3.12/site-packages/airflow/example_dags/tutorial.py for tasks to queue
[2024-05-26T11:25:36.971+0000] {logging_mixin.py:188} INFO - [2024-05-26T11:25:36.971+0000] {dagbag.py:545} INFO - Filling up the DagBag from /home/airflow/.local/lib/python3.12/site-packages/airflow/example_dags/tutorial.py
[2024-05-26T11:25:36.976+0000] {processor.py:840} INFO - DAG(s) 'tutorial' retrieved from /home/airflow/.local/lib/python3.12/site-packages/airflow/example_dags/tutorial.py
[2024-05-26T11:25:37.003+0000] {logging_mixin.py:188} INFO - [2024-05-26T11:25:37.003+0000] {dag.py:3096} INFO - Sync 1 DAGs
[2024-05-26T11:25:37.030+0000] {logging_mixin.py:188} INFO - [2024-05-26T11:25:37.029+0000] {dag.py:3954} INFO - Setting next_dagrun for tutorial to 2024-05-25 00:00:00+00:00, run_after=2024-05-26 00:00:00+00:00
[2024-05-26T11:25:37.053+0000] {processor.py:183} INFO - Processing /home/airflow/.local/lib/python3.12/site-packages/airflow/example_dags/tutorial.py took 0.092 seconds
[2024-05-26T11:26:08.173+0000] {processor.py:161} INFO - Started process (PID=4074) to work on /home/airflow/.local/lib/python3.12/site-packages/airflow/example_dags/tutorial.py
[2024-05-26T11:26:08.175+0000] {processor.py:830} INFO - Processing file /home/airflow/.local/lib/python3.12/site-packages/airflow/example_dags/tutorial.py for tasks to queue
[2024-05-26T11:26:08.177+0000] {logging_mixin.py:188} INFO - [2024-05-26T11:26:08.176+0000] {dagbag.py:545} INFO - Filling up the DagBag from /home/airflow/.local/lib/python3.12/site-packages/airflow/example_dags/tutorial.py
[2024-05-26T11:26:08.184+0000] {processor.py:840} INFO - DAG(s) 'tutorial' retrieved from /home/airflow/.local/lib/python3.12/site-packages/airflow/example_dags/tutorial.py
[2024-05-26T11:26:08.205+0000] {logging_mixin.py:188} INFO - [2024-05-26T11:26:08.204+0000] {dag.py:3096} INFO - Sync 1 DAGs
[2024-05-26T11:26:08.227+0000] {logging_mixin.py:188} INFO - [2024-05-26T11:26:08.227+0000] {dag.py:3954} INFO - Setting next_dagrun for tutorial to 2024-05-25 00:00:00+00:00, run_after=2024-05-26 00:00:00+00:00
[2024-05-26T11:26:08.248+0000] {processor.py:183} INFO - Processing /home/airflow/.local/lib/python3.12/site-packages/airflow/example_dags/tutorial.py took 0.081 seconds
[2024-05-26T11:26:39.457+0000] {processor.py:161} INFO - Started process (PID=4342) to work on /home/airflow/.local/lib/python3.12/site-packages/airflow/example_dags/tutorial.py
[2024-05-26T11:26:39.462+0000] {processor.py:830} INFO - Processing file /home/airflow/.local/lib/python3.12/site-packages/airflow/example_dags/tutorial.py for tasks to queue
[2024-05-26T11:26:39.464+0000] {logging_mixin.py:188} INFO - [2024-05-26T11:26:39.463+0000] {dagbag.py:545} INFO - Filling up the DagBag from /home/airflow/.local/lib/python3.12/site-packages/airflow/example_dags/tutorial.py
[2024-05-26T11:26:39.471+0000] {processor.py:840} INFO - DAG(s) 'tutorial' retrieved from /home/airflow/.local/lib/python3.12/site-packages/airflow/example_dags/tutorial.py
[2024-05-26T11:26:39.497+0000] {logging_mixin.py:188} INFO - [2024-05-26T11:26:39.496+0000] {dag.py:3096} INFO - Sync 1 DAGs
[2024-05-26T11:26:39.524+0000] {logging_mixin.py:188} INFO - [2024-05-26T11:26:39.524+0000] {dag.py:3954} INFO - Setting next_dagrun for tutorial to 2024-05-25 00:00:00+00:00, run_after=2024-05-26 00:00:00+00:00
[2024-05-26T11:26:39.550+0000] {processor.py:183} INFO - Processing /home/airflow/.local/lib/python3.12/site-packages/airflow/example_dags/tutorial.py took 0.104 seconds
[2024-05-26T11:27:10.566+0000] {processor.py:161} INFO - Started process (PID=4610) to work on /home/airflow/.local/lib/python3.12/site-packages/airflow/example_dags/tutorial.py
[2024-05-26T11:27:10.567+0000] {processor.py:830} INFO - Processing file /home/airflow/.local/lib/python3.12/site-packages/airflow/example_dags/tutorial.py for tasks to queue
[2024-05-26T11:27:10.571+0000] {logging_mixin.py:188} INFO - [2024-05-26T11:27:10.570+0000] {dagbag.py:545} INFO - Filling up the DagBag from /home/airflow/.local/lib/python3.12/site-packages/airflow/example_dags/tutorial.py
[2024-05-26T11:27:10.581+0000] {processor.py:840} INFO - DAG(s) 'tutorial' retrieved from /home/airflow/.local/lib/python3.12/site-packages/airflow/example_dags/tutorial.py
[2024-05-26T11:27:10.611+0000] {logging_mixin.py:188} INFO - [2024-05-26T11:27:10.610+0000] {dag.py:3096} INFO - Sync 1 DAGs
[2024-05-26T11:27:10.643+0000] {logging_mixin.py:188} INFO - [2024-05-26T11:27:10.643+0000] {dag.py:3954} INFO - Setting next_dagrun for tutorial to 2024-05-25 00:00:00+00:00, run_after=2024-05-26 00:00:00+00:00
[2024-05-26T11:27:10.674+0000] {processor.py:183} INFO - Processing /home/airflow/.local/lib/python3.12/site-packages/airflow/example_dags/tutorial.py took 0.118 seconds
[2024-05-26T11:27:41.470+0000] {processor.py:161} INFO - Started process (PID=4879) to work on /home/airflow/.local/lib/python3.12/site-packages/airflow/example_dags/tutorial.py
[2024-05-26T11:27:41.472+0000] {processor.py:830} INFO - Processing file /home/airflow/.local/lib/python3.12/site-packages/airflow/example_dags/tutorial.py for tasks to queue
[2024-05-26T11:27:41.474+0000] {logging_mixin.py:188} INFO - [2024-05-26T11:27:41.474+0000] {dagbag.py:545} INFO - Filling up the DagBag from /home/airflow/.local/lib/python3.12/site-packages/airflow/example_dags/tutorial.py
[2024-05-26T11:27:41.482+0000] {processor.py:840} INFO - DAG(s) 'tutorial' retrieved from /home/airflow/.local/lib/python3.12/site-packages/airflow/example_dags/tutorial.py
[2024-05-26T11:27:41.503+0000] {logging_mixin.py:188} INFO - [2024-05-26T11:27:41.503+0000] {dag.py:3096} INFO - Sync 1 DAGs
[2024-05-26T11:27:41.529+0000] {logging_mixin.py:188} INFO - [2024-05-26T11:27:41.528+0000] {dag.py:3954} INFO - Setting next_dagrun for tutorial to 2024-05-25 00:00:00+00:00, run_after=2024-05-26 00:00:00+00:00
[2024-05-26T11:27:41.689+0000] {processor.py:183} INFO - Processing /home/airflow/.local/lib/python3.12/site-packages/airflow/example_dags/tutorial.py took 0.226 seconds
[2024-05-26T11:28:12.499+0000] {processor.py:161} INFO - Started process (PID=5146) to work on /home/airflow/.local/lib/python3.12/site-packages/airflow/example_dags/tutorial.py
[2024-05-26T11:28:12.501+0000] {processor.py:830} INFO - Processing file /home/airflow/.local/lib/python3.12/site-packages/airflow/example_dags/tutorial.py for tasks to queue
[2024-05-26T11:28:12.503+0000] {logging_mixin.py:188} INFO - [2024-05-26T11:28:12.502+0000] {dagbag.py:545} INFO - Filling up the DagBag from /home/airflow/.local/lib/python3.12/site-packages/airflow/example_dags/tutorial.py
[2024-05-26T11:28:12.510+0000] {processor.py:840} INFO - DAG(s) 'tutorial' retrieved from /home/airflow/.local/lib/python3.12/site-packages/airflow/example_dags/tutorial.py
[2024-05-26T11:28:12.532+0000] {logging_mixin.py:188} INFO - [2024-05-26T11:28:12.531+0000] {dag.py:3096} INFO - Sync 1 DAGs
[2024-05-26T11:28:12.557+0000] {logging_mixin.py:188} INFO - [2024-05-26T11:28:12.557+0000] {dag.py:3954} INFO - Setting next_dagrun for tutorial to 2024-05-25 00:00:00+00:00, run_after=2024-05-26 00:00:00+00:00
[2024-05-26T11:28:12.581+0000] {processor.py:183} INFO - Processing /home/airflow/.local/lib/python3.12/site-packages/airflow/example_dags/tutorial.py took 0.089 seconds
[2024-05-26T11:28:42.653+0000] {processor.py:161} INFO - Started process (PID=5410) to work on /home/airflow/.local/lib/python3.12/site-packages/airflow/example_dags/tutorial.py
[2024-05-26T11:28:42.654+0000] {processor.py:830} INFO - Processing file /home/airflow/.local/lib/python3.12/site-packages/airflow/example_dags/tutorial.py for tasks to queue
[2024-05-26T11:28:42.656+0000] {logging_mixin.py:188} INFO - [2024-05-26T11:28:42.656+0000] {dagbag.py:545} INFO - Filling up the DagBag from /home/airflow/.local/lib/python3.12/site-packages/airflow/example_dags/tutorial.py
[2024-05-26T11:28:42.662+0000] {processor.py:840} INFO - DAG(s) 'tutorial' retrieved from /home/airflow/.local/lib/python3.12/site-packages/airflow/example_dags/tutorial.py
[2024-05-26T11:28:42.681+0000] {logging_mixin.py:188} INFO - [2024-05-26T11:28:42.681+0000] {dag.py:3096} INFO - Sync 1 DAGs
[2024-05-26T11:28:42.703+0000] {logging_mixin.py:188} INFO - [2024-05-26T11:28:42.703+0000] {dag.py:3954} INFO - Setting next_dagrun for tutorial to 2024-05-25 00:00:00+00:00, run_after=2024-05-26 00:00:00+00:00
[2024-05-26T11:28:42.723+0000] {processor.py:183} INFO - Processing /home/airflow/.local/lib/python3.12/site-packages/airflow/example_dags/tutorial.py took 0.077 seconds
[2024-05-26T11:29:12.814+0000] {processor.py:161} INFO - Started process (PID=5676) to work on /home/airflow/.local/lib/python3.12/site-packages/airflow/example_dags/tutorial.py
[2024-05-26T11:29:12.816+0000] {processor.py:830} INFO - Processing file /home/airflow/.local/lib/python3.12/site-packages/airflow/example_dags/tutorial.py for tasks to queue
[2024-05-26T11:29:12.818+0000] {logging_mixin.py:188} INFO - [2024-05-26T11:29:12.817+0000] {dagbag.py:545} INFO - Filling up the DagBag from /home/airflow/.local/lib/python3.12/site-packages/airflow/example_dags/tutorial.py
[2024-05-26T11:29:12.823+0000] {processor.py:840} INFO - DAG(s) 'tutorial' retrieved from /home/airflow/.local/lib/python3.12/site-packages/airflow/example_dags/tutorial.py
[2024-05-26T11:29:12.841+0000] {logging_mixin.py:188} INFO - [2024-05-26T11:29:12.840+0000] {dag.py:3096} INFO - Sync 1 DAGs
[2024-05-26T11:29:12.861+0000] {logging_mixin.py:188} INFO - [2024-05-26T11:29:12.861+0000] {dag.py:3954} INFO - Setting next_dagrun for tutorial to 2024-05-25 00:00:00+00:00, run_after=2024-05-26 00:00:00+00:00
[2024-05-26T11:29:12.880+0000] {processor.py:183} INFO - Processing /home/airflow/.local/lib/python3.12/site-packages/airflow/example_dags/tutorial.py took 0.072 seconds
[2024-05-26T11:29:43.289+0000] {processor.py:161} INFO - Started process (PID=5944) to work on /home/airflow/.local/lib/python3.12/site-packages/airflow/example_dags/tutorial.py
[2024-05-26T11:29:43.291+0000] {processor.py:830} INFO - Processing file /home/airflow/.local/lib/python3.12/site-packages/airflow/example_dags/tutorial.py for tasks to queue
[2024-05-26T11:29:43.293+0000] {logging_mixin.py:188} INFO - [2024-05-26T11:29:43.293+0000] {dagbag.py:545} INFO - Filling up the DagBag from /home/airflow/.local/lib/python3.12/site-packages/airflow/example_dags/tutorial.py
[2024-05-26T11:29:43.299+0000] {processor.py:840} INFO - DAG(s) 'tutorial' retrieved from /home/airflow/.local/lib/python3.12/site-packages/airflow/example_dags/tutorial.py
[2024-05-26T11:29:43.320+0000] {logging_mixin.py:188} INFO - [2024-05-26T11:29:43.320+0000] {dag.py:3096} INFO - Sync 1 DAGs
[2024-05-26T11:29:43.340+0000] {logging_mixin.py:188} INFO - [2024-05-26T11:29:43.339+0000] {dag.py:3954} INFO - Setting next_dagrun for tutorial to 2024-05-25 00:00:00+00:00, run_after=2024-05-26 00:00:00+00:00
[2024-05-26T11:29:43.361+0000] {processor.py:183} INFO - Processing /home/airflow/.local/lib/python3.12/site-packages/airflow/example_dags/tutorial.py took 0.077 seconds
[2024-05-26T11:30:13.429+0000] {processor.py:161} INFO - Started process (PID=6212) to work on /home/airflow/.local/lib/python3.12/site-packages/airflow/example_dags/tutorial.py
[2024-05-26T11:30:13.430+0000] {processor.py:830} INFO - Processing file /home/airflow/.local/lib/python3.12/site-packages/airflow/example_dags/tutorial.py for tasks to queue
[2024-05-26T11:30:13.431+0000] {logging_mixin.py:188} INFO - [2024-05-26T11:30:13.431+0000] {dagbag.py:545} INFO - Filling up the DagBag from /home/airflow/.local/lib/python3.12/site-packages/airflow/example_dags/tutorial.py
[2024-05-26T11:30:13.436+0000] {processor.py:840} INFO - DAG(s) 'tutorial' retrieved from /home/airflow/.local/lib/python3.12/site-packages/airflow/example_dags/tutorial.py
[2024-05-26T11:30:13.456+0000] {logging_mixin.py:188} INFO - [2024-05-26T11:30:13.456+0000] {dag.py:3096} INFO - Sync 1 DAGs
[2024-05-26T11:30:13.478+0000] {logging_mixin.py:188} INFO - [2024-05-26T11:30:13.478+0000] {dag.py:3954} INFO - Setting next_dagrun for tutorial to 2024-05-25 00:00:00+00:00, run_after=2024-05-26 00:00:00+00:00
[2024-05-26T11:30:13.503+0000] {processor.py:183} INFO - Processing /home/airflow/.local/lib/python3.12/site-packages/airflow/example_dags/tutorial.py took 0.080 seconds
[2024-05-26T11:30:43.999+0000] {processor.py:161} INFO - Started process (PID=6480) to work on /home/airflow/.local/lib/python3.12/site-packages/airflow/example_dags/tutorial.py
[2024-05-26T11:30:44.000+0000] {processor.py:830} INFO - Processing file /home/airflow/.local/lib/python3.12/site-packages/airflow/example_dags/tutorial.py for tasks to queue
[2024-05-26T11:30:44.002+0000] {logging_mixin.py:188} INFO - [2024-05-26T11:30:44.002+0000] {dagbag.py:545} INFO - Filling up the DagBag from /home/airflow/.local/lib/python3.12/site-packages/airflow/example_dags/tutorial.py
[2024-05-26T11:30:44.008+0000] {processor.py:840} INFO - DAG(s) 'tutorial' retrieved from /home/airflow/.local/lib/python3.12/site-packages/airflow/example_dags/tutorial.py
[2024-05-26T11:30:44.150+0000] {logging_mixin.py:188} INFO - [2024-05-26T11:30:44.149+0000] {dag.py:3096} INFO - Sync 1 DAGs
[2024-05-26T11:30:44.166+0000] {logging_mixin.py:188} INFO - [2024-05-26T11:30:44.166+0000] {dag.py:3954} INFO - Setting next_dagrun for tutorial to 2024-05-25 00:00:00+00:00, run_after=2024-05-26 00:00:00+00:00
[2024-05-26T11:30:44.186+0000] {processor.py:183} INFO - Processing /home/airflow/.local/lib/python3.12/site-packages/airflow/example_dags/tutorial.py took 0.192 seconds
[2024-05-26T11:31:15.008+0000] {processor.py:161} INFO - Started process (PID=6748) to work on /home/airflow/.local/lib/python3.12/site-packages/airflow/example_dags/tutorial.py
[2024-05-26T11:31:15.009+0000] {processor.py:830} INFO - Processing file /home/airflow/.local/lib/python3.12/site-packages/airflow/example_dags/tutorial.py for tasks to queue
[2024-05-26T11:31:15.011+0000] {logging_mixin.py:188} INFO - [2024-05-26T11:31:15.011+0000] {dagbag.py:545} INFO - Filling up the DagBag from /home/airflow/.local/lib/python3.12/site-packages/airflow/example_dags/tutorial.py
[2024-05-26T11:31:15.016+0000] {processor.py:840} INFO - DAG(s) 'tutorial' retrieved from /home/airflow/.local/lib/python3.12/site-packages/airflow/example_dags/tutorial.py
[2024-05-26T11:31:15.033+0000] {logging_mixin.py:188} INFO - [2024-05-26T11:31:15.032+0000] {dag.py:3096} INFO - Sync 1 DAGs
[2024-05-26T11:31:15.059+0000] {logging_mixin.py:188} INFO - [2024-05-26T11:31:15.058+0000] {dag.py:3954} INFO - Setting next_dagrun for tutorial to 2024-05-25 00:00:00+00:00, run_after=2024-05-26 00:00:00+00:00
[2024-05-26T11:31:15.081+0000] {processor.py:183} INFO - Processing /home/airflow/.local/lib/python3.12/site-packages/airflow/example_dags/tutorial.py took 0.076 seconds
[2024-05-26T11:31:45.412+0000] {processor.py:161} INFO - Started process (PID=7018) to work on /home/airflow/.local/lib/python3.12/site-packages/airflow/example_dags/tutorial.py
[2024-05-26T11:31:45.413+0000] {processor.py:830} INFO - Processing file /home/airflow/.local/lib/python3.12/site-packages/airflow/example_dags/tutorial.py for tasks to queue
[2024-05-26T11:31:45.419+0000] {logging_mixin.py:188} INFO - [2024-05-26T11:31:45.418+0000] {dagbag.py:545} INFO - Filling up the DagBag from /home/airflow/.local/lib/python3.12/site-packages/airflow/example_dags/tutorial.py
[2024-05-26T11:31:45.429+0000] {processor.py:840} INFO - DAG(s) 'tutorial' retrieved from /home/airflow/.local/lib/python3.12/site-packages/airflow/example_dags/tutorial.py
[2024-05-26T11:31:45.473+0000] {logging_mixin.py:188} INFO - [2024-05-26T11:31:45.473+0000] {dag.py:3096} INFO - Sync 1 DAGs
[2024-05-26T11:31:45.516+0000] {logging_mixin.py:188} INFO - [2024-05-26T11:31:45.516+0000] {dag.py:3954} INFO - Setting next_dagrun for tutorial to 2024-05-25 00:00:00+00:00, run_after=2024-05-26 00:00:00+00:00
[2024-05-26T11:31:45.552+0000] {processor.py:183} INFO - Processing /home/airflow/.local/lib/python3.12/site-packages/airflow/example_dags/tutorial.py took 0.150 seconds
[2024-05-26T11:32:15.877+0000] {processor.py:161} INFO - Started process (PID=7286) to work on /home/airflow/.local/lib/python3.12/site-packages/airflow/example_dags/tutorial.py
[2024-05-26T11:32:15.879+0000] {processor.py:830} INFO - Processing file /home/airflow/.local/lib/python3.12/site-packages/airflow/example_dags/tutorial.py for tasks to queue
[2024-05-26T11:32:15.881+0000] {logging_mixin.py:188} INFO - [2024-05-26T11:32:15.881+0000] {dagbag.py:545} INFO - Filling up the DagBag from /home/airflow/.local/lib/python3.12/site-packages/airflow/example_dags/tutorial.py
[2024-05-26T11:32:15.888+0000] {processor.py:840} INFO - DAG(s) 'tutorial' retrieved from /home/airflow/.local/lib/python3.12/site-packages/airflow/example_dags/tutorial.py
[2024-05-26T11:32:15.908+0000] {logging_mixin.py:188} INFO - [2024-05-26T11:32:15.908+0000] {dag.py:3096} INFO - Sync 1 DAGs
[2024-05-26T11:32:15.935+0000] {logging_mixin.py:188} INFO - [2024-05-26T11:32:15.935+0000] {dag.py:3954} INFO - Setting next_dagrun for tutorial to 2024-05-25 00:00:00+00:00, run_after=2024-05-26 00:00:00+00:00
[2024-05-26T11:32:15.964+0000] {processor.py:183} INFO - Processing /home/airflow/.local/lib/python3.12/site-packages/airflow/example_dags/tutorial.py took 0.092 seconds
[2024-05-26T11:32:46.570+0000] {processor.py:161} INFO - Started process (PID=7552) to work on /home/airflow/.local/lib/python3.12/site-packages/airflow/example_dags/tutorial.py
[2024-05-26T11:32:46.572+0000] {processor.py:830} INFO - Processing file /home/airflow/.local/lib/python3.12/site-packages/airflow/example_dags/tutorial.py for tasks to queue
[2024-05-26T11:32:46.574+0000] {logging_mixin.py:188} INFO - [2024-05-26T11:32:46.573+0000] {dagbag.py:545} INFO - Filling up the DagBag from /home/airflow/.local/lib/python3.12/site-packages/airflow/example_dags/tutorial.py
[2024-05-26T11:32:46.579+0000] {processor.py:840} INFO - DAG(s) 'tutorial' retrieved from /home/airflow/.local/lib/python3.12/site-packages/airflow/example_dags/tutorial.py
[2024-05-26T11:32:46.599+0000] {logging_mixin.py:188} INFO - [2024-05-26T11:32:46.599+0000] {dag.py:3096} INFO - Sync 1 DAGs
[2024-05-26T11:32:46.620+0000] {logging_mixin.py:188} INFO - [2024-05-26T11:32:46.620+0000] {dag.py:3954} INFO - Setting next_dagrun for tutorial to 2024-05-25 00:00:00+00:00, run_after=2024-05-26 00:00:00+00:00
[2024-05-26T11:32:46.638+0000] {processor.py:183} INFO - Processing /home/airflow/.local/lib/python3.12/site-packages/airflow/example_dags/tutorial.py took 0.072 seconds
[2024-05-26T11:33:16.771+0000] {processor.py:161} INFO - Started process (PID=7820) to work on /home/airflow/.local/lib/python3.12/site-packages/airflow/example_dags/tutorial.py
[2024-05-26T11:33:16.773+0000] {processor.py:830} INFO - Processing file /home/airflow/.local/lib/python3.12/site-packages/airflow/example_dags/tutorial.py for tasks to queue
[2024-05-26T11:33:16.774+0000] {logging_mixin.py:188} INFO - [2024-05-26T11:33:16.774+0000] {dagbag.py:545} INFO - Filling up the DagBag from /home/airflow/.local/lib/python3.12/site-packages/airflow/example_dags/tutorial.py
[2024-05-26T11:33:16.780+0000] {processor.py:840} INFO - DAG(s) 'tutorial' retrieved from /home/airflow/.local/lib/python3.12/site-packages/airflow/example_dags/tutorial.py
[2024-05-26T11:33:16.798+0000] {logging_mixin.py:188} INFO - [2024-05-26T11:33:16.798+0000] {dag.py:3096} INFO - Sync 1 DAGs
[2024-05-26T11:33:16.824+0000] {logging_mixin.py:188} INFO - [2024-05-26T11:33:16.824+0000] {dag.py:3954} INFO - Setting next_dagrun for tutorial to 2024-05-25 00:00:00+00:00, run_after=2024-05-26 00:00:00+00:00
[2024-05-26T11:33:16.861+0000] {processor.py:183} INFO - Processing /home/airflow/.local/lib/python3.12/site-packages/airflow/example_dags/tutorial.py took 0.095 seconds
[2024-05-26T11:33:47.277+0000] {processor.py:161} INFO - Started process (PID=8088) to work on /home/airflow/.local/lib/python3.12/site-packages/airflow/example_dags/tutorial.py
[2024-05-26T11:33:47.279+0000] {processor.py:830} INFO - Processing file /home/airflow/.local/lib/python3.12/site-packages/airflow/example_dags/tutorial.py for tasks to queue
[2024-05-26T11:33:47.281+0000] {logging_mixin.py:188} INFO - [2024-05-26T11:33:47.281+0000] {dagbag.py:545} INFO - Filling up the DagBag from /home/airflow/.local/lib/python3.12/site-packages/airflow/example_dags/tutorial.py
[2024-05-26T11:33:47.288+0000] {processor.py:840} INFO - DAG(s) 'tutorial' retrieved from /home/airflow/.local/lib/python3.12/site-packages/airflow/example_dags/tutorial.py
[2024-05-26T11:33:47.323+0000] {logging_mixin.py:188} INFO - [2024-05-26T11:33:47.322+0000] {dag.py:3096} INFO - Sync 1 DAGs
[2024-05-26T11:33:47.360+0000] {logging_mixin.py:188} INFO - [2024-05-26T11:33:47.360+0000] {dag.py:3954} INFO - Setting next_dagrun for tutorial to 2024-05-25 00:00:00+00:00, run_after=2024-05-26 00:00:00+00:00
[2024-05-26T11:33:47.393+0000] {processor.py:183} INFO - Processing /home/airflow/.local/lib/python3.12/site-packages/airflow/example_dags/tutorial.py took 0.122 seconds
[2024-05-26T11:34:17.794+0000] {processor.py:161} INFO - Started process (PID=8358) to work on /home/airflow/.local/lib/python3.12/site-packages/airflow/example_dags/tutorial.py
[2024-05-26T11:34:17.796+0000] {processor.py:830} INFO - Processing file /home/airflow/.local/lib/python3.12/site-packages/airflow/example_dags/tutorial.py for tasks to queue
[2024-05-26T11:34:17.798+0000] {logging_mixin.py:188} INFO - [2024-05-26T11:34:17.797+0000] {dagbag.py:545} INFO - Filling up the DagBag from /home/airflow/.local/lib/python3.12/site-packages/airflow/example_dags/tutorial.py
[2024-05-26T11:34:17.804+0000] {processor.py:840} INFO - DAG(s) 'tutorial' retrieved from /home/airflow/.local/lib/python3.12/site-packages/airflow/example_dags/tutorial.py
[2024-05-26T11:34:17.828+0000] {logging_mixin.py:188} INFO - [2024-05-26T11:34:17.828+0000] {dag.py:3096} INFO - Sync 1 DAGs
[2024-05-26T11:34:17.856+0000] {logging_mixin.py:188} INFO - [2024-05-26T11:34:17.855+0000] {dag.py:3954} INFO - Setting next_dagrun for tutorial to 2024-05-25 00:00:00+00:00, run_after=2024-05-26 00:00:00+00:00
[2024-05-26T11:34:17.877+0000] {processor.py:183} INFO - Processing /home/airflow/.local/lib/python3.12/site-packages/airflow/example_dags/tutorial.py took 0.088 seconds
