[2024-05-26T11:18:57.789+0000] {processor.py:161} INFO - Started process (PID=341) to work on /home/airflow/.local/lib/python3.12/site-packages/airflow/example_dags/tutorial_dag.py
[2024-05-26T11:18:57.792+0000] {processor.py:830} INFO - Processing file /home/airflow/.local/lib/python3.12/site-packages/airflow/example_dags/tutorial_dag.py for tasks to queue
[2024-05-26T11:18:57.796+0000] {logging_mixin.py:188} INFO - [2024-05-26T11:18:57.795+0000] {dagbag.py:545} INFO - Filling up the DagBag from /home/airflow/.local/lib/python3.12/site-packages/airflow/example_dags/tutorial_dag.py
[2024-05-26T11:18:57.802+0000] {processor.py:840} INFO - DAG(s) 'tutorial_dag' retrieved from /home/airflow/.local/lib/python3.12/site-packages/airflow/example_dags/tutorial_dag.py
[2024-05-26T11:18:57.833+0000] {logging_mixin.py:188} INFO - [2024-05-26T11:18:57.832+0000] {dag.py:3096} INFO - Sync 1 DAGs
[2024-05-26T11:18:57.853+0000] {logging_mixin.py:188} INFO - [2024-05-26T11:18:57.853+0000] {dag.py:3954} INFO - Setting next_dagrun for tutorial_dag to None, run_after=None
[2024-05-26T11:18:57.885+0000] {processor.py:183} INFO - Processing /home/airflow/.local/lib/python3.12/site-packages/airflow/example_dags/tutorial_dag.py took 0.106 seconds
[2024-05-26T11:19:28.071+0000] {processor.py:161} INFO - Started process (PID=611) to work on /home/airflow/.local/lib/python3.12/site-packages/airflow/example_dags/tutorial_dag.py
[2024-05-26T11:19:28.073+0000] {processor.py:830} INFO - Processing file /home/airflow/.local/lib/python3.12/site-packages/airflow/example_dags/tutorial_dag.py for tasks to queue
[2024-05-26T11:19:28.075+0000] {logging_mixin.py:188} INFO - [2024-05-26T11:19:28.075+0000] {dagbag.py:545} INFO - Filling up the DagBag from /home/airflow/.local/lib/python3.12/site-packages/airflow/example_dags/tutorial_dag.py
[2024-05-26T11:19:28.081+0000] {processor.py:840} INFO - DAG(s) 'tutorial_dag' retrieved from /home/airflow/.local/lib/python3.12/site-packages/airflow/example_dags/tutorial_dag.py
[2024-05-26T11:19:28.102+0000] {logging_mixin.py:188} INFO - [2024-05-26T11:19:28.102+0000] {dag.py:3096} INFO - Sync 1 DAGs
[2024-05-26T11:19:28.118+0000] {logging_mixin.py:188} INFO - [2024-05-26T11:19:28.117+0000] {dag.py:3954} INFO - Setting next_dagrun for tutorial_dag to None, run_after=None
[2024-05-26T11:19:28.150+0000] {processor.py:183} INFO - Processing /home/airflow/.local/lib/python3.12/site-packages/airflow/example_dags/tutorial_dag.py took 0.085 seconds
[2024-05-26T11:19:59.110+0000] {processor.py:161} INFO - Started process (PID=879) to work on /home/airflow/.local/lib/python3.12/site-packages/airflow/example_dags/tutorial_dag.py
[2024-05-26T11:19:59.111+0000] {processor.py:830} INFO - Processing file /home/airflow/.local/lib/python3.12/site-packages/airflow/example_dags/tutorial_dag.py for tasks to queue
[2024-05-26T11:19:59.113+0000] {logging_mixin.py:188} INFO - [2024-05-26T11:19:59.113+0000] {dagbag.py:545} INFO - Filling up the DagBag from /home/airflow/.local/lib/python3.12/site-packages/airflow/example_dags/tutorial_dag.py
[2024-05-26T11:19:59.117+0000] {processor.py:840} INFO - DAG(s) 'tutorial_dag' retrieved from /home/airflow/.local/lib/python3.12/site-packages/airflow/example_dags/tutorial_dag.py
[2024-05-26T11:19:59.130+0000] {logging_mixin.py:188} INFO - [2024-05-26T11:19:59.130+0000] {dag.py:3096} INFO - Sync 1 DAGs
[2024-05-26T11:19:59.144+0000] {logging_mixin.py:188} INFO - [2024-05-26T11:19:59.144+0000] {dag.py:3954} INFO - Setting next_dagrun for tutorial_dag to None, run_after=None
[2024-05-26T11:19:59.160+0000] {processor.py:183} INFO - Processing /home/airflow/.local/lib/python3.12/site-packages/airflow/example_dags/tutorial_dag.py took 0.055 seconds
[2024-05-26T11:20:30.355+0000] {processor.py:161} INFO - Started process (PID=1145) to work on /home/airflow/.local/lib/python3.12/site-packages/airflow/example_dags/tutorial_dag.py
[2024-05-26T11:20:30.356+0000] {processor.py:830} INFO - Processing file /home/airflow/.local/lib/python3.12/site-packages/airflow/example_dags/tutorial_dag.py for tasks to queue
[2024-05-26T11:20:30.359+0000] {logging_mixin.py:188} INFO - [2024-05-26T11:20:30.358+0000] {dagbag.py:545} INFO - Filling up the DagBag from /home/airflow/.local/lib/python3.12/site-packages/airflow/example_dags/tutorial_dag.py
[2024-05-26T11:20:30.367+0000] {processor.py:840} INFO - DAG(s) 'tutorial_dag' retrieved from /home/airflow/.local/lib/python3.12/site-packages/airflow/example_dags/tutorial_dag.py
[2024-05-26T11:20:30.494+0000] {logging_mixin.py:188} INFO - [2024-05-26T11:20:30.494+0000] {dag.py:3096} INFO - Sync 1 DAGs
[2024-05-26T11:20:30.503+0000] {logging_mixin.py:188} INFO - [2024-05-26T11:20:30.503+0000] {dag.py:3954} INFO - Setting next_dagrun for tutorial_dag to None, run_after=None
[2024-05-26T11:20:30.521+0000] {processor.py:183} INFO - Processing /home/airflow/.local/lib/python3.12/site-packages/airflow/example_dags/tutorial_dag.py took 0.173 seconds
[2024-05-26T11:21:01.597+0000] {processor.py:161} INFO - Started process (PID=1413) to work on /home/airflow/.local/lib/python3.12/site-packages/airflow/example_dags/tutorial_dag.py
[2024-05-26T11:21:01.598+0000] {processor.py:830} INFO - Processing file /home/airflow/.local/lib/python3.12/site-packages/airflow/example_dags/tutorial_dag.py for tasks to queue
[2024-05-26T11:21:01.601+0000] {logging_mixin.py:188} INFO - [2024-05-26T11:21:01.601+0000] {dagbag.py:545} INFO - Filling up the DagBag from /home/airflow/.local/lib/python3.12/site-packages/airflow/example_dags/tutorial_dag.py
[2024-05-26T11:21:01.608+0000] {processor.py:840} INFO - DAG(s) 'tutorial_dag' retrieved from /home/airflow/.local/lib/python3.12/site-packages/airflow/example_dags/tutorial_dag.py
[2024-05-26T11:21:01.631+0000] {logging_mixin.py:188} INFO - [2024-05-26T11:21:01.630+0000] {dag.py:3096} INFO - Sync 1 DAGs
[2024-05-26T11:21:01.650+0000] {logging_mixin.py:188} INFO - [2024-05-26T11:21:01.649+0000] {dag.py:3954} INFO - Setting next_dagrun for tutorial_dag to None, run_after=None
[2024-05-26T11:21:01.678+0000] {processor.py:183} INFO - Processing /home/airflow/.local/lib/python3.12/site-packages/airflow/example_dags/tutorial_dag.py took 0.089 seconds
[2024-05-26T11:21:32.607+0000] {processor.py:161} INFO - Started process (PID=1681) to work on /home/airflow/.local/lib/python3.12/site-packages/airflow/example_dags/tutorial_dag.py
[2024-05-26T11:21:32.608+0000] {processor.py:830} INFO - Processing file /home/airflow/.local/lib/python3.12/site-packages/airflow/example_dags/tutorial_dag.py for tasks to queue
[2024-05-26T11:21:32.610+0000] {logging_mixin.py:188} INFO - [2024-05-26T11:21:32.610+0000] {dagbag.py:545} INFO - Filling up the DagBag from /home/airflow/.local/lib/python3.12/site-packages/airflow/example_dags/tutorial_dag.py
[2024-05-26T11:21:32.616+0000] {processor.py:840} INFO - DAG(s) 'tutorial_dag' retrieved from /home/airflow/.local/lib/python3.12/site-packages/airflow/example_dags/tutorial_dag.py
[2024-05-26T11:21:32.634+0000] {logging_mixin.py:188} INFO - [2024-05-26T11:21:32.634+0000] {dag.py:3096} INFO - Sync 1 DAGs
[2024-05-26T11:21:32.656+0000] {logging_mixin.py:188} INFO - [2024-05-26T11:21:32.656+0000] {dag.py:3954} INFO - Setting next_dagrun for tutorial_dag to None, run_after=None
[2024-05-26T11:21:32.677+0000] {processor.py:183} INFO - Processing /home/airflow/.local/lib/python3.12/site-packages/airflow/example_dags/tutorial_dag.py took 0.074 seconds
[2024-05-26T11:22:02.863+0000] {processor.py:161} INFO - Started process (PID=1951) to work on /home/airflow/.local/lib/python3.12/site-packages/airflow/example_dags/tutorial_dag.py
[2024-05-26T11:22:02.864+0000] {processor.py:830} INFO - Processing file /home/airflow/.local/lib/python3.12/site-packages/airflow/example_dags/tutorial_dag.py for tasks to queue
[2024-05-26T11:22:02.867+0000] {logging_mixin.py:188} INFO - [2024-05-26T11:22:02.866+0000] {dagbag.py:545} INFO - Filling up the DagBag from /home/airflow/.local/lib/python3.12/site-packages/airflow/example_dags/tutorial_dag.py
[2024-05-26T11:22:02.872+0000] {processor.py:840} INFO - DAG(s) 'tutorial_dag' retrieved from /home/airflow/.local/lib/python3.12/site-packages/airflow/example_dags/tutorial_dag.py
[2024-05-26T11:22:02.895+0000] {logging_mixin.py:188} INFO - [2024-05-26T11:22:02.894+0000] {dag.py:3096} INFO - Sync 1 DAGs
[2024-05-26T11:22:02.909+0000] {logging_mixin.py:188} INFO - [2024-05-26T11:22:02.909+0000] {dag.py:3954} INFO - Setting next_dagrun for tutorial_dag to None, run_after=None
[2024-05-26T11:22:02.933+0000] {processor.py:183} INFO - Processing /home/airflow/.local/lib/python3.12/site-packages/airflow/example_dags/tutorial_dag.py took 0.075 seconds
[2024-05-26T11:22:33.908+0000] {processor.py:161} INFO - Started process (PID=2225) to work on /home/airflow/.local/lib/python3.12/site-packages/airflow/example_dags/tutorial_dag.py
[2024-05-26T11:22:33.910+0000] {processor.py:830} INFO - Processing file /home/airflow/.local/lib/python3.12/site-packages/airflow/example_dags/tutorial_dag.py for tasks to queue
[2024-05-26T11:22:33.913+0000] {logging_mixin.py:188} INFO - [2024-05-26T11:22:33.913+0000] {dagbag.py:545} INFO - Filling up the DagBag from /home/airflow/.local/lib/python3.12/site-packages/airflow/example_dags/tutorial_dag.py
[2024-05-26T11:22:33.919+0000] {processor.py:840} INFO - DAG(s) 'tutorial_dag' retrieved from /home/airflow/.local/lib/python3.12/site-packages/airflow/example_dags/tutorial_dag.py
[2024-05-26T11:22:33.949+0000] {logging_mixin.py:188} INFO - [2024-05-26T11:22:33.949+0000] {dag.py:3096} INFO - Sync 1 DAGs
[2024-05-26T11:22:33.969+0000] {logging_mixin.py:188} INFO - [2024-05-26T11:22:33.969+0000] {dag.py:3954} INFO - Setting next_dagrun for tutorial_dag to None, run_after=None
[2024-05-26T11:22:34.008+0000] {processor.py:183} INFO - Processing /home/airflow/.local/lib/python3.12/site-packages/airflow/example_dags/tutorial_dag.py took 0.106 seconds
[2024-05-26T11:23:04.561+0000] {processor.py:161} INFO - Started process (PID=2493) to work on /home/airflow/.local/lib/python3.12/site-packages/airflow/example_dags/tutorial_dag.py
[2024-05-26T11:23:04.562+0000] {processor.py:830} INFO - Processing file /home/airflow/.local/lib/python3.12/site-packages/airflow/example_dags/tutorial_dag.py for tasks to queue
[2024-05-26T11:23:04.566+0000] {logging_mixin.py:188} INFO - [2024-05-26T11:23:04.565+0000] {dagbag.py:545} INFO - Filling up the DagBag from /home/airflow/.local/lib/python3.12/site-packages/airflow/example_dags/tutorial_dag.py
[2024-05-26T11:23:04.574+0000] {processor.py:840} INFO - DAG(s) 'tutorial_dag' retrieved from /home/airflow/.local/lib/python3.12/site-packages/airflow/example_dags/tutorial_dag.py
[2024-05-26T11:23:04.596+0000] {logging_mixin.py:188} INFO - [2024-05-26T11:23:04.596+0000] {dag.py:3096} INFO - Sync 1 DAGs
[2024-05-26T11:23:04.607+0000] {logging_mixin.py:188} INFO - [2024-05-26T11:23:04.607+0000] {dag.py:3954} INFO - Setting next_dagrun for tutorial_dag to None, run_after=None
[2024-05-26T11:23:04.625+0000] {processor.py:183} INFO - Processing /home/airflow/.local/lib/python3.12/site-packages/airflow/example_dags/tutorial_dag.py took 0.069 seconds
[2024-05-26T11:23:34.822+0000] {processor.py:161} INFO - Started process (PID=2761) to work on /home/airflow/.local/lib/python3.12/site-packages/airflow/example_dags/tutorial_dag.py
[2024-05-26T11:23:34.823+0000] {processor.py:830} INFO - Processing file /home/airflow/.local/lib/python3.12/site-packages/airflow/example_dags/tutorial_dag.py for tasks to queue
[2024-05-26T11:23:34.825+0000] {logging_mixin.py:188} INFO - [2024-05-26T11:23:34.824+0000] {dagbag.py:545} INFO - Filling up the DagBag from /home/airflow/.local/lib/python3.12/site-packages/airflow/example_dags/tutorial_dag.py
[2024-05-26T11:23:34.830+0000] {processor.py:840} INFO - DAG(s) 'tutorial_dag' retrieved from /home/airflow/.local/lib/python3.12/site-packages/airflow/example_dags/tutorial_dag.py
[2024-05-26T11:23:34.849+0000] {logging_mixin.py:188} INFO - [2024-05-26T11:23:34.849+0000] {dag.py:3096} INFO - Sync 1 DAGs
[2024-05-26T11:23:34.861+0000] {logging_mixin.py:188} INFO - [2024-05-26T11:23:34.861+0000] {dag.py:3954} INFO - Setting next_dagrun for tutorial_dag to None, run_after=None
[2024-05-26T11:23:34.880+0000] {processor.py:183} INFO - Processing /home/airflow/.local/lib/python3.12/site-packages/airflow/example_dags/tutorial_dag.py took 0.063 seconds
[2024-05-26T11:24:05.040+0000] {processor.py:161} INFO - Started process (PID=3029) to work on /home/airflow/.local/lib/python3.12/site-packages/airflow/example_dags/tutorial_dag.py
[2024-05-26T11:24:05.042+0000] {processor.py:830} INFO - Processing file /home/airflow/.local/lib/python3.12/site-packages/airflow/example_dags/tutorial_dag.py for tasks to queue
[2024-05-26T11:24:05.045+0000] {logging_mixin.py:188} INFO - [2024-05-26T11:24:05.045+0000] {dagbag.py:545} INFO - Filling up the DagBag from /home/airflow/.local/lib/python3.12/site-packages/airflow/example_dags/tutorial_dag.py
[2024-05-26T11:24:05.051+0000] {processor.py:840} INFO - DAG(s) 'tutorial_dag' retrieved from /home/airflow/.local/lib/python3.12/site-packages/airflow/example_dags/tutorial_dag.py
[2024-05-26T11:24:05.075+0000] {logging_mixin.py:188} INFO - [2024-05-26T11:24:05.075+0000] {dag.py:3096} INFO - Sync 1 DAGs
[2024-05-26T11:24:05.090+0000] {logging_mixin.py:188} INFO - [2024-05-26T11:24:05.089+0000] {dag.py:3954} INFO - Setting next_dagrun for tutorial_dag to None, run_after=None
[2024-05-26T11:24:05.116+0000] {processor.py:183} INFO - Processing /home/airflow/.local/lib/python3.12/site-packages/airflow/example_dags/tutorial_dag.py took 0.081 seconds
[2024-05-26T11:24:36.312+0000] {processor.py:161} INFO - Started process (PID=3295) to work on /home/airflow/.local/lib/python3.12/site-packages/airflow/example_dags/tutorial_dag.py
[2024-05-26T11:24:36.313+0000] {processor.py:830} INFO - Processing file /home/airflow/.local/lib/python3.12/site-packages/airflow/example_dags/tutorial_dag.py for tasks to queue
[2024-05-26T11:24:36.315+0000] {logging_mixin.py:188} INFO - [2024-05-26T11:24:36.314+0000] {dagbag.py:545} INFO - Filling up the DagBag from /home/airflow/.local/lib/python3.12/site-packages/airflow/example_dags/tutorial_dag.py
[2024-05-26T11:24:36.319+0000] {processor.py:840} INFO - DAG(s) 'tutorial_dag' retrieved from /home/airflow/.local/lib/python3.12/site-packages/airflow/example_dags/tutorial_dag.py
[2024-05-26T11:24:36.336+0000] {logging_mixin.py:188} INFO - [2024-05-26T11:24:36.336+0000] {dag.py:3096} INFO - Sync 1 DAGs
[2024-05-26T11:24:36.350+0000] {logging_mixin.py:188} INFO - [2024-05-26T11:24:36.349+0000] {dag.py:3954} INFO - Setting next_dagrun for tutorial_dag to None, run_after=None
[2024-05-26T11:24:36.371+0000] {processor.py:183} INFO - Processing /home/airflow/.local/lib/python3.12/site-packages/airflow/example_dags/tutorial_dag.py took 0.063 seconds
[2024-05-26T11:25:07.073+0000] {processor.py:161} INFO - Started process (PID=3565) to work on /home/airflow/.local/lib/python3.12/site-packages/airflow/example_dags/tutorial_dag.py
[2024-05-26T11:25:07.074+0000] {processor.py:830} INFO - Processing file /home/airflow/.local/lib/python3.12/site-packages/airflow/example_dags/tutorial_dag.py for tasks to queue
[2024-05-26T11:25:07.076+0000] {logging_mixin.py:188} INFO - [2024-05-26T11:25:07.076+0000] {dagbag.py:545} INFO - Filling up the DagBag from /home/airflow/.local/lib/python3.12/site-packages/airflow/example_dags/tutorial_dag.py
[2024-05-26T11:25:07.081+0000] {processor.py:840} INFO - DAG(s) 'tutorial_dag' retrieved from /home/airflow/.local/lib/python3.12/site-packages/airflow/example_dags/tutorial_dag.py
[2024-05-26T11:25:07.101+0000] {logging_mixin.py:188} INFO - [2024-05-26T11:25:07.101+0000] {dag.py:3096} INFO - Sync 1 DAGs
[2024-05-26T11:25:07.115+0000] {logging_mixin.py:188} INFO - [2024-05-26T11:25:07.115+0000] {dag.py:3954} INFO - Setting next_dagrun for tutorial_dag to None, run_after=None
[2024-05-26T11:25:07.137+0000] {processor.py:183} INFO - Processing /home/airflow/.local/lib/python3.12/site-packages/airflow/example_dags/tutorial_dag.py took 0.068 seconds
[2024-05-26T11:25:37.300+0000] {processor.py:161} INFO - Started process (PID=3831) to work on /home/airflow/.local/lib/python3.12/site-packages/airflow/example_dags/tutorial_dag.py
[2024-05-26T11:25:37.301+0000] {processor.py:830} INFO - Processing file /home/airflow/.local/lib/python3.12/site-packages/airflow/example_dags/tutorial_dag.py for tasks to queue
[2024-05-26T11:25:37.303+0000] {logging_mixin.py:188} INFO - [2024-05-26T11:25:37.303+0000] {dagbag.py:545} INFO - Filling up the DagBag from /home/airflow/.local/lib/python3.12/site-packages/airflow/example_dags/tutorial_dag.py
[2024-05-26T11:25:37.309+0000] {processor.py:840} INFO - DAG(s) 'tutorial_dag' retrieved from /home/airflow/.local/lib/python3.12/site-packages/airflow/example_dags/tutorial_dag.py
[2024-05-26T11:25:37.327+0000] {logging_mixin.py:188} INFO - [2024-05-26T11:25:37.327+0000] {dag.py:3096} INFO - Sync 1 DAGs
[2024-05-26T11:25:37.348+0000] {logging_mixin.py:188} INFO - [2024-05-26T11:25:37.347+0000] {dag.py:3954} INFO - Setting next_dagrun for tutorial_dag to None, run_after=None
[2024-05-26T11:25:37.373+0000] {processor.py:183} INFO - Processing /home/airflow/.local/lib/python3.12/site-packages/airflow/example_dags/tutorial_dag.py took 0.079 seconds
[2024-05-26T11:26:08.747+0000] {processor.py:161} INFO - Started process (PID=4101) to work on /home/airflow/.local/lib/python3.12/site-packages/airflow/example_dags/tutorial_dag.py
[2024-05-26T11:26:08.748+0000] {processor.py:830} INFO - Processing file /home/airflow/.local/lib/python3.12/site-packages/airflow/example_dags/tutorial_dag.py for tasks to queue
[2024-05-26T11:26:08.750+0000] {logging_mixin.py:188} INFO - [2024-05-26T11:26:08.750+0000] {dagbag.py:545} INFO - Filling up the DagBag from /home/airflow/.local/lib/python3.12/site-packages/airflow/example_dags/tutorial_dag.py
[2024-05-26T11:26:08.755+0000] {processor.py:840} INFO - DAG(s) 'tutorial_dag' retrieved from /home/airflow/.local/lib/python3.12/site-packages/airflow/example_dags/tutorial_dag.py
[2024-05-26T11:26:08.773+0000] {logging_mixin.py:188} INFO - [2024-05-26T11:26:08.773+0000] {dag.py:3096} INFO - Sync 1 DAGs
[2024-05-26T11:26:08.785+0000] {logging_mixin.py:188} INFO - [2024-05-26T11:26:08.785+0000] {dag.py:3954} INFO - Setting next_dagrun for tutorial_dag to None, run_after=None
[2024-05-26T11:26:08.806+0000] {processor.py:183} INFO - Processing /home/airflow/.local/lib/python3.12/site-packages/airflow/example_dags/tutorial_dag.py took 0.064 seconds
[2024-05-26T11:26:39.844+0000] {processor.py:161} INFO - Started process (PID=4367) to work on /home/airflow/.local/lib/python3.12/site-packages/airflow/example_dags/tutorial_dag.py
[2024-05-26T11:26:39.845+0000] {processor.py:830} INFO - Processing file /home/airflow/.local/lib/python3.12/site-packages/airflow/example_dags/tutorial_dag.py for tasks to queue
[2024-05-26T11:26:39.849+0000] {logging_mixin.py:188} INFO - [2024-05-26T11:26:39.848+0000] {dagbag.py:545} INFO - Filling up the DagBag from /home/airflow/.local/lib/python3.12/site-packages/airflow/example_dags/tutorial_dag.py
[2024-05-26T11:26:39.858+0000] {processor.py:840} INFO - DAG(s) 'tutorial_dag' retrieved from /home/airflow/.local/lib/python3.12/site-packages/airflow/example_dags/tutorial_dag.py
[2024-05-26T11:26:39.890+0000] {logging_mixin.py:188} INFO - [2024-05-26T11:26:39.889+0000] {dag.py:3096} INFO - Sync 1 DAGs
[2024-05-26T11:26:39.911+0000] {logging_mixin.py:188} INFO - [2024-05-26T11:26:39.910+0000] {dag.py:3954} INFO - Setting next_dagrun for tutorial_dag to None, run_after=None
[2024-05-26T11:26:39.941+0000] {processor.py:183} INFO - Processing /home/airflow/.local/lib/python3.12/site-packages/airflow/example_dags/tutorial_dag.py took 0.106 seconds
[2024-05-26T11:27:10.982+0000] {processor.py:161} INFO - Started process (PID=4635) to work on /home/airflow/.local/lib/python3.12/site-packages/airflow/example_dags/tutorial_dag.py
[2024-05-26T11:27:10.984+0000] {processor.py:830} INFO - Processing file /home/airflow/.local/lib/python3.12/site-packages/airflow/example_dags/tutorial_dag.py for tasks to queue
[2024-05-26T11:27:10.987+0000] {logging_mixin.py:188} INFO - [2024-05-26T11:27:10.987+0000] {dagbag.py:545} INFO - Filling up the DagBag from /home/airflow/.local/lib/python3.12/site-packages/airflow/example_dags/tutorial_dag.py
[2024-05-26T11:27:10.995+0000] {processor.py:840} INFO - DAG(s) 'tutorial_dag' retrieved from /home/airflow/.local/lib/python3.12/site-packages/airflow/example_dags/tutorial_dag.py
[2024-05-26T11:27:11.026+0000] {logging_mixin.py:188} INFO - [2024-05-26T11:27:11.025+0000] {dag.py:3096} INFO - Sync 1 DAGs
[2024-05-26T11:27:11.044+0000] {logging_mixin.py:188} INFO - [2024-05-26T11:27:11.044+0000] {dag.py:3954} INFO - Setting next_dagrun for tutorial_dag to None, run_after=None
[2024-05-26T11:27:11.074+0000] {processor.py:183} INFO - Processing /home/airflow/.local/lib/python3.12/site-packages/airflow/example_dags/tutorial_dag.py took 0.102 seconds
[2024-05-26T11:27:41.893+0000] {processor.py:161} INFO - Started process (PID=4905) to work on /home/airflow/.local/lib/python3.12/site-packages/airflow/example_dags/tutorial_dag.py
[2024-05-26T11:27:41.894+0000] {processor.py:830} INFO - Processing file /home/airflow/.local/lib/python3.12/site-packages/airflow/example_dags/tutorial_dag.py for tasks to queue
[2024-05-26T11:27:41.896+0000] {logging_mixin.py:188} INFO - [2024-05-26T11:27:41.896+0000] {dagbag.py:545} INFO - Filling up the DagBag from /home/airflow/.local/lib/python3.12/site-packages/airflow/example_dags/tutorial_dag.py
[2024-05-26T11:27:41.903+0000] {processor.py:840} INFO - DAG(s) 'tutorial_dag' retrieved from /home/airflow/.local/lib/python3.12/site-packages/airflow/example_dags/tutorial_dag.py
[2024-05-26T11:27:41.927+0000] {logging_mixin.py:188} INFO - [2024-05-26T11:27:41.927+0000] {dag.py:3096} INFO - Sync 1 DAGs
[2024-05-26T11:27:41.942+0000] {logging_mixin.py:188} INFO - [2024-05-26T11:27:41.942+0000] {dag.py:3954} INFO - Setting next_dagrun for tutorial_dag to None, run_after=None
[2024-05-26T11:27:41.967+0000] {processor.py:183} INFO - Processing /home/airflow/.local/lib/python3.12/site-packages/airflow/example_dags/tutorial_dag.py took 0.081 seconds
[2024-05-26T11:28:13.064+0000] {processor.py:161} INFO - Started process (PID=5173) to work on /home/airflow/.local/lib/python3.12/site-packages/airflow/example_dags/tutorial_dag.py
[2024-05-26T11:28:13.065+0000] {processor.py:830} INFO - Processing file /home/airflow/.local/lib/python3.12/site-packages/airflow/example_dags/tutorial_dag.py for tasks to queue
[2024-05-26T11:28:13.068+0000] {logging_mixin.py:188} INFO - [2024-05-26T11:28:13.067+0000] {dagbag.py:545} INFO - Filling up the DagBag from /home/airflow/.local/lib/python3.12/site-packages/airflow/example_dags/tutorial_dag.py
[2024-05-26T11:28:13.073+0000] {processor.py:840} INFO - DAG(s) 'tutorial_dag' retrieved from /home/airflow/.local/lib/python3.12/site-packages/airflow/example_dags/tutorial_dag.py
[2024-05-26T11:28:13.098+0000] {logging_mixin.py:188} INFO - [2024-05-26T11:28:13.098+0000] {dag.py:3096} INFO - Sync 1 DAGs
[2024-05-26T11:28:13.114+0000] {logging_mixin.py:188} INFO - [2024-05-26T11:28:13.114+0000] {dag.py:3954} INFO - Setting next_dagrun for tutorial_dag to None, run_after=None
[2024-05-26T11:28:13.139+0000] {processor.py:183} INFO - Processing /home/airflow/.local/lib/python3.12/site-packages/airflow/example_dags/tutorial_dag.py took 0.080 seconds
[2024-05-26T11:28:43.373+0000] {processor.py:161} INFO - Started process (PID=5439) to work on /home/airflow/.local/lib/python3.12/site-packages/airflow/example_dags/tutorial_dag.py
[2024-05-26T11:28:43.375+0000] {processor.py:830} INFO - Processing file /home/airflow/.local/lib/python3.12/site-packages/airflow/example_dags/tutorial_dag.py for tasks to queue
[2024-05-26T11:28:43.378+0000] {logging_mixin.py:188} INFO - [2024-05-26T11:28:43.377+0000] {dagbag.py:545} INFO - Filling up the DagBag from /home/airflow/.local/lib/python3.12/site-packages/airflow/example_dags/tutorial_dag.py
[2024-05-26T11:28:43.385+0000] {processor.py:840} INFO - DAG(s) 'tutorial_dag' retrieved from /home/airflow/.local/lib/python3.12/site-packages/airflow/example_dags/tutorial_dag.py
[2024-05-26T11:28:43.406+0000] {logging_mixin.py:188} INFO - [2024-05-26T11:28:43.406+0000] {dag.py:3096} INFO - Sync 1 DAGs
[2024-05-26T11:28:43.422+0000] {logging_mixin.py:188} INFO - [2024-05-26T11:28:43.422+0000] {dag.py:3954} INFO - Setting next_dagrun for tutorial_dag to None, run_after=None
[2024-05-26T11:28:43.444+0000] {processor.py:183} INFO - Processing /home/airflow/.local/lib/python3.12/site-packages/airflow/example_dags/tutorial_dag.py took 0.077 seconds
[2024-05-26T11:29:14.638+0000] {processor.py:161} INFO - Started process (PID=5709) to work on /home/airflow/.local/lib/python3.12/site-packages/airflow/example_dags/tutorial_dag.py
[2024-05-26T11:29:14.639+0000] {processor.py:830} INFO - Processing file /home/airflow/.local/lib/python3.12/site-packages/airflow/example_dags/tutorial_dag.py for tasks to queue
[2024-05-26T11:29:14.641+0000] {logging_mixin.py:188} INFO - [2024-05-26T11:29:14.641+0000] {dagbag.py:545} INFO - Filling up the DagBag from /home/airflow/.local/lib/python3.12/site-packages/airflow/example_dags/tutorial_dag.py
[2024-05-26T11:29:14.648+0000] {processor.py:840} INFO - DAG(s) 'tutorial_dag' retrieved from /home/airflow/.local/lib/python3.12/site-packages/airflow/example_dags/tutorial_dag.py
[2024-05-26T11:29:14.670+0000] {logging_mixin.py:188} INFO - [2024-05-26T11:29:14.670+0000] {dag.py:3096} INFO - Sync 1 DAGs
[2024-05-26T11:29:14.684+0000] {logging_mixin.py:188} INFO - [2024-05-26T11:29:14.684+0000] {dag.py:3954} INFO - Setting next_dagrun for tutorial_dag to None, run_after=None
[2024-05-26T11:29:14.707+0000] {processor.py:183} INFO - Processing /home/airflow/.local/lib/python3.12/site-packages/airflow/example_dags/tutorial_dag.py took 0.075 seconds
[2024-05-26T11:29:45.213+0000] {processor.py:161} INFO - Started process (PID=5977) to work on /home/airflow/.local/lib/python3.12/site-packages/airflow/example_dags/tutorial_dag.py
[2024-05-26T11:29:45.215+0000] {processor.py:830} INFO - Processing file /home/airflow/.local/lib/python3.12/site-packages/airflow/example_dags/tutorial_dag.py for tasks to queue
[2024-05-26T11:29:45.218+0000] {logging_mixin.py:188} INFO - [2024-05-26T11:29:45.218+0000] {dagbag.py:545} INFO - Filling up the DagBag from /home/airflow/.local/lib/python3.12/site-packages/airflow/example_dags/tutorial_dag.py
[2024-05-26T11:29:45.225+0000] {processor.py:840} INFO - DAG(s) 'tutorial_dag' retrieved from /home/airflow/.local/lib/python3.12/site-packages/airflow/example_dags/tutorial_dag.py
[2024-05-26T11:29:45.252+0000] {logging_mixin.py:188} INFO - [2024-05-26T11:29:45.252+0000] {dag.py:3096} INFO - Sync 1 DAGs
[2024-05-26T11:29:45.270+0000] {logging_mixin.py:188} INFO - [2024-05-26T11:29:45.270+0000] {dag.py:3954} INFO - Setting next_dagrun for tutorial_dag to None, run_after=None
[2024-05-26T11:29:45.299+0000] {processor.py:183} INFO - Processing /home/airflow/.local/lib/python3.12/site-packages/airflow/example_dags/tutorial_dag.py took 0.093 seconds
[2024-05-26T11:30:15.995+0000] {processor.py:161} INFO - Started process (PID=6243) to work on /home/airflow/.local/lib/python3.12/site-packages/airflow/example_dags/tutorial_dag.py
[2024-05-26T11:30:15.996+0000] {processor.py:830} INFO - Processing file /home/airflow/.local/lib/python3.12/site-packages/airflow/example_dags/tutorial_dag.py for tasks to queue
[2024-05-26T11:30:15.999+0000] {logging_mixin.py:188} INFO - [2024-05-26T11:30:15.998+0000] {dagbag.py:545} INFO - Filling up the DagBag from /home/airflow/.local/lib/python3.12/site-packages/airflow/example_dags/tutorial_dag.py
[2024-05-26T11:30:16.005+0000] {processor.py:840} INFO - DAG(s) 'tutorial_dag' retrieved from /home/airflow/.local/lib/python3.12/site-packages/airflow/example_dags/tutorial_dag.py
[2024-05-26T11:30:16.030+0000] {logging_mixin.py:188} INFO - [2024-05-26T11:30:16.029+0000] {dag.py:3096} INFO - Sync 1 DAGs
[2024-05-26T11:30:16.044+0000] {logging_mixin.py:188} INFO - [2024-05-26T11:30:16.044+0000] {dag.py:3954} INFO - Setting next_dagrun for tutorial_dag to None, run_after=None
[2024-05-26T11:30:16.068+0000] {processor.py:183} INFO - Processing /home/airflow/.local/lib/python3.12/site-packages/airflow/example_dags/tutorial_dag.py took 0.080 seconds
[2024-05-26T11:30:46.977+0000] {processor.py:161} INFO - Started process (PID=6513) to work on /home/airflow/.local/lib/python3.12/site-packages/airflow/example_dags/tutorial_dag.py
[2024-05-26T11:30:46.979+0000] {processor.py:830} INFO - Processing file /home/airflow/.local/lib/python3.12/site-packages/airflow/example_dags/tutorial_dag.py for tasks to queue
[2024-05-26T11:30:46.981+0000] {logging_mixin.py:188} INFO - [2024-05-26T11:30:46.980+0000] {dagbag.py:545} INFO - Filling up the DagBag from /home/airflow/.local/lib/python3.12/site-packages/airflow/example_dags/tutorial_dag.py
[2024-05-26T11:30:46.986+0000] {processor.py:840} INFO - DAG(s) 'tutorial_dag' retrieved from /home/airflow/.local/lib/python3.12/site-packages/airflow/example_dags/tutorial_dag.py
[2024-05-26T11:30:47.123+0000] {logging_mixin.py:188} INFO - [2024-05-26T11:30:47.123+0000] {dag.py:3096} INFO - Sync 1 DAGs
[2024-05-26T11:30:47.133+0000] {logging_mixin.py:188} INFO - [2024-05-26T11:30:47.133+0000] {dag.py:3954} INFO - Setting next_dagrun for tutorial_dag to None, run_after=None
[2024-05-26T11:30:47.154+0000] {processor.py:183} INFO - Processing /home/airflow/.local/lib/python3.12/site-packages/airflow/example_dags/tutorial_dag.py took 0.181 seconds
[2024-05-26T11:31:17.498+0000] {processor.py:161} INFO - Started process (PID=6779) to work on /home/airflow/.local/lib/python3.12/site-packages/airflow/example_dags/tutorial_dag.py
[2024-05-26T11:31:17.500+0000] {processor.py:830} INFO - Processing file /home/airflow/.local/lib/python3.12/site-packages/airflow/example_dags/tutorial_dag.py for tasks to queue
[2024-05-26T11:31:17.502+0000] {logging_mixin.py:188} INFO - [2024-05-26T11:31:17.501+0000] {dagbag.py:545} INFO - Filling up the DagBag from /home/airflow/.local/lib/python3.12/site-packages/airflow/example_dags/tutorial_dag.py
[2024-05-26T11:31:17.507+0000] {processor.py:840} INFO - DAG(s) 'tutorial_dag' retrieved from /home/airflow/.local/lib/python3.12/site-packages/airflow/example_dags/tutorial_dag.py
[2024-05-26T11:31:17.525+0000] {logging_mixin.py:188} INFO - [2024-05-26T11:31:17.525+0000] {dag.py:3096} INFO - Sync 1 DAGs
[2024-05-26T11:31:17.546+0000] {logging_mixin.py:188} INFO - [2024-05-26T11:31:17.546+0000] {dag.py:3954} INFO - Setting next_dagrun for tutorial_dag to None, run_after=None
[2024-05-26T11:31:17.571+0000] {processor.py:183} INFO - Processing /home/airflow/.local/lib/python3.12/site-packages/airflow/example_dags/tutorial_dag.py took 0.078 seconds
[2024-05-26T11:31:48.226+0000] {processor.py:161} INFO - Started process (PID=7047) to work on /home/airflow/.local/lib/python3.12/site-packages/airflow/example_dags/tutorial_dag.py
[2024-05-26T11:31:48.227+0000] {processor.py:830} INFO - Processing file /home/airflow/.local/lib/python3.12/site-packages/airflow/example_dags/tutorial_dag.py for tasks to queue
[2024-05-26T11:31:48.230+0000] {logging_mixin.py:188} INFO - [2024-05-26T11:31:48.230+0000] {dagbag.py:545} INFO - Filling up the DagBag from /home/airflow/.local/lib/python3.12/site-packages/airflow/example_dags/tutorial_dag.py
[2024-05-26T11:31:48.237+0000] {processor.py:840} INFO - DAG(s) 'tutorial_dag' retrieved from /home/airflow/.local/lib/python3.12/site-packages/airflow/example_dags/tutorial_dag.py
[2024-05-26T11:31:48.264+0000] {logging_mixin.py:188} INFO - [2024-05-26T11:31:48.263+0000] {dag.py:3096} INFO - Sync 1 DAGs
[2024-05-26T11:31:48.279+0000] {logging_mixin.py:188} INFO - [2024-05-26T11:31:48.279+0000] {dag.py:3954} INFO - Setting next_dagrun for tutorial_dag to None, run_after=None
[2024-05-26T11:31:48.302+0000] {processor.py:183} INFO - Processing /home/airflow/.local/lib/python3.12/site-packages/airflow/example_dags/tutorial_dag.py took 0.085 seconds
[2024-05-26T11:32:19.298+0000] {processor.py:161} INFO - Started process (PID=7317) to work on /home/airflow/.local/lib/python3.12/site-packages/airflow/example_dags/tutorial_dag.py
[2024-05-26T11:32:19.300+0000] {processor.py:830} INFO - Processing file /home/airflow/.local/lib/python3.12/site-packages/airflow/example_dags/tutorial_dag.py for tasks to queue
[2024-05-26T11:32:19.303+0000] {logging_mixin.py:188} INFO - [2024-05-26T11:32:19.302+0000] {dagbag.py:545} INFO - Filling up the DagBag from /home/airflow/.local/lib/python3.12/site-packages/airflow/example_dags/tutorial_dag.py
[2024-05-26T11:32:19.310+0000] {processor.py:840} INFO - DAG(s) 'tutorial_dag' retrieved from /home/airflow/.local/lib/python3.12/site-packages/airflow/example_dags/tutorial_dag.py
[2024-05-26T11:32:19.342+0000] {logging_mixin.py:188} INFO - [2024-05-26T11:32:19.342+0000] {dag.py:3096} INFO - Sync 1 DAGs
[2024-05-26T11:32:19.365+0000] {logging_mixin.py:188} INFO - [2024-05-26T11:32:19.364+0000] {dag.py:3954} INFO - Setting next_dagrun for tutorial_dag to None, run_after=None
[2024-05-26T11:32:19.390+0000] {processor.py:183} INFO - Processing /home/airflow/.local/lib/python3.12/site-packages/airflow/example_dags/tutorial_dag.py took 0.100 seconds
[2024-05-26T11:32:50.052+0000] {processor.py:161} INFO - Started process (PID=7582) to work on /home/airflow/.local/lib/python3.12/site-packages/airflow/example_dags/tutorial_dag.py
[2024-05-26T11:32:50.053+0000] {processor.py:830} INFO - Processing file /home/airflow/.local/lib/python3.12/site-packages/airflow/example_dags/tutorial_dag.py for tasks to queue
[2024-05-26T11:32:50.055+0000] {logging_mixin.py:188} INFO - [2024-05-26T11:32:50.055+0000] {dagbag.py:545} INFO - Filling up the DagBag from /home/airflow/.local/lib/python3.12/site-packages/airflow/example_dags/tutorial_dag.py
[2024-05-26T11:32:50.061+0000] {processor.py:840} INFO - DAG(s) 'tutorial_dag' retrieved from /home/airflow/.local/lib/python3.12/site-packages/airflow/example_dags/tutorial_dag.py
[2024-05-26T11:32:50.080+0000] {logging_mixin.py:188} INFO - [2024-05-26T11:32:50.080+0000] {dag.py:3096} INFO - Sync 1 DAGs
[2024-05-26T11:32:50.094+0000] {logging_mixin.py:188} INFO - [2024-05-26T11:32:50.093+0000] {dag.py:3954} INFO - Setting next_dagrun for tutorial_dag to None, run_after=None
[2024-05-26T11:32:50.117+0000] {processor.py:183} INFO - Processing /home/airflow/.local/lib/python3.12/site-packages/airflow/example_dags/tutorial_dag.py took 0.074 seconds
[2024-05-26T11:33:20.178+0000] {processor.py:161} INFO - Started process (PID=7847) to work on /home/airflow/.local/lib/python3.12/site-packages/airflow/example_dags/tutorial_dag.py
[2024-05-26T11:33:20.179+0000] {processor.py:830} INFO - Processing file /home/airflow/.local/lib/python3.12/site-packages/airflow/example_dags/tutorial_dag.py for tasks to queue
[2024-05-26T11:33:20.181+0000] {logging_mixin.py:188} INFO - [2024-05-26T11:33:20.180+0000] {dagbag.py:545} INFO - Filling up the DagBag from /home/airflow/.local/lib/python3.12/site-packages/airflow/example_dags/tutorial_dag.py
[2024-05-26T11:33:20.186+0000] {processor.py:840} INFO - DAG(s) 'tutorial_dag' retrieved from /home/airflow/.local/lib/python3.12/site-packages/airflow/example_dags/tutorial_dag.py
[2024-05-26T11:33:20.213+0000] {logging_mixin.py:188} INFO - [2024-05-26T11:33:20.212+0000] {dag.py:3096} INFO - Sync 1 DAGs
[2024-05-26T11:33:20.232+0000] {logging_mixin.py:188} INFO - [2024-05-26T11:33:20.232+0000] {dag.py:3954} INFO - Setting next_dagrun for tutorial_dag to None, run_after=None
[2024-05-26T11:33:20.255+0000] {processor.py:183} INFO - Processing /home/airflow/.local/lib/python3.12/site-packages/airflow/example_dags/tutorial_dag.py took 0.082 seconds
[2024-05-26T11:33:50.714+0000] {processor.py:161} INFO - Started process (PID=8115) to work on /home/airflow/.local/lib/python3.12/site-packages/airflow/example_dags/tutorial_dag.py
[2024-05-26T11:33:50.715+0000] {processor.py:830} INFO - Processing file /home/airflow/.local/lib/python3.12/site-packages/airflow/example_dags/tutorial_dag.py for tasks to queue
[2024-05-26T11:33:50.717+0000] {logging_mixin.py:188} INFO - [2024-05-26T11:33:50.717+0000] {dagbag.py:545} INFO - Filling up the DagBag from /home/airflow/.local/lib/python3.12/site-packages/airflow/example_dags/tutorial_dag.py
[2024-05-26T11:33:50.723+0000] {processor.py:840} INFO - DAG(s) 'tutorial_dag' retrieved from /home/airflow/.local/lib/python3.12/site-packages/airflow/example_dags/tutorial_dag.py
[2024-05-26T11:33:50.745+0000] {logging_mixin.py:188} INFO - [2024-05-26T11:33:50.744+0000] {dag.py:3096} INFO - Sync 1 DAGs
[2024-05-26T11:33:50.763+0000] {logging_mixin.py:188} INFO - [2024-05-26T11:33:50.763+0000] {dag.py:3954} INFO - Setting next_dagrun for tutorial_dag to None, run_after=None
[2024-05-26T11:33:50.785+0000] {processor.py:183} INFO - Processing /home/airflow/.local/lib/python3.12/site-packages/airflow/example_dags/tutorial_dag.py took 0.077 seconds
[2024-05-26T11:34:21.100+0000] {processor.py:161} INFO - Started process (PID=8383) to work on /home/airflow/.local/lib/python3.12/site-packages/airflow/example_dags/tutorial_dag.py
[2024-05-26T11:34:21.101+0000] {processor.py:830} INFO - Processing file /home/airflow/.local/lib/python3.12/site-packages/airflow/example_dags/tutorial_dag.py for tasks to queue
[2024-05-26T11:34:21.103+0000] {logging_mixin.py:188} INFO - [2024-05-26T11:34:21.103+0000] {dagbag.py:545} INFO - Filling up the DagBag from /home/airflow/.local/lib/python3.12/site-packages/airflow/example_dags/tutorial_dag.py
[2024-05-26T11:34:21.108+0000] {processor.py:840} INFO - DAG(s) 'tutorial_dag' retrieved from /home/airflow/.local/lib/python3.12/site-packages/airflow/example_dags/tutorial_dag.py
[2024-05-26T11:34:21.127+0000] {logging_mixin.py:188} INFO - [2024-05-26T11:34:21.127+0000] {dag.py:3096} INFO - Sync 1 DAGs
[2024-05-26T11:34:21.143+0000] {logging_mixin.py:188} INFO - [2024-05-26T11:34:21.142+0000] {dag.py:3954} INFO - Setting next_dagrun for tutorial_dag to None, run_after=None
[2024-05-26T11:34:21.170+0000] {processor.py:183} INFO - Processing /home/airflow/.local/lib/python3.12/site-packages/airflow/example_dags/tutorial_dag.py took 0.076 seconds
