[2024-06-10T05:38:24.310+0000] {processor.py:161} INFO - Started process (PID=187) to work on /opt/airflow/dags/source/pengangguran-berdasarkan-tingkat-pendidikan-2021.xlsx
[2024-06-10T05:38:24.312+0000] {processor.py:830} INFO - Processing file /opt/airflow/dags/source/pengangguran-berdasarkan-tingkat-pendidikan-2021.xlsx for tasks to queue
[2024-06-10T05:38:24.314+0000] {logging_mixin.py:188} INFO - [2024-06-10T05:38:24.314+0000] {dagbag.py:545} INFO - Filling up the DagBag from /opt/airflow/dags/source/pengangguran-berdasarkan-tingkat-pendidikan-2021.xlsx
[2024-06-10T05:38:24.338+0000] {processor.py:842} WARNING - No viable dags retrieved from /opt/airflow/dags/source/pengangguran-berdasarkan-tingkat-pendidikan-2021.xlsx
[2024-06-10T05:38:24.357+0000] {processor.py:183} INFO - Processing /opt/airflow/dags/source/pengangguran-berdasarkan-tingkat-pendidikan-2021.xlsx took 0.054 seconds
[2024-06-10T05:38:55.598+0000] {processor.py:161} INFO - Started process (PID=218) to work on /opt/airflow/dags/source/pengangguran-berdasarkan-tingkat-pendidikan-2021.xlsx
[2024-06-10T05:38:55.600+0000] {processor.py:830} INFO - Processing file /opt/airflow/dags/source/pengangguran-berdasarkan-tingkat-pendidikan-2021.xlsx for tasks to queue
[2024-06-10T05:38:55.603+0000] {logging_mixin.py:188} INFO - [2024-06-10T05:38:55.603+0000] {dagbag.py:545} INFO - Filling up the DagBag from /opt/airflow/dags/source/pengangguran-berdasarkan-tingkat-pendidikan-2021.xlsx
[2024-06-10T05:38:55.635+0000] {processor.py:842} WARNING - No viable dags retrieved from /opt/airflow/dags/source/pengangguran-berdasarkan-tingkat-pendidikan-2021.xlsx
[2024-06-10T05:38:55.661+0000] {processor.py:183} INFO - Processing /opt/airflow/dags/source/pengangguran-berdasarkan-tingkat-pendidikan-2021.xlsx took 0.076 seconds
[2024-06-10T07:00:33.275+0000] {processor.py:161} INFO - Started process (PID=1740) to work on /opt/airflow/dags/source/pengangguran-berdasarkan-tingkat-pendidikan-2021.xlsx
[2024-06-10T07:00:33.276+0000] {processor.py:830} INFO - Processing file /opt/airflow/dags/source/pengangguran-berdasarkan-tingkat-pendidikan-2021.xlsx for tasks to queue
[2024-06-10T07:00:33.277+0000] {logging_mixin.py:188} INFO - [2024-06-10T07:00:33.277+0000] {dagbag.py:545} INFO - Filling up the DagBag from /opt/airflow/dags/source/pengangguran-berdasarkan-tingkat-pendidikan-2021.xlsx
[2024-06-10T07:00:33.295+0000] {processor.py:842} WARNING - No viable dags retrieved from /opt/airflow/dags/source/pengangguran-berdasarkan-tingkat-pendidikan-2021.xlsx
[2024-06-10T07:00:33.308+0000] {processor.py:183} INFO - Processing /opt/airflow/dags/source/pengangguran-berdasarkan-tingkat-pendidikan-2021.xlsx took 0.039 seconds
[2024-06-10T07:01:03.409+0000] {processor.py:161} INFO - Started process (PID=1769) to work on /opt/airflow/dags/source/pengangguran-berdasarkan-tingkat-pendidikan-2021.xlsx
[2024-06-10T07:01:03.410+0000] {processor.py:830} INFO - Processing file /opt/airflow/dags/source/pengangguran-berdasarkan-tingkat-pendidikan-2021.xlsx for tasks to queue
[2024-06-10T07:01:03.411+0000] {logging_mixin.py:188} INFO - [2024-06-10T07:01:03.411+0000] {dagbag.py:545} INFO - Filling up the DagBag from /opt/airflow/dags/source/pengangguran-berdasarkan-tingkat-pendidikan-2021.xlsx
[2024-06-10T07:01:03.426+0000] {processor.py:842} WARNING - No viable dags retrieved from /opt/airflow/dags/source/pengangguran-berdasarkan-tingkat-pendidikan-2021.xlsx
[2024-06-10T07:01:03.438+0000] {processor.py:183} INFO - Processing /opt/airflow/dags/source/pengangguran-berdasarkan-tingkat-pendidikan-2021.xlsx took 0.035 seconds
[2024-06-10T07:01:33.645+0000] {processor.py:161} INFO - Started process (PID=1802) to work on /opt/airflow/dags/source/pengangguran-berdasarkan-tingkat-pendidikan-2021.xlsx
[2024-06-10T07:01:33.646+0000] {processor.py:830} INFO - Processing file /opt/airflow/dags/source/pengangguran-berdasarkan-tingkat-pendidikan-2021.xlsx for tasks to queue
[2024-06-10T07:01:33.648+0000] {logging_mixin.py:188} INFO - [2024-06-10T07:01:33.647+0000] {dagbag.py:545} INFO - Filling up the DagBag from /opt/airflow/dags/source/pengangguran-berdasarkan-tingkat-pendidikan-2021.xlsx
[2024-06-10T07:01:33.664+0000] {processor.py:842} WARNING - No viable dags retrieved from /opt/airflow/dags/source/pengangguran-berdasarkan-tingkat-pendidikan-2021.xlsx
[2024-06-10T07:01:33.679+0000] {processor.py:183} INFO - Processing /opt/airflow/dags/source/pengangguran-berdasarkan-tingkat-pendidikan-2021.xlsx took 0.042 seconds
[2024-06-10T07:02:04.040+0000] {processor.py:161} INFO - Started process (PID=1833) to work on /opt/airflow/dags/source/pengangguran-berdasarkan-tingkat-pendidikan-2021.xlsx
[2024-06-10T07:02:04.042+0000] {processor.py:830} INFO - Processing file /opt/airflow/dags/source/pengangguran-berdasarkan-tingkat-pendidikan-2021.xlsx for tasks to queue
[2024-06-10T07:02:04.044+0000] {logging_mixin.py:188} INFO - [2024-06-10T07:02:04.044+0000] {dagbag.py:545} INFO - Filling up the DagBag from /opt/airflow/dags/source/pengangguran-berdasarkan-tingkat-pendidikan-2021.xlsx
[2024-06-10T07:02:04.086+0000] {processor.py:842} WARNING - No viable dags retrieved from /opt/airflow/dags/source/pengangguran-berdasarkan-tingkat-pendidikan-2021.xlsx
[2024-06-10T07:02:04.106+0000] {processor.py:183} INFO - Processing /opt/airflow/dags/source/pengangguran-berdasarkan-tingkat-pendidikan-2021.xlsx took 0.075 seconds
[2024-06-10T07:02:34.460+0000] {processor.py:161} INFO - Started process (PID=1864) to work on /opt/airflow/dags/source/pengangguran-berdasarkan-tingkat-pendidikan-2021.xlsx
[2024-06-10T07:02:34.462+0000] {processor.py:830} INFO - Processing file /opt/airflow/dags/source/pengangguran-berdasarkan-tingkat-pendidikan-2021.xlsx for tasks to queue
[2024-06-10T07:02:34.463+0000] {logging_mixin.py:188} INFO - [2024-06-10T07:02:34.463+0000] {dagbag.py:545} INFO - Filling up the DagBag from /opt/airflow/dags/source/pengangguran-berdasarkan-tingkat-pendidikan-2021.xlsx
[2024-06-10T07:02:34.489+0000] {processor.py:842} WARNING - No viable dags retrieved from /opt/airflow/dags/source/pengangguran-berdasarkan-tingkat-pendidikan-2021.xlsx
[2024-06-10T07:02:34.504+0000] {processor.py:183} INFO - Processing /opt/airflow/dags/source/pengangguran-berdasarkan-tingkat-pendidikan-2021.xlsx took 0.052 seconds
[2024-06-10T07:03:04.759+0000] {processor.py:161} INFO - Started process (PID=1896) to work on /opt/airflow/dags/source/pengangguran-berdasarkan-tingkat-pendidikan-2021.xlsx
[2024-06-10T07:03:04.763+0000] {processor.py:830} INFO - Processing file /opt/airflow/dags/source/pengangguran-berdasarkan-tingkat-pendidikan-2021.xlsx for tasks to queue
[2024-06-10T07:03:04.764+0000] {logging_mixin.py:188} INFO - [2024-06-10T07:03:04.764+0000] {dagbag.py:545} INFO - Filling up the DagBag from /opt/airflow/dags/source/pengangguran-berdasarkan-tingkat-pendidikan-2021.xlsx
[2024-06-10T07:03:04.799+0000] {processor.py:842} WARNING - No viable dags retrieved from /opt/airflow/dags/source/pengangguran-berdasarkan-tingkat-pendidikan-2021.xlsx
[2024-06-10T07:03:04.825+0000] {processor.py:183} INFO - Processing /opt/airflow/dags/source/pengangguran-berdasarkan-tingkat-pendidikan-2021.xlsx took 0.078 seconds
[2024-06-10T07:03:35.139+0000] {processor.py:161} INFO - Started process (PID=1927) to work on /opt/airflow/dags/source/pengangguran-berdasarkan-tingkat-pendidikan-2021.xlsx
[2024-06-10T07:03:35.141+0000] {processor.py:830} INFO - Processing file /opt/airflow/dags/source/pengangguran-berdasarkan-tingkat-pendidikan-2021.xlsx for tasks to queue
[2024-06-10T07:03:35.143+0000] {logging_mixin.py:188} INFO - [2024-06-10T07:03:35.142+0000] {dagbag.py:545} INFO - Filling up the DagBag from /opt/airflow/dags/source/pengangguran-berdasarkan-tingkat-pendidikan-2021.xlsx
[2024-06-10T07:03:35.185+0000] {processor.py:842} WARNING - No viable dags retrieved from /opt/airflow/dags/source/pengangguran-berdasarkan-tingkat-pendidikan-2021.xlsx
[2024-06-10T07:03:35.204+0000] {processor.py:183} INFO - Processing /opt/airflow/dags/source/pengangguran-berdasarkan-tingkat-pendidikan-2021.xlsx took 0.073 seconds
[2024-06-10T07:04:05.837+0000] {processor.py:161} INFO - Started process (PID=1958) to work on /opt/airflow/dags/source/pengangguran-berdasarkan-tingkat-pendidikan-2021.xlsx
[2024-06-10T07:04:05.840+0000] {processor.py:830} INFO - Processing file /opt/airflow/dags/source/pengangguran-berdasarkan-tingkat-pendidikan-2021.xlsx for tasks to queue
[2024-06-10T07:04:05.841+0000] {logging_mixin.py:188} INFO - [2024-06-10T07:04:05.841+0000] {dagbag.py:545} INFO - Filling up the DagBag from /opt/airflow/dags/source/pengangguran-berdasarkan-tingkat-pendidikan-2021.xlsx
[2024-06-10T07:04:05.880+0000] {processor.py:842} WARNING - No viable dags retrieved from /opt/airflow/dags/source/pengangguran-berdasarkan-tingkat-pendidikan-2021.xlsx
[2024-06-10T07:04:05.907+0000] {processor.py:183} INFO - Processing /opt/airflow/dags/source/pengangguran-berdasarkan-tingkat-pendidikan-2021.xlsx took 0.087 seconds
[2024-06-10T07:04:36.138+0000] {processor.py:161} INFO - Started process (PID=1989) to work on /opt/airflow/dags/source/pengangguran-berdasarkan-tingkat-pendidikan-2021.xlsx
[2024-06-10T07:04:36.140+0000] {processor.py:830} INFO - Processing file /opt/airflow/dags/source/pengangguran-berdasarkan-tingkat-pendidikan-2021.xlsx for tasks to queue
[2024-06-10T07:04:36.141+0000] {logging_mixin.py:188} INFO - [2024-06-10T07:04:36.141+0000] {dagbag.py:545} INFO - Filling up the DagBag from /opt/airflow/dags/source/pengangguran-berdasarkan-tingkat-pendidikan-2021.xlsx
[2024-06-10T07:04:36.158+0000] {processor.py:842} WARNING - No viable dags retrieved from /opt/airflow/dags/source/pengangguran-berdasarkan-tingkat-pendidikan-2021.xlsx
[2024-06-10T07:04:36.172+0000] {processor.py:183} INFO - Processing /opt/airflow/dags/source/pengangguran-berdasarkan-tingkat-pendidikan-2021.xlsx took 0.039 seconds
[2024-06-10T07:05:06.491+0000] {processor.py:161} INFO - Started process (PID=2020) to work on /opt/airflow/dags/source/pengangguran-berdasarkan-tingkat-pendidikan-2021.xlsx
[2024-06-10T07:05:06.493+0000] {processor.py:830} INFO - Processing file /opt/airflow/dags/source/pengangguran-berdasarkan-tingkat-pendidikan-2021.xlsx for tasks to queue
[2024-06-10T07:05:06.494+0000] {logging_mixin.py:188} INFO - [2024-06-10T07:05:06.494+0000] {dagbag.py:545} INFO - Filling up the DagBag from /opt/airflow/dags/source/pengangguran-berdasarkan-tingkat-pendidikan-2021.xlsx
[2024-06-10T07:05:06.516+0000] {processor.py:842} WARNING - No viable dags retrieved from /opt/airflow/dags/source/pengangguran-berdasarkan-tingkat-pendidikan-2021.xlsx
[2024-06-10T07:05:06.530+0000] {processor.py:183} INFO - Processing /opt/airflow/dags/source/pengangguran-berdasarkan-tingkat-pendidikan-2021.xlsx took 0.045 seconds
[2024-06-10T07:05:37.164+0000] {processor.py:161} INFO - Started process (PID=2051) to work on /opt/airflow/dags/source/pengangguran-berdasarkan-tingkat-pendidikan-2021.xlsx
[2024-06-10T07:05:37.165+0000] {processor.py:830} INFO - Processing file /opt/airflow/dags/source/pengangguran-berdasarkan-tingkat-pendidikan-2021.xlsx for tasks to queue
[2024-06-10T07:05:37.169+0000] {logging_mixin.py:188} INFO - [2024-06-10T07:05:37.169+0000] {dagbag.py:545} INFO - Filling up the DagBag from /opt/airflow/dags/source/pengangguran-berdasarkan-tingkat-pendidikan-2021.xlsx
[2024-06-10T07:05:37.230+0000] {processor.py:842} WARNING - No viable dags retrieved from /opt/airflow/dags/source/pengangguran-berdasarkan-tingkat-pendidikan-2021.xlsx
[2024-06-10T07:05:37.253+0000] {processor.py:183} INFO - Processing /opt/airflow/dags/source/pengangguran-berdasarkan-tingkat-pendidikan-2021.xlsx took 0.096 seconds
[2024-06-10T07:06:07.843+0000] {processor.py:161} INFO - Started process (PID=2082) to work on /opt/airflow/dags/source/pengangguran-berdasarkan-tingkat-pendidikan-2021.xlsx
[2024-06-10T07:06:07.846+0000] {processor.py:830} INFO - Processing file /opt/airflow/dags/source/pengangguran-berdasarkan-tingkat-pendidikan-2021.xlsx for tasks to queue
[2024-06-10T07:06:07.848+0000] {logging_mixin.py:188} INFO - [2024-06-10T07:06:07.848+0000] {dagbag.py:545} INFO - Filling up the DagBag from /opt/airflow/dags/source/pengangguran-berdasarkan-tingkat-pendidikan-2021.xlsx
[2024-06-10T07:06:07.891+0000] {processor.py:842} WARNING - No viable dags retrieved from /opt/airflow/dags/source/pengangguran-berdasarkan-tingkat-pendidikan-2021.xlsx
[2024-06-10T07:06:07.923+0000] {processor.py:183} INFO - Processing /opt/airflow/dags/source/pengangguran-berdasarkan-tingkat-pendidikan-2021.xlsx took 0.092 seconds
[2024-06-10T07:06:38.394+0000] {processor.py:161} INFO - Started process (PID=2123) to work on /opt/airflow/dags/source/pengangguran-berdasarkan-tingkat-pendidikan-2021.xlsx
[2024-06-10T07:06:38.396+0000] {processor.py:830} INFO - Processing file /opt/airflow/dags/source/pengangguran-berdasarkan-tingkat-pendidikan-2021.xlsx for tasks to queue
[2024-06-10T07:06:38.398+0000] {logging_mixin.py:188} INFO - [2024-06-10T07:06:38.397+0000] {dagbag.py:545} INFO - Filling up the DagBag from /opt/airflow/dags/source/pengangguran-berdasarkan-tingkat-pendidikan-2021.xlsx
[2024-06-10T07:06:38.425+0000] {processor.py:842} WARNING - No viable dags retrieved from /opt/airflow/dags/source/pengangguran-berdasarkan-tingkat-pendidikan-2021.xlsx
[2024-06-10T07:06:38.442+0000] {processor.py:183} INFO - Processing /opt/airflow/dags/source/pengangguran-berdasarkan-tingkat-pendidikan-2021.xlsx took 0.055 seconds
[2024-06-10T07:07:08.770+0000] {processor.py:161} INFO - Started process (PID=2154) to work on /opt/airflow/dags/source/pengangguran-berdasarkan-tingkat-pendidikan-2021.xlsx
[2024-06-10T07:07:08.772+0000] {processor.py:830} INFO - Processing file /opt/airflow/dags/source/pengangguran-berdasarkan-tingkat-pendidikan-2021.xlsx for tasks to queue
[2024-06-10T07:07:08.773+0000] {logging_mixin.py:188} INFO - [2024-06-10T07:07:08.773+0000] {dagbag.py:545} INFO - Filling up the DagBag from /opt/airflow/dags/source/pengangguran-berdasarkan-tingkat-pendidikan-2021.xlsx
[2024-06-10T07:07:08.809+0000] {processor.py:842} WARNING - No viable dags retrieved from /opt/airflow/dags/source/pengangguran-berdasarkan-tingkat-pendidikan-2021.xlsx
[2024-06-10T07:07:08.827+0000] {processor.py:183} INFO - Processing /opt/airflow/dags/source/pengangguran-berdasarkan-tingkat-pendidikan-2021.xlsx took 0.065 seconds
[2024-06-10T07:07:39.429+0000] {processor.py:161} INFO - Started process (PID=2185) to work on /opt/airflow/dags/source/pengangguran-berdasarkan-tingkat-pendidikan-2021.xlsx
[2024-06-10T07:07:39.431+0000] {processor.py:830} INFO - Processing file /opt/airflow/dags/source/pengangguran-berdasarkan-tingkat-pendidikan-2021.xlsx for tasks to queue
[2024-06-10T07:07:39.433+0000] {logging_mixin.py:188} INFO - [2024-06-10T07:07:39.432+0000] {dagbag.py:545} INFO - Filling up the DagBag from /opt/airflow/dags/source/pengangguran-berdasarkan-tingkat-pendidikan-2021.xlsx
[2024-06-10T07:07:39.463+0000] {processor.py:842} WARNING - No viable dags retrieved from /opt/airflow/dags/source/pengangguran-berdasarkan-tingkat-pendidikan-2021.xlsx
[2024-06-10T07:07:39.490+0000] {processor.py:183} INFO - Processing /opt/airflow/dags/source/pengangguran-berdasarkan-tingkat-pendidikan-2021.xlsx took 0.073 seconds
[2024-06-10T07:08:10.253+0000] {processor.py:161} INFO - Started process (PID=2216) to work on /opt/airflow/dags/source/pengangguran-berdasarkan-tingkat-pendidikan-2021.xlsx
[2024-06-10T07:08:10.255+0000] {processor.py:830} INFO - Processing file /opt/airflow/dags/source/pengangguran-berdasarkan-tingkat-pendidikan-2021.xlsx for tasks to queue
[2024-06-10T07:08:10.257+0000] {logging_mixin.py:188} INFO - [2024-06-10T07:08:10.256+0000] {dagbag.py:545} INFO - Filling up the DagBag from /opt/airflow/dags/source/pengangguran-berdasarkan-tingkat-pendidikan-2021.xlsx
[2024-06-10T07:08:10.282+0000] {processor.py:842} WARNING - No viable dags retrieved from /opt/airflow/dags/source/pengangguran-berdasarkan-tingkat-pendidikan-2021.xlsx
[2024-06-10T07:08:10.301+0000] {processor.py:183} INFO - Processing /opt/airflow/dags/source/pengangguran-berdasarkan-tingkat-pendidikan-2021.xlsx took 0.063 seconds
[2024-06-10T07:08:40.974+0000] {processor.py:161} INFO - Started process (PID=2247) to work on /opt/airflow/dags/source/pengangguran-berdasarkan-tingkat-pendidikan-2021.xlsx
[2024-06-10T07:08:40.976+0000] {processor.py:830} INFO - Processing file /opt/airflow/dags/source/pengangguran-berdasarkan-tingkat-pendidikan-2021.xlsx for tasks to queue
[2024-06-10T07:08:40.978+0000] {logging_mixin.py:188} INFO - [2024-06-10T07:08:40.978+0000] {dagbag.py:545} INFO - Filling up the DagBag from /opt/airflow/dags/source/pengangguran-berdasarkan-tingkat-pendidikan-2021.xlsx
[2024-06-10T07:08:41.017+0000] {processor.py:842} WARNING - No viable dags retrieved from /opt/airflow/dags/source/pengangguran-berdasarkan-tingkat-pendidikan-2021.xlsx
[2024-06-10T07:08:41.042+0000] {processor.py:183} INFO - Processing /opt/airflow/dags/source/pengangguran-berdasarkan-tingkat-pendidikan-2021.xlsx took 0.081 seconds
[2024-06-10T07:09:11.662+0000] {processor.py:161} INFO - Started process (PID=2278) to work on /opt/airflow/dags/source/pengangguran-berdasarkan-tingkat-pendidikan-2021.xlsx
[2024-06-10T07:09:11.665+0000] {processor.py:830} INFO - Processing file /opt/airflow/dags/source/pengangguran-berdasarkan-tingkat-pendidikan-2021.xlsx for tasks to queue
[2024-06-10T07:09:11.667+0000] {logging_mixin.py:188} INFO - [2024-06-10T07:09:11.666+0000] {dagbag.py:545} INFO - Filling up the DagBag from /opt/airflow/dags/source/pengangguran-berdasarkan-tingkat-pendidikan-2021.xlsx
[2024-06-10T07:09:11.691+0000] {processor.py:842} WARNING - No viable dags retrieved from /opt/airflow/dags/source/pengangguran-berdasarkan-tingkat-pendidikan-2021.xlsx
[2024-06-10T07:09:11.714+0000] {processor.py:183} INFO - Processing /opt/airflow/dags/source/pengangguran-berdasarkan-tingkat-pendidikan-2021.xlsx took 0.061 seconds
[2024-06-10T07:09:42.333+0000] {processor.py:161} INFO - Started process (PID=2308) to work on /opt/airflow/dags/source/pengangguran-berdasarkan-tingkat-pendidikan-2021.xlsx
[2024-06-10T07:09:42.336+0000] {processor.py:830} INFO - Processing file /opt/airflow/dags/source/pengangguran-berdasarkan-tingkat-pendidikan-2021.xlsx for tasks to queue
[2024-06-10T07:09:42.338+0000] {logging_mixin.py:188} INFO - [2024-06-10T07:09:42.337+0000] {dagbag.py:545} INFO - Filling up the DagBag from /opt/airflow/dags/source/pengangguran-berdasarkan-tingkat-pendidikan-2021.xlsx
[2024-06-10T07:09:42.381+0000] {processor.py:842} WARNING - No viable dags retrieved from /opt/airflow/dags/source/pengangguran-berdasarkan-tingkat-pendidikan-2021.xlsx
[2024-06-10T07:09:42.411+0000] {processor.py:183} INFO - Processing /opt/airflow/dags/source/pengangguran-berdasarkan-tingkat-pendidikan-2021.xlsx took 0.088 seconds
[2024-06-10T07:10:12.879+0000] {processor.py:161} INFO - Started process (PID=2338) to work on /opt/airflow/dags/source/pengangguran-berdasarkan-tingkat-pendidikan-2021.xlsx
[2024-06-10T07:10:12.882+0000] {processor.py:830} INFO - Processing file /opt/airflow/dags/source/pengangguran-berdasarkan-tingkat-pendidikan-2021.xlsx for tasks to queue
[2024-06-10T07:10:12.884+0000] {logging_mixin.py:188} INFO - [2024-06-10T07:10:12.883+0000] {dagbag.py:545} INFO - Filling up the DagBag from /opt/airflow/dags/source/pengangguran-berdasarkan-tingkat-pendidikan-2021.xlsx
[2024-06-10T07:10:12.914+0000] {processor.py:842} WARNING - No viable dags retrieved from /opt/airflow/dags/source/pengangguran-berdasarkan-tingkat-pendidikan-2021.xlsx
[2024-06-10T07:10:12.938+0000] {processor.py:183} INFO - Processing /opt/airflow/dags/source/pengangguran-berdasarkan-tingkat-pendidikan-2021.xlsx took 0.070 seconds
[2024-06-10T07:10:43.201+0000] {processor.py:161} INFO - Started process (PID=2369) to work on /opt/airflow/dags/source/pengangguran-berdasarkan-tingkat-pendidikan-2021.xlsx
[2024-06-10T07:10:43.206+0000] {processor.py:830} INFO - Processing file /opt/airflow/dags/source/pengangguran-berdasarkan-tingkat-pendidikan-2021.xlsx for tasks to queue
[2024-06-10T07:10:43.209+0000] {logging_mixin.py:188} INFO - [2024-06-10T07:10:43.208+0000] {dagbag.py:545} INFO - Filling up the DagBag from /opt/airflow/dags/source/pengangguran-berdasarkan-tingkat-pendidikan-2021.xlsx
[2024-06-10T07:10:43.243+0000] {processor.py:842} WARNING - No viable dags retrieved from /opt/airflow/dags/source/pengangguran-berdasarkan-tingkat-pendidikan-2021.xlsx
[2024-06-10T07:10:43.265+0000] {processor.py:183} INFO - Processing /opt/airflow/dags/source/pengangguran-berdasarkan-tingkat-pendidikan-2021.xlsx took 0.076 seconds
[2024-06-10T07:11:13.661+0000] {processor.py:161} INFO - Started process (PID=2400) to work on /opt/airflow/dags/source/pengangguran-berdasarkan-tingkat-pendidikan-2021.xlsx
[2024-06-10T07:11:13.663+0000] {processor.py:830} INFO - Processing file /opt/airflow/dags/source/pengangguran-berdasarkan-tingkat-pendidikan-2021.xlsx for tasks to queue
[2024-06-10T07:11:13.664+0000] {logging_mixin.py:188} INFO - [2024-06-10T07:11:13.663+0000] {dagbag.py:545} INFO - Filling up the DagBag from /opt/airflow/dags/source/pengangguran-berdasarkan-tingkat-pendidikan-2021.xlsx
[2024-06-10T07:11:13.693+0000] {processor.py:842} WARNING - No viable dags retrieved from /opt/airflow/dags/source/pengangguran-berdasarkan-tingkat-pendidikan-2021.xlsx
[2024-06-10T07:11:13.710+0000] {processor.py:183} INFO - Processing /opt/airflow/dags/source/pengangguran-berdasarkan-tingkat-pendidikan-2021.xlsx took 0.055 seconds
[2024-06-10T07:11:43.952+0000] {processor.py:161} INFO - Started process (PID=2431) to work on /opt/airflow/dags/source/pengangguran-berdasarkan-tingkat-pendidikan-2021.xlsx
[2024-06-10T07:11:43.954+0000] {processor.py:830} INFO - Processing file /opt/airflow/dags/source/pengangguran-berdasarkan-tingkat-pendidikan-2021.xlsx for tasks to queue
[2024-06-10T07:11:43.955+0000] {logging_mixin.py:188} INFO - [2024-06-10T07:11:43.955+0000] {dagbag.py:545} INFO - Filling up the DagBag from /opt/airflow/dags/source/pengangguran-berdasarkan-tingkat-pendidikan-2021.xlsx
[2024-06-10T07:11:43.978+0000] {processor.py:842} WARNING - No viable dags retrieved from /opt/airflow/dags/source/pengangguran-berdasarkan-tingkat-pendidikan-2021.xlsx
[2024-06-10T07:11:43.992+0000] {processor.py:183} INFO - Processing /opt/airflow/dags/source/pengangguran-berdasarkan-tingkat-pendidikan-2021.xlsx took 0.045 seconds
[2024-06-10T07:45:37.820+0000] {processor.py:161} INFO - Started process (PID=3199) to work on /opt/airflow/dags/source/pengangguran-berdasarkan-tingkat-pendidikan-2021.xlsx
[2024-06-10T07:45:37.821+0000] {processor.py:830} INFO - Processing file /opt/airflow/dags/source/pengangguran-berdasarkan-tingkat-pendidikan-2021.xlsx for tasks to queue
[2024-06-10T07:45:37.823+0000] {logging_mixin.py:188} INFO - [2024-06-10T07:45:37.822+0000] {dagbag.py:545} INFO - Filling up the DagBag from /opt/airflow/dags/source/pengangguran-berdasarkan-tingkat-pendidikan-2021.xlsx
[2024-06-10T07:45:37.857+0000] {processor.py:842} WARNING - No viable dags retrieved from /opt/airflow/dags/source/pengangguran-berdasarkan-tingkat-pendidikan-2021.xlsx
[2024-06-10T07:45:37.873+0000] {processor.py:183} INFO - Processing /opt/airflow/dags/source/pengangguran-berdasarkan-tingkat-pendidikan-2021.xlsx took 0.061 seconds
[2024-06-10T07:46:08.369+0000] {processor.py:161} INFO - Started process (PID=3230) to work on /opt/airflow/dags/source/pengangguran-berdasarkan-tingkat-pendidikan-2021.xlsx
[2024-06-10T07:46:08.371+0000] {processor.py:830} INFO - Processing file /opt/airflow/dags/source/pengangguran-berdasarkan-tingkat-pendidikan-2021.xlsx for tasks to queue
[2024-06-10T07:46:08.373+0000] {logging_mixin.py:188} INFO - [2024-06-10T07:46:08.372+0000] {dagbag.py:545} INFO - Filling up the DagBag from /opt/airflow/dags/source/pengangguran-berdasarkan-tingkat-pendidikan-2021.xlsx
[2024-06-10T07:46:08.391+0000] {processor.py:842} WARNING - No viable dags retrieved from /opt/airflow/dags/source/pengangguran-berdasarkan-tingkat-pendidikan-2021.xlsx
[2024-06-10T07:46:08.406+0000] {processor.py:183} INFO - Processing /opt/airflow/dags/source/pengangguran-berdasarkan-tingkat-pendidikan-2021.xlsx took 0.044 seconds
[2024-06-10T07:46:38.824+0000] {processor.py:161} INFO - Started process (PID=3261) to work on /opt/airflow/dags/source/pengangguran-berdasarkan-tingkat-pendidikan-2021.xlsx
[2024-06-10T07:46:38.826+0000] {processor.py:830} INFO - Processing file /opt/airflow/dags/source/pengangguran-berdasarkan-tingkat-pendidikan-2021.xlsx for tasks to queue
[2024-06-10T07:46:38.829+0000] {logging_mixin.py:188} INFO - [2024-06-10T07:46:38.829+0000] {dagbag.py:545} INFO - Filling up the DagBag from /opt/airflow/dags/source/pengangguran-berdasarkan-tingkat-pendidikan-2021.xlsx
[2024-06-10T07:46:38.866+0000] {processor.py:842} WARNING - No viable dags retrieved from /opt/airflow/dags/source/pengangguran-berdasarkan-tingkat-pendidikan-2021.xlsx
[2024-06-10T07:46:38.898+0000] {processor.py:183} INFO - Processing /opt/airflow/dags/source/pengangguran-berdasarkan-tingkat-pendidikan-2021.xlsx took 0.083 seconds
[2024-06-10T07:47:09.499+0000] {processor.py:161} INFO - Started process (PID=3291) to work on /opt/airflow/dags/source/pengangguran-berdasarkan-tingkat-pendidikan-2021.xlsx
[2024-06-10T07:47:09.501+0000] {processor.py:830} INFO - Processing file /opt/airflow/dags/source/pengangguran-berdasarkan-tingkat-pendidikan-2021.xlsx for tasks to queue
[2024-06-10T07:47:09.503+0000] {logging_mixin.py:188} INFO - [2024-06-10T07:47:09.503+0000] {dagbag.py:545} INFO - Filling up the DagBag from /opt/airflow/dags/source/pengangguran-berdasarkan-tingkat-pendidikan-2021.xlsx
[2024-06-10T07:47:09.529+0000] {processor.py:842} WARNING - No viable dags retrieved from /opt/airflow/dags/source/pengangguran-berdasarkan-tingkat-pendidikan-2021.xlsx
[2024-06-10T07:47:09.549+0000] {processor.py:183} INFO - Processing /opt/airflow/dags/source/pengangguran-berdasarkan-tingkat-pendidikan-2021.xlsx took 0.066 seconds
[2024-06-10T07:47:40.202+0000] {processor.py:161} INFO - Started process (PID=3322) to work on /opt/airflow/dags/source/pengangguran-berdasarkan-tingkat-pendidikan-2021.xlsx
[2024-06-10T07:47:40.205+0000] {processor.py:830} INFO - Processing file /opt/airflow/dags/source/pengangguran-berdasarkan-tingkat-pendidikan-2021.xlsx for tasks to queue
[2024-06-10T07:47:40.207+0000] {logging_mixin.py:188} INFO - [2024-06-10T07:47:40.206+0000] {dagbag.py:545} INFO - Filling up the DagBag from /opt/airflow/dags/source/pengangguran-berdasarkan-tingkat-pendidikan-2021.xlsx
[2024-06-10T07:47:40.235+0000] {processor.py:842} WARNING - No viable dags retrieved from /opt/airflow/dags/source/pengangguran-berdasarkan-tingkat-pendidikan-2021.xlsx
[2024-06-10T07:47:40.257+0000] {processor.py:183} INFO - Processing /opt/airflow/dags/source/pengangguran-berdasarkan-tingkat-pendidikan-2021.xlsx took 0.065 seconds
[2024-06-10T07:48:10.779+0000] {processor.py:161} INFO - Started process (PID=3353) to work on /opt/airflow/dags/source/pengangguran-berdasarkan-tingkat-pendidikan-2021.xlsx
[2024-06-10T07:48:10.781+0000] {processor.py:830} INFO - Processing file /opt/airflow/dags/source/pengangguran-berdasarkan-tingkat-pendidikan-2021.xlsx for tasks to queue
[2024-06-10T07:48:10.783+0000] {logging_mixin.py:188} INFO - [2024-06-10T07:48:10.782+0000] {dagbag.py:545} INFO - Filling up the DagBag from /opt/airflow/dags/source/pengangguran-berdasarkan-tingkat-pendidikan-2021.xlsx
[2024-06-10T07:48:10.807+0000] {processor.py:842} WARNING - No viable dags retrieved from /opt/airflow/dags/source/pengangguran-berdasarkan-tingkat-pendidikan-2021.xlsx
[2024-06-10T07:48:10.823+0000] {processor.py:183} INFO - Processing /opt/airflow/dags/source/pengangguran-berdasarkan-tingkat-pendidikan-2021.xlsx took 0.051 seconds
[2024-06-10T07:48:41.438+0000] {processor.py:161} INFO - Started process (PID=3384) to work on /opt/airflow/dags/source/pengangguran-berdasarkan-tingkat-pendidikan-2021.xlsx
[2024-06-10T07:48:41.440+0000] {processor.py:830} INFO - Processing file /opt/airflow/dags/source/pengangguran-berdasarkan-tingkat-pendidikan-2021.xlsx for tasks to queue
[2024-06-10T07:48:41.442+0000] {logging_mixin.py:188} INFO - [2024-06-10T07:48:41.441+0000] {dagbag.py:545} INFO - Filling up the DagBag from /opt/airflow/dags/source/pengangguran-berdasarkan-tingkat-pendidikan-2021.xlsx
[2024-06-10T07:48:41.467+0000] {processor.py:842} WARNING - No viable dags retrieved from /opt/airflow/dags/source/pengangguran-berdasarkan-tingkat-pendidikan-2021.xlsx
[2024-06-10T07:48:41.493+0000] {processor.py:183} INFO - Processing /opt/airflow/dags/source/pengangguran-berdasarkan-tingkat-pendidikan-2021.xlsx took 0.064 seconds
[2024-06-10T07:49:11.957+0000] {processor.py:161} INFO - Started process (PID=3415) to work on /opt/airflow/dags/source/pengangguran-berdasarkan-tingkat-pendidikan-2021.xlsx
[2024-06-10T07:49:11.958+0000] {processor.py:830} INFO - Processing file /opt/airflow/dags/source/pengangguran-berdasarkan-tingkat-pendidikan-2021.xlsx for tasks to queue
[2024-06-10T07:49:11.968+0000] {logging_mixin.py:188} INFO - [2024-06-10T07:49:11.968+0000] {dagbag.py:545} INFO - Filling up the DagBag from /opt/airflow/dags/source/pengangguran-berdasarkan-tingkat-pendidikan-2021.xlsx
[2024-06-10T07:49:11.993+0000] {processor.py:842} WARNING - No viable dags retrieved from /opt/airflow/dags/source/pengangguran-berdasarkan-tingkat-pendidikan-2021.xlsx
[2024-06-10T07:49:12.009+0000] {processor.py:183} INFO - Processing /opt/airflow/dags/source/pengangguran-berdasarkan-tingkat-pendidikan-2021.xlsx took 0.060 seconds
[2024-06-10T07:49:42.177+0000] {processor.py:161} INFO - Started process (PID=3447) to work on /opt/airflow/dags/source/pengangguran-berdasarkan-tingkat-pendidikan-2021.xlsx
[2024-06-10T07:49:42.178+0000] {processor.py:830} INFO - Processing file /opt/airflow/dags/source/pengangguran-berdasarkan-tingkat-pendidikan-2021.xlsx for tasks to queue
[2024-06-10T07:49:42.180+0000] {logging_mixin.py:188} INFO - [2024-06-10T07:49:42.179+0000] {dagbag.py:545} INFO - Filling up the DagBag from /opt/airflow/dags/source/pengangguran-berdasarkan-tingkat-pendidikan-2021.xlsx
[2024-06-10T07:49:42.206+0000] {processor.py:842} WARNING - No viable dags retrieved from /opt/airflow/dags/source/pengangguran-berdasarkan-tingkat-pendidikan-2021.xlsx
[2024-06-10T07:49:42.223+0000] {processor.py:183} INFO - Processing /opt/airflow/dags/source/pengangguran-berdasarkan-tingkat-pendidikan-2021.xlsx took 0.056 seconds
[2024-06-10T07:50:12.747+0000] {processor.py:161} INFO - Started process (PID=3478) to work on /opt/airflow/dags/source/pengangguran-berdasarkan-tingkat-pendidikan-2021.xlsx
[2024-06-10T07:50:12.750+0000] {processor.py:830} INFO - Processing file /opt/airflow/dags/source/pengangguran-berdasarkan-tingkat-pendidikan-2021.xlsx for tasks to queue
[2024-06-10T07:50:12.752+0000] {logging_mixin.py:188} INFO - [2024-06-10T07:50:12.751+0000] {dagbag.py:545} INFO - Filling up the DagBag from /opt/airflow/dags/source/pengangguran-berdasarkan-tingkat-pendidikan-2021.xlsx
[2024-06-10T07:50:12.781+0000] {processor.py:842} WARNING - No viable dags retrieved from /opt/airflow/dags/source/pengangguran-berdasarkan-tingkat-pendidikan-2021.xlsx
[2024-06-10T07:50:12.804+0000] {processor.py:183} INFO - Processing /opt/airflow/dags/source/pengangguran-berdasarkan-tingkat-pendidikan-2021.xlsx took 0.068 seconds
[2024-06-10T07:50:43.948+0000] {processor.py:161} INFO - Started process (PID=3509) to work on /opt/airflow/dags/source/pengangguran-berdasarkan-tingkat-pendidikan-2021.xlsx
[2024-06-10T07:50:43.950+0000] {processor.py:830} INFO - Processing file /opt/airflow/dags/source/pengangguran-berdasarkan-tingkat-pendidikan-2021.xlsx for tasks to queue
[2024-06-10T07:50:43.952+0000] {logging_mixin.py:188} INFO - [2024-06-10T07:50:43.951+0000] {dagbag.py:545} INFO - Filling up the DagBag from /opt/airflow/dags/source/pengangguran-berdasarkan-tingkat-pendidikan-2021.xlsx
[2024-06-10T07:50:43.978+0000] {processor.py:842} WARNING - No viable dags retrieved from /opt/airflow/dags/source/pengangguran-berdasarkan-tingkat-pendidikan-2021.xlsx
[2024-06-10T07:50:44.005+0000] {processor.py:183} INFO - Processing /opt/airflow/dags/source/pengangguran-berdasarkan-tingkat-pendidikan-2021.xlsx took 0.067 seconds
[2024-06-10T07:51:14.758+0000] {processor.py:161} INFO - Started process (PID=3540) to work on /opt/airflow/dags/source/pengangguran-berdasarkan-tingkat-pendidikan-2021.xlsx
[2024-06-10T07:51:14.759+0000] {processor.py:830} INFO - Processing file /opt/airflow/dags/source/pengangguran-berdasarkan-tingkat-pendidikan-2021.xlsx for tasks to queue
[2024-06-10T07:51:14.760+0000] {logging_mixin.py:188} INFO - [2024-06-10T07:51:14.760+0000] {dagbag.py:545} INFO - Filling up the DagBag from /opt/airflow/dags/source/pengangguran-berdasarkan-tingkat-pendidikan-2021.xlsx
[2024-06-10T07:51:14.781+0000] {processor.py:842} WARNING - No viable dags retrieved from /opt/airflow/dags/source/pengangguran-berdasarkan-tingkat-pendidikan-2021.xlsx
[2024-06-10T07:51:14.798+0000] {processor.py:183} INFO - Processing /opt/airflow/dags/source/pengangguran-berdasarkan-tingkat-pendidikan-2021.xlsx took 0.049 seconds
[2024-06-10T07:51:45.154+0000] {processor.py:161} INFO - Started process (PID=3571) to work on /opt/airflow/dags/source/pengangguran-berdasarkan-tingkat-pendidikan-2021.xlsx
[2024-06-10T07:51:45.156+0000] {processor.py:830} INFO - Processing file /opt/airflow/dags/source/pengangguran-berdasarkan-tingkat-pendidikan-2021.xlsx for tasks to queue
[2024-06-10T07:51:45.158+0000] {logging_mixin.py:188} INFO - [2024-06-10T07:51:45.158+0000] {dagbag.py:545} INFO - Filling up the DagBag from /opt/airflow/dags/source/pengangguran-berdasarkan-tingkat-pendidikan-2021.xlsx
[2024-06-10T07:51:45.180+0000] {processor.py:842} WARNING - No viable dags retrieved from /opt/airflow/dags/source/pengangguran-berdasarkan-tingkat-pendidikan-2021.xlsx
[2024-06-10T07:51:45.202+0000] {processor.py:183} INFO - Processing /opt/airflow/dags/source/pengangguran-berdasarkan-tingkat-pendidikan-2021.xlsx took 0.059 seconds
