[2024-06-10T05:38:24.115+0000] {processor.py:161} INFO - Started process (PID=180) to work on /opt/airflow/dags/source/pengangguran-berdasarkan-tingkat-pendidikan-2020.xlsx
[2024-06-10T05:38:24.117+0000] {processor.py:830} INFO - Processing file /opt/airflow/dags/source/pengangguran-berdasarkan-tingkat-pendidikan-2020.xlsx for tasks to queue
[2024-06-10T05:38:24.119+0000] {logging_mixin.py:188} INFO - [2024-06-10T05:38:24.119+0000] {dagbag.py:545} INFO - Filling up the DagBag from /opt/airflow/dags/source/pengangguran-berdasarkan-tingkat-pendidikan-2020.xlsx
[2024-06-10T05:38:24.140+0000] {processor.py:842} WARNING - No viable dags retrieved from /opt/airflow/dags/source/pengangguran-berdasarkan-tingkat-pendidikan-2020.xlsx
[2024-06-10T05:38:24.242+0000] {processor.py:183} INFO - Processing /opt/airflow/dags/source/pengangguran-berdasarkan-tingkat-pendidikan-2020.xlsx took 0.130 seconds
[2024-06-10T05:38:55.254+0000] {processor.py:161} INFO - Started process (PID=211) to work on /opt/airflow/dags/source/pengangguran-berdasarkan-tingkat-pendidikan-2020.xlsx
[2024-06-10T05:38:55.259+0000] {processor.py:830} INFO - Processing file /opt/airflow/dags/source/pengangguran-berdasarkan-tingkat-pendidikan-2020.xlsx for tasks to queue
[2024-06-10T05:38:55.280+0000] {logging_mixin.py:188} INFO - [2024-06-10T05:38:55.277+0000] {dagbag.py:545} INFO - Filling up the DagBag from /opt/airflow/dags/source/pengangguran-berdasarkan-tingkat-pendidikan-2020.xlsx
[2024-06-10T05:38:55.336+0000] {processor.py:842} WARNING - No viable dags retrieved from /opt/airflow/dags/source/pengangguran-berdasarkan-tingkat-pendidikan-2020.xlsx
[2024-06-10T05:38:55.448+0000] {processor.py:183} INFO - Processing /opt/airflow/dags/source/pengangguran-berdasarkan-tingkat-pendidikan-2020.xlsx took 0.229 seconds
[2024-06-10T07:00:33.185+0000] {processor.py:161} INFO - Started process (PID=1733) to work on /opt/airflow/dags/source/pengangguran-berdasarkan-tingkat-pendidikan-2020.xlsx
[2024-06-10T07:00:33.187+0000] {processor.py:830} INFO - Processing file /opt/airflow/dags/source/pengangguran-berdasarkan-tingkat-pendidikan-2020.xlsx for tasks to queue
[2024-06-10T07:00:33.188+0000] {logging_mixin.py:188} INFO - [2024-06-10T07:00:33.187+0000] {dagbag.py:545} INFO - Filling up the DagBag from /opt/airflow/dags/source/pengangguran-berdasarkan-tingkat-pendidikan-2020.xlsx
[2024-06-10T07:00:33.204+0000] {processor.py:842} WARNING - No viable dags retrieved from /opt/airflow/dags/source/pengangguran-berdasarkan-tingkat-pendidikan-2020.xlsx
[2024-06-10T07:00:33.219+0000] {processor.py:183} INFO - Processing /opt/airflow/dags/source/pengangguran-berdasarkan-tingkat-pendidikan-2020.xlsx took 0.041 seconds
[2024-06-10T07:01:03.382+0000] {processor.py:161} INFO - Started process (PID=1764) to work on /opt/airflow/dags/source/pengangguran-berdasarkan-tingkat-pendidikan-2020.xlsx
[2024-06-10T07:01:03.383+0000] {processor.py:830} INFO - Processing file /opt/airflow/dags/source/pengangguran-berdasarkan-tingkat-pendidikan-2020.xlsx for tasks to queue
[2024-06-10T07:01:03.384+0000] {logging_mixin.py:188} INFO - [2024-06-10T07:01:03.384+0000] {dagbag.py:545} INFO - Filling up the DagBag from /opt/airflow/dags/source/pengangguran-berdasarkan-tingkat-pendidikan-2020.xlsx
[2024-06-10T07:01:03.396+0000] {processor.py:842} WARNING - No viable dags retrieved from /opt/airflow/dags/source/pengangguran-berdasarkan-tingkat-pendidikan-2020.xlsx
[2024-06-10T07:01:03.408+0000] {processor.py:183} INFO - Processing /opt/airflow/dags/source/pengangguran-berdasarkan-tingkat-pendidikan-2020.xlsx took 0.033 seconds
[2024-06-10T07:01:33.525+0000] {processor.py:161} INFO - Started process (PID=1795) to work on /opt/airflow/dags/source/pengangguran-berdasarkan-tingkat-pendidikan-2020.xlsx
[2024-06-10T07:01:33.526+0000] {processor.py:830} INFO - Processing file /opt/airflow/dags/source/pengangguran-berdasarkan-tingkat-pendidikan-2020.xlsx for tasks to queue
[2024-06-10T07:01:33.527+0000] {logging_mixin.py:188} INFO - [2024-06-10T07:01:33.527+0000] {dagbag.py:545} INFO - Filling up the DagBag from /opt/airflow/dags/source/pengangguran-berdasarkan-tingkat-pendidikan-2020.xlsx
[2024-06-10T07:01:33.544+0000] {processor.py:842} WARNING - No viable dags retrieved from /opt/airflow/dags/source/pengangguran-berdasarkan-tingkat-pendidikan-2020.xlsx
[2024-06-10T07:01:33.558+0000] {processor.py:183} INFO - Processing /opt/airflow/dags/source/pengangguran-berdasarkan-tingkat-pendidikan-2020.xlsx took 0.041 seconds
[2024-06-10T07:02:03.891+0000] {processor.py:161} INFO - Started process (PID=1826) to work on /opt/airflow/dags/source/pengangguran-berdasarkan-tingkat-pendidikan-2020.xlsx
[2024-06-10T07:02:03.892+0000] {processor.py:830} INFO - Processing file /opt/airflow/dags/source/pengangguran-berdasarkan-tingkat-pendidikan-2020.xlsx for tasks to queue
[2024-06-10T07:02:03.894+0000] {logging_mixin.py:188} INFO - [2024-06-10T07:02:03.893+0000] {dagbag.py:545} INFO - Filling up the DagBag from /opt/airflow/dags/source/pengangguran-berdasarkan-tingkat-pendidikan-2020.xlsx
[2024-06-10T07:02:03.914+0000] {processor.py:842} WARNING - No viable dags retrieved from /opt/airflow/dags/source/pengangguran-berdasarkan-tingkat-pendidikan-2020.xlsx
[2024-06-10T07:02:03.931+0000] {processor.py:183} INFO - Processing /opt/airflow/dags/source/pengangguran-berdasarkan-tingkat-pendidikan-2020.xlsx took 0.047 seconds
[2024-06-10T07:02:34.326+0000] {processor.py:161} INFO - Started process (PID=1857) to work on /opt/airflow/dags/source/pengangguran-berdasarkan-tingkat-pendidikan-2020.xlsx
[2024-06-10T07:02:34.329+0000] {processor.py:830} INFO - Processing file /opt/airflow/dags/source/pengangguran-berdasarkan-tingkat-pendidikan-2020.xlsx for tasks to queue
[2024-06-10T07:02:34.332+0000] {logging_mixin.py:188} INFO - [2024-06-10T07:02:34.331+0000] {dagbag.py:545} INFO - Filling up the DagBag from /opt/airflow/dags/source/pengangguran-berdasarkan-tingkat-pendidikan-2020.xlsx
[2024-06-10T07:02:34.359+0000] {processor.py:842} WARNING - No viable dags retrieved from /opt/airflow/dags/source/pengangguran-berdasarkan-tingkat-pendidikan-2020.xlsx
[2024-06-10T07:02:34.384+0000] {processor.py:183} INFO - Processing /opt/airflow/dags/source/pengangguran-berdasarkan-tingkat-pendidikan-2020.xlsx took 0.081 seconds
[2024-06-10T07:03:04.598+0000] {processor.py:161} INFO - Started process (PID=1889) to work on /opt/airflow/dags/source/pengangguran-berdasarkan-tingkat-pendidikan-2020.xlsx
[2024-06-10T07:03:04.599+0000] {processor.py:830} INFO - Processing file /opt/airflow/dags/source/pengangguran-berdasarkan-tingkat-pendidikan-2020.xlsx for tasks to queue
[2024-06-10T07:03:04.601+0000] {logging_mixin.py:188} INFO - [2024-06-10T07:03:04.600+0000] {dagbag.py:545} INFO - Filling up the DagBag from /opt/airflow/dags/source/pengangguran-berdasarkan-tingkat-pendidikan-2020.xlsx
[2024-06-10T07:03:04.628+0000] {processor.py:842} WARNING - No viable dags retrieved from /opt/airflow/dags/source/pengangguran-berdasarkan-tingkat-pendidikan-2020.xlsx
[2024-06-10T07:03:04.653+0000] {processor.py:183} INFO - Processing /opt/airflow/dags/source/pengangguran-berdasarkan-tingkat-pendidikan-2020.xlsx took 0.065 seconds
[2024-06-10T07:03:35.004+0000] {processor.py:161} INFO - Started process (PID=1920) to work on /opt/airflow/dags/source/pengangguran-berdasarkan-tingkat-pendidikan-2020.xlsx
[2024-06-10T07:03:35.006+0000] {processor.py:830} INFO - Processing file /opt/airflow/dags/source/pengangguran-berdasarkan-tingkat-pendidikan-2020.xlsx for tasks to queue
[2024-06-10T07:03:35.008+0000] {logging_mixin.py:188} INFO - [2024-06-10T07:03:35.007+0000] {dagbag.py:545} INFO - Filling up the DagBag from /opt/airflow/dags/source/pengangguran-berdasarkan-tingkat-pendidikan-2020.xlsx
[2024-06-10T07:03:35.031+0000] {processor.py:842} WARNING - No viable dags retrieved from /opt/airflow/dags/source/pengangguran-berdasarkan-tingkat-pendidikan-2020.xlsx
[2024-06-10T07:03:35.055+0000] {processor.py:183} INFO - Processing /opt/airflow/dags/source/pengangguran-berdasarkan-tingkat-pendidikan-2020.xlsx took 0.058 seconds
[2024-06-10T07:04:05.681+0000] {processor.py:161} INFO - Started process (PID=1951) to work on /opt/airflow/dags/source/pengangguran-berdasarkan-tingkat-pendidikan-2020.xlsx
[2024-06-10T07:04:05.683+0000] {processor.py:830} INFO - Processing file /opt/airflow/dags/source/pengangguran-berdasarkan-tingkat-pendidikan-2020.xlsx for tasks to queue
[2024-06-10T07:04:05.685+0000] {logging_mixin.py:188} INFO - [2024-06-10T07:04:05.685+0000] {dagbag.py:545} INFO - Filling up the DagBag from /opt/airflow/dags/source/pengangguran-berdasarkan-tingkat-pendidikan-2020.xlsx
[2024-06-10T07:04:05.712+0000] {processor.py:842} WARNING - No viable dags retrieved from /opt/airflow/dags/source/pengangguran-berdasarkan-tingkat-pendidikan-2020.xlsx
[2024-06-10T07:04:05.732+0000] {processor.py:183} INFO - Processing /opt/airflow/dags/source/pengangguran-berdasarkan-tingkat-pendidikan-2020.xlsx took 0.064 seconds
[2024-06-10T07:04:36.045+0000] {processor.py:161} INFO - Started process (PID=1982) to work on /opt/airflow/dags/source/pengangguran-berdasarkan-tingkat-pendidikan-2020.xlsx
[2024-06-10T07:04:36.046+0000] {processor.py:830} INFO - Processing file /opt/airflow/dags/source/pengangguran-berdasarkan-tingkat-pendidikan-2020.xlsx for tasks to queue
[2024-06-10T07:04:36.048+0000] {logging_mixin.py:188} INFO - [2024-06-10T07:04:36.047+0000] {dagbag.py:545} INFO - Filling up the DagBag from /opt/airflow/dags/source/pengangguran-berdasarkan-tingkat-pendidikan-2020.xlsx
[2024-06-10T07:04:36.069+0000] {processor.py:842} WARNING - No viable dags retrieved from /opt/airflow/dags/source/pengangguran-berdasarkan-tingkat-pendidikan-2020.xlsx
[2024-06-10T07:04:36.088+0000] {processor.py:183} INFO - Processing /opt/airflow/dags/source/pengangguran-berdasarkan-tingkat-pendidikan-2020.xlsx took 0.050 seconds
[2024-06-10T07:05:06.380+0000] {processor.py:161} INFO - Started process (PID=2013) to work on /opt/airflow/dags/source/pengangguran-berdasarkan-tingkat-pendidikan-2020.xlsx
[2024-06-10T07:05:06.381+0000] {processor.py:830} INFO - Processing file /opt/airflow/dags/source/pengangguran-berdasarkan-tingkat-pendidikan-2020.xlsx for tasks to queue
[2024-06-10T07:05:06.382+0000] {logging_mixin.py:188} INFO - [2024-06-10T07:05:06.382+0000] {dagbag.py:545} INFO - Filling up the DagBag from /opt/airflow/dags/source/pengangguran-berdasarkan-tingkat-pendidikan-2020.xlsx
[2024-06-10T07:05:06.402+0000] {processor.py:842} WARNING - No viable dags retrieved from /opt/airflow/dags/source/pengangguran-berdasarkan-tingkat-pendidikan-2020.xlsx
[2024-06-10T07:05:06.417+0000] {processor.py:183} INFO - Processing /opt/airflow/dags/source/pengangguran-berdasarkan-tingkat-pendidikan-2020.xlsx took 0.044 seconds
[2024-06-10T07:05:37.050+0000] {processor.py:161} INFO - Started process (PID=2044) to work on /opt/airflow/dags/source/pengangguran-berdasarkan-tingkat-pendidikan-2020.xlsx
[2024-06-10T07:05:37.051+0000] {processor.py:830} INFO - Processing file /opt/airflow/dags/source/pengangguran-berdasarkan-tingkat-pendidikan-2020.xlsx for tasks to queue
[2024-06-10T07:05:37.053+0000] {logging_mixin.py:188} INFO - [2024-06-10T07:05:37.052+0000] {dagbag.py:545} INFO - Filling up the DagBag from /opt/airflow/dags/source/pengangguran-berdasarkan-tingkat-pendidikan-2020.xlsx
[2024-06-10T07:05:37.067+0000] {processor.py:842} WARNING - No viable dags retrieved from /opt/airflow/dags/source/pengangguran-berdasarkan-tingkat-pendidikan-2020.xlsx
[2024-06-10T07:05:37.082+0000] {processor.py:183} INFO - Processing /opt/airflow/dags/source/pengangguran-berdasarkan-tingkat-pendidikan-2020.xlsx took 0.041 seconds
[2024-06-10T07:06:07.696+0000] {processor.py:161} INFO - Started process (PID=2075) to work on /opt/airflow/dags/source/pengangguran-berdasarkan-tingkat-pendidikan-2020.xlsx
[2024-06-10T07:06:07.697+0000] {processor.py:830} INFO - Processing file /opt/airflow/dags/source/pengangguran-berdasarkan-tingkat-pendidikan-2020.xlsx for tasks to queue
[2024-06-10T07:06:07.699+0000] {logging_mixin.py:188} INFO - [2024-06-10T07:06:07.699+0000] {dagbag.py:545} INFO - Filling up the DagBag from /opt/airflow/dags/source/pengangguran-berdasarkan-tingkat-pendidikan-2020.xlsx
[2024-06-10T07:06:07.722+0000] {processor.py:842} WARNING - No viable dags retrieved from /opt/airflow/dags/source/pengangguran-berdasarkan-tingkat-pendidikan-2020.xlsx
[2024-06-10T07:06:07.749+0000] {processor.py:183} INFO - Processing /opt/airflow/dags/source/pengangguran-berdasarkan-tingkat-pendidikan-2020.xlsx took 0.065 seconds
[2024-06-10T07:06:38.249+0000] {processor.py:161} INFO - Started process (PID=2116) to work on /opt/airflow/dags/source/pengangguran-berdasarkan-tingkat-pendidikan-2020.xlsx
[2024-06-10T07:06:38.250+0000] {processor.py:830} INFO - Processing file /opt/airflow/dags/source/pengangguran-berdasarkan-tingkat-pendidikan-2020.xlsx for tasks to queue
[2024-06-10T07:06:38.252+0000] {logging_mixin.py:188} INFO - [2024-06-10T07:06:38.251+0000] {dagbag.py:545} INFO - Filling up the DagBag from /opt/airflow/dags/source/pengangguran-berdasarkan-tingkat-pendidikan-2020.xlsx
[2024-06-10T07:06:38.297+0000] {processor.py:842} WARNING - No viable dags retrieved from /opt/airflow/dags/source/pengangguran-berdasarkan-tingkat-pendidikan-2020.xlsx
[2024-06-10T07:06:38.321+0000] {processor.py:183} INFO - Processing /opt/airflow/dags/source/pengangguran-berdasarkan-tingkat-pendidikan-2020.xlsx took 0.080 seconds
[2024-06-10T07:07:08.577+0000] {processor.py:161} INFO - Started process (PID=2147) to work on /opt/airflow/dags/source/pengangguran-berdasarkan-tingkat-pendidikan-2020.xlsx
[2024-06-10T07:07:08.578+0000] {processor.py:830} INFO - Processing file /opt/airflow/dags/source/pengangguran-berdasarkan-tingkat-pendidikan-2020.xlsx for tasks to queue
[2024-06-10T07:07:08.580+0000] {logging_mixin.py:188} INFO - [2024-06-10T07:07:08.580+0000] {dagbag.py:545} INFO - Filling up the DagBag from /opt/airflow/dags/source/pengangguran-berdasarkan-tingkat-pendidikan-2020.xlsx
[2024-06-10T07:07:08.601+0000] {processor.py:842} WARNING - No viable dags retrieved from /opt/airflow/dags/source/pengangguran-berdasarkan-tingkat-pendidikan-2020.xlsx
[2024-06-10T07:07:08.618+0000] {processor.py:183} INFO - Processing /opt/airflow/dags/source/pengangguran-berdasarkan-tingkat-pendidikan-2020.xlsx took 0.048 seconds
[2024-06-10T07:07:39.284+0000] {processor.py:161} INFO - Started process (PID=2178) to work on /opt/airflow/dags/source/pengangguran-berdasarkan-tingkat-pendidikan-2020.xlsx
[2024-06-10T07:07:39.287+0000] {processor.py:830} INFO - Processing file /opt/airflow/dags/source/pengangguran-berdasarkan-tingkat-pendidikan-2020.xlsx for tasks to queue
[2024-06-10T07:07:39.290+0000] {logging_mixin.py:188} INFO - [2024-06-10T07:07:39.289+0000] {dagbag.py:545} INFO - Filling up the DagBag from /opt/airflow/dags/source/pengangguran-berdasarkan-tingkat-pendidikan-2020.xlsx
[2024-06-10T07:07:39.327+0000] {processor.py:842} WARNING - No viable dags retrieved from /opt/airflow/dags/source/pengangguran-berdasarkan-tingkat-pendidikan-2020.xlsx
[2024-06-10T07:07:39.360+0000] {processor.py:183} INFO - Processing /opt/airflow/dags/source/pengangguran-berdasarkan-tingkat-pendidikan-2020.xlsx took 0.088 seconds
[2024-06-10T07:08:10.108+0000] {processor.py:161} INFO - Started process (PID=2209) to work on /opt/airflow/dags/source/pengangguran-berdasarkan-tingkat-pendidikan-2020.xlsx
[2024-06-10T07:08:10.110+0000] {processor.py:830} INFO - Processing file /opt/airflow/dags/source/pengangguran-berdasarkan-tingkat-pendidikan-2020.xlsx for tasks to queue
[2024-06-10T07:08:10.112+0000] {logging_mixin.py:188} INFO - [2024-06-10T07:08:10.111+0000] {dagbag.py:545} INFO - Filling up the DagBag from /opt/airflow/dags/source/pengangguran-berdasarkan-tingkat-pendidikan-2020.xlsx
[2024-06-10T07:08:10.151+0000] {processor.py:842} WARNING - No viable dags retrieved from /opt/airflow/dags/source/pengangguran-berdasarkan-tingkat-pendidikan-2020.xlsx
[2024-06-10T07:08:10.174+0000] {processor.py:183} INFO - Processing /opt/airflow/dags/source/pengangguran-berdasarkan-tingkat-pendidikan-2020.xlsx took 0.104 seconds
[2024-06-10T07:08:40.806+0000] {processor.py:161} INFO - Started process (PID=2240) to work on /opt/airflow/dags/source/pengangguran-berdasarkan-tingkat-pendidikan-2020.xlsx
[2024-06-10T07:08:40.809+0000] {processor.py:830} INFO - Processing file /opt/airflow/dags/source/pengangguran-berdasarkan-tingkat-pendidikan-2020.xlsx for tasks to queue
[2024-06-10T07:08:40.811+0000] {logging_mixin.py:188} INFO - [2024-06-10T07:08:40.811+0000] {dagbag.py:545} INFO - Filling up the DagBag from /opt/airflow/dags/source/pengangguran-berdasarkan-tingkat-pendidikan-2020.xlsx
[2024-06-10T07:08:40.849+0000] {processor.py:842} WARNING - No viable dags retrieved from /opt/airflow/dags/source/pengangguran-berdasarkan-tingkat-pendidikan-2020.xlsx
[2024-06-10T07:08:40.875+0000] {processor.py:183} INFO - Processing /opt/airflow/dags/source/pengangguran-berdasarkan-tingkat-pendidikan-2020.xlsx took 0.086 seconds
[2024-06-10T07:09:11.514+0000] {processor.py:161} INFO - Started process (PID=2271) to work on /opt/airflow/dags/source/pengangguran-berdasarkan-tingkat-pendidikan-2020.xlsx
[2024-06-10T07:09:11.516+0000] {processor.py:830} INFO - Processing file /opt/airflow/dags/source/pengangguran-berdasarkan-tingkat-pendidikan-2020.xlsx for tasks to queue
[2024-06-10T07:09:11.525+0000] {logging_mixin.py:188} INFO - [2024-06-10T07:09:11.525+0000] {dagbag.py:545} INFO - Filling up the DagBag from /opt/airflow/dags/source/pengangguran-berdasarkan-tingkat-pendidikan-2020.xlsx
[2024-06-10T07:09:11.555+0000] {processor.py:842} WARNING - No viable dags retrieved from /opt/airflow/dags/source/pengangguran-berdasarkan-tingkat-pendidikan-2020.xlsx
[2024-06-10T07:09:11.580+0000] {processor.py:183} INFO - Processing /opt/airflow/dags/source/pengangguran-berdasarkan-tingkat-pendidikan-2020.xlsx took 0.080 seconds
[2024-06-10T07:09:42.173+0000] {processor.py:161} INFO - Started process (PID=2301) to work on /opt/airflow/dags/source/pengangguran-berdasarkan-tingkat-pendidikan-2020.xlsx
[2024-06-10T07:09:42.175+0000] {processor.py:830} INFO - Processing file /opt/airflow/dags/source/pengangguran-berdasarkan-tingkat-pendidikan-2020.xlsx for tasks to queue
[2024-06-10T07:09:42.178+0000] {logging_mixin.py:188} INFO - [2024-06-10T07:09:42.177+0000] {dagbag.py:545} INFO - Filling up the DagBag from /opt/airflow/dags/source/pengangguran-berdasarkan-tingkat-pendidikan-2020.xlsx
[2024-06-10T07:09:42.206+0000] {processor.py:842} WARNING - No viable dags retrieved from /opt/airflow/dags/source/pengangguran-berdasarkan-tingkat-pendidikan-2020.xlsx
[2024-06-10T07:09:42.229+0000] {processor.py:183} INFO - Processing /opt/airflow/dags/source/pengangguran-berdasarkan-tingkat-pendidikan-2020.xlsx took 0.066 seconds
[2024-06-10T07:10:12.741+0000] {processor.py:161} INFO - Started process (PID=2331) to work on /opt/airflow/dags/source/pengangguran-berdasarkan-tingkat-pendidikan-2020.xlsx
[2024-06-10T07:10:12.744+0000] {processor.py:830} INFO - Processing file /opt/airflow/dags/source/pengangguran-berdasarkan-tingkat-pendidikan-2020.xlsx for tasks to queue
[2024-06-10T07:10:12.746+0000] {logging_mixin.py:188} INFO - [2024-06-10T07:10:12.745+0000] {dagbag.py:545} INFO - Filling up the DagBag from /opt/airflow/dags/source/pengangguran-berdasarkan-tingkat-pendidikan-2020.xlsx
[2024-06-10T07:10:12.775+0000] {processor.py:842} WARNING - No viable dags retrieved from /opt/airflow/dags/source/pengangguran-berdasarkan-tingkat-pendidikan-2020.xlsx
[2024-06-10T07:10:12.809+0000] {processor.py:183} INFO - Processing /opt/airflow/dags/source/pengangguran-berdasarkan-tingkat-pendidikan-2020.xlsx took 0.080 seconds
[2024-06-10T07:10:43.032+0000] {processor.py:161} INFO - Started process (PID=2362) to work on /opt/airflow/dags/source/pengangguran-berdasarkan-tingkat-pendidikan-2020.xlsx
[2024-06-10T07:10:43.034+0000] {processor.py:830} INFO - Processing file /opt/airflow/dags/source/pengangguran-berdasarkan-tingkat-pendidikan-2020.xlsx for tasks to queue
[2024-06-10T07:10:43.036+0000] {logging_mixin.py:188} INFO - [2024-06-10T07:10:43.036+0000] {dagbag.py:545} INFO - Filling up the DagBag from /opt/airflow/dags/source/pengangguran-berdasarkan-tingkat-pendidikan-2020.xlsx
[2024-06-10T07:10:43.062+0000] {processor.py:842} WARNING - No viable dags retrieved from /opt/airflow/dags/source/pengangguran-berdasarkan-tingkat-pendidikan-2020.xlsx
[2024-06-10T07:10:43.089+0000] {processor.py:183} INFO - Processing /opt/airflow/dags/source/pengangguran-berdasarkan-tingkat-pendidikan-2020.xlsx took 0.066 seconds
[2024-06-10T07:11:13.533+0000] {processor.py:161} INFO - Started process (PID=2393) to work on /opt/airflow/dags/source/pengangguran-berdasarkan-tingkat-pendidikan-2020.xlsx
[2024-06-10T07:11:13.536+0000] {processor.py:830} INFO - Processing file /opt/airflow/dags/source/pengangguran-berdasarkan-tingkat-pendidikan-2020.xlsx for tasks to queue
[2024-06-10T07:11:13.538+0000] {logging_mixin.py:188} INFO - [2024-06-10T07:11:13.537+0000] {dagbag.py:545} INFO - Filling up the DagBag from /opt/airflow/dags/source/pengangguran-berdasarkan-tingkat-pendidikan-2020.xlsx
[2024-06-10T07:11:13.556+0000] {processor.py:842} WARNING - No viable dags retrieved from /opt/airflow/dags/source/pengangguran-berdasarkan-tingkat-pendidikan-2020.xlsx
[2024-06-10T07:11:13.573+0000] {processor.py:183} INFO - Processing /opt/airflow/dags/source/pengangguran-berdasarkan-tingkat-pendidikan-2020.xlsx took 0.052 seconds
[2024-06-10T07:11:43.846+0000] {processor.py:161} INFO - Started process (PID=2424) to work on /opt/airflow/dags/source/pengangguran-berdasarkan-tingkat-pendidikan-2020.xlsx
[2024-06-10T07:11:43.848+0000] {processor.py:830} INFO - Processing file /opt/airflow/dags/source/pengangguran-berdasarkan-tingkat-pendidikan-2020.xlsx for tasks to queue
[2024-06-10T07:11:43.849+0000] {logging_mixin.py:188} INFO - [2024-06-10T07:11:43.848+0000] {dagbag.py:545} INFO - Filling up the DagBag from /opt/airflow/dags/source/pengangguran-berdasarkan-tingkat-pendidikan-2020.xlsx
[2024-06-10T07:11:43.869+0000] {processor.py:842} WARNING - No viable dags retrieved from /opt/airflow/dags/source/pengangguran-berdasarkan-tingkat-pendidikan-2020.xlsx
[2024-06-10T07:11:43.887+0000] {processor.py:183} INFO - Processing /opt/airflow/dags/source/pengangguran-berdasarkan-tingkat-pendidikan-2020.xlsx took 0.049 seconds
[2024-06-10T07:45:37.699+0000] {processor.py:161} INFO - Started process (PID=3192) to work on /opt/airflow/dags/source/pengangguran-berdasarkan-tingkat-pendidikan-2020.xlsx
[2024-06-10T07:45:37.700+0000] {processor.py:830} INFO - Processing file /opt/airflow/dags/source/pengangguran-berdasarkan-tingkat-pendidikan-2020.xlsx for tasks to queue
[2024-06-10T07:45:37.702+0000] {logging_mixin.py:188} INFO - [2024-06-10T07:45:37.702+0000] {dagbag.py:545} INFO - Filling up the DagBag from /opt/airflow/dags/source/pengangguran-berdasarkan-tingkat-pendidikan-2020.xlsx
[2024-06-10T07:45:37.725+0000] {processor.py:842} WARNING - No viable dags retrieved from /opt/airflow/dags/source/pengangguran-berdasarkan-tingkat-pendidikan-2020.xlsx
[2024-06-10T07:45:37.739+0000] {processor.py:183} INFO - Processing /opt/airflow/dags/source/pengangguran-berdasarkan-tingkat-pendidikan-2020.xlsx took 0.046 seconds
[2024-06-10T07:46:08.241+0000] {processor.py:161} INFO - Started process (PID=3223) to work on /opt/airflow/dags/source/pengangguran-berdasarkan-tingkat-pendidikan-2020.xlsx
[2024-06-10T07:46:08.242+0000] {processor.py:830} INFO - Processing file /opt/airflow/dags/source/pengangguran-berdasarkan-tingkat-pendidikan-2020.xlsx for tasks to queue
[2024-06-10T07:46:08.243+0000] {logging_mixin.py:188} INFO - [2024-06-10T07:46:08.243+0000] {dagbag.py:545} INFO - Filling up the DagBag from /opt/airflow/dags/source/pengangguran-berdasarkan-tingkat-pendidikan-2020.xlsx
[2024-06-10T07:46:08.264+0000] {processor.py:842} WARNING - No viable dags retrieved from /opt/airflow/dags/source/pengangguran-berdasarkan-tingkat-pendidikan-2020.xlsx
[2024-06-10T07:46:08.287+0000] {processor.py:183} INFO - Processing /opt/airflow/dags/source/pengangguran-berdasarkan-tingkat-pendidikan-2020.xlsx took 0.051 seconds
[2024-06-10T07:46:38.673+0000] {processor.py:161} INFO - Started process (PID=3254) to work on /opt/airflow/dags/source/pengangguran-berdasarkan-tingkat-pendidikan-2020.xlsx
[2024-06-10T07:46:38.675+0000] {processor.py:830} INFO - Processing file /opt/airflow/dags/source/pengangguran-berdasarkan-tingkat-pendidikan-2020.xlsx for tasks to queue
[2024-06-10T07:46:38.678+0000] {logging_mixin.py:188} INFO - [2024-06-10T07:46:38.677+0000] {dagbag.py:545} INFO - Filling up the DagBag from /opt/airflow/dags/source/pengangguran-berdasarkan-tingkat-pendidikan-2020.xlsx
[2024-06-10T07:46:38.715+0000] {processor.py:842} WARNING - No viable dags retrieved from /opt/airflow/dags/source/pengangguran-berdasarkan-tingkat-pendidikan-2020.xlsx
[2024-06-10T07:46:38.738+0000] {processor.py:183} INFO - Processing /opt/airflow/dags/source/pengangguran-berdasarkan-tingkat-pendidikan-2020.xlsx took 0.079 seconds
[2024-06-10T07:47:09.361+0000] {processor.py:161} INFO - Started process (PID=3284) to work on /opt/airflow/dags/source/pengangguran-berdasarkan-tingkat-pendidikan-2020.xlsx
[2024-06-10T07:47:09.364+0000] {processor.py:830} INFO - Processing file /opt/airflow/dags/source/pengangguran-berdasarkan-tingkat-pendidikan-2020.xlsx for tasks to queue
[2024-06-10T07:47:09.365+0000] {logging_mixin.py:188} INFO - [2024-06-10T07:47:09.365+0000] {dagbag.py:545} INFO - Filling up the DagBag from /opt/airflow/dags/source/pengangguran-berdasarkan-tingkat-pendidikan-2020.xlsx
[2024-06-10T07:47:09.398+0000] {processor.py:842} WARNING - No viable dags retrieved from /opt/airflow/dags/source/pengangguran-berdasarkan-tingkat-pendidikan-2020.xlsx
[2024-06-10T07:47:09.424+0000] {processor.py:183} INFO - Processing /opt/airflow/dags/source/pengangguran-berdasarkan-tingkat-pendidikan-2020.xlsx took 0.081 seconds
[2024-06-10T07:47:40.067+0000] {processor.py:161} INFO - Started process (PID=3315) to work on /opt/airflow/dags/source/pengangguran-berdasarkan-tingkat-pendidikan-2020.xlsx
[2024-06-10T07:47:40.068+0000] {processor.py:830} INFO - Processing file /opt/airflow/dags/source/pengangguran-berdasarkan-tingkat-pendidikan-2020.xlsx for tasks to queue
[2024-06-10T07:47:40.071+0000] {logging_mixin.py:188} INFO - [2024-06-10T07:47:40.071+0000] {dagbag.py:545} INFO - Filling up the DagBag from /opt/airflow/dags/source/pengangguran-berdasarkan-tingkat-pendidikan-2020.xlsx
[2024-06-10T07:47:40.100+0000] {processor.py:842} WARNING - No viable dags retrieved from /opt/airflow/dags/source/pengangguran-berdasarkan-tingkat-pendidikan-2020.xlsx
[2024-06-10T07:47:40.123+0000] {processor.py:183} INFO - Processing /opt/airflow/dags/source/pengangguran-berdasarkan-tingkat-pendidikan-2020.xlsx took 0.071 seconds
[2024-06-10T07:48:10.663+0000] {processor.py:161} INFO - Started process (PID=3346) to work on /opt/airflow/dags/source/pengangguran-berdasarkan-tingkat-pendidikan-2020.xlsx
[2024-06-10T07:48:10.665+0000] {processor.py:830} INFO - Processing file /opt/airflow/dags/source/pengangguran-berdasarkan-tingkat-pendidikan-2020.xlsx for tasks to queue
[2024-06-10T07:48:10.668+0000] {logging_mixin.py:188} INFO - [2024-06-10T07:48:10.666+0000] {dagbag.py:545} INFO - Filling up the DagBag from /opt/airflow/dags/source/pengangguran-berdasarkan-tingkat-pendidikan-2020.xlsx
[2024-06-10T07:48:10.695+0000] {processor.py:842} WARNING - No viable dags retrieved from /opt/airflow/dags/source/pengangguran-berdasarkan-tingkat-pendidikan-2020.xlsx
[2024-06-10T07:48:10.716+0000] {processor.py:183} INFO - Processing /opt/airflow/dags/source/pengangguran-berdasarkan-tingkat-pendidikan-2020.xlsx took 0.063 seconds
[2024-06-10T07:48:41.306+0000] {processor.py:161} INFO - Started process (PID=3377) to work on /opt/airflow/dags/source/pengangguran-berdasarkan-tingkat-pendidikan-2020.xlsx
[2024-06-10T07:48:41.308+0000] {processor.py:830} INFO - Processing file /opt/airflow/dags/source/pengangguran-berdasarkan-tingkat-pendidikan-2020.xlsx for tasks to queue
[2024-06-10T07:48:41.309+0000] {logging_mixin.py:188} INFO - [2024-06-10T07:48:41.309+0000] {dagbag.py:545} INFO - Filling up the DagBag from /opt/airflow/dags/source/pengangguran-berdasarkan-tingkat-pendidikan-2020.xlsx
[2024-06-10T07:48:41.333+0000] {processor.py:842} WARNING - No viable dags retrieved from /opt/airflow/dags/source/pengangguran-berdasarkan-tingkat-pendidikan-2020.xlsx
[2024-06-10T07:48:41.354+0000] {processor.py:183} INFO - Processing /opt/airflow/dags/source/pengangguran-berdasarkan-tingkat-pendidikan-2020.xlsx took 0.059 seconds
[2024-06-10T07:49:11.840+0000] {processor.py:161} INFO - Started process (PID=3408) to work on /opt/airflow/dags/source/pengangguran-berdasarkan-tingkat-pendidikan-2020.xlsx
[2024-06-10T07:49:11.841+0000] {processor.py:830} INFO - Processing file /opt/airflow/dags/source/pengangguran-berdasarkan-tingkat-pendidikan-2020.xlsx for tasks to queue
[2024-06-10T07:49:11.843+0000] {logging_mixin.py:188} INFO - [2024-06-10T07:49:11.842+0000] {dagbag.py:545} INFO - Filling up the DagBag from /opt/airflow/dags/source/pengangguran-berdasarkan-tingkat-pendidikan-2020.xlsx
[2024-06-10T07:49:11.862+0000] {processor.py:842} WARNING - No viable dags retrieved from /opt/airflow/dags/source/pengangguran-berdasarkan-tingkat-pendidikan-2020.xlsx
[2024-06-10T07:49:11.879+0000] {processor.py:183} INFO - Processing /opt/airflow/dags/source/pengangguran-berdasarkan-tingkat-pendidikan-2020.xlsx took 0.048 seconds
[2024-06-10T07:49:42.065+0000] {processor.py:161} INFO - Started process (PID=3440) to work on /opt/airflow/dags/source/pengangguran-berdasarkan-tingkat-pendidikan-2020.xlsx
[2024-06-10T07:49:42.067+0000] {processor.py:830} INFO - Processing file /opt/airflow/dags/source/pengangguran-berdasarkan-tingkat-pendidikan-2020.xlsx for tasks to queue
[2024-06-10T07:49:42.068+0000] {logging_mixin.py:188} INFO - [2024-06-10T07:49:42.068+0000] {dagbag.py:545} INFO - Filling up the DagBag from /opt/airflow/dags/source/pengangguran-berdasarkan-tingkat-pendidikan-2020.xlsx
[2024-06-10T07:49:42.092+0000] {processor.py:842} WARNING - No viable dags retrieved from /opt/airflow/dags/source/pengangguran-berdasarkan-tingkat-pendidikan-2020.xlsx
[2024-06-10T07:49:42.108+0000] {processor.py:183} INFO - Processing /opt/airflow/dags/source/pengangguran-berdasarkan-tingkat-pendidikan-2020.xlsx took 0.052 seconds
[2024-06-10T07:50:12.606+0000] {processor.py:161} INFO - Started process (PID=3471) to work on /opt/airflow/dags/source/pengangguran-berdasarkan-tingkat-pendidikan-2020.xlsx
[2024-06-10T07:50:12.608+0000] {processor.py:830} INFO - Processing file /opt/airflow/dags/source/pengangguran-berdasarkan-tingkat-pendidikan-2020.xlsx for tasks to queue
[2024-06-10T07:50:12.610+0000] {logging_mixin.py:188} INFO - [2024-06-10T07:50:12.609+0000] {dagbag.py:545} INFO - Filling up the DagBag from /opt/airflow/dags/source/pengangguran-berdasarkan-tingkat-pendidikan-2020.xlsx
[2024-06-10T07:50:12.635+0000] {processor.py:842} WARNING - No viable dags retrieved from /opt/airflow/dags/source/pengangguran-berdasarkan-tingkat-pendidikan-2020.xlsx
[2024-06-10T07:50:12.660+0000] {processor.py:183} INFO - Processing /opt/airflow/dags/source/pengangguran-berdasarkan-tingkat-pendidikan-2020.xlsx took 0.065 seconds
[2024-06-10T07:50:43.813+0000] {processor.py:161} INFO - Started process (PID=3502) to work on /opt/airflow/dags/source/pengangguran-berdasarkan-tingkat-pendidikan-2020.xlsx
[2024-06-10T07:50:43.815+0000] {processor.py:830} INFO - Processing file /opt/airflow/dags/source/pengangguran-berdasarkan-tingkat-pendidikan-2020.xlsx for tasks to queue
[2024-06-10T07:50:43.817+0000] {logging_mixin.py:188} INFO - [2024-06-10T07:50:43.816+0000] {dagbag.py:545} INFO - Filling up the DagBag from /opt/airflow/dags/source/pengangguran-berdasarkan-tingkat-pendidikan-2020.xlsx
[2024-06-10T07:50:43.844+0000] {processor.py:842} WARNING - No viable dags retrieved from /opt/airflow/dags/source/pengangguran-berdasarkan-tingkat-pendidikan-2020.xlsx
[2024-06-10T07:50:43.868+0000] {processor.py:183} INFO - Processing /opt/airflow/dags/source/pengangguran-berdasarkan-tingkat-pendidikan-2020.xlsx took 0.066 seconds
[2024-06-10T07:51:14.626+0000] {processor.py:161} INFO - Started process (PID=3533) to work on /opt/airflow/dags/source/pengangguran-berdasarkan-tingkat-pendidikan-2020.xlsx
[2024-06-10T07:51:14.627+0000] {processor.py:830} INFO - Processing file /opt/airflow/dags/source/pengangguran-berdasarkan-tingkat-pendidikan-2020.xlsx for tasks to queue
[2024-06-10T07:51:14.629+0000] {logging_mixin.py:188} INFO - [2024-06-10T07:51:14.629+0000] {dagbag.py:545} INFO - Filling up the DagBag from /opt/airflow/dags/source/pengangguran-berdasarkan-tingkat-pendidikan-2020.xlsx
[2024-06-10T07:51:14.652+0000] {processor.py:842} WARNING - No viable dags retrieved from /opt/airflow/dags/source/pengangguran-berdasarkan-tingkat-pendidikan-2020.xlsx
[2024-06-10T07:51:14.678+0000] {processor.py:183} INFO - Processing /opt/airflow/dags/source/pengangguran-berdasarkan-tingkat-pendidikan-2020.xlsx took 0.064 seconds
[2024-06-10T07:51:45.002+0000] {processor.py:161} INFO - Started process (PID=3564) to work on /opt/airflow/dags/source/pengangguran-berdasarkan-tingkat-pendidikan-2020.xlsx
[2024-06-10T07:51:45.005+0000] {processor.py:830} INFO - Processing file /opt/airflow/dags/source/pengangguran-berdasarkan-tingkat-pendidikan-2020.xlsx for tasks to queue
[2024-06-10T07:51:45.007+0000] {logging_mixin.py:188} INFO - [2024-06-10T07:51:45.007+0000] {dagbag.py:545} INFO - Filling up the DagBag from /opt/airflow/dags/source/pengangguran-berdasarkan-tingkat-pendidikan-2020.xlsx
[2024-06-10T07:51:45.037+0000] {processor.py:842} WARNING - No viable dags retrieved from /opt/airflow/dags/source/pengangguran-berdasarkan-tingkat-pendidikan-2020.xlsx
[2024-06-10T07:51:45.062+0000] {processor.py:183} INFO - Processing /opt/airflow/dags/source/pengangguran-berdasarkan-tingkat-pendidikan-2020.xlsx took 0.070 seconds
