[2024-06-10T05:38:24.097+0000] {processor.py:161} INFO - Started process (PID=177) to work on /opt/airflow/dags/source/struktur-pemuda-berdasarkan-pendidikan-2020.xlsx
[2024-06-10T05:38:24.099+0000] {processor.py:830} INFO - Processing file /opt/airflow/dags/source/struktur-pemuda-berdasarkan-pendidikan-2020.xlsx for tasks to queue
[2024-06-10T05:38:24.102+0000] {logging_mixin.py:188} INFO - [2024-06-10T05:38:24.101+0000] {dagbag.py:545} INFO - Filling up the DagBag from /opt/airflow/dags/source/struktur-pemuda-berdasarkan-pendidikan-2020.xlsx
[2024-06-10T05:38:24.123+0000] {processor.py:842} WARNING - No viable dags retrieved from /opt/airflow/dags/source/struktur-pemuda-berdasarkan-pendidikan-2020.xlsx
[2024-06-10T05:38:24.142+0000] {processor.py:183} INFO - Processing /opt/airflow/dags/source/struktur-pemuda-berdasarkan-pendidikan-2020.xlsx took 0.054 seconds
[2024-06-10T05:38:55.254+0000] {processor.py:161} INFO - Started process (PID=208) to work on /opt/airflow/dags/source/struktur-pemuda-berdasarkan-pendidikan-2020.xlsx
[2024-06-10T05:38:55.261+0000] {processor.py:830} INFO - Processing file /opt/airflow/dags/source/struktur-pemuda-berdasarkan-pendidikan-2020.xlsx for tasks to queue
[2024-06-10T05:38:55.281+0000] {logging_mixin.py:188} INFO - [2024-06-10T05:38:55.277+0000] {dagbag.py:545} INFO - Filling up the DagBag from /opt/airflow/dags/source/struktur-pemuda-berdasarkan-pendidikan-2020.xlsx
[2024-06-10T05:38:55.336+0000] {processor.py:842} WARNING - No viable dags retrieved from /opt/airflow/dags/source/struktur-pemuda-berdasarkan-pendidikan-2020.xlsx
[2024-06-10T05:38:55.448+0000] {processor.py:183} INFO - Processing /opt/airflow/dags/source/struktur-pemuda-berdasarkan-pendidikan-2020.xlsx took 0.257 seconds
[2024-06-10T07:00:33.169+0000] {processor.py:161} INFO - Started process (PID=1730) to work on /opt/airflow/dags/source/struktur-pemuda-berdasarkan-pendidikan-2020.xlsx
[2024-06-10T07:00:33.170+0000] {processor.py:830} INFO - Processing file /opt/airflow/dags/source/struktur-pemuda-berdasarkan-pendidikan-2020.xlsx for tasks to queue
[2024-06-10T07:00:33.172+0000] {logging_mixin.py:188} INFO - [2024-06-10T07:00:33.171+0000] {dagbag.py:545} INFO - Filling up the DagBag from /opt/airflow/dags/source/struktur-pemuda-berdasarkan-pendidikan-2020.xlsx
[2024-06-10T07:00:33.192+0000] {processor.py:842} WARNING - No viable dags retrieved from /opt/airflow/dags/source/struktur-pemuda-berdasarkan-pendidikan-2020.xlsx
[2024-06-10T07:00:33.207+0000] {processor.py:183} INFO - Processing /opt/airflow/dags/source/struktur-pemuda-berdasarkan-pendidikan-2020.xlsx took 0.045 seconds
[2024-06-10T07:01:03.327+0000] {processor.py:161} INFO - Started process (PID=1761) to work on /opt/airflow/dags/source/struktur-pemuda-berdasarkan-pendidikan-2020.xlsx
[2024-06-10T07:01:03.328+0000] {processor.py:830} INFO - Processing file /opt/airflow/dags/source/struktur-pemuda-berdasarkan-pendidikan-2020.xlsx for tasks to queue
[2024-06-10T07:01:03.330+0000] {logging_mixin.py:188} INFO - [2024-06-10T07:01:03.329+0000] {dagbag.py:545} INFO - Filling up the DagBag from /opt/airflow/dags/source/struktur-pemuda-berdasarkan-pendidikan-2020.xlsx
[2024-06-10T07:01:03.344+0000] {processor.py:842} WARNING - No viable dags retrieved from /opt/airflow/dags/source/struktur-pemuda-berdasarkan-pendidikan-2020.xlsx
[2024-06-10T07:01:03.356+0000] {processor.py:183} INFO - Processing /opt/airflow/dags/source/struktur-pemuda-berdasarkan-pendidikan-2020.xlsx took 0.038 seconds
[2024-06-10T07:01:33.507+0000] {processor.py:161} INFO - Started process (PID=1792) to work on /opt/airflow/dags/source/struktur-pemuda-berdasarkan-pendidikan-2020.xlsx
[2024-06-10T07:01:33.508+0000] {processor.py:830} INFO - Processing file /opt/airflow/dags/source/struktur-pemuda-berdasarkan-pendidikan-2020.xlsx for tasks to queue
[2024-06-10T07:01:33.510+0000] {logging_mixin.py:188} INFO - [2024-06-10T07:01:33.509+0000] {dagbag.py:545} INFO - Filling up the DagBag from /opt/airflow/dags/source/struktur-pemuda-berdasarkan-pendidikan-2020.xlsx
[2024-06-10T07:01:33.531+0000] {processor.py:842} WARNING - No viable dags retrieved from /opt/airflow/dags/source/struktur-pemuda-berdasarkan-pendidikan-2020.xlsx
[2024-06-10T07:01:33.553+0000] {processor.py:183} INFO - Processing /opt/airflow/dags/source/struktur-pemuda-berdasarkan-pendidikan-2020.xlsx took 0.054 seconds
[2024-06-10T07:02:03.874+0000] {processor.py:161} INFO - Started process (PID=1823) to work on /opt/airflow/dags/source/struktur-pemuda-berdasarkan-pendidikan-2020.xlsx
[2024-06-10T07:02:03.876+0000] {processor.py:830} INFO - Processing file /opt/airflow/dags/source/struktur-pemuda-berdasarkan-pendidikan-2020.xlsx for tasks to queue
[2024-06-10T07:02:03.877+0000] {logging_mixin.py:188} INFO - [2024-06-10T07:02:03.877+0000] {dagbag.py:545} INFO - Filling up the DagBag from /opt/airflow/dags/source/struktur-pemuda-berdasarkan-pendidikan-2020.xlsx
[2024-06-10T07:02:03.903+0000] {processor.py:842} WARNING - No viable dags retrieved from /opt/airflow/dags/source/struktur-pemuda-berdasarkan-pendidikan-2020.xlsx
[2024-06-10T07:02:03.920+0000] {processor.py:183} INFO - Processing /opt/airflow/dags/source/struktur-pemuda-berdasarkan-pendidikan-2020.xlsx took 0.053 seconds
[2024-06-10T07:02:34.309+0000] {processor.py:161} INFO - Started process (PID=1854) to work on /opt/airflow/dags/source/struktur-pemuda-berdasarkan-pendidikan-2020.xlsx
[2024-06-10T07:02:34.312+0000] {processor.py:830} INFO - Processing file /opt/airflow/dags/source/struktur-pemuda-berdasarkan-pendidikan-2020.xlsx for tasks to queue
[2024-06-10T07:02:34.314+0000] {logging_mixin.py:188} INFO - [2024-06-10T07:02:34.313+0000] {dagbag.py:545} INFO - Filling up the DagBag from /opt/airflow/dags/source/struktur-pemuda-berdasarkan-pendidikan-2020.xlsx
[2024-06-10T07:02:34.346+0000] {processor.py:842} WARNING - No viable dags retrieved from /opt/airflow/dags/source/struktur-pemuda-berdasarkan-pendidikan-2020.xlsx
[2024-06-10T07:02:34.368+0000] {processor.py:183} INFO - Processing /opt/airflow/dags/source/struktur-pemuda-berdasarkan-pendidikan-2020.xlsx took 0.104 seconds
[2024-06-10T07:03:04.568+0000] {processor.py:161} INFO - Started process (PID=1886) to work on /opt/airflow/dags/source/struktur-pemuda-berdasarkan-pendidikan-2020.xlsx
[2024-06-10T07:03:04.570+0000] {processor.py:830} INFO - Processing file /opt/airflow/dags/source/struktur-pemuda-berdasarkan-pendidikan-2020.xlsx for tasks to queue
[2024-06-10T07:03:04.572+0000] {logging_mixin.py:188} INFO - [2024-06-10T07:03:04.571+0000] {dagbag.py:545} INFO - Filling up the DagBag from /opt/airflow/dags/source/struktur-pemuda-berdasarkan-pendidikan-2020.xlsx
[2024-06-10T07:03:04.603+0000] {processor.py:842} WARNING - No viable dags retrieved from /opt/airflow/dags/source/struktur-pemuda-berdasarkan-pendidikan-2020.xlsx
[2024-06-10T07:03:04.627+0000] {processor.py:183} INFO - Processing /opt/airflow/dags/source/struktur-pemuda-berdasarkan-pendidikan-2020.xlsx took 0.070 seconds
[2024-06-10T07:03:34.986+0000] {processor.py:161} INFO - Started process (PID=1917) to work on /opt/airflow/dags/source/struktur-pemuda-berdasarkan-pendidikan-2020.xlsx
[2024-06-10T07:03:34.987+0000] {processor.py:830} INFO - Processing file /opt/airflow/dags/source/struktur-pemuda-berdasarkan-pendidikan-2020.xlsx for tasks to queue
[2024-06-10T07:03:34.989+0000] {logging_mixin.py:188} INFO - [2024-06-10T07:03:34.988+0000] {dagbag.py:545} INFO - Filling up the DagBag from /opt/airflow/dags/source/struktur-pemuda-berdasarkan-pendidikan-2020.xlsx
[2024-06-10T07:03:35.017+0000] {processor.py:842} WARNING - No viable dags retrieved from /opt/airflow/dags/source/struktur-pemuda-berdasarkan-pendidikan-2020.xlsx
[2024-06-10T07:03:35.034+0000] {processor.py:183} INFO - Processing /opt/airflow/dags/source/struktur-pemuda-berdasarkan-pendidikan-2020.xlsx took 0.055 seconds
[2024-06-10T07:04:05.655+0000] {processor.py:161} INFO - Started process (PID=1948) to work on /opt/airflow/dags/source/struktur-pemuda-berdasarkan-pendidikan-2020.xlsx
[2024-06-10T07:04:05.656+0000] {processor.py:830} INFO - Processing file /opt/airflow/dags/source/struktur-pemuda-berdasarkan-pendidikan-2020.xlsx for tasks to queue
[2024-06-10T07:04:05.659+0000] {logging_mixin.py:188} INFO - [2024-06-10T07:04:05.658+0000] {dagbag.py:545} INFO - Filling up the DagBag from /opt/airflow/dags/source/struktur-pemuda-berdasarkan-pendidikan-2020.xlsx
[2024-06-10T07:04:05.694+0000] {processor.py:842} WARNING - No viable dags retrieved from /opt/airflow/dags/source/struktur-pemuda-berdasarkan-pendidikan-2020.xlsx
[2024-06-10T07:04:05.717+0000] {processor.py:183} INFO - Processing /opt/airflow/dags/source/struktur-pemuda-berdasarkan-pendidikan-2020.xlsx took 0.078 seconds
[2024-06-10T07:04:36.021+0000] {processor.py:161} INFO - Started process (PID=1979) to work on /opt/airflow/dags/source/struktur-pemuda-berdasarkan-pendidikan-2020.xlsx
[2024-06-10T07:04:36.023+0000] {processor.py:830} INFO - Processing file /opt/airflow/dags/source/struktur-pemuda-berdasarkan-pendidikan-2020.xlsx for tasks to queue
[2024-06-10T07:04:36.024+0000] {logging_mixin.py:188} INFO - [2024-06-10T07:04:36.024+0000] {dagbag.py:545} INFO - Filling up the DagBag from /opt/airflow/dags/source/struktur-pemuda-berdasarkan-pendidikan-2020.xlsx
[2024-06-10T07:04:36.050+0000] {processor.py:842} WARNING - No viable dags retrieved from /opt/airflow/dags/source/struktur-pemuda-berdasarkan-pendidikan-2020.xlsx
[2024-06-10T07:04:36.065+0000] {processor.py:183} INFO - Processing /opt/airflow/dags/source/struktur-pemuda-berdasarkan-pendidikan-2020.xlsx took 0.050 seconds
[2024-06-10T07:05:06.361+0000] {processor.py:161} INFO - Started process (PID=2010) to work on /opt/airflow/dags/source/struktur-pemuda-berdasarkan-pendidikan-2020.xlsx
[2024-06-10T07:05:06.363+0000] {processor.py:830} INFO - Processing file /opt/airflow/dags/source/struktur-pemuda-berdasarkan-pendidikan-2020.xlsx for tasks to queue
[2024-06-10T07:05:06.364+0000] {logging_mixin.py:188} INFO - [2024-06-10T07:05:06.364+0000] {dagbag.py:545} INFO - Filling up the DagBag from /opt/airflow/dags/source/struktur-pemuda-berdasarkan-pendidikan-2020.xlsx
[2024-06-10T07:05:06.390+0000] {processor.py:842} WARNING - No viable dags retrieved from /opt/airflow/dags/source/struktur-pemuda-berdasarkan-pendidikan-2020.xlsx
[2024-06-10T07:05:06.406+0000] {processor.py:183} INFO - Processing /opt/airflow/dags/source/struktur-pemuda-berdasarkan-pendidikan-2020.xlsx took 0.051 seconds
[2024-06-10T07:05:37.031+0000] {processor.py:161} INFO - Started process (PID=2041) to work on /opt/airflow/dags/source/struktur-pemuda-berdasarkan-pendidikan-2020.xlsx
[2024-06-10T07:05:37.033+0000] {processor.py:830} INFO - Processing file /opt/airflow/dags/source/struktur-pemuda-berdasarkan-pendidikan-2020.xlsx for tasks to queue
[2024-06-10T07:05:37.035+0000] {logging_mixin.py:188} INFO - [2024-06-10T07:05:37.034+0000] {dagbag.py:545} INFO - Filling up the DagBag from /opt/airflow/dags/source/struktur-pemuda-berdasarkan-pendidikan-2020.xlsx
[2024-06-10T07:05:37.051+0000] {processor.py:842} WARNING - No viable dags retrieved from /opt/airflow/dags/source/struktur-pemuda-berdasarkan-pendidikan-2020.xlsx
[2024-06-10T07:05:37.067+0000] {processor.py:183} INFO - Processing /opt/airflow/dags/source/struktur-pemuda-berdasarkan-pendidikan-2020.xlsx took 0.048 seconds
[2024-06-10T07:06:07.671+0000] {processor.py:161} INFO - Started process (PID=2072) to work on /opt/airflow/dags/source/struktur-pemuda-berdasarkan-pendidikan-2020.xlsx
[2024-06-10T07:06:07.674+0000] {processor.py:830} INFO - Processing file /opt/airflow/dags/source/struktur-pemuda-berdasarkan-pendidikan-2020.xlsx for tasks to queue
[2024-06-10T07:06:07.676+0000] {logging_mixin.py:188} INFO - [2024-06-10T07:06:07.675+0000] {dagbag.py:545} INFO - Filling up the DagBag from /opt/airflow/dags/source/struktur-pemuda-berdasarkan-pendidikan-2020.xlsx
[2024-06-10T07:06:07.703+0000] {processor.py:842} WARNING - No viable dags retrieved from /opt/airflow/dags/source/struktur-pemuda-berdasarkan-pendidikan-2020.xlsx
[2024-06-10T07:06:07.726+0000] {processor.py:183} INFO - Processing /opt/airflow/dags/source/struktur-pemuda-berdasarkan-pendidikan-2020.xlsx took 0.066 seconds
[2024-06-10T07:06:38.226+0000] {processor.py:161} INFO - Started process (PID=2113) to work on /opt/airflow/dags/source/struktur-pemuda-berdasarkan-pendidikan-2020.xlsx
[2024-06-10T07:06:38.231+0000] {processor.py:830} INFO - Processing file /opt/airflow/dags/source/struktur-pemuda-berdasarkan-pendidikan-2020.xlsx for tasks to queue
[2024-06-10T07:06:38.234+0000] {logging_mixin.py:188} INFO - [2024-06-10T07:06:38.233+0000] {dagbag.py:545} INFO - Filling up the DagBag from /opt/airflow/dags/source/struktur-pemuda-berdasarkan-pendidikan-2020.xlsx
[2024-06-10T07:06:38.269+0000] {processor.py:842} WARNING - No viable dags retrieved from /opt/airflow/dags/source/struktur-pemuda-berdasarkan-pendidikan-2020.xlsx
[2024-06-10T07:06:38.291+0000] {processor.py:183} INFO - Processing /opt/airflow/dags/source/struktur-pemuda-berdasarkan-pendidikan-2020.xlsx took 0.087 seconds
[2024-06-10T07:07:08.558+0000] {processor.py:161} INFO - Started process (PID=2144) to work on /opt/airflow/dags/source/struktur-pemuda-berdasarkan-pendidikan-2020.xlsx
[2024-06-10T07:07:08.560+0000] {processor.py:830} INFO - Processing file /opt/airflow/dags/source/struktur-pemuda-berdasarkan-pendidikan-2020.xlsx for tasks to queue
[2024-06-10T07:07:08.561+0000] {logging_mixin.py:188} INFO - [2024-06-10T07:07:08.561+0000] {dagbag.py:545} INFO - Filling up the DagBag from /opt/airflow/dags/source/struktur-pemuda-berdasarkan-pendidikan-2020.xlsx
[2024-06-10T07:07:08.588+0000] {processor.py:842} WARNING - No viable dags retrieved from /opt/airflow/dags/source/struktur-pemuda-berdasarkan-pendidikan-2020.xlsx
[2024-06-10T07:07:08.605+0000] {processor.py:183} INFO - Processing /opt/airflow/dags/source/struktur-pemuda-berdasarkan-pendidikan-2020.xlsx took 0.054 seconds
[2024-06-10T07:07:39.258+0000] {processor.py:161} INFO - Started process (PID=2175) to work on /opt/airflow/dags/source/struktur-pemuda-berdasarkan-pendidikan-2020.xlsx
[2024-06-10T07:07:39.260+0000] {processor.py:830} INFO - Processing file /opt/airflow/dags/source/struktur-pemuda-berdasarkan-pendidikan-2020.xlsx for tasks to queue
[2024-06-10T07:07:39.262+0000] {logging_mixin.py:188} INFO - [2024-06-10T07:07:39.261+0000] {dagbag.py:545} INFO - Filling up the DagBag from /opt/airflow/dags/source/struktur-pemuda-berdasarkan-pendidikan-2020.xlsx
[2024-06-10T07:07:39.300+0000] {processor.py:842} WARNING - No viable dags retrieved from /opt/airflow/dags/source/struktur-pemuda-berdasarkan-pendidikan-2020.xlsx
[2024-06-10T07:07:39.322+0000] {processor.py:183} INFO - Processing /opt/airflow/dags/source/struktur-pemuda-berdasarkan-pendidikan-2020.xlsx took 0.078 seconds
[2024-06-10T07:08:10.053+0000] {processor.py:161} INFO - Started process (PID=2206) to work on /opt/airflow/dags/source/struktur-pemuda-berdasarkan-pendidikan-2020.xlsx
[2024-06-10T07:08:10.056+0000] {processor.py:830} INFO - Processing file /opt/airflow/dags/source/struktur-pemuda-berdasarkan-pendidikan-2020.xlsx for tasks to queue
[2024-06-10T07:08:10.058+0000] {logging_mixin.py:188} INFO - [2024-06-10T07:08:10.057+0000] {dagbag.py:545} INFO - Filling up the DagBag from /opt/airflow/dags/source/struktur-pemuda-berdasarkan-pendidikan-2020.xlsx
[2024-06-10T07:08:10.109+0000] {processor.py:842} WARNING - No viable dags retrieved from /opt/airflow/dags/source/struktur-pemuda-berdasarkan-pendidikan-2020.xlsx
[2024-06-10T07:08:10.143+0000] {processor.py:183} INFO - Processing /opt/airflow/dags/source/struktur-pemuda-berdasarkan-pendidikan-2020.xlsx took 0.111 seconds
[2024-06-10T07:08:40.777+0000] {processor.py:161} INFO - Started process (PID=2237) to work on /opt/airflow/dags/source/struktur-pemuda-berdasarkan-pendidikan-2020.xlsx
[2024-06-10T07:08:40.779+0000] {processor.py:830} INFO - Processing file /opt/airflow/dags/source/struktur-pemuda-berdasarkan-pendidikan-2020.xlsx for tasks to queue
[2024-06-10T07:08:40.783+0000] {logging_mixin.py:188} INFO - [2024-06-10T07:08:40.782+0000] {dagbag.py:545} INFO - Filling up the DagBag from /opt/airflow/dags/source/struktur-pemuda-berdasarkan-pendidikan-2020.xlsx
[2024-06-10T07:08:40.821+0000] {processor.py:842} WARNING - No viable dags retrieved from /opt/airflow/dags/source/struktur-pemuda-berdasarkan-pendidikan-2020.xlsx
[2024-06-10T07:08:40.862+0000] {processor.py:183} INFO - Processing /opt/airflow/dags/source/struktur-pemuda-berdasarkan-pendidikan-2020.xlsx took 0.119 seconds
[2024-06-10T07:09:11.480+0000] {processor.py:161} INFO - Started process (PID=2268) to work on /opt/airflow/dags/source/struktur-pemuda-berdasarkan-pendidikan-2020.xlsx
[2024-06-10T07:09:11.482+0000] {processor.py:830} INFO - Processing file /opt/airflow/dags/source/struktur-pemuda-berdasarkan-pendidikan-2020.xlsx for tasks to queue
[2024-06-10T07:09:11.484+0000] {logging_mixin.py:188} INFO - [2024-06-10T07:09:11.484+0000] {dagbag.py:545} INFO - Filling up the DagBag from /opt/airflow/dags/source/struktur-pemuda-berdasarkan-pendidikan-2020.xlsx
[2024-06-10T07:09:11.515+0000] {processor.py:842} WARNING - No viable dags retrieved from /opt/airflow/dags/source/struktur-pemuda-berdasarkan-pendidikan-2020.xlsx
[2024-06-10T07:09:11.558+0000] {processor.py:183} INFO - Processing /opt/airflow/dags/source/struktur-pemuda-berdasarkan-pendidikan-2020.xlsx took 0.091 seconds
[2024-06-10T07:09:42.145+0000] {processor.py:161} INFO - Started process (PID=2298) to work on /opt/airflow/dags/source/struktur-pemuda-berdasarkan-pendidikan-2020.xlsx
[2024-06-10T07:09:42.158+0000] {processor.py:830} INFO - Processing file /opt/airflow/dags/source/struktur-pemuda-berdasarkan-pendidikan-2020.xlsx for tasks to queue
[2024-06-10T07:09:42.161+0000] {logging_mixin.py:188} INFO - [2024-06-10T07:09:42.160+0000] {dagbag.py:545} INFO - Filling up the DagBag from /opt/airflow/dags/source/struktur-pemuda-berdasarkan-pendidikan-2020.xlsx
[2024-06-10T07:09:42.191+0000] {processor.py:842} WARNING - No viable dags retrieved from /opt/airflow/dags/source/struktur-pemuda-berdasarkan-pendidikan-2020.xlsx
[2024-06-10T07:09:42.217+0000] {processor.py:183} INFO - Processing /opt/airflow/dags/source/struktur-pemuda-berdasarkan-pendidikan-2020.xlsx took 0.094 seconds
[2024-06-10T07:10:12.708+0000] {processor.py:161} INFO - Started process (PID=2328) to work on /opt/airflow/dags/source/struktur-pemuda-berdasarkan-pendidikan-2020.xlsx
[2024-06-10T07:10:12.710+0000] {processor.py:830} INFO - Processing file /opt/airflow/dags/source/struktur-pemuda-berdasarkan-pendidikan-2020.xlsx for tasks to queue
[2024-06-10T07:10:12.712+0000] {logging_mixin.py:188} INFO - [2024-06-10T07:10:12.711+0000] {dagbag.py:545} INFO - Filling up the DagBag from /opt/airflow/dags/source/struktur-pemuda-berdasarkan-pendidikan-2020.xlsx
[2024-06-10T07:10:12.748+0000] {processor.py:842} WARNING - No viable dags retrieved from /opt/airflow/dags/source/struktur-pemuda-berdasarkan-pendidikan-2020.xlsx
[2024-06-10T07:10:12.772+0000] {processor.py:183} INFO - Processing /opt/airflow/dags/source/struktur-pemuda-berdasarkan-pendidikan-2020.xlsx took 0.077 seconds
[2024-06-10T07:10:43.011+0000] {processor.py:161} INFO - Started process (PID=2359) to work on /opt/airflow/dags/source/struktur-pemuda-berdasarkan-pendidikan-2020.xlsx
[2024-06-10T07:10:43.013+0000] {processor.py:830} INFO - Processing file /opt/airflow/dags/source/struktur-pemuda-berdasarkan-pendidikan-2020.xlsx for tasks to queue
[2024-06-10T07:10:43.015+0000] {logging_mixin.py:188} INFO - [2024-06-10T07:10:43.014+0000] {dagbag.py:545} INFO - Filling up the DagBag from /opt/airflow/dags/source/struktur-pemuda-berdasarkan-pendidikan-2020.xlsx
[2024-06-10T07:10:43.044+0000] {processor.py:842} WARNING - No viable dags retrieved from /opt/airflow/dags/source/struktur-pemuda-berdasarkan-pendidikan-2020.xlsx
[2024-06-10T07:10:43.069+0000] {processor.py:183} INFO - Processing /opt/airflow/dags/source/struktur-pemuda-berdasarkan-pendidikan-2020.xlsx took 0.071 seconds
[2024-06-10T07:11:13.513+0000] {processor.py:161} INFO - Started process (PID=2390) to work on /opt/airflow/dags/source/struktur-pemuda-berdasarkan-pendidikan-2020.xlsx
[2024-06-10T07:11:13.515+0000] {processor.py:830} INFO - Processing file /opt/airflow/dags/source/struktur-pemuda-berdasarkan-pendidikan-2020.xlsx for tasks to queue
[2024-06-10T07:11:13.519+0000] {logging_mixin.py:188} INFO - [2024-06-10T07:11:13.519+0000] {dagbag.py:545} INFO - Filling up the DagBag from /opt/airflow/dags/source/struktur-pemuda-berdasarkan-pendidikan-2020.xlsx
[2024-06-10T07:11:13.547+0000] {processor.py:842} WARNING - No viable dags retrieved from /opt/airflow/dags/source/struktur-pemuda-berdasarkan-pendidikan-2020.xlsx
[2024-06-10T07:11:13.564+0000] {processor.py:183} INFO - Processing /opt/airflow/dags/source/struktur-pemuda-berdasarkan-pendidikan-2020.xlsx took 0.059 seconds
[2024-06-10T07:11:43.816+0000] {processor.py:161} INFO - Started process (PID=2421) to work on /opt/airflow/dags/source/struktur-pemuda-berdasarkan-pendidikan-2020.xlsx
[2024-06-10T07:11:43.826+0000] {processor.py:830} INFO - Processing file /opt/airflow/dags/source/struktur-pemuda-berdasarkan-pendidikan-2020.xlsx for tasks to queue
[2024-06-10T07:11:43.828+0000] {logging_mixin.py:188} INFO - [2024-06-10T07:11:43.827+0000] {dagbag.py:545} INFO - Filling up the DagBag from /opt/airflow/dags/source/struktur-pemuda-berdasarkan-pendidikan-2020.xlsx
[2024-06-10T07:11:43.850+0000] {processor.py:842} WARNING - No viable dags retrieved from /opt/airflow/dags/source/struktur-pemuda-berdasarkan-pendidikan-2020.xlsx
[2024-06-10T07:11:43.866+0000] {processor.py:183} INFO - Processing /opt/airflow/dags/source/struktur-pemuda-berdasarkan-pendidikan-2020.xlsx took 0.096 seconds
[2024-06-10T07:45:37.679+0000] {processor.py:161} INFO - Started process (PID=3189) to work on /opt/airflow/dags/source/struktur-pemuda-berdasarkan-pendidikan-2020.xlsx
[2024-06-10T07:45:37.680+0000] {processor.py:830} INFO - Processing file /opt/airflow/dags/source/struktur-pemuda-berdasarkan-pendidikan-2020.xlsx for tasks to queue
[2024-06-10T07:45:37.682+0000] {logging_mixin.py:188} INFO - [2024-06-10T07:45:37.682+0000] {dagbag.py:545} INFO - Filling up the DagBag from /opt/airflow/dags/source/struktur-pemuda-berdasarkan-pendidikan-2020.xlsx
[2024-06-10T07:45:37.713+0000] {processor.py:842} WARNING - No viable dags retrieved from /opt/airflow/dags/source/struktur-pemuda-berdasarkan-pendidikan-2020.xlsx
[2024-06-10T07:45:37.729+0000] {processor.py:183} INFO - Processing /opt/airflow/dags/source/struktur-pemuda-berdasarkan-pendidikan-2020.xlsx took 0.056 seconds
[2024-06-10T07:46:08.231+0000] {processor.py:161} INFO - Started process (PID=3220) to work on /opt/airflow/dags/source/struktur-pemuda-berdasarkan-pendidikan-2020.xlsx
[2024-06-10T07:46:08.232+0000] {processor.py:830} INFO - Processing file /opt/airflow/dags/source/struktur-pemuda-berdasarkan-pendidikan-2020.xlsx for tasks to queue
[2024-06-10T07:46:08.235+0000] {logging_mixin.py:188} INFO - [2024-06-10T07:46:08.233+0000] {dagbag.py:545} INFO - Filling up the DagBag from /opt/airflow/dags/source/struktur-pemuda-berdasarkan-pendidikan-2020.xlsx
[2024-06-10T07:46:08.256+0000] {processor.py:842} WARNING - No viable dags retrieved from /opt/airflow/dags/source/struktur-pemuda-berdasarkan-pendidikan-2020.xlsx
[2024-06-10T07:46:08.271+0000] {processor.py:183} INFO - Processing /opt/airflow/dags/source/struktur-pemuda-berdasarkan-pendidikan-2020.xlsx took 0.047 seconds
[2024-06-10T07:46:38.648+0000] {processor.py:161} INFO - Started process (PID=3251) to work on /opt/airflow/dags/source/struktur-pemuda-berdasarkan-pendidikan-2020.xlsx
[2024-06-10T07:46:38.650+0000] {processor.py:830} INFO - Processing file /opt/airflow/dags/source/struktur-pemuda-berdasarkan-pendidikan-2020.xlsx for tasks to queue
[2024-06-10T07:46:38.653+0000] {logging_mixin.py:188} INFO - [2024-06-10T07:46:38.652+0000] {dagbag.py:545} INFO - Filling up the DagBag from /opt/airflow/dags/source/struktur-pemuda-berdasarkan-pendidikan-2020.xlsx
[2024-06-10T07:46:38.679+0000] {processor.py:842} WARNING - No viable dags retrieved from /opt/airflow/dags/source/struktur-pemuda-berdasarkan-pendidikan-2020.xlsx
[2024-06-10T07:46:38.725+0000] {processor.py:183} INFO - Processing /opt/airflow/dags/source/struktur-pemuda-berdasarkan-pendidikan-2020.xlsx took 0.092 seconds
[2024-06-10T07:47:09.320+0000] {processor.py:161} INFO - Started process (PID=3281) to work on /opt/airflow/dags/source/struktur-pemuda-berdasarkan-pendidikan-2020.xlsx
[2024-06-10T07:47:09.323+0000] {processor.py:830} INFO - Processing file /opt/airflow/dags/source/struktur-pemuda-berdasarkan-pendidikan-2020.xlsx for tasks to queue
[2024-06-10T07:47:09.326+0000] {logging_mixin.py:188} INFO - [2024-06-10T07:47:09.325+0000] {dagbag.py:545} INFO - Filling up the DagBag from /opt/airflow/dags/source/struktur-pemuda-berdasarkan-pendidikan-2020.xlsx
[2024-06-10T07:47:09.364+0000] {processor.py:842} WARNING - No viable dags retrieved from /opt/airflow/dags/source/struktur-pemuda-berdasarkan-pendidikan-2020.xlsx
[2024-06-10T07:47:09.390+0000] {processor.py:183} INFO - Processing /opt/airflow/dags/source/struktur-pemuda-berdasarkan-pendidikan-2020.xlsx took 0.092 seconds
[2024-06-10T07:47:40.034+0000] {processor.py:161} INFO - Started process (PID=3312) to work on /opt/airflow/dags/source/struktur-pemuda-berdasarkan-pendidikan-2020.xlsx
[2024-06-10T07:47:40.036+0000] {processor.py:830} INFO - Processing file /opt/airflow/dags/source/struktur-pemuda-berdasarkan-pendidikan-2020.xlsx for tasks to queue
[2024-06-10T07:47:40.038+0000] {logging_mixin.py:188} INFO - [2024-06-10T07:47:40.037+0000] {dagbag.py:545} INFO - Filling up the DagBag from /opt/airflow/dags/source/struktur-pemuda-berdasarkan-pendidikan-2020.xlsx
[2024-06-10T07:47:40.074+0000] {processor.py:842} WARNING - No viable dags retrieved from /opt/airflow/dags/source/struktur-pemuda-berdasarkan-pendidikan-2020.xlsx
[2024-06-10T07:47:40.098+0000] {processor.py:183} INFO - Processing /opt/airflow/dags/source/struktur-pemuda-berdasarkan-pendidikan-2020.xlsx took 0.076 seconds
[2024-06-10T07:48:10.639+0000] {processor.py:161} INFO - Started process (PID=3343) to work on /opt/airflow/dags/source/struktur-pemuda-berdasarkan-pendidikan-2020.xlsx
[2024-06-10T07:48:10.641+0000] {processor.py:830} INFO - Processing file /opt/airflow/dags/source/struktur-pemuda-berdasarkan-pendidikan-2020.xlsx for tasks to queue
[2024-06-10T07:48:10.642+0000] {logging_mixin.py:188} INFO - [2024-06-10T07:48:10.642+0000] {dagbag.py:545} INFO - Filling up the DagBag from /opt/airflow/dags/source/struktur-pemuda-berdasarkan-pendidikan-2020.xlsx
[2024-06-10T07:48:10.662+0000] {processor.py:842} WARNING - No viable dags retrieved from /opt/airflow/dags/source/struktur-pemuda-berdasarkan-pendidikan-2020.xlsx
[2024-06-10T07:48:10.684+0000] {processor.py:183} INFO - Processing /opt/airflow/dags/source/struktur-pemuda-berdasarkan-pendidikan-2020.xlsx took 0.054 seconds
[2024-06-10T07:48:41.285+0000] {processor.py:161} INFO - Started process (PID=3374) to work on /opt/airflow/dags/source/struktur-pemuda-berdasarkan-pendidikan-2020.xlsx
[2024-06-10T07:48:41.287+0000] {processor.py:830} INFO - Processing file /opt/airflow/dags/source/struktur-pemuda-berdasarkan-pendidikan-2020.xlsx for tasks to queue
[2024-06-10T07:48:41.289+0000] {logging_mixin.py:188} INFO - [2024-06-10T07:48:41.288+0000] {dagbag.py:545} INFO - Filling up the DagBag from /opt/airflow/dags/source/struktur-pemuda-berdasarkan-pendidikan-2020.xlsx
[2024-06-10T07:48:41.313+0000] {processor.py:842} WARNING - No viable dags retrieved from /opt/airflow/dags/source/struktur-pemuda-berdasarkan-pendidikan-2020.xlsx
[2024-06-10T07:48:41.336+0000] {processor.py:183} INFO - Processing /opt/airflow/dags/source/struktur-pemuda-berdasarkan-pendidikan-2020.xlsx took 0.063 seconds
[2024-06-10T07:49:11.824+0000] {processor.py:161} INFO - Started process (PID=3405) to work on /opt/airflow/dags/source/struktur-pemuda-berdasarkan-pendidikan-2020.xlsx
[2024-06-10T07:49:11.826+0000] {processor.py:830} INFO - Processing file /opt/airflow/dags/source/struktur-pemuda-berdasarkan-pendidikan-2020.xlsx for tasks to queue
[2024-06-10T07:49:11.827+0000] {logging_mixin.py:188} INFO - [2024-06-10T07:49:11.827+0000] {dagbag.py:545} INFO - Filling up the DagBag from /opt/airflow/dags/source/struktur-pemuda-berdasarkan-pendidikan-2020.xlsx
[2024-06-10T07:49:11.851+0000] {processor.py:842} WARNING - No viable dags retrieved from /opt/airflow/dags/source/struktur-pemuda-berdasarkan-pendidikan-2020.xlsx
[2024-06-10T07:49:11.869+0000] {processor.py:183} INFO - Processing /opt/airflow/dags/source/struktur-pemuda-berdasarkan-pendidikan-2020.xlsx took 0.054 seconds
[2024-06-10T07:49:42.047+0000] {processor.py:161} INFO - Started process (PID=3437) to work on /opt/airflow/dags/source/struktur-pemuda-berdasarkan-pendidikan-2020.xlsx
[2024-06-10T07:49:42.049+0000] {processor.py:830} INFO - Processing file /opt/airflow/dags/source/struktur-pemuda-berdasarkan-pendidikan-2020.xlsx for tasks to queue
[2024-06-10T07:49:42.050+0000] {logging_mixin.py:188} INFO - [2024-06-10T07:49:42.050+0000] {dagbag.py:545} INFO - Filling up the DagBag from /opt/airflow/dags/source/struktur-pemuda-berdasarkan-pendidikan-2020.xlsx
[2024-06-10T07:49:42.071+0000] {processor.py:842} WARNING - No viable dags retrieved from /opt/airflow/dags/source/struktur-pemuda-berdasarkan-pendidikan-2020.xlsx
[2024-06-10T07:49:42.089+0000] {processor.py:183} INFO - Processing /opt/airflow/dags/source/struktur-pemuda-berdasarkan-pendidikan-2020.xlsx took 0.051 seconds
[2024-06-10T07:50:12.583+0000] {processor.py:161} INFO - Started process (PID=3468) to work on /opt/airflow/dags/source/struktur-pemuda-berdasarkan-pendidikan-2020.xlsx
[2024-06-10T07:50:12.585+0000] {processor.py:830} INFO - Processing file /opt/airflow/dags/source/struktur-pemuda-berdasarkan-pendidikan-2020.xlsx for tasks to queue
[2024-06-10T07:50:12.587+0000] {logging_mixin.py:188} INFO - [2024-06-10T07:50:12.586+0000] {dagbag.py:545} INFO - Filling up the DagBag from /opt/airflow/dags/source/struktur-pemuda-berdasarkan-pendidikan-2020.xlsx
[2024-06-10T07:50:12.614+0000] {processor.py:842} WARNING - No viable dags retrieved from /opt/airflow/dags/source/struktur-pemuda-berdasarkan-pendidikan-2020.xlsx
[2024-06-10T07:50:12.638+0000] {processor.py:183} INFO - Processing /opt/airflow/dags/source/struktur-pemuda-berdasarkan-pendidikan-2020.xlsx took 0.067 seconds
[2024-06-10T07:50:43.787+0000] {processor.py:161} INFO - Started process (PID=3499) to work on /opt/airflow/dags/source/struktur-pemuda-berdasarkan-pendidikan-2020.xlsx
[2024-06-10T07:50:43.789+0000] {processor.py:830} INFO - Processing file /opt/airflow/dags/source/struktur-pemuda-berdasarkan-pendidikan-2020.xlsx for tasks to queue
[2024-06-10T07:50:43.790+0000] {logging_mixin.py:188} INFO - [2024-06-10T07:50:43.790+0000] {dagbag.py:545} INFO - Filling up the DagBag from /opt/airflow/dags/source/struktur-pemuda-berdasarkan-pendidikan-2020.xlsx
[2024-06-10T07:50:43.823+0000] {processor.py:842} WARNING - No viable dags retrieved from /opt/airflow/dags/source/struktur-pemuda-berdasarkan-pendidikan-2020.xlsx
[2024-06-10T07:50:43.846+0000] {processor.py:183} INFO - Processing /opt/airflow/dags/source/struktur-pemuda-berdasarkan-pendidikan-2020.xlsx took 0.074 seconds
[2024-06-10T07:51:14.607+0000] {processor.py:161} INFO - Started process (PID=3530) to work on /opt/airflow/dags/source/struktur-pemuda-berdasarkan-pendidikan-2020.xlsx
[2024-06-10T07:51:14.609+0000] {processor.py:830} INFO - Processing file /opt/airflow/dags/source/struktur-pemuda-berdasarkan-pendidikan-2020.xlsx for tasks to queue
[2024-06-10T07:51:14.611+0000] {logging_mixin.py:188} INFO - [2024-06-10T07:51:14.610+0000] {dagbag.py:545} INFO - Filling up the DagBag from /opt/airflow/dags/source/struktur-pemuda-berdasarkan-pendidikan-2020.xlsx
[2024-06-10T07:51:14.637+0000] {processor.py:842} WARNING - No viable dags retrieved from /opt/airflow/dags/source/struktur-pemuda-berdasarkan-pendidikan-2020.xlsx
[2024-06-10T07:51:14.662+0000] {processor.py:183} INFO - Processing /opt/airflow/dags/source/struktur-pemuda-berdasarkan-pendidikan-2020.xlsx took 0.069 seconds
[2024-06-10T07:51:44.973+0000] {processor.py:161} INFO - Started process (PID=3561) to work on /opt/airflow/dags/source/struktur-pemuda-berdasarkan-pendidikan-2020.xlsx
[2024-06-10T07:51:44.975+0000] {processor.py:830} INFO - Processing file /opt/airflow/dags/source/struktur-pemuda-berdasarkan-pendidikan-2020.xlsx for tasks to queue
[2024-06-10T07:51:44.978+0000] {logging_mixin.py:188} INFO - [2024-06-10T07:51:44.977+0000] {dagbag.py:545} INFO - Filling up the DagBag from /opt/airflow/dags/source/struktur-pemuda-berdasarkan-pendidikan-2020.xlsx
[2024-06-10T07:51:45.009+0000] {processor.py:842} WARNING - No viable dags retrieved from /opt/airflow/dags/source/struktur-pemuda-berdasarkan-pendidikan-2020.xlsx
[2024-06-10T07:51:45.037+0000] {processor.py:183} INFO - Processing /opt/airflow/dags/source/struktur-pemuda-berdasarkan-pendidikan-2020.xlsx took 0.076 seconds
