[2024-05-29T06:25:50.282+0000] {local_task_job_runner.py:120} INFO - ::group::Pre task execution logs
[2024-05-29T06:25:50.311+0000] {taskinstance.py:2076} INFO - Dependencies all met for dep_context=non-requeueable deps ti=<TaskInstance: upload_file_to_cloud_storage_dag.upload_file_to_cloud_storage_task manual__2024-05-29T06:25:49.396643+00:00 [queued]>
[2024-05-29T06:25:50.323+0000] {taskinstance.py:2076} INFO - Dependencies all met for dep_context=requeueable deps ti=<TaskInstance: upload_file_to_cloud_storage_dag.upload_file_to_cloud_storage_task manual__2024-05-29T06:25:49.396643+00:00 [queued]>
[2024-05-29T06:25:50.326+0000] {taskinstance.py:2306} INFO - Starting attempt 1 of 3
[2024-05-29T06:25:50.354+0000] {taskinstance.py:2330} INFO - Executing <Task(PythonOperator): upload_file_to_cloud_storage_task> on 2024-05-29 06:25:49.396643+00:00
[2024-05-29T06:25:50.364+0000] {standard_task_runner.py:90} INFO - Running: ['***', 'tasks', 'run', 'upload_file_to_cloud_storage_dag', 'upload_file_to_cloud_storage_task', 'manual__2024-05-29T06:25:49.396643+00:00', '--job-id', '73', '--raw', '--subdir', 'DAGS_FOLDER/testis.py', '--cfg-path', '/tmp/tmp86nuocrx']
[2024-05-29T06:25:50.373+0000] {standard_task_runner.py:91} INFO - Job 73: Subtask upload_file_to_cloud_storage_task
[2024-05-29T06:25:50.376+0000] {logging_mixin.py:188} WARNING - /home/***/.local/lib/python3.12/site-packages/***/task/task_runner/standard_task_runner.py:61 DeprecationWarning: This process (pid=248) is multi-threaded, use of fork() may lead to deadlocks in the child.
[2024-05-29T06:25:50.377+0000] {standard_task_runner.py:63} INFO - Started process 249 to run task
[2024-05-29T06:25:50.432+0000] {task_command.py:426} INFO - Running <TaskInstance: upload_file_to_cloud_storage_dag.upload_file_to_cloud_storage_task manual__2024-05-29T06:25:49.396643+00:00 [running]> on host 4ff5ec95d398
[2024-05-29T06:25:50.520+0000] {taskinstance.py:2648} INFO - Exporting env vars: AIRFLOW_CTX_DAG_OWNER='data_engineer' AIRFLOW_CTX_DAG_ID='upload_file_to_cloud_storage_dag' AIRFLOW_CTX_TASK_ID='upload_file_to_cloud_storage_task' AIRFLOW_CTX_EXECUTION_DATE='2024-05-29T06:25:49.396643+00:00' AIRFLOW_CTX_TRY_NUMBER='1' AIRFLOW_CTX_DAG_RUN_ID='manual__2024-05-29T06:25:49.396643+00:00'
[2024-05-29T06:25:50.521+0000] {taskinstance.py:430} INFO - ::endgroup::
[2024-05-29T06:25:50.555+0000] {base.py:84} INFO - Using connection ID '***s3' for task execution.
[2024-05-29T06:25:50.556+0000] {connection_wrapper.py:387} INFO - AWS Connection (conn_id='***s3', conn_type='aws') credentials retrieved from extra.
[2024-05-29T06:25:51.254+0000] {python.py:237} INFO - Done. Returned value was: None
[2024-05-29T06:25:51.255+0000] {taskinstance.py:441} INFO - ::group::Post task execution logs
[2024-05-29T06:25:51.268+0000] {taskinstance.py:1206} INFO - Marking task as SUCCESS. dag_id=upload_file_to_cloud_storage_dag, task_id=upload_file_to_cloud_storage_task, run_id=manual__2024-05-29T06:25:49.396643+00:00, execution_date=20240529T062549, start_date=20240529T062550, end_date=20240529T062551
[2024-05-29T06:25:51.314+0000] {local_task_job_runner.py:240} INFO - Task exited with return code 0
[2024-05-29T06:25:51.341+0000] {taskinstance.py:3498} INFO - 0 downstream tasks scheduled from follow-on schedule check
[2024-05-29T06:25:51.345+0000] {local_task_job_runner.py:222} INFO - ::endgroup::
