[2024-06-02T12:07:52.634+0000] {local_task_job_runner.py:120} INFO - ::group::Pre task execution logs
[2024-06-02T12:07:52.670+0000] {taskinstance.py:2076} INFO - Dependencies all met for dep_context=non-requeueable deps ti=<TaskInstance: upload_file_to_cloud_storage_dag.upload_file_to_cloud_storage_task manual__2024-06-02T12:07:49.575509+00:00 [queued]>
[2024-06-02T12:07:52.690+0000] {taskinstance.py:2076} INFO - Dependencies all met for dep_context=requeueable deps ti=<TaskInstance: upload_file_to_cloud_storage_dag.upload_file_to_cloud_storage_task manual__2024-06-02T12:07:49.575509+00:00 [queued]>
[2024-06-02T12:07:52.691+0000] {taskinstance.py:2306} INFO - Starting attempt 1 of 3
[2024-06-02T12:07:52.726+0000] {taskinstance.py:2330} INFO - Executing <Task(PythonOperator): upload_file_to_cloud_storage_task> on 2024-06-02 12:07:49.575509+00:00
[2024-06-02T12:07:52.739+0000] {standard_task_runner.py:90} INFO - Running: ['***', 'tasks', 'run', 'upload_file_to_cloud_storage_dag', 'upload_file_to_cloud_storage_task', 'manual__2024-06-02T12:07:49.575509+00:00', '--job-id', '112', '--raw', '--subdir', 'DAGS_FOLDER/testis.py', '--cfg-path', '/tmp/tmpjkagxblz']
[2024-06-02T12:07:52.750+0000] {standard_task_runner.py:91} INFO - Job 112: Subtask upload_file_to_cloud_storage_task
[2024-06-02T12:07:52.751+0000] {logging_mixin.py:188} WARNING - /home/***/.local/lib/python3.12/site-packages/***/task/task_runner/standard_task_runner.py:61 DeprecationWarning: This process (pid=5549) is multi-threaded, use of fork() may lead to deadlocks in the child.
[2024-06-02T12:07:52.752+0000] {standard_task_runner.py:63} INFO - Started process 5556 to run task
[2024-06-02T12:07:52.874+0000] {task_command.py:426} INFO - Running <TaskInstance: upload_file_to_cloud_storage_dag.upload_file_to_cloud_storage_task manual__2024-06-02T12:07:49.575509+00:00 [running]> on host f69b53e362bb
[2024-06-02T12:07:53.093+0000] {taskinstance.py:2648} INFO - Exporting env vars: AIRFLOW_CTX_DAG_OWNER='data_engineer' AIRFLOW_CTX_DAG_ID='upload_file_to_cloud_storage_dag' AIRFLOW_CTX_TASK_ID='upload_file_to_cloud_storage_task' AIRFLOW_CTX_EXECUTION_DATE='2024-06-02T12:07:49.575509+00:00' AIRFLOW_CTX_TRY_NUMBER='1' AIRFLOW_CTX_DAG_RUN_ID='manual__2024-06-02T12:07:49.575509+00:00'
[2024-06-02T12:07:53.096+0000] {taskinstance.py:430} INFO - ::endgroup::
[2024-06-02T12:07:53.175+0000] {base.py:84} INFO - Using connection ID '***s3' for task execution.
[2024-06-02T12:07:53.178+0000] {connection_wrapper.py:387} INFO - AWS Connection (conn_id='***s3', conn_type='aws') credentials retrieved from extra.
[2024-06-02T12:07:54.582+0000] {python.py:237} INFO - Done. Returned value was: None
[2024-06-02T12:07:54.584+0000] {taskinstance.py:441} INFO - ::group::Post task execution logs
[2024-06-02T12:07:54.606+0000] {taskinstance.py:1206} INFO - Marking task as SUCCESS. dag_id=upload_file_to_cloud_storage_dag, task_id=upload_file_to_cloud_storage_task, run_id=manual__2024-06-02T12:07:49.575509+00:00, execution_date=20240602T120749, start_date=20240602T120752, end_date=20240602T120754
[2024-06-02T12:07:54.664+0000] {local_task_job_runner.py:240} INFO - Task exited with return code 0
[2024-06-02T12:07:54.682+0000] {taskinstance.py:3498} INFO - 0 downstream tasks scheduled from follow-on schedule check
[2024-06-02T12:07:54.687+0000] {local_task_job_runner.py:222} INFO - ::endgroup::
